[14:26:35:131]CloseHandleX
[14:26:35:132]close_hid_handle
[14:26:43:722]connect_auto_select
[14:26:43:724]\\?\hid#dell0a23&col03#5&184b7e16&0&0002#{4d1e55b2-f16f-11cf-88cb-001111000030}
[14:26:43:724]\\?\hid#dell0a23&col04#5&184b7e16&0&0003#{4d1e55b2-f16f-11cf-88cb-001111000030}
[14:26:43:724]\\?\hid#intc816#3&36043c54&0&0000#{4d1e55b2-f16f-11cf-88cb-001111000030}
[14:26:43:724]\\?\hid#converteddevice&col02#5&2204aa2d&0&0001#{4d1e55b2-f16f-11cf-88cb-001111000030}
[14:26:43:724]\\?\hid#converteddevice&col03#5&2204aa2d&0&0002#{4d1e55b2-f16f-11cf-88cb-001111000030}
[14:26:43:724]\\?\hid#converteddevice&col01#5&2204aa2d&0&0000#{4d1e55b2-f16f-11cf-88cb-001111000030}\kbd
[14:26:43:725]\\?\hid#dell0a23&col01#5&184b7e16&0&0000#{4d1e55b2-f16f-11cf-88cb-001111000030}
[14:26:43:725]\\?\hid#dell0a23&col02#5&184b7e16&0&0001#{4d1e55b2-f16f-11cf-88cb-001111000030}
[14:26:43:725]\\?\hid#vid_046d&pid_c077#6&21f6894a&0&0000#{4d1e55b2-f16f-11cf-88cb-001111000030}
[14:26:43:725]\\?\hid#vid_046d&pid_0acb&mi_03&col01#7&ef8c95&0&0000#{4d1e55b2-f16f-11cf-88cb-001111000030}
[14:26:43:725]\\?\hid#vid_046d&pid_0acb&mi_03&col02#7&ef8c95&0&0001#{4d1e55b2-f16f-11cf-88cb-001111000030}
[14:26:43:725]\\?\hid#vid_046d&pid_0acb&mi_03&col03#7&ef8c95&0&0002#{4d1e55b2-f16f-11cf-88cb-001111000030}
[14:26:43:725]\\?\hid#vid_046d&pid_0acb&mi_03&col04#7&ef8c95&0&0003#{4d1e55b2-f16f-11cf-88cb-001111000030}
[14:26:43:727]id=VID=046D,PID=C077
[14:26:43:729]	getCaps=null
[14:26:43:729]CloseHandleX
[14:26:43:729]id=VID=046D,PID=0ACB
[14:26:43:729]	getCaps=null
[14:26:43:729]CloseHandleX
[14:26:43:729]id=VID=046D,PID=0ACB
[14:26:43:729]	caps.InputReportByteLength=5
[14:26:43:729]	caps.OutputReportByteLength=0
[14:26:43:729]	attributes.VendorID=0x46D
[14:26:43:729]	attributes.ProductID=0xACB
[14:26:43:731]	SerialNumberString=202105190004
[14:26:43:731]	ManufacturerString=Logitech G series
[14:26:43:733]	ProductString=G435 Wireless Gaming Headset
[14:26:43:733]CloseHandleX
[14:26:43:733]id=VID=046D,PID=0ACB
[14:26:43:733]	caps.InputReportByteLength=8
[14:26:43:733]	caps.OutputReportByteLength=515
[14:26:43:733]	attributes.VendorID=0x46D
[14:26:43:733]	attributes.ProductID=0xACB
[14:26:43:733]	SerialNumberString=202105190004
[14:26:43:734]	ManufacturerString=Logitech G series
[14:26:43:735]	ProductString=G435 Wireless Gaming Headset
[14:26:43:735]CloseHandleX
[14:26:43:735]id=VID=046D,PID=0ACB
[14:26:43:735]	caps.InputReportByteLength=21
[14:26:43:735]	caps.OutputReportByteLength=3
[14:26:43:735]	attributes.VendorID=0x46D
[14:26:43:735]	attributes.ProductID=0xACB
[14:26:43:736]	SerialNumberString=202105190004
[14:26:43:737]	ManufacturerString=Logitech G series
[14:26:43:737]	ProductString=G435 Wireless Gaming Headset
[14:26:43:737]CloseHandleX
[14:26:43:738]try_path=\\?\hid#vid_046d&pid_0acb&mi_03&col03#7&ef8c95&0&0002#{4d1e55b2-f16f-11cf-88cb-001111000030}
[14:26:43:738]CreateFile_ing=\\?\hid#vid_046d&pid_0acb&mi_03&col03#7&ef8c95&0&0002#{4d1e55b2-f16f-11cf-88cb-001111000030}
[14:26:43:738]CreateFile_ok=4600
[14:26:43:738]HidD_GetPreparsedData_ok=True
[14:26:43:738]HidP_GetCaps_ok=1114112
[14:26:43:739]	InputReportByteLength=8
[14:26:43:739]	OutputReportByteLength=515
[14:26:43:739]create_FileStream_ok
[14:26:43:742]report__len=515
[14:26:43:742]report_data=06-01-03-00-00-00-00-00-00-00-00-00-00-00-00-00-00-00-00-00-00-00-00-00-00-00-00-00-00-00-00-00-00-00-00-00-00-00-00-00-00-00-00-00-00-00-00-00-00-00-00-00-00-00-00-00-00-00-00-00-00-00-00-00-00-00-00-00-00-00-00-00-00-00-00-00-00-00-00-00-00-00-00-00-00-00-00-00-00-00-00-00-00-00-00-00-00-00-00-00-00-00-00-00-00-00-00-00-00-00-00-00-00-00-00-00-00-00-00-00-00-00-00-00-00-00-00-00-00-00-00-00-00-00-00-00-00-00-00-00-00-00-00-00-00-00-00-00-00-00-00-00-00-00-00-00-00-00-00-00-00-00-00-00-00-00-00-00-00-00-00-00-00-00-00-00-00-00-00-00-00-00-00-00-00-00-00-00-00-00-00-00-00-00-00-00-00-00-00-00-00-00-00-00-00-00-00-00-00-00-00-00-00-00-00-00-00-00-00-00-00-00-00-00-00-00-00-00-00-00-00-00-00-00-00-00-00-00-00-00-00-00-00-00-00-00-00-00-00-00-00-00-00-00-00-00-00-00-00-00-00-00-00-00-00-00-00-00-00-00-00-00-00-00-00-00-00-00-00-00-00-00-00-00-00-00-00-00-00-00-00-00-00-00-00-00-00-00-00-00-00-00-00-00-00-00-00-00-00-00-00-00-00-00-00-00-00-00-00-00-00-00-00-00-00-00-00-00-00-00-00-00-00-00-00-00-00-00-00-00-00-00-00-00-00-00-00-00-00-00-00-00-00-00-00-00-00-00-00-00-00-00-00-00-00-00-00-00-00-00-00-00-00-00-00-00-00-00-00-00-00-00-00-00-00-00-00-00-00-00-00-00-00-00-00-00-00-00-00-00-00-00-00-00-00-00-00-00-00-00-00-00-00-00-00-00-00-00-00-00-00-00-00-00-00-00-00-00-00-00-00-00-00-00-00-00-00-00-00-00-00-00-00-00-00-00-00-00-00-00-00-00-00-00-00-00-00-00-00-00-00-00-00-00-00-00-00-00-00-00-00-00-00-00-00-00-00-00-00-00-00-00-00-00-00-00-00-00-00-00-00-00-00-00-00-00-00-00-00-00-00-00-00-00-00-00-00-00-00-00-00-00-00-00-00
[14:26:43:742]rtk_RX_thread_start
[14:26:43:742]rtk_RX_thread.waiting...
[14:26:43:750]HidD_SetOutputReport_Enter_bootloader=True
[14:26:43:755][HID_TX_ack]06-FE-00-00-00-00-00-00
[14:26:43:756][Enter_bootloader response fail : ][System.Exception]
[14:26:43:756]   at TwsTester.Visitors.ClassExceptionVisitor.ListBridge(Boolean isfirst)
   at TwsTester.Visitors.ClassExceptionVisitor.CalculateBridge(String ident)
[14:26:43:756]path_connected=\\?\hid#vid_046d&pid_0acb&mi_03&col03#7&ef8c95&0&0002#{4d1e55b2-f16f-11cf-88cb-001111000030}
[14:26:43:758]pooling_start
[14:26:43:783]pooling_HidD_GetFeature=True,rx_len=0
[14:26:43:783][HID_TX]06-04-03-13-00-50-41-06-05-0D-00-25-34-12-5A-5A-01-00-00-00-F0-00-00-00-00-00-00-00-00-00-00-00-00-00-00-00-00-00-00-00-00-00-00-00-00-00-00-00-00-00-00-00-00-00-00-00-00-00-00-00-00-00-00-00-00-00-00-00-00-00-00-00-00-00-00-00-00-00-00-00-00-00-00-00-00-00-00-00-00-00-00-00-00-00-00-00-00-00-00-00-00-00-00-00-00-00-00-00-00-00-00-00-00-00-00-00-00-00-00-00-00-00-00-00-00-00-00-00-00-00-00-00-00-00-00-00-00-00-00-00-00-00-00-00-00-00-00-00-00-00-00-00-00-00-00-00-00-00-00-00-00-00-00-00-00-00-00-00-00-00-00-00-00-00-00-00-00-00-00-00-00-00-00-00-00-00-00-00-00-00-00-00-00-00-00-00-00-00-00-00-00-00-00-00-00-00-00-00-00-00-00-00-00-00-00-00-00-00-00-00-00-00-00-00-00-00-00-00-00-00-00-00-00-00-00-00-00-00-00-00-00-00-00-00-00-00-00-00-00-00-00-00-00-00-00-00-00-00-00-00-00-00-00-00-00-00-00-00-00-00-00-00-00-00-00-00-00-00-00-00-00-00-00-00-00-00-00-00-00-00-00-00-00-00-00-00-00-00-00-00-00-00-00-00-00-00-00-00-00-00-00-00-00-00-00-00-00-00-00-00-00-00-00-00-00-00-00-00-00-00-00-00-00-00-00-00-00-00-00-00-00-00-00-00-00-00-00-00-00-00-00-00-00-00-00-00-00-00-00-00-00-00-00-00-00-00-00-00-00-00-00-00-00-00-00-00-00-00-00-00-00-00-00-00-00-00-00-00-00-00-00-00-00-00-00-00-00-00-00-00-00-00-00-00-00-00-00-00-00-00-00-00-00-00-00-00-00-00-00-00-00-00-00-00-00-00-00-00-00-00-00-00-00-00-00-00-00-00-00-00-00-00-00-00-00-00-00-00-00-00-00-00-00-00-00-00-00-00-00-00-00-00-00-00-00-00-00-00-00-00-00-00-00-00-00-00-00-00-00-00-00-00-00-00-00-00-00-00-00-00-00-00-00-00-00-00-00-00-00-00-00-00-00-00-00-00-00-00-00-00-00-00-00-00-00
[14:26:43:795]HidD_SetOutputReport=True
[14:26:43:802][HID_TX_ack]06-5A-00-00-00-00-00-00
[14:26:43:802]50-41-06-05-0D-00-25-34-12-5A-5A-01-00-00-00-F0-00-00-00 [CMD_SENT][OTA_CMD_IOCTL][READ_MAX_LEN=240]
[14:26:43:826]HidD_GetFeature=True,rx_len=17
[14:26:43:826][HID_RX]06-50-49-01-D6-1D-94-25-00-07-00-06-85-00-F0-00-00-00-FF-FF-FF-FF-FF-FF-FF-FF-FF-FF-FF-FF-FF-FF-FF-FF-FF-FF-FF-FF-FF-FF-FF-FF-FF-FF-FF-FF-FF-FF-FF-FF-FF-FF-FF-FF-FF-FF-FF-FF-FF-FF-FF-FF-FF-11
[14:26:43:826][HID_RX_data]50-49-01-D6-1D-94-25-00-07-00-06-85-00-F0-00-00-00
[14:26:43:830]50-49-01-D6-1D-94-25-00-07-00-06-85-00-F0-00-00-00
[14:26:43:830]hasPulse=True
[14:26:43:830]rtk_RX_thread.waiting...
[14:26:44:357][HID_TX]06-04-03-06-00-50-41-0E-06-01-E0-00-00-00-00-00-00-00-00-00-00-00-00-00-00-00-00-00-00-00-00-00-00-00-00-00-00-00-00-00-00-00-00-00-00-00-00-00-00-00-00-00-00-00-00-00-00-00-00-00-00-00-00-00-00-00-00-00-00-00-00-00-00-00-00-00-00-00-00-00-00-00-00-00-00-00-00-00-00-00-00-00-00-00-00-00-00-00-00-00-00-00-00-00-00-00-00-00-00-00-00-00-00-00-00-00-00-00-00-00-00-00-00-00-00-00-00-00-00-00-00-00-00-00-00-00-00-00-00-00-00-00-00-00-00-00-00-00-00-00-00-00-00-00-00-00-00-00-00-00-00-00-00-00-00-00-00-00-00-00-00-00-00-00-00-00-00-00-00-00-00-00-00-00-00-00-00-00-00-00-00-00-00-00-00-00-00-00-00-00-00-00-00-00-00-00-00-00-00-00-00-00-00-00-00-00-00-00-00-00-00-00-00-00-00-00-00-00-00-00-00-00-00-00-00-00-00-00-00-00-00-00-00-00-00-00-00-00-00-00-00-00-00-00-00-00-00-00-00-00-00-00-00-00-00-00-00-00-00-00-00-00-00-00-00-00-00-00-00-00-00-00-00-00-00-00-00-00-00-00-00-00-00-00-00-00-00-00-00-00-00-00-00-00-00-00-00-00-00-00-00-00-00-00-00-00-00-00-00-00-00-00-00-00-00-00-00-00-00-00-00-00-00-00-00-00-00-00-00-00-00-00-00-00-00-00-00-00-00-00-00-00-00-00-00-00-00-00-00-00-00-00-00-00-00-00-00-00-00-00-00-00-00-00-00-00-00-00-00-00-00-00-00-00-00-00-00-00-00-00-00-00-00-00-00-00-00-00-00-00-00-00-00-00-00-00-00-00-00-00-00-00-00-00-00-00-00-00-00-00-00-00-00-00-00-00-00-00-00-00-00-00-00-00-00-00-00-00-00-00-00-00-00-00-00-00-00-00-00-00-00-00-00-00-00-00-00-00-00-00-00-00-00-00-00-00-00-00-00-00-00-00-00-00-00-00-00-00-00-00-00-00-00-00-00-00-00-00-00-00-00-00-00-00-00-00-00-00-00-00-00-00-00-00-00-00-00-00-00-00-00-00-00-00-00
[14:26:44:366]HidD_SetOutputReport=True
[14:26:44:370][HID_TX_ack]06-5A-00-00-00-00-00-00
[14:26:44:371]50-41-0E-06-01-E0 [CMD_SENT][REMOTE_GET_MODE]
[14:26:44:395]HidD_GetFeature=True,rx_len=13
[14:26:44:395][HID_RX]06-50-49-01-C0-42-B9-1C-00-03-00-0E-86-00-FF-FF-FF-FF-FF-FF-FF-FF-FF-FF-FF-FF-FF-FF-FF-FF-FF-FF-FF-FF-FF-FF-FF-FF-FF-FF-FF-FF-FF-FF-FF-FF-FF-FF-FF-FF-FF-FF-FF-FF-FF-FF-FF-FF-FF-FF-FF-FF-FF-0D
[14:26:44:395][HID_RX_data]50-49-01-C0-42-B9-1C-00-03-00-0E-86-00
[14:26:44:395]50-49-01-C0-42-B9-1C-00-03-00-0E-86-00
[14:26:44:395]hasPulse=False
[14:26:44:424]HidD_GetFeature=True,rx_len=12
[14:26:44:424][HID_RX]06-50-49-0E-D7-00-00-00-00-02-00-E0-01-FF-FF-FF-FF-FF-FF-FF-FF-FF-FF-FF-FF-FF-FF-FF-FF-FF-FF-FF-FF-FF-FF-FF-FF-FF-FF-FF-FF-FF-FF-FF-FF-FF-FF-FF-FF-FF-FF-FF-FF-FF-FF-FF-FF-FF-FF-FF-FF-FF-FF-0C
[14:26:44:424][HID_RX_data]50-49-0E-D7-00-00-00-00-02-00-E0-01
[14:26:44:424]50-49-0E-D7-00-00-00-00-02-00-E0-01-
[14:26:44:424]REMOTE_GET_MODE=01
[14:26:44:424]hasPulse=True
[14:26:44:424]rtk_RX_thread.waiting...
[14:26:44:425][HID_TX]06-04-03-07-00-50-41-0E-07-02-E1-00-00-00-00-00-00-00-00-00-00-00-00-00-00-00-00-00-00-00-00-00-00-00-00-00-00-00-00-00-00-00-00-00-00-00-00-00-00-00-00-00-00-00-00-00-00-00-00-00-00-00-00-00-00-00-00-00-00-00-00-00-00-00-00-00-00-00-00-00-00-00-00-00-00-00-00-00-00-00-00-00-00-00-00-00-00-00-00-00-00-00-00-00-00-00-00-00-00-00-00-00-00-00-00-00-00-00-00-00-00-00-00-00-00-00-00-00-00-00-00-00-00-00-00-00-00-00-00-00-00-00-00-00-00-00-00-00-00-00-00-00-00-00-00-00-00-00-00-00-00-00-00-00-00-00-00-00-00-00-00-00-00-00-00-00-00-00-00-00-00-00-00-00-00-00-00-00-00-00-00-00-00-00-00-00-00-00-00-00-00-00-00-00-00-00-00-00-00-00-00-00-00-00-00-00-00-00-00-00-00-00-00-00-00-00-00-00-00-00-00-00-00-00-00-00-00-00-00-00-00-00-00-00-00-00-00-00-00-00-00-00-00-00-00-00-00-00-00-00-00-00-00-00-00-00-00-00-00-00-00-00-00-00-00-00-00-00-00-00-00-00-00-00-00-00-00-00-00-00-00-00-00-00-00-00-00-00-00-00-00-00-00-00-00-00-00-00-00-00-00-00-00-00-00-00-00-00-00-00-00-00-00-00-00-00-00-00-00-00-00-00-00-00-00-00-00-00-00-00-00-00-00-00-00-00-00-00-00-00-00-00-00-00-00-00-00-00-00-00-00-00-00-00-00-00-00-00-00-00-00-00-00-00-00-00-00-00-00-00-00-00-00-00-00-00-00-00-00-00-00-00-00-00-00-00-00-00-00-00-00-00-00-00-00-00-00-00-00-00-00-00-00-00-00-00-00-00-00-00-00-00-00-00-00-00-00-00-00-00-00-00-00-00-00-00-00-00-00-00-00-00-00-00-00-00-00-00-00-00-00-00-00-00-00-00-00-00-00-00-00-00-00-00-00-00-00-00-00-00-00-00-00-00-00-00-00-00-00-00-00-00-00-00-00-00-00-00-00-00-00-00-00-00-00-00-00-00-00-00-00-00-00-00-00-00-00-00-00-00-00-00-00-00-00
[14:26:44:434]HidD_SetOutputReport=True
[14:26:44:438][HID_TX_ack]06-5A-00-00-00-00-00-00
[14:26:44:439]50-41-0E-07-02-E1-00 [CMD_SENT][REMOTE_SET_MODE] is_remote=False
[14:26:44:463]HidD_GetFeature=True,rx_len=13
[14:26:44:463][HID_RX]06-50-49-01-C0-7C-B9-1C-00-03-00-0E-87-00-FF-FF-FF-FF-FF-FF-FF-FF-FF-FF-FF-FF-FF-FF-FF-FF-FF-FF-FF-FF-FF-FF-FF-FF-FF-FF-FF-FF-FF-FF-FF-FF-FF-FF-FF-FF-FF-FF-FF-FF-FF-FF-FF-FF-FF-FF-FF-FF-FF-0D
[14:26:44:463][HID_RX_data]50-49-01-C0-7C-B9-1C-00-03-00-0E-87-00
[14:26:44:463]50-49-01-C0-7C-B9-1C-00-03-00-0E-87-00
[14:26:44:463]hasPulse=True
[14:26:44:463]rtk_RX_thread.waiting...
[14:26:44:463][HID_TX]06-04-03-13-00-50-41-06-08-0D-00-25-34-12-5A-5A-01-00-00-00-F0-00-00-00-00-00-00-00-00-00-00-00-00-00-00-00-00-00-00-00-00-00-00-00-00-00-00-00-00-00-00-00-00-00-00-00-00-00-00-00-00-00-00-00-00-00-00-00-00-00-00-00-00-00-00-00-00-00-00-00-00-00-00-00-00-00-00-00-00-00-00-00-00-00-00-00-00-00-00-00-00-00-00-00-00-00-00-00-00-00-00-00-00-00-00-00-00-00-00-00-00-00-00-00-00-00-00-00-00-00-00-00-00-00-00-00-00-00-00-00-00-00-00-00-00-00-00-00-00-00-00-00-00-00-00-00-00-00-00-00-00-00-00-00-00-00-00-00-00-00-00-00-00-00-00-00-00-00-00-00-00-00-00-00-00-00-00-00-00-00-00-00-00-00-00-00-00-00-00-00-00-00-00-00-00-00-00-00-00-00-00-00-00-00-00-00-00-00-00-00-00-00-00-00-00-00-00-00-00-00-00-00-00-00-00-00-00-00-00-00-00-00-00-00-00-00-00-00-00-00-00-00-00-00-00-00-00-00-00-00-00-00-00-00-00-00-00-00-00-00-00-00-00-00-00-00-00-00-00-00-00-00-00-00-00-00-00-00-00-00-00-00-00-00-00-00-00-00-00-00-00-00-00-00-00-00-00-00-00-00-00-00-00-00-00-00-00-00-00-00-00-00-00-00-00-00-00-00-00-00-00-00-00-00-00-00-00-00-00-00-00-00-00-00-00-00-00-00-00-00-00-00-00-00-00-00-00-00-00-00-00-00-00-00-00-00-00-00-00-00-00-00-00-00-00-00-00-00-00-00-00-00-00-00-00-00-00-00-00-00-00-00-00-00-00-00-00-00-00-00-00-00-00-00-00-00-00-00-00-00-00-00-00-00-00-00-00-00-00-00-00-00-00-00-00-00-00-00-00-00-00-00-00-00-00-00-00-00-00-00-00-00-00-00-00-00-00-00-00-00-00-00-00-00-00-00-00-00-00-00-00-00-00-00-00-00-00-00-00-00-00-00-00-00-00-00-00-00-00-00-00-00-00-00-00-00-00-00-00-00-00-00-00-00-00-00-00-00-00-00-00-00-00-00-00-00-00-00-00-00-00-00-00-00-00
[14:26:44:475]HidD_SetOutputReport=True
[14:26:44:478][HID_TX_ack]06-5A-00-00-00-00-00-00
[14:26:44:479]50-41-06-08-0D-00-25-34-12-5A-5A-01-00-00-00-F0-00-00-00 [CMD_SENT][OTA_CMD_IOCTL][READ_MAX_LEN=240]
[14:26:44:503]HidD_GetFeature=True,rx_len=17
[14:26:44:503][HID_RX]06-50-49-01-C0-9B-B9-1C-00-07-00-06-88-00-F0-00-00-00-FF-FF-FF-FF-FF-FF-FF-FF-FF-FF-FF-FF-FF-FF-FF-FF-FF-FF-FF-FF-FF-FF-FF-FF-FF-FF-FF-FF-FF-FF-FF-FF-FF-FF-FF-FF-FF-FF-FF-FF-FF-FF-FF-FF-FF-11
[14:26:44:503][HID_RX_data]50-49-01-C0-9B-B9-1C-00-07-00-06-88-00-F0-00-00-00
[14:26:44:503]50-49-01-C0-9B-B9-1C-00-07-00-06-88-00-F0-00-00-00
[14:26:44:503]hasPulse=True
[14:26:44:503]rtk_RX_thread.waiting...
[14:26:44:503][HID_TX]06-04-03-06-00-50-41-0E-09-01-E0-00-00-00-00-00-00-00-00-00-00-00-00-00-00-00-00-00-00-00-00-00-00-00-00-00-00-00-00-00-00-00-00-00-00-00-00-00-00-00-00-00-00-00-00-00-00-00-00-00-00-00-00-00-00-00-00-00-00-00-00-00-00-00-00-00-00-00-00-00-00-00-00-00-00-00-00-00-00-00-00-00-00-00-00-00-00-00-00-00-00-00-00-00-00-00-00-00-00-00-00-00-00-00-00-00-00-00-00-00-00-00-00-00-00-00-00-00-00-00-00-00-00-00-00-00-00-00-00-00-00-00-00-00-00-00-00-00-00-00-00-00-00-00-00-00-00-00-00-00-00-00-00-00-00-00-00-00-00-00-00-00-00-00-00-00-00-00-00-00-00-00-00-00-00-00-00-00-00-00-00-00-00-00-00-00-00-00-00-00-00-00-00-00-00-00-00-00-00-00-00-00-00-00-00-00-00-00-00-00-00-00-00-00-00-00-00-00-00-00-00-00-00-00-00-00-00-00-00-00-00-00-00-00-00-00-00-00-00-00-00-00-00-00-00-00-00-00-00-00-00-00-00-00-00-00-00-00-00-00-00-00-00-00-00-00-00-00-00-00-00-00-00-00-00-00-00-00-00-00-00-00-00-00-00-00-00-00-00-00-00-00-00-00-00-00-00-00-00-00-00-00-00-00-00-00-00-00-00-00-00-00-00-00-00-00-00-00-00-00-00-00-00-00-00-00-00-00-00-00-00-00-00-00-00-00-00-00-00-00-00-00-00-00-00-00-00-00-00-00-00-00-00-00-00-00-00-00-00-00-00-00-00-00-00-00-00-00-00-00-00-00-00-00-00-00-00-00-00-00-00-00-00-00-00-00-00-00-00-00-00-00-00-00-00-00-00-00-00-00-00-00-00-00-00-00-00-00-00-00-00-00-00-00-00-00-00-00-00-00-00-00-00-00-00-00-00-00-00-00-00-00-00-00-00-00-00-00-00-00-00-00-00-00-00-00-00-00-00-00-00-00-00-00-00-00-00-00-00-00-00-00-00-00-00-00-00-00-00-00-00-00-00-00-00-00-00-00-00-00-00-00-00-00-00-00-00-00-00-00-00-00-00-00-00-00-00-00-00-00-00-00-00-00-00
[14:26:44:514]HidD_SetOutputReport=True
[14:26:44:518][HID_TX_ack]06-5A-00-00-00-00-00-00
[14:26:44:518]50-41-0E-09-01-E0 [CMD_SENT][REMOTE_GET_MODE]
[14:26:44:543]HidD_GetFeature=True,rx_len=13
[14:26:44:543][HID_RX]06-50-49-01-C0-BA-B9-1C-00-03-00-0E-89-00-FF-FF-FF-FF-FF-FF-FF-FF-FF-FF-FF-FF-FF-FF-FF-FF-FF-FF-FF-FF-FF-FF-FF-FF-FF-FF-FF-FF-FF-FF-FF-FF-FF-FF-FF-FF-FF-FF-FF-FF-FF-FF-FF-FF-FF-FF-FF-FF-FF-0D
[14:26:44:543][HID_RX_data]50-49-01-C0-BA-B9-1C-00-03-00-0E-89-00
[14:26:44:543]50-49-01-C0-BA-B9-1C-00-03-00-0E-89-00
[14:26:44:543]hasPulse=False
[14:26:44:572]HidD_GetFeature=True,rx_len=12
[14:26:44:572][HID_RX]06-50-49-0E-D8-00-00-00-00-02-00-E0-00-FF-FF-FF-FF-FF-FF-FF-FF-FF-FF-FF-FF-FF-FF-FF-FF-FF-FF-FF-FF-FF-FF-FF-FF-FF-FF-FF-FF-FF-FF-FF-FF-FF-FF-FF-FF-FF-FF-FF-FF-FF-FF-FF-FF-FF-FF-FF-FF-FF-FF-0C
[14:26:44:572][HID_RX_data]50-49-0E-D8-00-00-00-00-02-00-E0-00
[14:26:44:572]50-49-0E-D8-00-00-00-00-02-00-E0-00-
[14:26:44:572]hasPulse=True
[14:26:44:572]rtk_RX_thread.waiting...
[14:26:44:572]REMOTE_GET_MODE=00
[14:26:44:573]send_OTA_CMD_GET_IMAGE_VERSION=MC
[14:26:44:573][HID_TX]06-04-03-0A-00-50-41-06-0A-04-00-34-01-4D-43-00-00-00-00-00-00-00-00-00-00-00-00-00-00-00-00-00-00-00-00-00-00-00-00-00-00-00-00-00-00-00-00-00-00-00-00-00-00-00-00-00-00-00-00-00-00-00-00-00-00-00-00-00-00-00-00-00-00-00-00-00-00-00-00-00-00-00-00-00-00-00-00-00-00-00-00-00-00-00-00-00-00-00-00-00-00-00-00-00-00-00-00-00-00-00-00-00-00-00-00-00-00-00-00-00-00-00-00-00-00-00-00-00-00-00-00-00-00-00-00-00-00-00-00-00-00-00-00-00-00-00-00-00-00-00-00-00-00-00-00-00-00-00-00-00-00-00-00-00-00-00-00-00-00-00-00-00-00-00-00-00-00-00-00-00-00-00-00-00-00-00-00-00-00-00-00-00-00-00-00-00-00-00-00-00-00-00-00-00-00-00-00-00-00-00-00-00-00-00-00-00-00-00-00-00-00-00-00-00-00-00-00-00-00-00-00-00-00-00-00-00-00-00-00-00-00-00-00-00-00-00-00-00-00-00-00-00-00-00-00-00-00-00-00-00-00-00-00-00-00-00-00-00-00-00-00-00-00-00-00-00-00-00-00-00-00-00-00-00-00-00-00-00-00-00-00-00-00-00-00-00-00-00-00-00-00-00-00-00-00-00-00-00-00-00-00-00-00-00-00-00-00-00-00-00-00-00-00-00-00-00-00-00-00-00-00-00-00-00-00-00-00-00-00-00-00-00-00-00-00-00-00-00-00-00-00-00-00-00-00-00-00-00-00-00-00-00-00-00-00-00-00-00-00-00-00-00-00-00-00-00-00-00-00-00-00-00-00-00-00-00-00-00-00-00-00-00-00-00-00-00-00-00-00-00-00-00-00-00-00-00-00-00-00-00-00-00-00-00-00-00-00-00-00-00-00-00-00-00-00-00-00-00-00-00-00-00-00-00-00-00-00-00-00-00-00-00-00-00-00-00-00-00-00-00-00-00-00-00-00-00-00-00-00-00-00-00-00-00-00-00-00-00-00-00-00-00-00-00-00-00-00-00-00-00-00-00-00-00-00-00-00-00-00-00-00-00-00-00-00-00-00-00-00-00-00-00-00-00-00-00-00-00-00-00-00-00-00-00-00
[14:26:44:582]HidD_SetOutputReport=True
[14:26:44:586][HID_TX_ack]06-5A-00-00-00-00-00-00
[14:26:44:587]50-41-06-0A-04-00-34-01-4D-43 [CMD_SENT][OTA_CMD_GET_IMAGE_VERSION]
[14:26:44:611]HidD_GetFeature=True,rx_len=17
[14:26:44:611][HID_RX]06-50-49-01-C0-F2-B9-1C-00-07-00-06-8A-00-03-00-01-0C-FF-FF-FF-FF-FF-FF-FF-FF-FF-FF-FF-FF-FF-FF-FF-FF-FF-FF-FF-FF-FF-FF-FF-FF-FF-FF-FF-FF-FF-FF-FF-FF-FF-FF-FF-FF-FF-FF-FF-FF-FF-FF-FF-FF-FF-11
[14:26:44:611][HID_RX_data]50-49-01-C0-F2-B9-1C-00-07-00-06-8A-00-03-00-01-0C
[14:26:44:611]50-49-01-C0-F2-B9-1C-00-07-00-06-8A-00-03-00-01-0C
[14:26:44:611]hasPulse=True
[14:26:44:611]rtk_RX_thread.waiting...
[14:26:46:647]pooling_start
[14:26:46:671]pooling_HidD_GetFeature=True,rx_len=0
[14:26:46:671][HID_TX]06-04-03-06-00-50-41-0E-0B-01-E0-00-00-00-00-00-00-00-00-00-00-00-00-00-00-00-00-00-00-00-00-00-00-00-00-00-00-00-00-00-00-00-00-00-00-00-00-00-00-00-00-00-00-00-00-00-00-00-00-00-00-00-00-00-00-00-00-00-00-00-00-00-00-00-00-00-00-00-00-00-00-00-00-00-00-00-00-00-00-00-00-00-00-00-00-00-00-00-00-00-00-00-00-00-00-00-00-00-00-00-00-00-00-00-00-00-00-00-00-00-00-00-00-00-00-00-00-00-00-00-00-00-00-00-00-00-00-00-00-00-00-00-00-00-00-00-00-00-00-00-00-00-00-00-00-00-00-00-00-00-00-00-00-00-00-00-00-00-00-00-00-00-00-00-00-00-00-00-00-00-00-00-00-00-00-00-00-00-00-00-00-00-00-00-00-00-00-00-00-00-00-00-00-00-00-00-00-00-00-00-00-00-00-00-00-00-00-00-00-00-00-00-00-00-00-00-00-00-00-00-00-00-00-00-00-00-00-00-00-00-00-00-00-00-00-00-00-00-00-00-00-00-00-00-00-00-00-00-00-00-00-00-00-00-00-00-00-00-00-00-00-00-00-00-00-00-00-00-00-00-00-00-00-00-00-00-00-00-00-00-00-00-00-00-00-00-00-00-00-00-00-00-00-00-00-00-00-00-00-00-00-00-00-00-00-00-00-00-00-00-00-00-00-00-00-00-00-00-00-00-00-00-00-00-00-00-00-00-00-00-00-00-00-00-00-00-00-00-00-00-00-00-00-00-00-00-00-00-00-00-00-00-00-00-00-00-00-00-00-00-00-00-00-00-00-00-00-00-00-00-00-00-00-00-00-00-00-00-00-00-00-00-00-00-00-00-00-00-00-00-00-00-00-00-00-00-00-00-00-00-00-00-00-00-00-00-00-00-00-00-00-00-00-00-00-00-00-00-00-00-00-00-00-00-00-00-00-00-00-00-00-00-00-00-00-00-00-00-00-00-00-00-00-00-00-00-00-00-00-00-00-00-00-00-00-00-00-00-00-00-00-00-00-00-00-00-00-00-00-00-00-00-00-00-00-00-00-00-00-00-00-00-00-00-00-00-00-00-00-00-00-00-00-00-00-00-00-00-00-00-00-00-00-00-00
[14:26:46:682]HidD_SetOutputReport=True
[14:26:46:686][HID_TX_ack]06-5A-00-00-00-00-00-00
[14:26:46:686]50-41-0E-0B-01-E0 [CMD_SENT][REMOTE_GET_MODE]
[14:26:46:711]HidD_GetFeature=True,rx_len=13
[14:26:46:711][HID_RX]06-50-49-01-C0-81-C0-1C-00-03-00-0E-8B-00-FF-FF-FF-FF-FF-FF-FF-FF-FF-FF-FF-FF-FF-FF-FF-FF-FF-FF-FF-FF-FF-FF-FF-FF-FF-FF-FF-FF-FF-FF-FF-FF-FF-FF-FF-FF-FF-FF-FF-FF-FF-FF-FF-FF-FF-FF-FF-FF-FF-0D
[14:26:46:711][HID_RX_data]50-49-01-C0-81-C0-1C-00-03-00-0E-8B-00
[14:26:46:711]50-49-01-C0-81-C0-1C-00-03-00-0E-8B-00
[14:26:46:711]hasPulse=False
[14:26:46:740]HidD_GetFeature=True,rx_len=12
[14:26:46:740][HID_RX]06-50-49-0E-D9-00-00-00-00-02-00-E0-00-FF-FF-FF-FF-FF-FF-FF-FF-FF-FF-FF-FF-FF-FF-FF-FF-FF-FF-FF-FF-FF-FF-FF-FF-FF-FF-FF-FF-FF-FF-FF-FF-FF-FF-FF-FF-FF-FF-FF-FF-FF-FF-FF-FF-FF-FF-FF-FF-FF-FF-0C
[14:26:46:740][HID_RX_data]50-49-0E-D9-00-00-00-00-02-00-E0-00
[14:26:46:740]50-49-0E-D9-00-00-00-00-02-00-E0-00-
[14:26:46:740]hasPulse=True
[14:26:46:740]rtk_RX_thread.waiting...
[14:26:46:740]REMOTE_GET_MODE=00
[14:26:46:741][HID_TX]06-04-03-08-00-50-41-06-0C-02-00-43-01-00-00-00-00-00-00-00-00-00-00-00-00-00-00-00-00-00-00-00-00-00-00-00-00-00-00-00-00-00-00-00-00-00-00-00-00-00-00-00-00-00-00-00-00-00-00-00-00-00-00-00-00-00-00-00-00-00-00-00-00-00-00-00-00-00-00-00-00-00-00-00-00-00-00-00-00-00-00-00-00-00-00-00-00-00-00-00-00-00-00-00-00-00-00-00-00-00-00-00-00-00-00-00-00-00-00-00-00-00-00-00-00-00-00-00-00-00-00-00-00-00-00-00-00-00-00-00-00-00-00-00-00-00-00-00-00-00-00-00-00-00-00-00-00-00-00-00-00-00-00-00-00-00-00-00-00-00-00-00-00-00-00-00-00-00-00-00-00-00-00-00-00-00-00-00-00-00-00-00-00-00-00-00-00-00-00-00-00-00-00-00-00-00-00-00-00-00-00-00-00-00-00-00-00-00-00-00-00-00-00-00-00-00-00-00-00-00-00-00-00-00-00-00-00-00-00-00-00-00-00-00-00-00-00-00-00-00-00-00-00-00-00-00-00-00-00-00-00-00-00-00-00-00-00-00-00-00-00-00-00-00-00-00-00-00-00-00-00-00-00-00-00-00-00-00-00-00-00-00-00-00-00-00-00-00-00-00-00-00-00-00-00-00-00-00-00-00-00-00-00-00-00-00-00-00-00-00-00-00-00-00-00-00-00-00-00-00-00-00-00-00-00-00-00-00-00-00-00-00-00-00-00-00-00-00-00-00-00-00-00-00-00-00-00-00-00-00-00-00-00-00-00-00-00-00-00-00-00-00-00-00-00-00-00-00-00-00-00-00-00-00-00-00-00-00-00-00-00-00-00-00-00-00-00-00-00-00-00-00-00-00-00-00-00-00-00-00-00-00-00-00-00-00-00-00-00-00-00-00-00-00-00-00-00-00-00-00-00-00-00-00-00-00-00-00-00-00-00-00-00-00-00-00-00-00-00-00-00-00-00-00-00-00-00-00-00-00-00-00-00-00-00-00-00-00-00-00-00-00-00-00-00-00-00-00-00-00-00-00-00-00-00-00-00-00-00-00-00-00-00-00-00-00-00-00-00-00-00-00-00-00-00-00-00-00-00-00-00-00-00-00-00
[14:26:46:750]HidD_SetOutputReport=True
[14:26:46:754][HID_TX_ack]06-5A-00-00-00-00-00-00
[14:26:46:755]50-41-06-0C-02-00-43-01 [CMD_SENT][CMD_READ_MP_DATA_BY_ID]
[14:26:46:779]HidD_GetFeature=True,rx_len=19
[14:26:46:779][HID_RX]06-50-49-01-C0-B8-C0-1C-00-09-00-06-8C-00-CF-BE-77-99-58-40-FF-FF-FF-FF-FF-FF-FF-FF-FF-FF-FF-FF-FF-FF-FF-FF-FF-FF-FF-FF-FF-FF-FF-FF-FF-FF-FF-FF-FF-FF-FF-FF-FF-FF-FF-FF-FF-FF-FF-FF-FF-FF-FF-13
[14:26:46:779][HID_RX_data]50-49-01-C0-B8-C0-1C-00-09-00-06-8C-00-CF-BE-77-99-58-40
[14:26:46:779]50-49-01-C0-B8-C0-1C-00-09-00-06-8C-00-CF-BE-77-99-58-40
[14:26:46:779]hasPulse=True
[14:26:46:779]rtk_RX_thread.waiting...
[14:26:46:800][HID_TX]06-04-03-06-00-50-41-0E-0D-01-E3-00-00-00-00-00-00-00-00-00-00-00-00-00-00-00-00-00-00-00-00-00-00-00-00-00-00-00-00-00-00-00-00-00-00-00-00-00-00-00-00-00-00-00-00-00-00-00-00-00-00-00-00-00-00-00-00-00-00-00-00-00-00-00-00-00-00-00-00-00-00-00-00-00-00-00-00-00-00-00-00-00-00-00-00-00-00-00-00-00-00-00-00-00-00-00-00-00-00-00-00-00-00-00-00-00-00-00-00-00-00-00-00-00-00-00-00-00-00-00-00-00-00-00-00-00-00-00-00-00-00-00-00-00-00-00-00-00-00-00-00-00-00-00-00-00-00-00-00-00-00-00-00-00-00-00-00-00-00-00-00-00-00-00-00-00-00-00-00-00-00-00-00-00-00-00-00-00-00-00-00-00-00-00-00-00-00-00-00-00-00-00-00-00-00-00-00-00-00-00-00-00-00-00-00-00-00-00-00-00-00-00-00-00-00-00-00-00-00-00-00-00-00-00-00-00-00-00-00-00-00-00-00-00-00-00-00-00-00-00-00-00-00-00-00-00-00-00-00-00-00-00-00-00-00-00-00-00-00-00-00-00-00-00-00-00-00-00-00-00-00-00-00-00-00-00-00-00-00-00-00-00-00-00-00-00-00-00-00-00-00-00-00-00-00-00-00-00-00-00-00-00-00-00-00-00-00-00-00-00-00-00-00-00-00-00-00-00-00-00-00-00-00-00-00-00-00-00-00-00-00-00-00-00-00-00-00-00-00-00-00-00-00-00-00-00-00-00-00-00-00-00-00-00-00-00-00-00-00-00-00-00-00-00-00-00-00-00-00-00-00-00-00-00-00-00-00-00-00-00-00-00-00-00-00-00-00-00-00-00-00-00-00-00-00-00-00-00-00-00-00-00-00-00-00-00-00-00-00-00-00-00-00-00-00-00-00-00-00-00-00-00-00-00-00-00-00-00-00-00-00-00-00-00-00-00-00-00-00-00-00-00-00-00-00-00-00-00-00-00-00-00-00-00-00-00-00-00-00-00-00-00-00-00-00-00-00-00-00-00-00-00-00-00-00-00-00-00-00-00-00-00-00-00-00-00-00-00-00-00-00-00-00-00-00-00-00-00-00-00-00-00-00-00-00
[14:26:46:807]HidD_SetOutputReport=True
[14:26:46:810][HID_TX_ack]06-5A-00-00-00-00-00-00
[14:26:46:810]50-41-0E-0D-01-E3 [CMD_SENT][REMOTE_GET_CONNECT_STATUS]
[14:26:46:835]HidD_GetFeature=True,rx_len=13
[14:26:46:835][HID_RX]06-50-49-01-C0-E4-C0-1C-00-03-00-0E-8D-00-FF-FF-FF-FF-FF-FF-FF-FF-FF-FF-FF-FF-FF-FF-FF-FF-FF-FF-FF-FF-FF-FF-FF-FF-FF-FF-FF-FF-FF-FF-FF-FF-FF-FF-FF-FF-FF-FF-FF-FF-FF-FF-FF-FF-FF-FF-FF-FF-FF-0D
[14:26:46:835][HID_RX_data]50-49-01-C0-E4-C0-1C-00-03-00-0E-8D-00
[14:26:46:835]50-49-01-C0-E4-C0-1C-00-03-00-0E-8D-00
[14:26:46:835]hasPulse=False
[14:26:46:864]HidD_GetFeature=True,rx_len=12
[14:26:46:864][HID_RX]06-50-49-0E-DA-00-00-00-00-02-00-E3-01-FF-FF-FF-FF-FF-FF-FF-FF-FF-FF-FF-FF-FF-FF-FF-FF-FF-FF-FF-FF-FF-FF-FF-FF-FF-FF-FF-FF-FF-FF-FF-FF-FF-FF-FF-FF-FF-FF-FF-FF-FF-FF-FF-FF-FF-FF-FF-FF-FF-FF-0C
[14:26:46:864][HID_RX_data]50-49-0E-DA-00-00-00-00-02-00-E3-01
[14:26:46:864]50-49-0E-DA-00-00-00-00-02-00-E3-01-
[14:26:46:864]hasPulse=True
[14:26:46:864]rtk_RX_thread.waiting...
[14:26:46:864]REMOTE_GET_CONNECT_STATUS=01
[14:26:46:864][HID_TX]06-04-03-07-00-50-41-0E-0E-02-E1-01-00-00-00-00-00-00-00-00-00-00-00-00-00-00-00-00-00-00-00-00-00-00-00-00-00-00-00-00-00-00-00-00-00-00-00-00-00-00-00-00-00-00-00-00-00-00-00-00-00-00-00-00-00-00-00-00-00-00-00-00-00-00-00-00-00-00-00-00-00-00-00-00-00-00-00-00-00-00-00-00-00-00-00-00-00-00-00-00-00-00-00-00-00-00-00-00-00-00-00-00-00-00-00-00-00-00-00-00-00-00-00-00-00-00-00-00-00-00-00-00-00-00-00-00-00-00-00-00-00-00-00-00-00-00-00-00-00-00-00-00-00-00-00-00-00-00-00-00-00-00-00-00-00-00-00-00-00-00-00-00-00-00-00-00-00-00-00-00-00-00-00-00-00-00-00-00-00-00-00-00-00-00-00-00-00-00-00-00-00-00-00-00-00-00-00-00-00-00-00-00-00-00-00-00-00-00-00-00-00-00-00-00-00-00-00-00-00-00-00-00-00-00-00-00-00-00-00-00-00-00-00-00-00-00-00-00-00-00-00-00-00-00-00-00-00-00-00-00-00-00-00-00-00-00-00-00-00-00-00-00-00-00-00-00-00-00-00-00-00-00-00-00-00-00-00-00-00-00-00-00-00-00-00-00-00-00-00-00-00-00-00-00-00-00-00-00-00-00-00-00-00-00-00-00-00-00-00-00-00-00-00-00-00-00-00-00-00-00-00-00-00-00-00-00-00-00-00-00-00-00-00-00-00-00-00-00-00-00-00-00-00-00-00-00-00-00-00-00-00-00-00-00-00-00-00-00-00-00-00-00-00-00-00-00-00-00-00-00-00-00-00-00-00-00-00-00-00-00-00-00-00-00-00-00-00-00-00-00-00-00-00-00-00-00-00-00-00-00-00-00-00-00-00-00-00-00-00-00-00-00-00-00-00-00-00-00-00-00-00-00-00-00-00-00-00-00-00-00-00-00-00-00-00-00-00-00-00-00-00-00-00-00-00-00-00-00-00-00-00-00-00-00-00-00-00-00-00-00-00-00-00-00-00-00-00-00-00-00-00-00-00-00-00-00-00-00-00-00-00-00-00-00-00-00-00-00-00-00-00-00-00-00-00-00-00-00-00-00-00-00-00-00-00
[14:26:46:874]HidD_SetOutputReport=True
[14:26:46:878][HID_TX_ack]06-5A-00-00-00-00-00-00
[14:26:46:879]50-41-0E-0E-02-E1-01 [CMD_SENT][REMOTE_SET_MODE] is_remote=True
[14:26:46:903]HidD_GetFeature=True,rx_len=13
[14:26:46:903][HID_RX]06-50-49-01-C0-1B-C1-1C-00-03-00-0E-8E-00-FF-FF-FF-FF-FF-FF-FF-FF-FF-FF-FF-FF-FF-FF-FF-FF-FF-FF-FF-FF-FF-FF-FF-FF-FF-FF-FF-FF-FF-FF-FF-FF-FF-FF-FF-FF-FF-FF-FF-FF-FF-FF-FF-FF-FF-FF-FF-FF-FF-0D
[14:26:46:903][HID_RX_data]50-49-01-C0-1B-C1-1C-00-03-00-0E-8E-00
[14:26:46:903]50-49-01-C0-1B-C1-1C-00-03-00-0E-8E-00
[14:26:46:903]hasPulse=True
[14:26:46:903]rtk_RX_thread.waiting...
[14:26:46:903][HID_TX]06-04-03-13-00-50-41-06-0F-0D-00-25-34-12-5A-5A-01-00-00-00-F0-00-00-00-00-00-00-00-00-00-00-00-00-00-00-00-00-00-00-00-00-00-00-00-00-00-00-00-00-00-00-00-00-00-00-00-00-00-00-00-00-00-00-00-00-00-00-00-00-00-00-00-00-00-00-00-00-00-00-00-00-00-00-00-00-00-00-00-00-00-00-00-00-00-00-00-00-00-00-00-00-00-00-00-00-00-00-00-00-00-00-00-00-00-00-00-00-00-00-00-00-00-00-00-00-00-00-00-00-00-00-00-00-00-00-00-00-00-00-00-00-00-00-00-00-00-00-00-00-00-00-00-00-00-00-00-00-00-00-00-00-00-00-00-00-00-00-00-00-00-00-00-00-00-00-00-00-00-00-00-00-00-00-00-00-00-00-00-00-00-00-00-00-00-00-00-00-00-00-00-00-00-00-00-00-00-00-00-00-00-00-00-00-00-00-00-00-00-00-00-00-00-00-00-00-00-00-00-00-00-00-00-00-00-00-00-00-00-00-00-00-00-00-00-00-00-00-00-00-00-00-00-00-00-00-00-00-00-00-00-00-00-00-00-00-00-00-00-00-00-00-00-00-00-00-00-00-00-00-00-00-00-00-00-00-00-00-00-00-00-00-00-00-00-00-00-00-00-00-00-00-00-00-00-00-00-00-00-00-00-00-00-00-00-00-00-00-00-00-00-00-00-00-00-00-00-00-00-00-00-00-00-00-00-00-00-00-00-00-00-00-00-00-00-00-00-00-00-00-00-00-00-00-00-00-00-00-00-00-00-00-00-00-00-00-00-00-00-00-00-00-00-00-00-00-00-00-00-00-00-00-00-00-00-00-00-00-00-00-00-00-00-00-00-00-00-00-00-00-00-00-00-00-00-00-00-00-00-00-00-00-00-00-00-00-00-00-00-00-00-00-00-00-00-00-00-00-00-00-00-00-00-00-00-00-00-00-00-00-00-00-00-00-00-00-00-00-00-00-00-00-00-00-00-00-00-00-00-00-00-00-00-00-00-00-00-00-00-00-00-00-00-00-00-00-00-00-00-00-00-00-00-00-00-00-00-00-00-00-00-00-00-00-00-00-00-00-00-00-00-00-00-00-00-00-00-00-00-00-00-00-00-00-00-00
[14:26:46:915]HidD_SetOutputReport=True
[14:26:46:919][HID_TX_ack]06-5A-00-00-00-00-00-00
[14:26:46:919]50-41-06-0F-0D-00-25-34-12-5A-5A-01-00-00-00-F0-00-00-00 [CMD_SENT][OTA_CMD_IOCTL][READ_MAX_LEN=240]
[14:26:46:972]HidD_GetFeature=True,rx_len=17
[14:26:46:972][HID_RX]06-50-49-01-DB-DF-9D-25-00-07-00-06-8F-00-F0-00-00-00-FF-FF-FF-FF-FF-FF-FF-FF-FF-FF-FF-FF-FF-FF-FF-FF-FF-FF-FF-FF-FF-FF-FF-FF-FF-FF-FF-FF-FF-FF-FF-FF-FF-FF-FF-FF-FF-FF-FF-FF-FF-FF-FF-FF-FF-11
[14:26:46:972][HID_RX_data]50-49-01-DB-DF-9D-25-00-07-00-06-8F-00-F0-00-00-00
[14:26:46:972]50-49-01-DB-DF-9D-25-00-07-00-06-8F-00-F0-00-00-00
[14:26:46:972]hasPulse=True
[14:26:46:972]rtk_RX_thread.waiting...
[14:26:46:994][HID_TX]06-04-03-06-00-50-41-0E-10-01-E0-00-00-00-00-00-00-00-00-00-00-00-00-00-00-00-00-00-00-00-00-00-00-00-00-00-00-00-00-00-00-00-00-00-00-00-00-00-00-00-00-00-00-00-00-00-00-00-00-00-00-00-00-00-00-00-00-00-00-00-00-00-00-00-00-00-00-00-00-00-00-00-00-00-00-00-00-00-00-00-00-00-00-00-00-00-00-00-00-00-00-00-00-00-00-00-00-00-00-00-00-00-00-00-00-00-00-00-00-00-00-00-00-00-00-00-00-00-00-00-00-00-00-00-00-00-00-00-00-00-00-00-00-00-00-00-00-00-00-00-00-00-00-00-00-00-00-00-00-00-00-00-00-00-00-00-00-00-00-00-00-00-00-00-00-00-00-00-00-00-00-00-00-00-00-00-00-00-00-00-00-00-00-00-00-00-00-00-00-00-00-00-00-00-00-00-00-00-00-00-00-00-00-00-00-00-00-00-00-00-00-00-00-00-00-00-00-00-00-00-00-00-00-00-00-00-00-00-00-00-00-00-00-00-00-00-00-00-00-00-00-00-00-00-00-00-00-00-00-00-00-00-00-00-00-00-00-00-00-00-00-00-00-00-00-00-00-00-00-00-00-00-00-00-00-00-00-00-00-00-00-00-00-00-00-00-00-00-00-00-00-00-00-00-00-00-00-00-00-00-00-00-00-00-00-00-00-00-00-00-00-00-00-00-00-00-00-00-00-00-00-00-00-00-00-00-00-00-00-00-00-00-00-00-00-00-00-00-00-00-00-00-00-00-00-00-00-00-00-00-00-00-00-00-00-00-00-00-00-00-00-00-00-00-00-00-00-00-00-00-00-00-00-00-00-00-00-00-00-00-00-00-00-00-00-00-00-00-00-00-00-00-00-00-00-00-00-00-00-00-00-00-00-00-00-00-00-00-00-00-00-00-00-00-00-00-00-00-00-00-00-00-00-00-00-00-00-00-00-00-00-00-00-00-00-00-00-00-00-00-00-00-00-00-00-00-00-00-00-00-00-00-00-00-00-00-00-00-00-00-00-00-00-00-00-00-00-00-00-00-00-00-00-00-00-00-00-00-00-00-00-00-00-00-00-00-00-00-00-00-00-00-00-00-00-00-00-00-00-00-00-00-00-00-00
[14:26:47:002]HidD_SetOutputReport=True
[14:26:47:006][HID_TX_ack]06-5A-00-00-00-00-00-00
[14:26:47:007]50-41-0E-10-01-E0 [CMD_SENT][REMOTE_GET_MODE]
[14:26:47:031]HidD_GetFeature=True,rx_len=13
[14:26:47:031][HID_RX]06-50-49-01-C0-7F-C1-1C-00-03-00-0E-90-00-FF-FF-FF-FF-FF-FF-FF-FF-FF-FF-FF-FF-FF-FF-FF-FF-FF-FF-FF-FF-FF-FF-FF-FF-FF-FF-FF-FF-FF-FF-FF-FF-FF-FF-FF-FF-FF-FF-FF-FF-FF-FF-FF-FF-FF-FF-FF-FF-FF-0D
[14:26:47:031][HID_RX_data]50-49-01-C0-7F-C1-1C-00-03-00-0E-90-00
[14:26:47:031]50-49-01-C0-7F-C1-1C-00-03-00-0E-90-00
[14:26:47:031]hasPulse=False
[14:26:47:060]HidD_GetFeature=True,rx_len=12
[14:26:47:060][HID_RX]06-50-49-0E-DC-00-00-00-00-02-00-E0-01-FF-FF-FF-FF-FF-FF-FF-FF-FF-FF-FF-FF-FF-FF-FF-FF-FF-FF-FF-FF-FF-FF-FF-FF-FF-FF-FF-FF-FF-FF-FF-FF-FF-FF-FF-FF-FF-FF-FF-FF-FF-FF-FF-FF-FF-FF-FF-FF-FF-FF-0C
[14:26:47:060][HID_RX_data]50-49-0E-DC-00-00-00-00-02-00-E0-01
[14:26:47:060]50-49-0E-DC-00-00-00-00-02-00-E0-01-
[14:26:47:060]hasPulse=True
[14:26:47:060]rtk_RX_thread.waiting...
[14:26:47:060]REMOTE_GET_MODE=01
[14:26:47:060]send_OTA_CMD_GET_IMAGE_VERSION=MC
[14:26:47:060][HID_TX]06-04-03-0A-00-50-41-06-11-04-00-34-01-4D-43-00-00-00-00-00-00-00-00-00-00-00-00-00-00-00-00-00-00-00-00-00-00-00-00-00-00-00-00-00-00-00-00-00-00-00-00-00-00-00-00-00-00-00-00-00-00-00-00-00-00-00-00-00-00-00-00-00-00-00-00-00-00-00-00-00-00-00-00-00-00-00-00-00-00-00-00-00-00-00-00-00-00-00-00-00-00-00-00-00-00-00-00-00-00-00-00-00-00-00-00-00-00-00-00-00-00-00-00-00-00-00-00-00-00-00-00-00-00-00-00-00-00-00-00-00-00-00-00-00-00-00-00-00-00-00-00-00-00-00-00-00-00-00-00-00-00-00-00-00-00-00-00-00-00-00-00-00-00-00-00-00-00-00-00-00-00-00-00-00-00-00-00-00-00-00-00-00-00-00-00-00-00-00-00-00-00-00-00-00-00-00-00-00-00-00-00-00-00-00-00-00-00-00-00-00-00-00-00-00-00-00-00-00-00-00-00-00-00-00-00-00-00-00-00-00-00-00-00-00-00-00-00-00-00-00-00-00-00-00-00-00-00-00-00-00-00-00-00-00-00-00-00-00-00-00-00-00-00-00-00-00-00-00-00-00-00-00-00-00-00-00-00-00-00-00-00-00-00-00-00-00-00-00-00-00-00-00-00-00-00-00-00-00-00-00-00-00-00-00-00-00-00-00-00-00-00-00-00-00-00-00-00-00-00-00-00-00-00-00-00-00-00-00-00-00-00-00-00-00-00-00-00-00-00-00-00-00-00-00-00-00-00-00-00-00-00-00-00-00-00-00-00-00-00-00-00-00-00-00-00-00-00-00-00-00-00-00-00-00-00-00-00-00-00-00-00-00-00-00-00-00-00-00-00-00-00-00-00-00-00-00-00-00-00-00-00-00-00-00-00-00-00-00-00-00-00-00-00-00-00-00-00-00-00-00-00-00-00-00-00-00-00-00-00-00-00-00-00-00-00-00-00-00-00-00-00-00-00-00-00-00-00-00-00-00-00-00-00-00-00-00-00-00-00-00-00-00-00-00-00-00-00-00-00-00-00-00-00-00-00-00-00-00-00-00-00-00-00-00-00-00-00-00-00-00-00-00-00-00-00-00-00-00-00-00-00-00-00-00-00
[14:26:47:071]HidD_SetOutputReport=True
[14:26:47:074][HID_TX_ack]06-5A-00-00-00-00-00-00
[14:26:47:074]50-41-06-11-04-00-34-01-4D-43 [CMD_SENT][OTA_CMD_GET_IMAGE_VERSION]
[14:26:47:128]HidD_GetFeature=True,rx_len=17
[14:26:47:128][HID_RX]06-50-49-01-DD-61-9E-25-00-07-00-06-91-00-03-00-01-0C-FF-FF-FF-FF-FF-FF-FF-FF-FF-FF-FF-FF-FF-FF-FF-FF-FF-FF-FF-FF-FF-FF-FF-FF-FF-FF-FF-FF-FF-FF-FF-FF-FF-FF-FF-FF-FF-FF-FF-FF-FF-FF-FF-FF-FF-11
[14:26:47:128][HID_RX_data]50-49-01-DD-61-9E-25-00-07-00-06-91-00-03-00-01-0C
[14:26:47:128]50-49-01-DD-61-9E-25-00-07-00-06-91-00-03-00-01-0C
[14:26:47:128]hasPulse=True
[14:26:47:128]rtk_RX_thread.waiting...
[14:26:47:154][HID_TX]06-04-03-06-00-50-41-0E-12-01-E0-00-00-00-00-00-00-00-00-00-00-00-00-00-00-00-00-00-00-00-00-00-00-00-00-00-00-00-00-00-00-00-00-00-00-00-00-00-00-00-00-00-00-00-00-00-00-00-00-00-00-00-00-00-00-00-00-00-00-00-00-00-00-00-00-00-00-00-00-00-00-00-00-00-00-00-00-00-00-00-00-00-00-00-00-00-00-00-00-00-00-00-00-00-00-00-00-00-00-00-00-00-00-00-00-00-00-00-00-00-00-00-00-00-00-00-00-00-00-00-00-00-00-00-00-00-00-00-00-00-00-00-00-00-00-00-00-00-00-00-00-00-00-00-00-00-00-00-00-00-00-00-00-00-00-00-00-00-00-00-00-00-00-00-00-00-00-00-00-00-00-00-00-00-00-00-00-00-00-00-00-00-00-00-00-00-00-00-00-00-00-00-00-00-00-00-00-00-00-00-00-00-00-00-00-00-00-00-00-00-00-00-00-00-00-00-00-00-00-00-00-00-00-00-00-00-00-00-00-00-00-00-00-00-00-00-00-00-00-00-00-00-00-00-00-00-00-00-00-00-00-00-00-00-00-00-00-00-00-00-00-00-00-00-00-00-00-00-00-00-00-00-00-00-00-00-00-00-00-00-00-00-00-00-00-00-00-00-00-00-00-00-00-00-00-00-00-00-00-00-00-00-00-00-00-00-00-00-00-00-00-00-00-00-00-00-00-00-00-00-00-00-00-00-00-00-00-00-00-00-00-00-00-00-00-00-00-00-00-00-00-00-00-00-00-00-00-00-00-00-00-00-00-00-00-00-00-00-00-00-00-00-00-00-00-00-00-00-00-00-00-00-00-00-00-00-00-00-00-00-00-00-00-00-00-00-00-00-00-00-00-00-00-00-00-00-00-00-00-00-00-00-00-00-00-00-00-00-00-00-00-00-00-00-00-00-00-00-00-00-00-00-00-00-00-00-00-00-00-00-00-00-00-00-00-00-00-00-00-00-00-00-00-00-00-00-00-00-00-00-00-00-00-00-00-00-00-00-00-00-00-00-00-00-00-00-00-00-00-00-00-00-00-00-00-00-00-00-00-00-00-00-00-00-00-00-00-00-00-00-00-00-00-00-00-00-00-00-00-00-00-00-00-00-00
[14:26:47:162]HidD_SetOutputReport=True
[14:26:47:166][HID_TX_ack]06-5A-00-00-00-00-00-00
[14:26:47:166]50-41-0E-12-01-E0 [CMD_SENT][REMOTE_GET_MODE]
[14:26:47:191]HidD_GetFeature=True,rx_len=13
[14:26:47:191][HID_RX]06-50-49-01-C0-00-C2-1C-00-03-00-0E-92-00-FF-FF-FF-FF-FF-FF-FF-FF-FF-FF-FF-FF-FF-FF-FF-FF-FF-FF-FF-FF-FF-FF-FF-FF-FF-FF-FF-FF-FF-FF-FF-FF-FF-FF-FF-FF-FF-FF-FF-FF-FF-FF-FF-FF-FF-FF-FF-FF-FF-0D
[14:26:47:191][HID_RX_data]50-49-01-C0-00-C2-1C-00-03-00-0E-92-00
[14:26:47:191]50-49-01-C0-00-C2-1C-00-03-00-0E-92-00
[14:26:47:191]hasPulse=False
[14:26:47:220]HidD_GetFeature=True,rx_len=12
[14:26:47:220][HID_RX]06-50-49-0E-DE-00-00-00-00-02-00-E0-01-FF-FF-FF-FF-FF-FF-FF-FF-FF-FF-FF-FF-FF-FF-FF-FF-FF-FF-FF-FF-FF-FF-FF-FF-FF-FF-FF-FF-FF-FF-FF-FF-FF-FF-FF-FF-FF-FF-FF-FF-FF-FF-FF-FF-FF-FF-FF-FF-FF-FF-0C
[14:26:47:220][HID_RX_data]50-49-0E-DE-00-00-00-00-02-00-E0-01
[14:26:47:220]50-49-0E-DE-00-00-00-00-02-00-E0-01-
[14:26:47:220]hasPulse=True
[14:26:47:220]rtk_RX_thread.waiting...
[14:26:47:220]REMOTE_GET_MODE=01
[14:26:47:221][HID_TX]06-04-03-08-00-50-41-06-13-02-00-61-01-00-00-00-00-00-00-00-00-00-00-00-00-00-00-00-00-00-00-00-00-00-00-00-00-00-00-00-00-00-00-00-00-00-00-00-00-00-00-00-00-00-00-00-00-00-00-00-00-00-00-00-00-00-00-00-00-00-00-00-00-00-00-00-00-00-00-00-00-00-00-00-00-00-00-00-00-00-00-00-00-00-00-00-00-00-00-00-00-00-00-00-00-00-00-00-00-00-00-00-00-00-00-00-00-00-00-00-00-00-00-00-00-00-00-00-00-00-00-00-00-00-00-00-00-00-00-00-00-00-00-00-00-00-00-00-00-00-00-00-00-00-00-00-00-00-00-00-00-00-00-00-00-00-00-00-00-00-00-00-00-00-00-00-00-00-00-00-00-00-00-00-00-00-00-00-00-00-00-00-00-00-00-00-00-00-00-00-00-00-00-00-00-00-00-00-00-00-00-00-00-00-00-00-00-00-00-00-00-00-00-00-00-00-00-00-00-00-00-00-00-00-00-00-00-00-00-00-00-00-00-00-00-00-00-00-00-00-00-00-00-00-00-00-00-00-00-00-00-00-00-00-00-00-00-00-00-00-00-00-00-00-00-00-00-00-00-00-00-00-00-00-00-00-00-00-00-00-00-00-00-00-00-00-00-00-00-00-00-00-00-00-00-00-00-00-00-00-00-00-00-00-00-00-00-00-00-00-00-00-00-00-00-00-00-00-00-00-00-00-00-00-00-00-00-00-00-00-00-00-00-00-00-00-00-00-00-00-00-00-00-00-00-00-00-00-00-00-00-00-00-00-00-00-00-00-00-00-00-00-00-00-00-00-00-00-00-00-00-00-00-00-00-00-00-00-00-00-00-00-00-00-00-00-00-00-00-00-00-00-00-00-00-00-00-00-00-00-00-00-00-00-00-00-00-00-00-00-00-00-00-00-00-00-00-00-00-00-00-00-00-00-00-00-00-00-00-00-00-00-00-00-00-00-00-00-00-00-00-00-00-00-00-00-00-00-00-00-00-00-00-00-00-00-00-00-00-00-00-00-00-00-00-00-00-00-00-00-00-00-00-00-00-00-00-00-00-00-00-00-00-00-00-00-00-00-00-00-00-00-00-00-00-00-00-00-00-00-00-00-00-00-00
[14:26:47:231]HidD_SetOutputReport=True
[14:26:47:235][HID_TX_ack]06-5A-00-00-00-00-00-00
[14:26:47:235]50-41-06-13-02-00-61-01 [CMD_SENT][CMD_TEST_MODE]
[14:26:47:288]HidD_GetFeature=True,rx_len=13
[14:26:47:288][HID_RX]06-50-49-01-DF-E3-9E-25-00-03-00-06-93-00-FF-FF-FF-FF-FF-FF-FF-FF-FF-FF-FF-FF-FF-FF-FF-FF-FF-FF-FF-FF-FF-FF-FF-FF-FF-FF-FF-FF-FF-FF-FF-FF-FF-FF-FF-FF-FF-FF-FF-FF-FF-FF-FF-FF-FF-FF-FF-FF-FF-0D
[14:26:47:288][HID_RX_data]50-49-01-DF-E3-9E-25-00-03-00-06-93-00
[14:26:47:288]50-49-01-DF-E3-9E-25-00-03-00-06-93-00
[14:26:47:288]hasPulse=True
[14:26:47:288]rtk_RX_thread.waiting...
[14:26:47:310][HID_TX]06-04-03-06-00-50-41-0E-14-01-E0-00-00-00-00-00-00-00-00-00-00-00-00-00-00-00-00-00-00-00-00-00-00-00-00-00-00-00-00-00-00-00-00-00-00-00-00-00-00-00-00-00-00-00-00-00-00-00-00-00-00-00-00-00-00-00-00-00-00-00-00-00-00-00-00-00-00-00-00-00-00-00-00-00-00-00-00-00-00-00-00-00-00-00-00-00-00-00-00-00-00-00-00-00-00-00-00-00-00-00-00-00-00-00-00-00-00-00-00-00-00-00-00-00-00-00-00-00-00-00-00-00-00-00-00-00-00-00-00-00-00-00-00-00-00-00-00-00-00-00-00-00-00-00-00-00-00-00-00-00-00-00-00-00-00-00-00-00-00-00-00-00-00-00-00-00-00-00-00-00-00-00-00-00-00-00-00-00-00-00-00-00-00-00-00-00-00-00-00-00-00-00-00-00-00-00-00-00-00-00-00-00-00-00-00-00-00-00-00-00-00-00-00-00-00-00-00-00-00-00-00-00-00-00-00-00-00-00-00-00-00-00-00-00-00-00-00-00-00-00-00-00-00-00-00-00-00-00-00-00-00-00-00-00-00-00-00-00-00-00-00-00-00-00-00-00-00-00-00-00-00-00-00-00-00-00-00-00-00-00-00-00-00-00-00-00-00-00-00-00-00-00-00-00-00-00-00-00-00-00-00-00-00-00-00-00-00-00-00-00-00-00-00-00-00-00-00-00-00-00-00-00-00-00-00-00-00-00-00-00-00-00-00-00-00-00-00-00-00-00-00-00-00-00-00-00-00-00-00-00-00-00-00-00-00-00-00-00-00-00-00-00-00-00-00-00-00-00-00-00-00-00-00-00-00-00-00-00-00-00-00-00-00-00-00-00-00-00-00-00-00-00-00-00-00-00-00-00-00-00-00-00-00-00-00-00-00-00-00-00-00-00-00-00-00-00-00-00-00-00-00-00-00-00-00-00-00-00-00-00-00-00-00-00-00-00-00-00-00-00-00-00-00-00-00-00-00-00-00-00-00-00-00-00-00-00-00-00-00-00-00-00-00-00-00-00-00-00-00-00-00-00-00-00-00-00-00-00-00-00-00-00-00-00-00-00-00-00-00-00-00-00-00-00-00-00-00-00-00-00-00-00-00-00-00
[14:26:47:318]HidD_SetOutputReport=True
[14:26:47:322][HID_TX_ack]06-5A-00-00-00-00-00-00
[14:26:47:323]50-41-0E-14-01-E0 [CMD_SENT][REMOTE_GET_MODE]
[14:26:47:347]HidD_GetFeature=True,rx_len=13
[14:26:47:347][HID_RX]06-50-49-01-C0-7C-C2-1C-00-03-00-0E-94-00-FF-FF-FF-FF-FF-FF-FF-FF-FF-FF-FF-FF-FF-FF-FF-FF-FF-FF-FF-FF-FF-FF-FF-FF-FF-FF-FF-FF-FF-FF-FF-FF-FF-FF-FF-FF-FF-FF-FF-FF-FF-FF-FF-FF-FF-FF-FF-FF-FF-0D
[14:26:47:347][HID_RX_data]50-49-01-C0-7C-C2-1C-00-03-00-0E-94-00
[14:26:47:347]50-49-01-C0-7C-C2-1C-00-03-00-0E-94-00
[14:26:47:347]hasPulse=False
[14:26:47:376]HidD_GetFeature=True,rx_len=12
[14:26:47:376][HID_RX]06-50-49-0E-E0-00-00-00-00-02-00-E0-01-FF-FF-FF-FF-FF-FF-FF-FF-FF-FF-FF-FF-FF-FF-FF-FF-FF-FF-FF-FF-FF-FF-FF-FF-FF-FF-FF-FF-FF-FF-FF-FF-FF-FF-FF-FF-FF-FF-FF-FF-FF-FF-FF-FF-FF-FF-FF-FF-FF-FF-0C
[14:26:47:376][HID_RX_data]50-49-0E-E0-00-00-00-00-02-00-E0-01
[14:26:47:376]50-49-0E-E0-00-00-00-00-02-00-E0-01-
[14:26:47:376]hasPulse=True
[14:26:47:376]rtk_RX_thread.waiting...
[14:26:47:376]REMOTE_GET_MODE=01
[14:26:47:376][HID_TX]06-04-03-08-00-50-41-06-15-02-00-62-E2-00-00-00-00-00-00-00-00-00-00-00-00-00-00-00-00-00-00-00-00-00-00-00-00-00-00-00-00-00-00-00-00-00-00-00-00-00-00-00-00-00-00-00-00-00-00-00-00-00-00-00-00-00-00-00-00-00-00-00-00-00-00-00-00-00-00-00-00-00-00-00-00-00-00-00-00-00-00-00-00-00-00-00-00-00-00-00-00-00-00-00-00-00-00-00-00-00-00-00-00-00-00-00-00-00-00-00-00-00-00-00-00-00-00-00-00-00-00-00-00-00-00-00-00-00-00-00-00-00-00-00-00-00-00-00-00-00-00-00-00-00-00-00-00-00-00-00-00-00-00-00-00-00-00-00-00-00-00-00-00-00-00-00-00-00-00-00-00-00-00-00-00-00-00-00-00-00-00-00-00-00-00-00-00-00-00-00-00-00-00-00-00-00-00-00-00-00-00-00-00-00-00-00-00-00-00-00-00-00-00-00-00-00-00-00-00-00-00-00-00-00-00-00-00-00-00-00-00-00-00-00-00-00-00-00-00-00-00-00-00-00-00-00-00-00-00-00-00-00-00-00-00-00-00-00-00-00-00-00-00-00-00-00-00-00-00-00-00-00-00-00-00-00-00-00-00-00-00-00-00-00-00-00-00-00-00-00-00-00-00-00-00-00-00-00-00-00-00-00-00-00-00-00-00-00-00-00-00-00-00-00-00-00-00-00-00-00-00-00-00-00-00-00-00-00-00-00-00-00-00-00-00-00-00-00-00-00-00-00-00-00-00-00-00-00-00-00-00-00-00-00-00-00-00-00-00-00-00-00-00-00-00-00-00-00-00-00-00-00-00-00-00-00-00-00-00-00-00-00-00-00-00-00-00-00-00-00-00-00-00-00-00-00-00-00-00-00-00-00-00-00-00-00-00-00-00-00-00-00-00-00-00-00-00-00-00-00-00-00-00-00-00-00-00-00-00-00-00-00-00-00-00-00-00-00-00-00-00-00-00-00-00-00-00-00-00-00-00-00-00-00-00-00-00-00-00-00-00-00-00-00-00-00-00-00-00-00-00-00-00-00-00-00-00-00-00-00-00-00-00-00-00-00-00-00-00-00-00-00-00-00-00-00-00-00-00-00-00-00-00-00-00
[14:26:47:387]HidD_SetOutputReport=True
[14:26:47:390][HID_TX_ack]06-5A-00-00-00-00-00-00
[14:26:47:391]50-41-06-15-02-00-62-E2 [CMD_SENT][CMD_SET_LED]
[14:26:47:415]HidD_GetFeature=True,rx_len=13
[14:26:47:415][HID_RX]06-50-49-01-E1-58-9F-25-00-03-00-06-95-00-FF-FF-FF-FF-FF-FF-FF-FF-FF-FF-FF-FF-FF-FF-FF-FF-FF-FF-FF-FF-FF-FF-FF-FF-FF-FF-FF-FF-FF-FF-FF-FF-FF-FF-FF-FF-FF-FF-FF-FF-FF-FF-FF-FF-FF-FF-FF-FF-FF-0D
[14:26:47:415][HID_RX_data]50-49-01-E1-58-9F-25-00-03-00-06-95-00
[14:26:47:415]50-49-01-E1-58-9F-25-00-03-00-06-95-00
[14:26:47:415]hasPulse=True
[14:26:47:415]rtk_RX_thread.waiting...
[14:26:47:427][HID_TX]06-04-03-07-00-50-41-0E-16-02-E1-00-00-00-00-00-00-00-00-00-00-00-00-00-00-00-00-00-00-00-00-00-00-00-00-00-00-00-00-00-00-00-00-00-00-00-00-00-00-00-00-00-00-00-00-00-00-00-00-00-00-00-00-00-00-00-00-00-00-00-00-00-00-00-00-00-00-00-00-00-00-00-00-00-00-00-00-00-00-00-00-00-00-00-00-00-00-00-00-00-00-00-00-00-00-00-00-00-00-00-00-00-00-00-00-00-00-00-00-00-00-00-00-00-00-00-00-00-00-00-00-00-00-00-00-00-00-00-00-00-00-00-00-00-00-00-00-00-00-00-00-00-00-00-00-00-00-00-00-00-00-00-00-00-00-00-00-00-00-00-00-00-00-00-00-00-00-00-00-00-00-00-00-00-00-00-00-00-00-00-00-00-00-00-00-00-00-00-00-00-00-00-00-00-00-00-00-00-00-00-00-00-00-00-00-00-00-00-00-00-00-00-00-00-00-00-00-00-00-00-00-00-00-00-00-00-00-00-00-00-00-00-00-00-00-00-00-00-00-00-00-00-00-00-00-00-00-00-00-00-00-00-00-00-00-00-00-00-00-00-00-00-00-00-00-00-00-00-00-00-00-00-00-00-00-00-00-00-00-00-00-00-00-00-00-00-00-00-00-00-00-00-00-00-00-00-00-00-00-00-00-00-00-00-00-00-00-00-00-00-00-00-00-00-00-00-00-00-00-00-00-00-00-00-00-00-00-00-00-00-00-00-00-00-00-00-00-00-00-00-00-00-00-00-00-00-00-00-00-00-00-00-00-00-00-00-00-00-00-00-00-00-00-00-00-00-00-00-00-00-00-00-00-00-00-00-00-00-00-00-00-00-00-00-00-00-00-00-00-00-00-00-00-00-00-00-00-00-00-00-00-00-00-00-00-00-00-00-00-00-00-00-00-00-00-00-00-00-00-00-00-00-00-00-00-00-00-00-00-00-00-00-00-00-00-00-00-00-00-00-00-00-00-00-00-00-00-00-00-00-00-00-00-00-00-00-00-00-00-00-00-00-00-00-00-00-00-00-00-00-00-00-00-00-00-00-00-00-00-00-00-00-00-00-00-00-00-00-00-00-00-00-00-00-00-00-00-00-00-00-00-00-00-00-00
[14:26:47:434]HidD_SetOutputReport=True
[14:26:47:438][HID_TX_ack]06-5A-00-00-00-00-00-00
[14:26:47:438]50-41-0E-16-02-E1-00 [CMD_SENT][REMOTE_SET_MODE] is_remote=False
[14:26:47:463]HidD_GetFeature=True,rx_len=7
[14:26:47:463][HID_RX]06-50-49-01-C0-DA-C2-1C-FF-FF-FF-FF-FF-FF-FF-FF-FF-FF-FF-FF-FF-FF-FF-FF-FF-FF-FF-FF-FF-FF-FF-FF-FF-FF-FF-FF-FF-FF-FF-FF-FF-FF-FF-FF-FF-FF-FF-FF-FF-FF-FF-FF-FF-FF-FF-FF-FF-FF-FF-FF-FF-FF-FF-07
[14:26:47:463][HID_RX_data]50-49-01-C0-DA-C2-1C
[14:26:47:463]hasPulse=False
[14:26:47:492]HidD_GetFeature=True,rx_len=6
[14:26:47:492][HID_RX]06-00-03-00-0E-96-00-FF-FF-FF-FF-FF-FF-FF-FF-FF-FF-FF-FF-FF-FF-FF-FF-FF-FF-FF-FF-FF-FF-FF-FF-FF-FF-FF-FF-FF-FF-FF-FF-FF-FF-FF-FF-FF-FF-FF-FF-FF-FF-FF-FF-FF-FF-FF-FF-FF-FF-FF-FF-FF-FF-FF-FF-06
[14:26:47:492][HID_RX_data]00-03-00-0E-96-00
[14:26:47:492]50-49-01-C0-DA-C2-1C-00-03-00-0E-96-00
[14:26:47:492]hasPulse=True
[14:26:47:492]rtk_RX_thread.waiting...
[14:26:47:492]report__len=515
[14:26:47:492]report_data=06-08-03-00-00-00-00-00-00-00-00-00-00-00-00-00-00-00-00-00-00-00-00-00-00-00-00-00-00-00-00-00-00-00-00-00-00-00-00-00-00-00-00-00-00-00-00-00-00-00-00-00-00-00-00-00-00-00-00-00-00-00-00-00-00-00-00-00-00-00-00-00-00-00-00-00-00-00-00-00-00-00-00-00-00-00-00-00-00-00-00-00-00-00-00-00-00-00-00-00-00-00-00-00-00-00-00-00-00-00-00-00-00-00-00-00-00-00-00-00-00-00-00-00-00-00-00-00-00-00-00-00-00-00-00-00-00-00-00-00-00-00-00-00-00-00-00-00-00-00-00-00-00-00-00-00-00-00-00-00-00-00-00-00-00-00-00-00-00-00-00-00-00-00-00-00-00-00-00-00-00-00-00-00-00-00-00-00-00-00-00-00-00-00-00-00-00-00-00-00-00-00-00-00-00-00-00-00-00-00-00-00-00-00-00-00-00-00-00-00-00-00-00-00-00-00-00-00-00-00-00-00-00-00-00-00-00-00-00-00-00-00-00-00-00-00-00-00-00-00-00-00-00-00-00-00-00-00-00-00-00-00-00-00-00-00-00-00-00-00-00-00-00-00-00-00-00-00-00-00-00-00-00-00-00-00-00-00-00-00-00-00-00-00-00-00-00-00-00-00-00-00-00-00-00-00-00-00-00-00-00-00-00-00-00-00-00-00-00-00-00-00-00-00-00-00-00-00-00-00-00-00-00-00-00-00-00-00-00-00-00-00-00-00-00-00-00-00-00-00-00-00-00-00-00-00-00-00-00-00-00-00-00-00-00-00-00-00-00-00-00-00-00-00-00-00-00-00-00-00-00-00-00-00-00-00-00-00-00-00-00-00-00-00-00-00-00-00-00-00-00-00-00-00-00-00-00-00-00-00-00-00-00-00-00-00-00-00-00-00-00-00-00-00-00-00-00-00-00-00-00-00-00-00-00-00-00-00-00-00-00-00-00-00-00-00-00-00-00-00-00-00-00-00-00-00-00-00-00-00-00-00-00-00-00-00-00-00-00-00-00-00-00-00-00-00-00-00-00-00-00-00-00-00-00-00-00-00-00-00-00-00-00-00-00-00-00-00-00-00-00-00-00-00-00-00-00-00-00-00-00-00-00-00-00
[14:26:47:503]HidD_SetOutputReport_Exit_bootloader=True
[14:26:47:507][HID_TX_ack]06-5A-00-00-00-00-00-00
[14:26:47:507]close_hid_stream
[14:26:47:507]rtk_RX_thread_end
[14:26:47:507]CloseHandleX
[14:26:47:507]close_hid_handle
