[14:50:57:512]connect_auto_select
[14:50:57:514]\\?\hid#dell0a23&col03#5&184b7e16&0&0002#{4d1e55b2-f16f-11cf-88cb-001111000030}
[14:50:57:514]\\?\hid#dell0a23&col04#5&184b7e16&0&0003#{4d1e55b2-f16f-11cf-88cb-001111000030}
[14:50:57:514]\\?\hid#intc816#3&36043c54&0&0000#{4d1e55b2-f16f-11cf-88cb-001111000030}
[14:50:57:514]\\?\hid#converteddevice&col02#5&2204aa2d&0&0001#{4d1e55b2-f16f-11cf-88cb-001111000030}
[14:50:57:514]\\?\hid#converteddevice&col03#5&2204aa2d&0&0002#{4d1e55b2-f16f-11cf-88cb-001111000030}
[14:50:57:514]\\?\hid#converteddevice&col01#5&2204aa2d&0&0000#{4d1e55b2-f16f-11cf-88cb-001111000030}\kbd
[14:50:57:515]\\?\hid#dell0a23&col01#5&184b7e16&0&0000#{4d1e55b2-f16f-11cf-88cb-001111000030}
[14:50:57:515]\\?\hid#dell0a23&col02#5&184b7e16&0&0001#{4d1e55b2-f16f-11cf-88cb-001111000030}
[14:50:57:515]\\?\hid#vid_046d&pid_c077#6&21f6894a&0&0000#{4d1e55b2-f16f-11cf-88cb-001111000030}
[14:50:57:515]\\?\hid#vid_046d&pid_0acb&mi_03&col01#7&ef8c95&0&0000#{4d1e55b2-f16f-11cf-88cb-001111000030}
[14:50:57:515]\\?\hid#vid_046d&pid_0acb&mi_03&col02#7&ef8c95&0&0001#{4d1e55b2-f16f-11cf-88cb-001111000030}
[14:50:57:515]\\?\hid#vid_046d&pid_0acb&mi_03&col03#7&ef8c95&0&0002#{4d1e55b2-f16f-11cf-88cb-001111000030}
[14:50:57:515]\\?\hid#vid_046d&pid_0acb&mi_03&col04#7&ef8c95&0&0003#{4d1e55b2-f16f-11cf-88cb-001111000030}
[14:50:57:516]id=VID=046D,PID=C077
[14:50:57:517]	getCaps=null
[14:50:57:517]CloseHandleX
[14:50:57:517]id=VID=046D,PID=0ACB
[14:50:57:517]	getCaps=null
[14:50:57:517]CloseHandleX
[14:50:57:517]id=VID=046D,PID=0ACB
[14:50:57:518]	caps.InputReportByteLength=5
[14:50:57:518]	caps.OutputReportByteLength=0
[14:50:57:518]	attributes.VendorID=0x46D
[14:50:57:518]	attributes.ProductID=0xACB
[14:50:58:025]	SerialNumberString=202105190004
[14:50:58:026]	ManufacturerString=Logitech G series
[14:50:58:027]	ProductString=G435 Wireless Gaming Headset
[14:50:58:028]CloseHandleX
[14:50:58:028]id=VID=046D,PID=0ACB
[14:50:58:028]	caps.InputReportByteLength=8
[14:50:58:028]	caps.OutputReportByteLength=515
[14:50:58:028]	attributes.VendorID=0x46D
[14:50:58:028]	attributes.ProductID=0xACB
[14:50:58:028]	SerialNumberString=202105190004
[14:50:58:029]	ManufacturerString=Logitech G series
[14:50:58:030]	ProductString=G435 Wireless Gaming Headset
[14:50:58:030]CloseHandleX
[14:50:58:030]id=VID=046D,PID=0ACB
[14:50:58:030]	caps.InputReportByteLength=21
[14:50:58:030]	caps.OutputReportByteLength=3
[14:50:58:030]	attributes.VendorID=0x46D
[14:50:58:030]	attributes.ProductID=0xACB
[14:50:58:031]	SerialNumberString=202105190004
[14:50:58:032]	ManufacturerString=Logitech G series
[14:50:58:032]	ProductString=G435 Wireless Gaming Headset
[14:50:58:033]CloseHandleX
[14:50:58:033]try_path=\\?\hid#vid_046d&pid_0acb&mi_03&col03#7&ef8c95&0&0002#{4d1e55b2-f16f-11cf-88cb-001111000030}
[14:50:58:033]CreateFile_ing=\\?\hid#vid_046d&pid_0acb&mi_03&col03#7&ef8c95&0&0002#{4d1e55b2-f16f-11cf-88cb-001111000030}
[14:50:58:033]CreateFile_ok=4504
[14:50:58:033]HidD_GetPreparsedData_ok=True
[14:50:58:033]HidP_GetCaps_ok=1114112
[14:50:58:034]	InputReportByteLength=8
[14:50:58:034]	OutputReportByteLength=515
[14:50:58:034]create_FileStream_ok
[14:50:58:036]report__len=515
[14:50:58:036]report_data=06-01-03-00-00-00-00-00-00-00-00-00-00-00-00-00-00-00-00-00-00-00-00-00-00-00-00-00-00-00-00-00-00-00-00-00-00-00-00-00-00-00-00-00-00-00-00-00-00-00-00-00-00-00-00-00-00-00-00-00-00-00-00-00-00-00-00-00-00-00-00-00-00-00-00-00-00-00-00-00-00-00-00-00-00-00-00-00-00-00-00-00-00-00-00-00-00-00-00-00-00-00-00-00-00-00-00-00-00-00-00-00-00-00-00-00-00-00-00-00-00-00-00-00-00-00-00-00-00-00-00-00-00-00-00-00-00-00-00-00-00-00-00-00-00-00-00-00-00-00-00-00-00-00-00-00-00-00-00-00-00-00-00-00-00-00-00-00-00-00-00-00-00-00-00-00-00-00-00-00-00-00-00-00-00-00-00-00-00-00-00-00-00-00-00-00-00-00-00-00-00-00-00-00-00-00-00-00-00-00-00-00-00-00-00-00-00-00-00-00-00-00-00-00-00-00-00-00-00-00-00-00-00-00-00-00-00-00-00-00-00-00-00-00-00-00-00-00-00-00-00-00-00-00-00-00-00-00-00-00-00-00-00-00-00-00-00-00-00-00-00-00-00-00-00-00-00-00-00-00-00-00-00-00-00-00-00-00-00-00-00-00-00-00-00-00-00-00-00-00-00-00-00-00-00-00-00-00-00-00-00-00-00-00-00-00-00-00-00-00-00-00-00-00-00-00-00-00-00-00-00-00-00-00-00-00-00-00-00-00-00-00-00-00-00-00-00-00-00-00-00-00-00-00-00-00-00-00-00-00-00-00-00-00-00-00-00-00-00-00-00-00-00-00-00-00-00-00-00-00-00-00-00-00-00-00-00-00-00-00-00-00-00-00-00-00-00-00-00-00-00-00-00-00-00-00-00-00-00-00-00-00-00-00-00-00-00-00-00-00-00-00-00-00-00-00-00-00-00-00-00-00-00-00-00-00-00-00-00-00-00-00-00-00-00-00-00-00-00-00-00-00-00-00-00-00-00-00-00-00-00-00-00-00-00-00-00-00-00-00-00-00-00-00-00-00-00-00-00-00-00-00-00-00-00-00-00-00-00-00-00-00-00-00-00-00-00-00-00-00-00-00-00-00-00-00-00-00-00-00-00-00-00-00-00
[14:50:58:037]rtk_RX_thread_start
[14:50:58:037]rtk_RX_thread.waiting...
[14:50:58:046]HidD_SetOutputReport_Enter_bootloader=True
[14:50:58:050][HID_TX_ack]06-FE-00-00-00-00-00-00
[14:50:58:050][Enter_bootloader response fail : ][System.Exception]
[14:50:58:053]   at TwsTester.Visitors.ClassExceptionVisitor.ListBridge(Boolean isfirst)
   at TwsTester.Visitors.ClassExceptionVisitor.CalculateBridge(String ident)
[14:50:58:053]path_connected=\\?\hid#vid_046d&pid_0acb&mi_03&col03#7&ef8c95&0&0002#{4d1e55b2-f16f-11cf-88cb-001111000030}
[14:50:58:056]pooling_start
[14:50:58:081]pooling_HidD_GetFeature=True,rx_len=0
[14:50:58:081][HID_TX]06-04-03-13-00-50-41-06-01-0D-00-25-34-12-5A-5A-01-00-00-00-F0-00-00-00-00-00-00-00-00-00-00-00-00-00-00-00-00-00-00-00-00-00-00-00-00-00-00-00-00-00-00-00-00-00-00-00-00-00-00-00-00-00-00-00-00-00-00-00-00-00-00-00-00-00-00-00-00-00-00-00-00-00-00-00-00-00-00-00-00-00-00-00-00-00-00-00-00-00-00-00-00-00-00-00-00-00-00-00-00-00-00-00-00-00-00-00-00-00-00-00-00-00-00-00-00-00-00-00-00-00-00-00-00-00-00-00-00-00-00-00-00-00-00-00-00-00-00-00-00-00-00-00-00-00-00-00-00-00-00-00-00-00-00-00-00-00-00-00-00-00-00-00-00-00-00-00-00-00-00-00-00-00-00-00-00-00-00-00-00-00-00-00-00-00-00-00-00-00-00-00-00-00-00-00-00-00-00-00-00-00-00-00-00-00-00-00-00-00-00-00-00-00-00-00-00-00-00-00-00-00-00-00-00-00-00-00-00-00-00-00-00-00-00-00-00-00-00-00-00-00-00-00-00-00-00-00-00-00-00-00-00-00-00-00-00-00-00-00-00-00-00-00-00-00-00-00-00-00-00-00-00-00-00-00-00-00-00-00-00-00-00-00-00-00-00-00-00-00-00-00-00-00-00-00-00-00-00-00-00-00-00-00-00-00-00-00-00-00-00-00-00-00-00-00-00-00-00-00-00-00-00-00-00-00-00-00-00-00-00-00-00-00-00-00-00-00-00-00-00-00-00-00-00-00-00-00-00-00-00-00-00-00-00-00-00-00-00-00-00-00-00-00-00-00-00-00-00-00-00-00-00-00-00-00-00-00-00-00-00-00-00-00-00-00-00-00-00-00-00-00-00-00-00-00-00-00-00-00-00-00-00-00-00-00-00-00-00-00-00-00-00-00-00-00-00-00-00-00-00-00-00-00-00-00-00-00-00-00-00-00-00-00-00-00-00-00-00-00-00-00-00-00-00-00-00-00-00-00-00-00-00-00-00-00-00-00-00-00-00-00-00-00-00-00-00-00-00-00-00-00-00-00-00-00-00-00-00-00-00-00-00-00-00-00-00-00-00-00-00-00-00-00-00-00-00-00-00-00-00-00-00-00-00-00-00
[14:50:58:094]HidD_SetOutputReport=True
[14:50:58:097][HID_TX_ack]06-5A-00-00-00-00-00-00
[14:50:58:097]50-41-06-01-0D-00-25-34-12-5A-5A-01-00-00-00-F0-00-00-00 [CMD_SENT][OTA_CMD_IOCTL][READ_MAX_LEN=240]
[14:50:58:122]HidD_GetFeature=True,rx_len=17
[14:50:58:122][HID_RX]06-50-49-01-C7-C3-54-37-00-07-00-06-81-00-F0-00-00-00-FF-FF-FF-FF-FF-FF-FF-FF-FF-FF-FF-FF-FF-FF-FF-FF-FF-FF-FF-FF-FF-FF-FF-FF-FF-FF-FF-FF-FF-FF-FF-FF-FF-FF-FF-FF-FF-FF-FF-FF-FF-FF-FF-FF-FF-11
[14:50:58:122][HID_RX_data]50-49-01-C7-C3-54-37-00-07-00-06-81-00-F0-00-00-00
[14:50:58:125]50-49-01-C7-C3-54-37-00-07-00-06-81-00-F0-00-00-00
[14:50:58:125]hasPulse=True
[14:50:58:125]rtk_RX_thread.waiting...
[14:50:58:652][HID_TX]06-04-03-06-00-50-41-0E-02-01-E0-00-00-00-00-00-00-00-00-00-00-00-00-00-00-00-00-00-00-00-00-00-00-00-00-00-00-00-00-00-00-00-00-00-00-00-00-00-00-00-00-00-00-00-00-00-00-00-00-00-00-00-00-00-00-00-00-00-00-00-00-00-00-00-00-00-00-00-00-00-00-00-00-00-00-00-00-00-00-00-00-00-00-00-00-00-00-00-00-00-00-00-00-00-00-00-00-00-00-00-00-00-00-00-00-00-00-00-00-00-00-00-00-00-00-00-00-00-00-00-00-00-00-00-00-00-00-00-00-00-00-00-00-00-00-00-00-00-00-00-00-00-00-00-00-00-00-00-00-00-00-00-00-00-00-00-00-00-00-00-00-00-00-00-00-00-00-00-00-00-00-00-00-00-00-00-00-00-00-00-00-00-00-00-00-00-00-00-00-00-00-00-00-00-00-00-00-00-00-00-00-00-00-00-00-00-00-00-00-00-00-00-00-00-00-00-00-00-00-00-00-00-00-00-00-00-00-00-00-00-00-00-00-00-00-00-00-00-00-00-00-00-00-00-00-00-00-00-00-00-00-00-00-00-00-00-00-00-00-00-00-00-00-00-00-00-00-00-00-00-00-00-00-00-00-00-00-00-00-00-00-00-00-00-00-00-00-00-00-00-00-00-00-00-00-00-00-00-00-00-00-00-00-00-00-00-00-00-00-00-00-00-00-00-00-00-00-00-00-00-00-00-00-00-00-00-00-00-00-00-00-00-00-00-00-00-00-00-00-00-00-00-00-00-00-00-00-00-00-00-00-00-00-00-00-00-00-00-00-00-00-00-00-00-00-00-00-00-00-00-00-00-00-00-00-00-00-00-00-00-00-00-00-00-00-00-00-00-00-00-00-00-00-00-00-00-00-00-00-00-00-00-00-00-00-00-00-00-00-00-00-00-00-00-00-00-00-00-00-00-00-00-00-00-00-00-00-00-00-00-00-00-00-00-00-00-00-00-00-00-00-00-00-00-00-00-00-00-00-00-00-00-00-00-00-00-00-00-00-00-00-00-00-00-00-00-00-00-00-00-00-00-00-00-00-00-00-00-00-00-00-00-00-00-00-00-00-00-00-00-00-00-00-00-00-00-00-00-00-00-00-00-00-00-00
[14:50:58:661]HidD_SetOutputReport=True
[14:50:58:665][HID_TX_ack]06-5A-00-00-00-00-00-00
[14:50:58:665]50-41-0E-02-01-E0 [CMD_SENT][REMOTE_GET_MODE]
[14:50:58:690]HidD_GetFeature=True,rx_len=13
[14:50:58:690][HID_RX]06-50-49-01-C0-E4-79-2E-00-03-00-0E-82-00-FF-FF-FF-FF-FF-FF-FF-FF-FF-FF-FF-FF-FF-FF-FF-FF-FF-FF-FF-FF-FF-FF-FF-FF-FF-FF-FF-FF-FF-FF-FF-FF-FF-FF-FF-FF-FF-FF-FF-FF-FF-FF-FF-FF-FF-FF-FF-FF-FF-0D
[14:50:58:690][HID_RX_data]50-49-01-C0-E4-79-2E-00-03-00-0E-82-00
[14:50:58:690]50-49-01-C0-E4-79-2E-00-03-00-0E-82-00
[14:50:58:690]hasPulse=False
[14:50:58:719]HidD_GetFeature=True,rx_len=12
[14:50:58:719][HID_RX]06-50-49-0E-C8-00-00-00-00-02-00-E0-01-FF-FF-FF-FF-FF-FF-FF-FF-FF-FF-FF-FF-FF-FF-FF-FF-FF-FF-FF-FF-FF-FF-FF-FF-FF-FF-FF-FF-FF-FF-FF-FF-FF-FF-FF-FF-FF-FF-FF-FF-FF-FF-FF-FF-FF-FF-FF-FF-FF-FF-0C
[14:50:58:719][HID_RX_data]50-49-0E-C8-00-00-00-00-02-00-E0-01
[14:50:58:719]50-49-0E-C8-00-00-00-00-02-00-E0-01-
[14:50:58:719]REMOTE_GET_MODE=01
[14:50:58:719]hasPulse=True
[14:50:58:719]rtk_RX_thread.waiting...
[14:50:58:719][HID_TX]06-04-03-07-00-50-41-0E-03-02-E1-00-00-00-00-00-00-00-00-00-00-00-00-00-00-00-00-00-00-00-00-00-00-00-00-00-00-00-00-00-00-00-00-00-00-00-00-00-00-00-00-00-00-00-00-00-00-00-00-00-00-00-00-00-00-00-00-00-00-00-00-00-00-00-00-00-00-00-00-00-00-00-00-00-00-00-00-00-00-00-00-00-00-00-00-00-00-00-00-00-00-00-00-00-00-00-00-00-00-00-00-00-00-00-00-00-00-00-00-00-00-00-00-00-00-00-00-00-00-00-00-00-00-00-00-00-00-00-00-00-00-00-00-00-00-00-00-00-00-00-00-00-00-00-00-00-00-00-00-00-00-00-00-00-00-00-00-00-00-00-00-00-00-00-00-00-00-00-00-00-00-00-00-00-00-00-00-00-00-00-00-00-00-00-00-00-00-00-00-00-00-00-00-00-00-00-00-00-00-00-00-00-00-00-00-00-00-00-00-00-00-00-00-00-00-00-00-00-00-00-00-00-00-00-00-00-00-00-00-00-00-00-00-00-00-00-00-00-00-00-00-00-00-00-00-00-00-00-00-00-00-00-00-00-00-00-00-00-00-00-00-00-00-00-00-00-00-00-00-00-00-00-00-00-00-00-00-00-00-00-00-00-00-00-00-00-00-00-00-00-00-00-00-00-00-00-00-00-00-00-00-00-00-00-00-00-00-00-00-00-00-00-00-00-00-00-00-00-00-00-00-00-00-00-00-00-00-00-00-00-00-00-00-00-00-00-00-00-00-00-00-00-00-00-00-00-00-00-00-00-00-00-00-00-00-00-00-00-00-00-00-00-00-00-00-00-00-00-00-00-00-00-00-00-00-00-00-00-00-00-00-00-00-00-00-00-00-00-00-00-00-00-00-00-00-00-00-00-00-00-00-00-00-00-00-00-00-00-00-00-00-00-00-00-00-00-00-00-00-00-00-00-00-00-00-00-00-00-00-00-00-00-00-00-00-00-00-00-00-00-00-00-00-00-00-00-00-00-00-00-00-00-00-00-00-00-00-00-00-00-00-00-00-00-00-00-00-00-00-00-00-00-00-00-00-00-00-00-00-00-00-00-00-00-00-00-00-00-00-00-00-00-00-00-00-00-00-00-00-00-00-00-00-00-00
[14:50:58:730]HidD_SetOutputReport=True
[14:50:58:734][HID_TX_ack]06-5A-00-00-00-00-00-00
[14:50:58:734]50-41-0E-03-02-E1-00 [CMD_SENT][REMOTE_SET_MODE] is_remote=False
[14:50:58:758]HidD_GetFeature=True,rx_len=13
[14:50:58:758][HID_RX]06-50-49-01-C0-1D-7A-2E-00-03-00-0E-83-00-FF-FF-FF-FF-FF-FF-FF-FF-FF-FF-FF-FF-FF-FF-FF-FF-FF-FF-FF-FF-FF-FF-FF-FF-FF-FF-FF-FF-FF-FF-FF-FF-FF-FF-FF-FF-FF-FF-FF-FF-FF-FF-FF-FF-FF-FF-FF-FF-FF-0D
[14:50:58:758][HID_RX_data]50-49-01-C0-1D-7A-2E-00-03-00-0E-83-00
[14:50:58:758]50-49-01-C0-1D-7A-2E-00-03-00-0E-83-00
[14:50:58:758]hasPulse=True
[14:50:58:758]rtk_RX_thread.waiting...
[14:50:58:759][HID_TX]06-04-03-13-00-50-41-06-04-0D-00-25-34-12-5A-5A-01-00-00-00-F0-00-00-00-00-00-00-00-00-00-00-00-00-00-00-00-00-00-00-00-00-00-00-00-00-00-00-00-00-00-00-00-00-00-00-00-00-00-00-00-00-00-00-00-00-00-00-00-00-00-00-00-00-00-00-00-00-00-00-00-00-00-00-00-00-00-00-00-00-00-00-00-00-00-00-00-00-00-00-00-00-00-00-00-00-00-00-00-00-00-00-00-00-00-00-00-00-00-00-00-00-00-00-00-00-00-00-00-00-00-00-00-00-00-00-00-00-00-00-00-00-00-00-00-00-00-00-00-00-00-00-00-00-00-00-00-00-00-00-00-00-00-00-00-00-00-00-00-00-00-00-00-00-00-00-00-00-00-00-00-00-00-00-00-00-00-00-00-00-00-00-00-00-00-00-00-00-00-00-00-00-00-00-00-00-00-00-00-00-00-00-00-00-00-00-00-00-00-00-00-00-00-00-00-00-00-00-00-00-00-00-00-00-00-00-00-00-00-00-00-00-00-00-00-00-00-00-00-00-00-00-00-00-00-00-00-00-00-00-00-00-00-00-00-00-00-00-00-00-00-00-00-00-00-00-00-00-00-00-00-00-00-00-00-00-00-00-00-00-00-00-00-00-00-00-00-00-00-00-00-00-00-00-00-00-00-00-00-00-00-00-00-00-00-00-00-00-00-00-00-00-00-00-00-00-00-00-00-00-00-00-00-00-00-00-00-00-00-00-00-00-00-00-00-00-00-00-00-00-00-00-00-00-00-00-00-00-00-00-00-00-00-00-00-00-00-00-00-00-00-00-00-00-00-00-00-00-00-00-00-00-00-00-00-00-00-00-00-00-00-00-00-00-00-00-00-00-00-00-00-00-00-00-00-00-00-00-00-00-00-00-00-00-00-00-00-00-00-00-00-00-00-00-00-00-00-00-00-00-00-00-00-00-00-00-00-00-00-00-00-00-00-00-00-00-00-00-00-00-00-00-00-00-00-00-00-00-00-00-00-00-00-00-00-00-00-00-00-00-00-00-00-00-00-00-00-00-00-00-00-00-00-00-00-00-00-00-00-00-00-00-00-00-00-00-00-00-00-00-00-00-00-00-00-00-00-00-00-00-00-00-00-00-00-00
[14:50:58:769]HidD_SetOutputReport=True
[14:50:58:773][HID_TX_ack]06-5A-00-00-00-00-00-00
[14:50:58:773]50-41-06-04-0D-00-25-34-12-5A-5A-01-00-00-00-F0-00-00-00 [CMD_SENT][OTA_CMD_IOCTL][READ_MAX_LEN=240]
[14:50:58:798]HidD_GetFeature=True,rx_len=17
[14:50:58:798][HID_RX]06-50-49-01-C0-3D-7A-2E-00-07-00-06-84-00-F0-00-00-00-FF-FF-FF-FF-FF-FF-FF-FF-FF-FF-FF-FF-FF-FF-FF-FF-FF-FF-FF-FF-FF-FF-FF-FF-FF-FF-FF-FF-FF-FF-FF-FF-FF-FF-FF-FF-FF-FF-FF-FF-FF-FF-FF-FF-FF-11
[14:50:58:798][HID_RX_data]50-49-01-C0-3D-7A-2E-00-07-00-06-84-00-F0-00-00-00
[14:50:58:798]50-49-01-C0-3D-7A-2E-00-07-00-06-84-00-F0-00-00-00
[14:50:58:798]hasPulse=True
[14:50:58:798]rtk_RX_thread.waiting...
[14:50:58:798][HID_TX]06-04-03-06-00-50-41-0E-05-01-E0-00-00-00-00-00-00-00-00-00-00-00-00-00-00-00-00-00-00-00-00-00-00-00-00-00-00-00-00-00-00-00-00-00-00-00-00-00-00-00-00-00-00-00-00-00-00-00-00-00-00-00-00-00-00-00-00-00-00-00-00-00-00-00-00-00-00-00-00-00-00-00-00-00-00-00-00-00-00-00-00-00-00-00-00-00-00-00-00-00-00-00-00-00-00-00-00-00-00-00-00-00-00-00-00-00-00-00-00-00-00-00-00-00-00-00-00-00-00-00-00-00-00-00-00-00-00-00-00-00-00-00-00-00-00-00-00-00-00-00-00-00-00-00-00-00-00-00-00-00-00-00-00-00-00-00-00-00-00-00-00-00-00-00-00-00-00-00-00-00-00-00-00-00-00-00-00-00-00-00-00-00-00-00-00-00-00-00-00-00-00-00-00-00-00-00-00-00-00-00-00-00-00-00-00-00-00-00-00-00-00-00-00-00-00-00-00-00-00-00-00-00-00-00-00-00-00-00-00-00-00-00-00-00-00-00-00-00-00-00-00-00-00-00-00-00-00-00-00-00-00-00-00-00-00-00-00-00-00-00-00-00-00-00-00-00-00-00-00-00-00-00-00-00-00-00-00-00-00-00-00-00-00-00-00-00-00-00-00-00-00-00-00-00-00-00-00-00-00-00-00-00-00-00-00-00-00-00-00-00-00-00-00-00-00-00-00-00-00-00-00-00-00-00-00-00-00-00-00-00-00-00-00-00-00-00-00-00-00-00-00-00-00-00-00-00-00-00-00-00-00-00-00-00-00-00-00-00-00-00-00-00-00-00-00-00-00-00-00-00-00-00-00-00-00-00-00-00-00-00-00-00-00-00-00-00-00-00-00-00-00-00-00-00-00-00-00-00-00-00-00-00-00-00-00-00-00-00-00-00-00-00-00-00-00-00-00-00-00-00-00-00-00-00-00-00-00-00-00-00-00-00-00-00-00-00-00-00-00-00-00-00-00-00-00-00-00-00-00-00-00-00-00-00-00-00-00-00-00-00-00-00-00-00-00-00-00-00-00-00-00-00-00-00-00-00-00-00-00-00-00-00-00-00-00-00-00-00-00-00-00-00-00-00-00-00-00-00-00-00-00-00-00-00-00
[14:50:58:809]HidD_SetOutputReport=True
[14:50:58:813][HID_TX_ack]06-5A-00-00-00-00-00-00
[14:50:58:813]50-41-0E-05-01-E0 [CMD_SENT][REMOTE_GET_MODE]
[14:50:58:838]HidD_GetFeature=True,rx_len=13
[14:50:58:838][HID_RX]06-50-49-01-C0-5C-7A-2E-00-03-00-0E-85-00-FF-FF-FF-FF-FF-FF-FF-FF-FF-FF-FF-FF-FF-FF-FF-FF-FF-FF-FF-FF-FF-FF-FF-FF-FF-FF-FF-FF-FF-FF-FF-FF-FF-FF-FF-FF-FF-FF-FF-FF-FF-FF-FF-FF-FF-FF-FF-FF-FF-0D
[14:50:58:838][HID_RX_data]50-49-01-C0-5C-7A-2E-00-03-00-0E-85-00
[14:50:58:838]50-49-01-C0-5C-7A-2E-00-03-00-0E-85-00
[14:50:58:838]hasPulse=False
[14:50:58:867]HidD_GetFeature=True,rx_len=12
[14:50:58:867][HID_RX]06-50-49-0E-C9-00-00-00-00-02-00-E0-00-FF-FF-FF-FF-FF-FF-FF-FF-FF-FF-FF-FF-FF-FF-FF-FF-FF-FF-FF-FF-FF-FF-FF-FF-FF-FF-FF-FF-FF-FF-FF-FF-FF-FF-FF-FF-FF-FF-FF-FF-FF-FF-FF-FF-FF-FF-FF-FF-FF-FF-0C
[14:50:58:867][HID_RX_data]50-49-0E-C9-00-00-00-00-02-00-E0-00
[14:50:58:867]50-49-0E-C9-00-00-00-00-02-00-E0-00-
[14:50:58:867]hasPulse=True
[14:50:58:867]rtk_RX_thread.waiting...
[14:50:58:867]REMOTE_GET_MODE=00
[14:50:58:867]send_OTA_CMD_GET_IMAGE_VERSION=MC
[14:50:58:868][HID_TX]06-04-03-0A-00-50-41-06-06-04-00-34-01-4D-43-00-00-00-00-00-00-00-00-00-00-00-00-00-00-00-00-00-00-00-00-00-00-00-00-00-00-00-00-00-00-00-00-00-00-00-00-00-00-00-00-00-00-00-00-00-00-00-00-00-00-00-00-00-00-00-00-00-00-00-00-00-00-00-00-00-00-00-00-00-00-00-00-00-00-00-00-00-00-00-00-00-00-00-00-00-00-00-00-00-00-00-00-00-00-00-00-00-00-00-00-00-00-00-00-00-00-00-00-00-00-00-00-00-00-00-00-00-00-00-00-00-00-00-00-00-00-00-00-00-00-00-00-00-00-00-00-00-00-00-00-00-00-00-00-00-00-00-00-00-00-00-00-00-00-00-00-00-00-00-00-00-00-00-00-00-00-00-00-00-00-00-00-00-00-00-00-00-00-00-00-00-00-00-00-00-00-00-00-00-00-00-00-00-00-00-00-00-00-00-00-00-00-00-00-00-00-00-00-00-00-00-00-00-00-00-00-00-00-00-00-00-00-00-00-00-00-00-00-00-00-00-00-00-00-00-00-00-00-00-00-00-00-00-00-00-00-00-00-00-00-00-00-00-00-00-00-00-00-00-00-00-00-00-00-00-00-00-00-00-00-00-00-00-00-00-00-00-00-00-00-00-00-00-00-00-00-00-00-00-00-00-00-00-00-00-00-00-00-00-00-00-00-00-00-00-00-00-00-00-00-00-00-00-00-00-00-00-00-00-00-00-00-00-00-00-00-00-00-00-00-00-00-00-00-00-00-00-00-00-00-00-00-00-00-00-00-00-00-00-00-00-00-00-00-00-00-00-00-00-00-00-00-00-00-00-00-00-00-00-00-00-00-00-00-00-00-00-00-00-00-00-00-00-00-00-00-00-00-00-00-00-00-00-00-00-00-00-00-00-00-00-00-00-00-00-00-00-00-00-00-00-00-00-00-00-00-00-00-00-00-00-00-00-00-00-00-00-00-00-00-00-00-00-00-00-00-00-00-00-00-00-00-00-00-00-00-00-00-00-00-00-00-00-00-00-00-00-00-00-00-00-00-00-00-00-00-00-00-00-00-00-00-00-00-00-00-00-00-00-00-00-00-00-00-00-00-00-00-00-00-00-00-00-00-00-00-00-00-00-00
[14:50:58:881]HidD_SetOutputReport=True
[14:50:58:886][HID_TX_ack]06-5A-00-00-00-00-00-00
[14:50:58:886]50-41-06-06-04-00-34-01-4D-43 [CMD_SENT][OTA_CMD_GET_IMAGE_VERSION]
[14:50:58:910]HidD_GetFeature=True,rx_len=17
[14:50:58:910][HID_RX]06-50-49-01-C0-94-7A-2E-00-07-00-06-86-00-03-00-01-0C-FF-FF-FF-FF-FF-FF-FF-FF-FF-FF-FF-FF-FF-FF-FF-FF-FF-FF-FF-FF-FF-FF-FF-FF-FF-FF-FF-FF-FF-FF-FF-FF-FF-FF-FF-FF-FF-FF-FF-FF-FF-FF-FF-FF-FF-11
[14:50:58:910][HID_RX_data]50-49-01-C0-94-7A-2E-00-07-00-06-86-00-03-00-01-0C
[14:50:58:910]50-49-01-C0-94-7A-2E-00-07-00-06-86-00-03-00-01-0C
[14:50:58:910]hasPulse=True
[14:50:58:910]rtk_RX_thread.waiting...
[14:51:00:938]pooling_start
[14:51:00:962]pooling_HidD_GetFeature=True,rx_len=0
[14:51:00:962][HID_TX]06-04-03-06-00-50-41-0E-07-01-E0-00-00-00-00-00-00-00-00-00-00-00-00-00-00-00-00-00-00-00-00-00-00-00-00-00-00-00-00-00-00-00-00-00-00-00-00-00-00-00-00-00-00-00-00-00-00-00-00-00-00-00-00-00-00-00-00-00-00-00-00-00-00-00-00-00-00-00-00-00-00-00-00-00-00-00-00-00-00-00-00-00-00-00-00-00-00-00-00-00-00-00-00-00-00-00-00-00-00-00-00-00-00-00-00-00-00-00-00-00-00-00-00-00-00-00-00-00-00-00-00-00-00-00-00-00-00-00-00-00-00-00-00-00-00-00-00-00-00-00-00-00-00-00-00-00-00-00-00-00-00-00-00-00-00-00-00-00-00-00-00-00-00-00-00-00-00-00-00-00-00-00-00-00-00-00-00-00-00-00-00-00-00-00-00-00-00-00-00-00-00-00-00-00-00-00-00-00-00-00-00-00-00-00-00-00-00-00-00-00-00-00-00-00-00-00-00-00-00-00-00-00-00-00-00-00-00-00-00-00-00-00-00-00-00-00-00-00-00-00-00-00-00-00-00-00-00-00-00-00-00-00-00-00-00-00-00-00-00-00-00-00-00-00-00-00-00-00-00-00-00-00-00-00-00-00-00-00-00-00-00-00-00-00-00-00-00-00-00-00-00-00-00-00-00-00-00-00-00-00-00-00-00-00-00-00-00-00-00-00-00-00-00-00-00-00-00-00-00-00-00-00-00-00-00-00-00-00-00-00-00-00-00-00-00-00-00-00-00-00-00-00-00-00-00-00-00-00-00-00-00-00-00-00-00-00-00-00-00-00-00-00-00-00-00-00-00-00-00-00-00-00-00-00-00-00-00-00-00-00-00-00-00-00-00-00-00-00-00-00-00-00-00-00-00-00-00-00-00-00-00-00-00-00-00-00-00-00-00-00-00-00-00-00-00-00-00-00-00-00-00-00-00-00-00-00-00-00-00-00-00-00-00-00-00-00-00-00-00-00-00-00-00-00-00-00-00-00-00-00-00-00-00-00-00-00-00-00-00-00-00-00-00-00-00-00-00-00-00-00-00-00-00-00-00-00-00-00-00-00-00-00-00-00-00-00-00-00-00-00-00-00-00-00-00-00-00-00-00-00-00-00-00-00-00
[14:51:00:973]HidD_SetOutputReport=True
[14:51:00:977][HID_TX_ack]06-5A-00-00-00-00-00-00
[14:51:00:977]50-41-0E-07-01-E0 [CMD_SENT][REMOTE_GET_MODE]
[14:51:01:002]HidD_GetFeature=True,rx_len=13
[14:51:01:002][HID_RX]06-50-49-01-C0-20-81-2E-00-03-00-0E-87-00-FF-FF-FF-FF-FF-FF-FF-FF-FF-FF-FF-FF-FF-FF-FF-FF-FF-FF-FF-FF-FF-FF-FF-FF-FF-FF-FF-FF-FF-FF-FF-FF-FF-FF-FF-FF-FF-FF-FF-FF-FF-FF-FF-FF-FF-FF-FF-FF-FF-0D
[14:51:01:002][HID_RX_data]50-49-01-C0-20-81-2E-00-03-00-0E-87-00
[14:51:01:002]50-49-01-C0-20-81-2E-00-03-00-0E-87-00
[14:51:01:002]hasPulse=False
[14:51:01:031]HidD_GetFeature=True,rx_len=12
[14:51:01:031][HID_RX]06-50-49-0E-CA-00-00-00-00-02-00-E0-00-FF-FF-FF-FF-FF-FF-FF-FF-FF-FF-FF-FF-FF-FF-FF-FF-FF-FF-FF-FF-FF-FF-FF-FF-FF-FF-FF-FF-FF-FF-FF-FF-FF-FF-FF-FF-FF-FF-FF-FF-FF-FF-FF-FF-FF-FF-FF-FF-FF-FF-0C
[14:51:01:031][HID_RX_data]50-49-0E-CA-00-00-00-00-02-00-E0-00
[14:51:01:031]50-49-0E-CA-00-00-00-00-02-00-E0-00-
[14:51:01:031]REMOTE_GET_MODE=00
[14:51:01:031]hasPulse=True
[14:51:01:031]rtk_RX_thread.waiting...
[14:51:01:032][HID_TX]06-04-03-08-00-50-41-06-08-02-00-43-01-00-00-00-00-00-00-00-00-00-00-00-00-00-00-00-00-00-00-00-00-00-00-00-00-00-00-00-00-00-00-00-00-00-00-00-00-00-00-00-00-00-00-00-00-00-00-00-00-00-00-00-00-00-00-00-00-00-00-00-00-00-00-00-00-00-00-00-00-00-00-00-00-00-00-00-00-00-00-00-00-00-00-00-00-00-00-00-00-00-00-00-00-00-00-00-00-00-00-00-00-00-00-00-00-00-00-00-00-00-00-00-00-00-00-00-00-00-00-00-00-00-00-00-00-00-00-00-00-00-00-00-00-00-00-00-00-00-00-00-00-00-00-00-00-00-00-00-00-00-00-00-00-00-00-00-00-00-00-00-00-00-00-00-00-00-00-00-00-00-00-00-00-00-00-00-00-00-00-00-00-00-00-00-00-00-00-00-00-00-00-00-00-00-00-00-00-00-00-00-00-00-00-00-00-00-00-00-00-00-00-00-00-00-00-00-00-00-00-00-00-00-00-00-00-00-00-00-00-00-00-00-00-00-00-00-00-00-00-00-00-00-00-00-00-00-00-00-00-00-00-00-00-00-00-00-00-00-00-00-00-00-00-00-00-00-00-00-00-00-00-00-00-00-00-00-00-00-00-00-00-00-00-00-00-00-00-00-00-00-00-00-00-00-00-00-00-00-00-00-00-00-00-00-00-00-00-00-00-00-00-00-00-00-00-00-00-00-00-00-00-00-00-00-00-00-00-00-00-00-00-00-00-00-00-00-00-00-00-00-00-00-00-00-00-00-00-00-00-00-00-00-00-00-00-00-00-00-00-00-00-00-00-00-00-00-00-00-00-00-00-00-00-00-00-00-00-00-00-00-00-00-00-00-00-00-00-00-00-00-00-00-00-00-00-00-00-00-00-00-00-00-00-00-00-00-00-00-00-00-00-00-00-00-00-00-00-00-00-00-00-00-00-00-00-00-00-00-00-00-00-00-00-00-00-00-00-00-00-00-00-00-00-00-00-00-00-00-00-00-00-00-00-00-00-00-00-00-00-00-00-00-00-00-00-00-00-00-00-00-00-00-00-00-00-00-00-00-00-00-00-00-00-00-00-00-00-00-00-00-00-00-00-00-00-00-00-00-00-00-00-00-00
[14:51:01:046]HidD_SetOutputReport=True
[14:51:01:049][HID_TX_ack]06-5A-00-00-00-00-00-00
[14:51:01:049]50-41-06-08-02-00-43-01 [CMD_SENT][CMD_READ_MP_DATA_BY_ID]
[14:51:01:073]HidD_GetFeature=True,rx_len=19
[14:51:01:073][HID_RX]06-50-49-01-C0-57-81-2E-00-09-00-06-88-00-CF-BE-77-99-58-40-FF-FF-FF-FF-FF-FF-FF-FF-FF-FF-FF-FF-FF-FF-FF-FF-FF-FF-FF-FF-FF-FF-FF-FF-FF-FF-FF-FF-FF-FF-FF-FF-FF-FF-FF-FF-FF-FF-FF-FF-FF-FF-FF-13
[14:51:01:073][HID_RX_data]50-49-01-C0-57-81-2E-00-09-00-06-88-00-CF-BE-77-99-58-40
[14:51:01:073]50-49-01-C0-57-81-2E-00-09-00-06-88-00-CF-BE-77-99-58-40
[14:51:01:073]hasPulse=True
[14:51:01:073]rtk_RX_thread.waiting...
[14:51:01:091][HID_TX]06-04-03-06-00-50-41-0E-09-01-E3-00-00-00-00-00-00-00-00-00-00-00-00-00-00-00-00-00-00-00-00-00-00-00-00-00-00-00-00-00-00-00-00-00-00-00-00-00-00-00-00-00-00-00-00-00-00-00-00-00-00-00-00-00-00-00-00-00-00-00-00-00-00-00-00-00-00-00-00-00-00-00-00-00-00-00-00-00-00-00-00-00-00-00-00-00-00-00-00-00-00-00-00-00-00-00-00-00-00-00-00-00-00-00-00-00-00-00-00-00-00-00-00-00-00-00-00-00-00-00-00-00-00-00-00-00-00-00-00-00-00-00-00-00-00-00-00-00-00-00-00-00-00-00-00-00-00-00-00-00-00-00-00-00-00-00-00-00-00-00-00-00-00-00-00-00-00-00-00-00-00-00-00-00-00-00-00-00-00-00-00-00-00-00-00-00-00-00-00-00-00-00-00-00-00-00-00-00-00-00-00-00-00-00-00-00-00-00-00-00-00-00-00-00-00-00-00-00-00-00-00-00-00-00-00-00-00-00-00-00-00-00-00-00-00-00-00-00-00-00-00-00-00-00-00-00-00-00-00-00-00-00-00-00-00-00-00-00-00-00-00-00-00-00-00-00-00-00-00-00-00-00-00-00-00-00-00-00-00-00-00-00-00-00-00-00-00-00-00-00-00-00-00-00-00-00-00-00-00-00-00-00-00-00-00-00-00-00-00-00-00-00-00-00-00-00-00-00-00-00-00-00-00-00-00-00-00-00-00-00-00-00-00-00-00-00-00-00-00-00-00-00-00-00-00-00-00-00-00-00-00-00-00-00-00-00-00-00-00-00-00-00-00-00-00-00-00-00-00-00-00-00-00-00-00-00-00-00-00-00-00-00-00-00-00-00-00-00-00-00-00-00-00-00-00-00-00-00-00-00-00-00-00-00-00-00-00-00-00-00-00-00-00-00-00-00-00-00-00-00-00-00-00-00-00-00-00-00-00-00-00-00-00-00-00-00-00-00-00-00-00-00-00-00-00-00-00-00-00-00-00-00-00-00-00-00-00-00-00-00-00-00-00-00-00-00-00-00-00-00-00-00-00-00-00-00-00-00-00-00-00-00-00-00-00-00-00-00-00-00-00-00-00-00-00-00-00-00-00-00-00-00-00-00-00
[14:51:01:097]HidD_SetOutputReport=True
[14:51:01:101][HID_TX_ack]06-5A-00-00-00-00-00-00
[14:51:01:101]50-41-0E-09-01-E3 [CMD_SENT][REMOTE_GET_CONNECT_STATUS]
[14:51:01:126]HidD_GetFeature=True,rx_len=13
[14:51:01:126][HID_RX]06-50-49-01-C0-84-81-2E-00-03-00-0E-89-00-FF-FF-FF-FF-FF-FF-FF-FF-FF-FF-FF-FF-FF-FF-FF-FF-FF-FF-FF-FF-FF-FF-FF-FF-FF-FF-FF-FF-FF-FF-FF-FF-FF-FF-FF-FF-FF-FF-FF-FF-FF-FF-FF-FF-FF-FF-FF-FF-FF-0D
[14:51:01:126][HID_RX_data]50-49-01-C0-84-81-2E-00-03-00-0E-89-00
[14:51:01:126]50-49-01-C0-84-81-2E-00-03-00-0E-89-00
[14:51:01:126]hasPulse=False
[14:51:01:155]HidD_GetFeature=True,rx_len=12
[14:51:01:155][HID_RX]06-50-49-0E-CB-00-00-00-00-02-00-E3-01-FF-FF-FF-FF-FF-FF-FF-FF-FF-FF-FF-FF-FF-FF-FF-FF-FF-FF-FF-FF-FF-FF-FF-FF-FF-FF-FF-FF-FF-FF-FF-FF-FF-FF-FF-FF-FF-FF-FF-FF-FF-FF-FF-FF-FF-FF-FF-FF-FF-FF-0C
[14:51:01:155][HID_RX_data]50-49-0E-CB-00-00-00-00-02-00-E3-01
[14:51:01:155]50-49-0E-CB-00-00-00-00-02-00-E3-01-
[14:51:01:155]hasPulse=True
[14:51:01:155]rtk_RX_thread.waiting...
[14:51:01:155]REMOTE_GET_CONNECT_STATUS=01
[14:51:01:155][HID_TX]06-04-03-07-00-50-41-0E-0A-02-E1-01-00-00-00-00-00-00-00-00-00-00-00-00-00-00-00-00-00-00-00-00-00-00-00-00-00-00-00-00-00-00-00-00-00-00-00-00-00-00-00-00-00-00-00-00-00-00-00-00-00-00-00-00-00-00-00-00-00-00-00-00-00-00-00-00-00-00-00-00-00-00-00-00-00-00-00-00-00-00-00-00-00-00-00-00-00-00-00-00-00-00-00-00-00-00-00-00-00-00-00-00-00-00-00-00-00-00-00-00-00-00-00-00-00-00-00-00-00-00-00-00-00-00-00-00-00-00-00-00-00-00-00-00-00-00-00-00-00-00-00-00-00-00-00-00-00-00-00-00-00-00-00-00-00-00-00-00-00-00-00-00-00-00-00-00-00-00-00-00-00-00-00-00-00-00-00-00-00-00-00-00-00-00-00-00-00-00-00-00-00-00-00-00-00-00-00-00-00-00-00-00-00-00-00-00-00-00-00-00-00-00-00-00-00-00-00-00-00-00-00-00-00-00-00-00-00-00-00-00-00-00-00-00-00-00-00-00-00-00-00-00-00-00-00-00-00-00-00-00-00-00-00-00-00-00-00-00-00-00-00-00-00-00-00-00-00-00-00-00-00-00-00-00-00-00-00-00-00-00-00-00-00-00-00-00-00-00-00-00-00-00-00-00-00-00-00-00-00-00-00-00-00-00-00-00-00-00-00-00-00-00-00-00-00-00-00-00-00-00-00-00-00-00-00-00-00-00-00-00-00-00-00-00-00-00-00-00-00-00-00-00-00-00-00-00-00-00-00-00-00-00-00-00-00-00-00-00-00-00-00-00-00-00-00-00-00-00-00-00-00-00-00-00-00-00-00-00-00-00-00-00-00-00-00-00-00-00-00-00-00-00-00-00-00-00-00-00-00-00-00-00-00-00-00-00-00-00-00-00-00-00-00-00-00-00-00-00-00-00-00-00-00-00-00-00-00-00-00-00-00-00-00-00-00-00-00-00-00-00-00-00-00-00-00-00-00-00-00-00-00-00-00-00-00-00-00-00-00-00-00-00-00-00-00-00-00-00-00-00-00-00-00-00-00-00-00-00-00-00-00-00-00-00-00-00-00-00-00-00-00-00-00-00-00-00-00-00-00-00-00-00-00-00-00
[14:51:01:165]HidD_SetOutputReport=True
[14:51:01:169][HID_TX_ack]06-5A-00-00-00-00-00-00
[14:51:01:169]50-41-0E-0A-02-E1-01 [CMD_SENT][REMOTE_SET_MODE] is_remote=True
[14:51:01:194]HidD_GetFeature=True,rx_len=13
[14:51:01:194][HID_RX]06-50-49-01-C0-BA-81-2E-00-03-00-0E-8A-00-FF-FF-FF-FF-FF-FF-FF-FF-FF-FF-FF-FF-FF-FF-FF-FF-FF-FF-FF-FF-FF-FF-FF-FF-FF-FF-FF-FF-FF-FF-FF-FF-FF-FF-FF-FF-FF-FF-FF-FF-FF-FF-FF-FF-FF-FF-FF-FF-FF-0D
[14:51:01:194][HID_RX_data]50-49-01-C0-BA-81-2E-00-03-00-0E-8A-00
[14:51:01:194]50-49-01-C0-BA-81-2E-00-03-00-0E-8A-00
[14:51:01:194]hasPulse=True
[14:51:01:194]rtk_RX_thread.waiting...
[14:51:01:194][HID_TX]06-04-03-13-00-50-41-06-0B-0D-00-25-34-12-5A-5A-01-00-00-00-F0-00-00-00-00-00-00-00-00-00-00-00-00-00-00-00-00-00-00-00-00-00-00-00-00-00-00-00-00-00-00-00-00-00-00-00-00-00-00-00-00-00-00-00-00-00-00-00-00-00-00-00-00-00-00-00-00-00-00-00-00-00-00-00-00-00-00-00-00-00-00-00-00-00-00-00-00-00-00-00-00-00-00-00-00-00-00-00-00-00-00-00-00-00-00-00-00-00-00-00-00-00-00-00-00-00-00-00-00-00-00-00-00-00-00-00-00-00-00-00-00-00-00-00-00-00-00-00-00-00-00-00-00-00-00-00-00-00-00-00-00-00-00-00-00-00-00-00-00-00-00-00-00-00-00-00-00-00-00-00-00-00-00-00-00-00-00-00-00-00-00-00-00-00-00-00-00-00-00-00-00-00-00-00-00-00-00-00-00-00-00-00-00-00-00-00-00-00-00-00-00-00-00-00-00-00-00-00-00-00-00-00-00-00-00-00-00-00-00-00-00-00-00-00-00-00-00-00-00-00-00-00-00-00-00-00-00-00-00-00-00-00-00-00-00-00-00-00-00-00-00-00-00-00-00-00-00-00-00-00-00-00-00-00-00-00-00-00-00-00-00-00-00-00-00-00-00-00-00-00-00-00-00-00-00-00-00-00-00-00-00-00-00-00-00-00-00-00-00-00-00-00-00-00-00-00-00-00-00-00-00-00-00-00-00-00-00-00-00-00-00-00-00-00-00-00-00-00-00-00-00-00-00-00-00-00-00-00-00-00-00-00-00-00-00-00-00-00-00-00-00-00-00-00-00-00-00-00-00-00-00-00-00-00-00-00-00-00-00-00-00-00-00-00-00-00-00-00-00-00-00-00-00-00-00-00-00-00-00-00-00-00-00-00-00-00-00-00-00-00-00-00-00-00-00-00-00-00-00-00-00-00-00-00-00-00-00-00-00-00-00-00-00-00-00-00-00-00-00-00-00-00-00-00-00-00-00-00-00-00-00-00-00-00-00-00-00-00-00-00-00-00-00-00-00-00-00-00-00-00-00-00-00-00-00-00-00-00-00-00-00-00-00-00-00-00-00-00-00-00-00-00-00-00-00-00-00-00-00-00-00-00-00-00-00
[14:51:01:206]HidD_SetOutputReport=True
[14:51:01:209][HID_TX_ack]06-5A-00-00-00-00-00-00
[14:51:01:209]50-41-06-0B-0D-00-25-34-12-5A-5A-01-00-00-00-F0-00-00-00 [CMD_SENT][OTA_CMD_IOCTL][READ_MAX_LEN=240]
[14:51:01:233]HidD_GetFeature=True,rx_len=17
[14:51:01:233][HID_RX]06-50-49-01-CC-7D-5E-37-00-07-00-06-8B-00-F0-00-00-00-FF-FF-FF-FF-FF-FF-FF-FF-FF-FF-FF-FF-FF-FF-FF-FF-FF-FF-FF-FF-FF-FF-FF-FF-FF-FF-FF-FF-FF-FF-FF-FF-FF-FF-FF-FF-FF-FF-FF-FF-FF-FF-FF-FF-FF-11
[14:51:01:233][HID_RX_data]50-49-01-CC-7D-5E-37-00-07-00-06-8B-00-F0-00-00-00
[14:51:01:234]50-49-01-CC-7D-5E-37-00-07-00-06-8B-00-F0-00-00-00
[14:51:01:234]hasPulse=True
[14:51:01:234]rtk_RX_thread.waiting...
[14:51:01:252][HID_TX]06-04-03-06-00-50-41-0E-0C-01-E0-00-00-00-00-00-00-00-00-00-00-00-00-00-00-00-00-00-00-00-00-00-00-00-00-00-00-00-00-00-00-00-00-00-00-00-00-00-00-00-00-00-00-00-00-00-00-00-00-00-00-00-00-00-00-00-00-00-00-00-00-00-00-00-00-00-00-00-00-00-00-00-00-00-00-00-00-00-00-00-00-00-00-00-00-00-00-00-00-00-00-00-00-00-00-00-00-00-00-00-00-00-00-00-00-00-00-00-00-00-00-00-00-00-00-00-00-00-00-00-00-00-00-00-00-00-00-00-00-00-00-00-00-00-00-00-00-00-00-00-00-00-00-00-00-00-00-00-00-00-00-00-00-00-00-00-00-00-00-00-00-00-00-00-00-00-00-00-00-00-00-00-00-00-00-00-00-00-00-00-00-00-00-00-00-00-00-00-00-00-00-00-00-00-00-00-00-00-00-00-00-00-00-00-00-00-00-00-00-00-00-00-00-00-00-00-00-00-00-00-00-00-00-00-00-00-00-00-00-00-00-00-00-00-00-00-00-00-00-00-00-00-00-00-00-00-00-00-00-00-00-00-00-00-00-00-00-00-00-00-00-00-00-00-00-00-00-00-00-00-00-00-00-00-00-00-00-00-00-00-00-00-00-00-00-00-00-00-00-00-00-00-00-00-00-00-00-00-00-00-00-00-00-00-00-00-00-00-00-00-00-00-00-00-00-00-00-00-00-00-00-00-00-00-00-00-00-00-00-00-00-00-00-00-00-00-00-00-00-00-00-00-00-00-00-00-00-00-00-00-00-00-00-00-00-00-00-00-00-00-00-00-00-00-00-00-00-00-00-00-00-00-00-00-00-00-00-00-00-00-00-00-00-00-00-00-00-00-00-00-00-00-00-00-00-00-00-00-00-00-00-00-00-00-00-00-00-00-00-00-00-00-00-00-00-00-00-00-00-00-00-00-00-00-00-00-00-00-00-00-00-00-00-00-00-00-00-00-00-00-00-00-00-00-00-00-00-00-00-00-00-00-00-00-00-00-00-00-00-00-00-00-00-00-00-00-00-00-00-00-00-00-00-00-00-00-00-00-00-00-00-00-00-00-00-00-00-00-00-00-00-00-00-00-00-00-00-00-00-00-00-00-00-00-00
[14:51:01:261]HidD_SetOutputReport=True
[14:51:01:265][HID_TX_ack]06-5A-00-00-00-00-00-00
[14:51:01:266]50-41-0E-0C-01-E0 [CMD_SENT][REMOTE_GET_MODE]
[14:51:01:290]HidD_GetFeature=True,rx_len=13
[14:51:01:290][HID_RX]06-50-49-01-C0-05-82-2E-00-03-00-0E-8C-00-FF-FF-FF-FF-FF-FF-FF-FF-FF-FF-FF-FF-FF-FF-FF-FF-FF-FF-FF-FF-FF-FF-FF-FF-FF-FF-FF-FF-FF-FF-FF-FF-FF-FF-FF-FF-FF-FF-FF-FF-FF-FF-FF-FF-FF-FF-FF-FF-FF-0D
[14:51:01:290][HID_RX_data]50-49-01-C0-05-82-2E-00-03-00-0E-8C-00
[14:51:01:290]50-49-01-C0-05-82-2E-00-03-00-0E-8C-00
[14:51:01:290]hasPulse=False
[14:51:01:319]HidD_GetFeature=True,rx_len=12
[14:51:01:319][HID_RX]06-50-49-0E-CD-00-00-00-00-02-00-E0-01-FF-FF-FF-FF-FF-FF-FF-FF-FF-FF-FF-FF-FF-FF-FF-FF-FF-FF-FF-FF-FF-FF-FF-FF-FF-FF-FF-FF-FF-FF-FF-FF-FF-FF-FF-FF-FF-FF-FF-FF-FF-FF-FF-FF-FF-FF-FF-FF-FF-FF-0C
[14:51:01:319][HID_RX_data]50-49-0E-CD-00-00-00-00-02-00-E0-01
[14:51:01:319]50-49-0E-CD-00-00-00-00-02-00-E0-01-
[14:51:01:319]hasPulse=True
[14:51:01:319]rtk_RX_thread.waiting...
[14:51:01:319]REMOTE_GET_MODE=01
[14:51:01:319]send_OTA_CMD_GET_IMAGE_VERSION=MC
[14:51:01:319][HID_TX]06-04-03-0A-00-50-41-06-0D-04-00-34-01-4D-43-00-00-00-00-00-00-00-00-00-00-00-00-00-00-00-00-00-00-00-00-00-00-00-00-00-00-00-00-00-00-00-00-00-00-00-00-00-00-00-00-00-00-00-00-00-00-00-00-00-00-00-00-00-00-00-00-00-00-00-00-00-00-00-00-00-00-00-00-00-00-00-00-00-00-00-00-00-00-00-00-00-00-00-00-00-00-00-00-00-00-00-00-00-00-00-00-00-00-00-00-00-00-00-00-00-00-00-00-00-00-00-00-00-00-00-00-00-00-00-00-00-00-00-00-00-00-00-00-00-00-00-00-00-00-00-00-00-00-00-00-00-00-00-00-00-00-00-00-00-00-00-00-00-00-00-00-00-00-00-00-00-00-00-00-00-00-00-00-00-00-00-00-00-00-00-00-00-00-00-00-00-00-00-00-00-00-00-00-00-00-00-00-00-00-00-00-00-00-00-00-00-00-00-00-00-00-00-00-00-00-00-00-00-00-00-00-00-00-00-00-00-00-00-00-00-00-00-00-00-00-00-00-00-00-00-00-00-00-00-00-00-00-00-00-00-00-00-00-00-00-00-00-00-00-00-00-00-00-00-00-00-00-00-00-00-00-00-00-00-00-00-00-00-00-00-00-00-00-00-00-00-00-00-00-00-00-00-00-00-00-00-00-00-00-00-00-00-00-00-00-00-00-00-00-00-00-00-00-00-00-00-00-00-00-00-00-00-00-00-00-00-00-00-00-00-00-00-00-00-00-00-00-00-00-00-00-00-00-00-00-00-00-00-00-00-00-00-00-00-00-00-00-00-00-00-00-00-00-00-00-00-00-00-00-00-00-00-00-00-00-00-00-00-00-00-00-00-00-00-00-00-00-00-00-00-00-00-00-00-00-00-00-00-00-00-00-00-00-00-00-00-00-00-00-00-00-00-00-00-00-00-00-00-00-00-00-00-00-00-00-00-00-00-00-00-00-00-00-00-00-00-00-00-00-00-00-00-00-00-00-00-00-00-00-00-00-00-00-00-00-00-00-00-00-00-00-00-00-00-00-00-00-00-00-00-00-00-00-00-00-00-00-00-00-00-00-00-00-00-00-00-00-00-00-00-00-00-00-00-00-00-00-00-00-00-00-00-00-00-00
[14:51:01:329]HidD_SetOutputReport=True
[14:51:01:333][HID_TX_ack]06-5A-00-00-00-00-00-00
[14:51:01:334]50-41-06-0D-04-00-34-01-4D-43 [CMD_SENT][OTA_CMD_GET_IMAGE_VERSION]
[14:51:01:386]HidD_GetFeature=True,rx_len=17
[14:51:01:386][HID_RX]06-50-49-01-CE-E6-5E-37-00-07-00-06-8D-00-03-00-01-0C-FF-FF-FF-FF-FF-FF-FF-FF-FF-FF-FF-FF-FF-FF-FF-FF-FF-FF-FF-FF-FF-FF-FF-FF-FF-FF-FF-FF-FF-FF-FF-FF-FF-FF-FF-FF-FF-FF-FF-FF-FF-FF-FF-FF-FF-11
[14:51:01:386][HID_RX_data]50-49-01-CE-E6-5E-37-00-07-00-06-8D-00-03-00-01-0C
[14:51:01:386]50-49-01-CE-E6-5E-37-00-07-00-06-8D-00-03-00-01-0C
[14:51:01:386]hasPulse=True
[14:51:01:386]rtk_RX_thread.waiting...
[14:51:01:407][HID_TX]06-04-03-06-00-50-41-0E-0E-01-E0-00-00-00-00-00-00-00-00-00-00-00-00-00-00-00-00-00-00-00-00-00-00-00-00-00-00-00-00-00-00-00-00-00-00-00-00-00-00-00-00-00-00-00-00-00-00-00-00-00-00-00-00-00-00-00-00-00-00-00-00-00-00-00-00-00-00-00-00-00-00-00-00-00-00-00-00-00-00-00-00-00-00-00-00-00-00-00-00-00-00-00-00-00-00-00-00-00-00-00-00-00-00-00-00-00-00-00-00-00-00-00-00-00-00-00-00-00-00-00-00-00-00-00-00-00-00-00-00-00-00-00-00-00-00-00-00-00-00-00-00-00-00-00-00-00-00-00-00-00-00-00-00-00-00-00-00-00-00-00-00-00-00-00-00-00-00-00-00-00-00-00-00-00-00-00-00-00-00-00-00-00-00-00-00-00-00-00-00-00-00-00-00-00-00-00-00-00-00-00-00-00-00-00-00-00-00-00-00-00-00-00-00-00-00-00-00-00-00-00-00-00-00-00-00-00-00-00-00-00-00-00-00-00-00-00-00-00-00-00-00-00-00-00-00-00-00-00-00-00-00-00-00-00-00-00-00-00-00-00-00-00-00-00-00-00-00-00-00-00-00-00-00-00-00-00-00-00-00-00-00-00-00-00-00-00-00-00-00-00-00-00-00-00-00-00-00-00-00-00-00-00-00-00-00-00-00-00-00-00-00-00-00-00-00-00-00-00-00-00-00-00-00-00-00-00-00-00-00-00-00-00-00-00-00-00-00-00-00-00-00-00-00-00-00-00-00-00-00-00-00-00-00-00-00-00-00-00-00-00-00-00-00-00-00-00-00-00-00-00-00-00-00-00-00-00-00-00-00-00-00-00-00-00-00-00-00-00-00-00-00-00-00-00-00-00-00-00-00-00-00-00-00-00-00-00-00-00-00-00-00-00-00-00-00-00-00-00-00-00-00-00-00-00-00-00-00-00-00-00-00-00-00-00-00-00-00-00-00-00-00-00-00-00-00-00-00-00-00-00-00-00-00-00-00-00-00-00-00-00-00-00-00-00-00-00-00-00-00-00-00-00-00-00-00-00-00-00-00-00-00-00-00-00-00-00-00-00-00-00-00-00-00-00-00-00-00-00-00-00-00-00-00-00-00
[14:51:01:413]HidD_SetOutputReport=True
[14:51:01:417][HID_TX_ack]06-5A-00-00-00-00-00-00
[14:51:01:417]50-41-0E-0E-01-E0 [CMD_SENT][REMOTE_GET_MODE]
[14:51:01:442]HidD_GetFeature=True,rx_len=13
[14:51:01:442][HID_RX]06-50-49-01-C0-80-82-2E-00-03-00-0E-8E-00-FF-FF-FF-FF-FF-FF-FF-FF-FF-FF-FF-FF-FF-FF-FF-FF-FF-FF-FF-FF-FF-FF-FF-FF-FF-FF-FF-FF-FF-FF-FF-FF-FF-FF-FF-FF-FF-FF-FF-FF-FF-FF-FF-FF-FF-FF-FF-FF-FF-0D
[14:51:01:442][HID_RX_data]50-49-01-C0-80-82-2E-00-03-00-0E-8E-00
[14:51:01:442]50-49-01-C0-80-82-2E-00-03-00-0E-8E-00
[14:51:01:442]hasPulse=False
[14:51:01:471]HidD_GetFeature=True,rx_len=12
[14:51:01:471][HID_RX]06-50-49-0E-CF-00-00-00-00-02-00-E0-01-FF-FF-FF-FF-FF-FF-FF-FF-FF-FF-FF-FF-FF-FF-FF-FF-FF-FF-FF-FF-FF-FF-FF-FF-FF-FF-FF-FF-FF-FF-FF-FF-FF-FF-FF-FF-FF-FF-FF-FF-FF-FF-FF-FF-FF-FF-FF-FF-FF-FF-0C
[14:51:01:471][HID_RX_data]50-49-0E-CF-00-00-00-00-02-00-E0-01
[14:51:01:471]50-49-0E-CF-00-00-00-00-02-00-E0-01-
[14:51:01:471]hasPulse=True
[14:51:01:471]rtk_RX_thread.waiting...
[14:51:01:471]REMOTE_GET_MODE=01
[14:51:01:471][HID_TX]06-04-03-08-00-50-41-06-0F-02-00-61-01-00-00-00-00-00-00-00-00-00-00-00-00-00-00-00-00-00-00-00-00-00-00-00-00-00-00-00-00-00-00-00-00-00-00-00-00-00-00-00-00-00-00-00-00-00-00-00-00-00-00-00-00-00-00-00-00-00-00-00-00-00-00-00-00-00-00-00-00-00-00-00-00-00-00-00-00-00-00-00-00-00-00-00-00-00-00-00-00-00-00-00-00-00-00-00-00-00-00-00-00-00-00-00-00-00-00-00-00-00-00-00-00-00-00-00-00-00-00-00-00-00-00-00-00-00-00-00-00-00-00-00-00-00-00-00-00-00-00-00-00-00-00-00-00-00-00-00-00-00-00-00-00-00-00-00-00-00-00-00-00-00-00-00-00-00-00-00-00-00-00-00-00-00-00-00-00-00-00-00-00-00-00-00-00-00-00-00-00-00-00-00-00-00-00-00-00-00-00-00-00-00-00-00-00-00-00-00-00-00-00-00-00-00-00-00-00-00-00-00-00-00-00-00-00-00-00-00-00-00-00-00-00-00-00-00-00-00-00-00-00-00-00-00-00-00-00-00-00-00-00-00-00-00-00-00-00-00-00-00-00-00-00-00-00-00-00-00-00-00-00-00-00-00-00-00-00-00-00-00-00-00-00-00-00-00-00-00-00-00-00-00-00-00-00-00-00-00-00-00-00-00-00-00-00-00-00-00-00-00-00-00-00-00-00-00-00-00-00-00-00-00-00-00-00-00-00-00-00-00-00-00-00-00-00-00-00-00-00-00-00-00-00-00-00-00-00-00-00-00-00-00-00-00-00-00-00-00-00-00-00-00-00-00-00-00-00-00-00-00-00-00-00-00-00-00-00-00-00-00-00-00-00-00-00-00-00-00-00-00-00-00-00-00-00-00-00-00-00-00-00-00-00-00-00-00-00-00-00-00-00-00-00-00-00-00-00-00-00-00-00-00-00-00-00-00-00-00-00-00-00-00-00-00-00-00-00-00-00-00-00-00-00-00-00-00-00-00-00-00-00-00-00-00-00-00-00-00-00-00-00-00-00-00-00-00-00-00-00-00-00-00-00-00-00-00-00-00-00-00-00-00-00-00-00-00-00-00-00-00-00-00-00-00-00-00-00-00-00-00-00-00-00
[14:51:01:481]HidD_SetOutputReport=True
[14:51:01:486][HID_TX_ack]06-5A-00-00-00-00-00-00
[14:51:01:486]50-41-06-0F-02-00-61-01 [CMD_SENT][CMD_TEST_MODE]
[14:51:01:510]HidD_GetFeature=True,rx_len=13
[14:51:01:510][HID_RX]06-50-49-01-D0-5B-5F-37-00-03-00-06-8F-00-FF-FF-FF-FF-FF-FF-FF-FF-FF-FF-FF-FF-FF-FF-FF-FF-FF-FF-FF-FF-FF-FF-FF-FF-FF-FF-FF-FF-FF-FF-FF-FF-FF-FF-FF-FF-FF-FF-FF-FF-FF-FF-FF-FF-FF-FF-FF-FF-FF-0D
[14:51:01:510][HID_RX_data]50-49-01-D0-5B-5F-37-00-03-00-06-8F-00
[14:51:01:510]50-49-01-D0-5B-5F-37-00-03-00-06-8F-00
[14:51:01:510]hasPulse=True
[14:51:01:510]rtk_RX_thread.waiting...
[14:51:05:454]pooling_start
[14:51:05:478]pooling_HidD_GetFeature=True,rx_len=0
[14:51:05:478][HID_TX]06-04-03-06-00-50-41-0E-10-01-E0-00-00-00-00-00-00-00-00-00-00-00-00-00-00-00-00-00-00-00-00-00-00-00-00-00-00-00-00-00-00-00-00-00-00-00-00-00-00-00-00-00-00-00-00-00-00-00-00-00-00-00-00-00-00-00-00-00-00-00-00-00-00-00-00-00-00-00-00-00-00-00-00-00-00-00-00-00-00-00-00-00-00-00-00-00-00-00-00-00-00-00-00-00-00-00-00-00-00-00-00-00-00-00-00-00-00-00-00-00-00-00-00-00-00-00-00-00-00-00-00-00-00-00-00-00-00-00-00-00-00-00-00-00-00-00-00-00-00-00-00-00-00-00-00-00-00-00-00-00-00-00-00-00-00-00-00-00-00-00-00-00-00-00-00-00-00-00-00-00-00-00-00-00-00-00-00-00-00-00-00-00-00-00-00-00-00-00-00-00-00-00-00-00-00-00-00-00-00-00-00-00-00-00-00-00-00-00-00-00-00-00-00-00-00-00-00-00-00-00-00-00-00-00-00-00-00-00-00-00-00-00-00-00-00-00-00-00-00-00-00-00-00-00-00-00-00-00-00-00-00-00-00-00-00-00-00-00-00-00-00-00-00-00-00-00-00-00-00-00-00-00-00-00-00-00-00-00-00-00-00-00-00-00-00-00-00-00-00-00-00-00-00-00-00-00-00-00-00-00-00-00-00-00-00-00-00-00-00-00-00-00-00-00-00-00-00-00-00-00-00-00-00-00-00-00-00-00-00-00-00-00-00-00-00-00-00-00-00-00-00-00-00-00-00-00-00-00-00-00-00-00-00-00-00-00-00-00-00-00-00-00-00-00-00-00-00-00-00-00-00-00-00-00-00-00-00-00-00-00-00-00-00-00-00-00-00-00-00-00-00-00-00-00-00-00-00-00-00-00-00-00-00-00-00-00-00-00-00-00-00-00-00-00-00-00-00-00-00-00-00-00-00-00-00-00-00-00-00-00-00-00-00-00-00-00-00-00-00-00-00-00-00-00-00-00-00-00-00-00-00-00-00-00-00-00-00-00-00-00-00-00-00-00-00-00-00-00-00-00-00-00-00-00-00-00-00-00-00-00-00-00-00-00-00-00-00-00-00-00-00-00-00-00-00-00-00-00-00-00-00-00-00-00-00
[14:51:05:490]HidD_SetOutputReport=True
[14:51:05:493][HID_TX_ack]06-5A-00-00-00-00-00-00
[14:51:05:493]50-41-0E-10-01-E0 [CMD_SENT][REMOTE_GET_MODE]
[14:51:05:518]HidD_GetFeature=True,rx_len=13
[14:51:05:518][HID_RX]06-50-49-01-C0-3D-8F-2E-00-03-00-0E-90-00-FF-FF-FF-FF-FF-FF-FF-FF-FF-FF-FF-FF-FF-FF-FF-FF-FF-FF-FF-FF-FF-FF-FF-FF-FF-FF-FF-FF-FF-FF-FF-FF-FF-FF-FF-FF-FF-FF-FF-FF-FF-FF-FF-FF-FF-FF-FF-FF-FF-0D
[14:51:05:518][HID_RX_data]50-49-01-C0-3D-8F-2E-00-03-00-0E-90-00
[14:51:05:518]50-49-01-C0-3D-8F-2E-00-03-00-0E-90-00
[14:51:05:518]hasPulse=False
[14:51:05:546]HidD_GetFeature=True,rx_len=12
[14:51:05:546][HID_RX]06-50-49-0E-D1-00-00-00-00-02-00-E0-01-FF-FF-FF-FF-FF-FF-FF-FF-FF-FF-FF-FF-FF-FF-FF-FF-FF-FF-FF-FF-FF-FF-FF-FF-FF-FF-FF-FF-FF-FF-FF-FF-FF-FF-FF-FF-FF-FF-FF-FF-FF-FF-FF-FF-FF-FF-FF-FF-FF-FF-0C
[14:51:05:546][HID_RX_data]50-49-0E-D1-00-00-00-00-02-00-E0-01
[14:51:05:546]50-49-0E-D1-00-00-00-00-02-00-E0-01-
[14:51:05:546]hasPulse=True
[14:51:05:546]rtk_RX_thread.waiting...
[14:51:05:546]REMOTE_GET_MODE=01
[14:51:05:547][HID_TX]06-04-03-08-00-50-41-06-11-02-00-62-E2-00-00-00-00-00-00-00-00-00-00-00-00-00-00-00-00-00-00-00-00-00-00-00-00-00-00-00-00-00-00-00-00-00-00-00-00-00-00-00-00-00-00-00-00-00-00-00-00-00-00-00-00-00-00-00-00-00-00-00-00-00-00-00-00-00-00-00-00-00-00-00-00-00-00-00-00-00-00-00-00-00-00-00-00-00-00-00-00-00-00-00-00-00-00-00-00-00-00-00-00-00-00-00-00-00-00-00-00-00-00-00-00-00-00-00-00-00-00-00-00-00-00-00-00-00-00-00-00-00-00-00-00-00-00-00-00-00-00-00-00-00-00-00-00-00-00-00-00-00-00-00-00-00-00-00-00-00-00-00-00-00-00-00-00-00-00-00-00-00-00-00-00-00-00-00-00-00-00-00-00-00-00-00-00-00-00-00-00-00-00-00-00-00-00-00-00-00-00-00-00-00-00-00-00-00-00-00-00-00-00-00-00-00-00-00-00-00-00-00-00-00-00-00-00-00-00-00-00-00-00-00-00-00-00-00-00-00-00-00-00-00-00-00-00-00-00-00-00-00-00-00-00-00-00-00-00-00-00-00-00-00-00-00-00-00-00-00-00-00-00-00-00-00-00-00-00-00-00-00-00-00-00-00-00-00-00-00-00-00-00-00-00-00-00-00-00-00-00-00-00-00-00-00-00-00-00-00-00-00-00-00-00-00-00-00-00-00-00-00-00-00-00-00-00-00-00-00-00-00-00-00-00-00-00-00-00-00-00-00-00-00-00-00-00-00-00-00-00-00-00-00-00-00-00-00-00-00-00-00-00-00-00-00-00-00-00-00-00-00-00-00-00-00-00-00-00-00-00-00-00-00-00-00-00-00-00-00-00-00-00-00-00-00-00-00-00-00-00-00-00-00-00-00-00-00-00-00-00-00-00-00-00-00-00-00-00-00-00-00-00-00-00-00-00-00-00-00-00-00-00-00-00-00-00-00-00-00-00-00-00-00-00-00-00-00-00-00-00-00-00-00-00-00-00-00-00-00-00-00-00-00-00-00-00-00-00-00-00-00-00-00-00-00-00-00-00-00-00-00-00-00-00-00-00-00-00-00-00-00-00-00-00-00-00-00-00-00-00-00-00-00-00
[14:51:05:558]HidD_SetOutputReport=True
[14:51:05:561][HID_TX_ack]06-5A-00-00-00-00-00-00
[14:51:05:561]50-41-06-11-02-00-62-E2 [CMD_SENT][CMD_SET_LED]
[14:51:05:586]HidD_GetFeature=True,rx_len=13
[14:51:05:586][HID_RX]06-50-49-01-D2-17-6C-37-00-03-00-06-91-00-FF-FF-FF-FF-FF-FF-FF-FF-FF-FF-FF-FF-FF-FF-FF-FF-FF-FF-FF-FF-FF-FF-FF-FF-FF-FF-FF-FF-FF-FF-FF-FF-FF-FF-FF-FF-FF-FF-FF-FF-FF-FF-FF-FF-FF-FF-FF-FF-FF-0D
[14:51:05:586][HID_RX_data]50-49-01-D2-17-6C-37-00-03-00-06-91-00
[14:51:05:586]50-49-01-D2-17-6C-37-00-03-00-06-91-00
[14:51:05:586]hasPulse=True
[14:51:05:586]rtk_RX_thread.waiting...
[14:51:23:850]pooling_start
[14:51:24:504]pooling_HidD_GetFeature=True,rx_len=0
[14:51:24:504][HID_TX]06-04-03-07-00-50-41-0E-12-02-E1-00-00-00-00-00-00-00-00-00-00-00-00-00-00-00-00-00-00-00-00-00-00-00-00-00-00-00-00-00-00-00-00-00-00-00-00-00-00-00-00-00-00-00-00-00-00-00-00-00-00-00-00-00-00-00-00-00-00-00-00-00-00-00-00-00-00-00-00-00-00-00-00-00-00-00-00-00-00-00-00-00-00-00-00-00-00-00-00-00-00-00-00-00-00-00-00-00-00-00-00-00-00-00-00-00-00-00-00-00-00-00-00-00-00-00-00-00-00-00-00-00-00-00-00-00-00-00-00-00-00-00-00-00-00-00-00-00-00-00-00-00-00-00-00-00-00-00-00-00-00-00-00-00-00-00-00-00-00-00-00-00-00-00-00-00-00-00-00-00-00-00-00-00-00-00-00-00-00-00-00-00-00-00-00-00-00-00-00-00-00-00-00-00-00-00-00-00-00-00-00-00-00-00-00-00-00-00-00-00-00-00-00-00-00-00-00-00-00-00-00-00-00-00-00-00-00-00-00-00-00-00-00-00-00-00-00-00-00-00-00-00-00-00-00-00-00-00-00-00-00-00-00-00-00-00-00-00-00-00-00-00-00-00-00-00-00-00-00-00-00-00-00-00-00-00-00-00-00-00-00-00-00-00-00-00-00-00-00-00-00-00-00-00-00-00-00-00-00-00-00-00-00-00-00-00-00-00-00-00-00-00-00-00-00-00-00-00-00-00-00-00-00-00-00-00-00-00-00-00-00-00-00-00-00-00-00-00-00-00-00-00-00-00-00-00-00-00-00-00-00-00-00-00-00-00-00-00-00-00-00-00-00-00-00-00-00-00-00-00-00-00-00-00-00-00-00-00-00-00-00-00-00-00-00-00-00-00-00-00-00-00-00-00-00-00-00-00-00-00-00-00-00-00-00-00-00-00-00-00-00-00-00-00-00-00-00-00-00-00-00-00-00-00-00-00-00-00-00-00-00-00-00-00-00-00-00-00-00-00-00-00-00-00-00-00-00-00-00-00-00-00-00-00-00-00-00-00-00-00-00-00-00-00-00-00-00-00-00-00-00-00-00-00-00-00-00-00-00-00-00-00-00-00-00-00-00-00-00-00-00-00-00-00-00-00-00-00-00-00-00-00-00-00-00
[14:51:24:517]HidD_SetOutputReport=True
[14:51:24:522][HID_TX_ack]06-5A-00-00-00-00-00-00
[14:51:24:522]50-41-0E-12-02-E1-00 [CMD_SENT][REMOTE_SET_MODE] is_remote=False
[14:51:24:546]HidD_GetFeature=True,rx_len=13
[14:51:24:546][HID_RX]06-50-49-01-C0-B1-CA-2E-00-03-00-0E-92-00-FF-FF-FF-FF-FF-FF-FF-FF-FF-FF-FF-FF-FF-FF-FF-FF-FF-FF-FF-FF-FF-FF-FF-FF-FF-FF-FF-FF-FF-FF-FF-FF-FF-FF-FF-FF-FF-FF-FF-FF-FF-FF-FF-FF-FF-FF-FF-FF-FF-0D
[14:51:24:546][HID_RX_data]50-49-01-C0-B1-CA-2E-00-03-00-0E-92-00
[14:51:24:546]50-49-01-C0-B1-CA-2E-00-03-00-0E-92-00
[14:51:24:546]hasPulse=True
[14:51:24:546]rtk_RX_thread.waiting...
[14:51:24:546]report__len=515
[14:51:24:546]report_data=06-08-03-00-00-00-00-00-00-00-00-00-00-00-00-00-00-00-00-00-00-00-00-00-00-00-00-00-00-00-00-00-00-00-00-00-00-00-00-00-00-00-00-00-00-00-00-00-00-00-00-00-00-00-00-00-00-00-00-00-00-00-00-00-00-00-00-00-00-00-00-00-00-00-00-00-00-00-00-00-00-00-00-00-00-00-00-00-00-00-00-00-00-00-00-00-00-00-00-00-00-00-00-00-00-00-00-00-00-00-00-00-00-00-00-00-00-00-00-00-00-00-00-00-00-00-00-00-00-00-00-00-00-00-00-00-00-00-00-00-00-00-00-00-00-00-00-00-00-00-00-00-00-00-00-00-00-00-00-00-00-00-00-00-00-00-00-00-00-00-00-00-00-00-00-00-00-00-00-00-00-00-00-00-00-00-00-00-00-00-00-00-00-00-00-00-00-00-00-00-00-00-00-00-00-00-00-00-00-00-00-00-00-00-00-00-00-00-00-00-00-00-00-00-00-00-00-00-00-00-00-00-00-00-00-00-00-00-00-00-00-00-00-00-00-00-00-00-00-00-00-00-00-00-00-00-00-00-00-00-00-00-00-00-00-00-00-00-00-00-00-00-00-00-00-00-00-00-00-00-00-00-00-00-00-00-00-00-00-00-00-00-00-00-00-00-00-00-00-00-00-00-00-00-00-00-00-00-00-00-00-00-00-00-00-00-00-00-00-00-00-00-00-00-00-00-00-00-00-00-00-00-00-00-00-00-00-00-00-00-00-00-00-00-00-00-00-00-00-00-00-00-00-00-00-00-00-00-00-00-00-00-00-00-00-00-00-00-00-00-00-00-00-00-00-00-00-00-00-00-00-00-00-00-00-00-00-00-00-00-00-00-00-00-00-00-00-00-00-00-00-00-00-00-00-00-00-00-00-00-00-00-00-00-00-00-00-00-00-00-00-00-00-00-00-00-00-00-00-00-00-00-00-00-00-00-00-00-00-00-00-00-00-00-00-00-00-00-00-00-00-00-00-00-00-00-00-00-00-00-00-00-00-00-00-00-00-00-00-00-00-00-00-00-00-00-00-00-00-00-00-00-00-00-00-00-00-00-00-00-00-00-00-00-00-00-00-00-00-00-00-00-00-00-00-00-00-00-00-00-00-00-00-00-00
[14:51:24:557]HidD_SetOutputReport_Exit_bootloader=True
[14:51:24:564][HID_TX_ack]06-5A-00-00-00-00-00-00
[14:51:24:564]close_hid_stream
[14:51:24:564]rtk_RX_thread_end
[14:51:24:564]CloseHandleX
[14:51:24:564]close_hid_handle
