[15:54:05:223]connect_auto_select
[15:54:05:223]\\?\hid#dell0a23&col03#5&184b7e16&0&0002#{4d1e55b2-f16f-11cf-88cb-001111000030}
[15:54:05:223]\\?\hid#dell0a23&col04#5&184b7e16&0&0003#{4d1e55b2-f16f-11cf-88cb-001111000030}
[15:54:05:223]\\?\hid#intc816#3&36043c54&0&0000#{4d1e55b2-f16f-11cf-88cb-001111000030}
[15:54:05:223]\\?\hid#converteddevice&col02#5&2204aa2d&0&0001#{4d1e55b2-f16f-11cf-88cb-001111000030}
[15:54:05:223]\\?\hid#converteddevice&col03#5&2204aa2d&0&0002#{4d1e55b2-f16f-11cf-88cb-001111000030}
[15:54:05:223]\\?\hid#converteddevice&col01#5&2204aa2d&0&0000#{4d1e55b2-f16f-11cf-88cb-001111000030}\kbd
[15:54:05:231]\\?\hid#dell0a23&col01#5&184b7e16&0&0000#{4d1e55b2-f16f-11cf-88cb-001111000030}
[15:54:05:231]\\?\hid#dell0a23&col02#5&184b7e16&0&0001#{4d1e55b2-f16f-11cf-88cb-001111000030}
[15:54:05:231]\\?\hid#vid_046d&pid_c077#6&21f6894a&0&0000#{4d1e55b2-f16f-11cf-88cb-001111000030}
[15:54:05:231]\\?\hid#vid_046d&pid_0acb&mi_03&col01#7&ef8c95&0&0000#{4d1e55b2-f16f-11cf-88cb-001111000030}
[15:54:05:231]\\?\hid#vid_046d&pid_0acb&mi_03&col02#7&ef8c95&0&0001#{4d1e55b2-f16f-11cf-88cb-001111000030}
[15:54:05:231]\\?\hid#vid_046d&pid_0acb&mi_03&col03#7&ef8c95&0&0002#{4d1e55b2-f16f-11cf-88cb-001111000030}
[15:54:05:231]\\?\hid#vid_046d&pid_0acb&mi_03&col04#7&ef8c95&0&0003#{4d1e55b2-f16f-11cf-88cb-001111000030}
[15:54:05:231]id=VID=046D,PID=C077
[15:54:05:231]	getCaps=null
[15:54:05:231]CloseHandleX
[15:54:05:231]id=VID=046D,PID=0ACB
[15:54:05:231]	getCaps=null
[15:54:05:231]CloseHandleX
[15:54:05:231]id=VID=046D,PID=0ACB
[15:54:05:231]	caps.InputReportByteLength=5
[15:54:05:231]	caps.OutputReportByteLength=0
[15:54:05:231]	attributes.VendorID=0x46D
[15:54:05:231]	attributes.ProductID=0xACB
[15:54:05:231]	SerialNumberString=202105190004
[15:54:05:231]	ManufacturerString=Logitech G series
[15:54:05:231]	ProductString=G435 Wireless Gaming Headset
[15:54:05:231]CloseHandleX
[15:54:05:231]id=VID=046D,PID=0ACB
[15:54:05:231]	caps.InputReportByteLength=8
[15:54:05:231]	caps.OutputReportByteLength=515
[15:54:05:231]	attributes.VendorID=0x46D
[15:54:05:231]	attributes.ProductID=0xACB
[15:54:05:231]	SerialNumberString=202105190004
[15:54:05:239]	ManufacturerString=Logitech G series
[15:54:05:239]	ProductString=G435 Wireless Gaming Headset
[15:54:05:239]CloseHandleX
[15:54:05:239]id=VID=046D,PID=0ACB
[15:54:05:239]	caps.InputReportByteLength=21
[15:54:05:239]	caps.OutputReportByteLength=3
[15:54:05:239]	attributes.VendorID=0x46D
[15:54:05:239]	attributes.ProductID=0xACB
[15:54:05:239]	SerialNumberString=202105190004
[15:54:05:239]	ManufacturerString=Logitech G series
[15:54:05:239]	ProductString=G435 Wireless Gaming Headset
[15:54:05:239]CloseHandleX
[15:54:05:239]try_path=\\?\hid#vid_046d&pid_0acb&mi_03&col03#7&ef8c95&0&0002#{4d1e55b2-f16f-11cf-88cb-001111000030}
[15:54:05:239]CreateFile_ing=\\?\hid#vid_046d&pid_0acb&mi_03&col03#7&ef8c95&0&0002#{4d1e55b2-f16f-11cf-88cb-001111000030}
[15:54:05:239]CreateFile_ok=2720
[15:54:05:239]HidD_GetPreparsedData_ok=True
[15:54:05:239]HidP_GetCaps_ok=1114112
[15:54:05:239]	InputReportByteLength=8
[15:54:05:239]	OutputReportByteLength=515
[15:54:05:239]create_FileStream_ok
[15:54:05:247]rtk_RX_thread_start
[15:54:05:247]rtk_RX_thread.waiting...
[15:54:05:247]report__len=515
[15:54:05:247]report_data=06-01-03-00-00-00-00-00-00-00-00-00-00-00-00-00-00-00-00-00-00-00-00-00-00-00-00-00-00-00-00-00-00-00-00-00-00-00-00-00-00-00-00-00-00-00-00-00-00-00-00-00-00-00-00-00-00-00-00-00-00-00-00-00-00-00-00-00-00-00-00-00-00-00-00-00-00-00-00-00-00-00-00-00-00-00-00-00-00-00-00-00-00-00-00-00-00-00-00-00-00-00-00-00-00-00-00-00-00-00-00-00-00-00-00-00-00-00-00-00-00-00-00-00-00-00-00-00-00-00-00-00-00-00-00-00-00-00-00-00-00-00-00-00-00-00-00-00-00-00-00-00-00-00-00-00-00-00-00-00-00-00-00-00-00-00-00-00-00-00-00-00-00-00-00-00-00-00-00-00-00-00-00-00-00-00-00-00-00-00-00-00-00-00-00-00-00-00-00-00-00-00-00-00-00-00-00-00-00-00-00-00-00-00-00-00-00-00-00-00-00-00-00-00-00-00-00-00-00-00-00-00-00-00-00-00-00-00-00-00-00-00-00-00-00-00-00-00-00-00-00-00-00-00-00-00-00-00-00-00-00-00-00-00-00-00-00-00-00-00-00-00-00-00-00-00-00-00-00-00-00-00-00-00-00-00-00-00-00-00-00-00-00-00-00-00-00-00-00-00-00-00-00-00-00-00-00-00-00-00-00-00-00-00-00-00-00-00-00-00-00-00-00-00-00-00-00-00-00-00-00-00-00-00-00-00-00-00-00-00-00-00-00-00-00-00-00-00-00-00-00-00-00-00-00-00-00-00-00-00-00-00-00-00-00-00-00-00-00-00-00-00-00-00-00-00-00-00-00-00-00-00-00-00-00-00-00-00-00-00-00-00-00-00-00-00-00-00-00-00-00-00-00-00-00-00-00-00-00-00-00-00-00-00-00-00-00-00-00-00-00-00-00-00-00-00-00-00-00-00-00-00-00-00-00-00-00-00-00-00-00-00-00-00-00-00-00-00-00-00-00-00-00-00-00-00-00-00-00-00-00-00-00-00-00-00-00-00-00-00-00-00-00-00-00-00-00-00-00-00-00-00-00-00-00-00-00-00-00-00-00-00-00-00-00-00-00-00-00-00-00-00-00-00-00-00-00-00-00-00-00-00-00-00-00
[15:54:05:255]HidD_SetOutputReport_Enter_bootloader=True
[15:54:05:255][HID_TX_ack]06-FE-00-00-00-00-00-00
[15:54:05:255][Enter_bootloader response fail : ][System.Exception]
[15:54:05:263]   at TwsTester.Visitors.ClassExceptionVisitor.ListBridge(Boolean isfirst)
   at TwsTester.Visitors.ClassExceptionVisitor.CalculateBridge(String ident)
[15:54:05:263]path_connected=\\?\hid#vid_046d&pid_0acb&mi_03&col03#7&ef8c95&0&0002#{4d1e55b2-f16f-11cf-88cb-001111000030}
[15:54:05:263]pooling_start
[15:54:05:288]pooling_HidD_GetFeature=True,rx_len=0
[15:54:05:288][HID_TX]06-04-03-13-00-50-41-06-01-0D-00-25-34-12-5A-5A-01-00-00-00-F0-00-00-00-00-00-00-00-00-00-00-00-00-00-00-00-00-00-00-00-00-00-00-00-00-00-00-00-00-00-00-00-00-00-00-00-00-00-00-00-00-00-00-00-00-00-00-00-00-00-00-00-00-00-00-00-00-00-00-00-00-00-00-00-00-00-00-00-00-00-00-00-00-00-00-00-00-00-00-00-00-00-00-00-00-00-00-00-00-00-00-00-00-00-00-00-00-00-00-00-00-00-00-00-00-00-00-00-00-00-00-00-00-00-00-00-00-00-00-00-00-00-00-00-00-00-00-00-00-00-00-00-00-00-00-00-00-00-00-00-00-00-00-00-00-00-00-00-00-00-00-00-00-00-00-00-00-00-00-00-00-00-00-00-00-00-00-00-00-00-00-00-00-00-00-00-00-00-00-00-00-00-00-00-00-00-00-00-00-00-00-00-00-00-00-00-00-00-00-00-00-00-00-00-00-00-00-00-00-00-00-00-00-00-00-00-00-00-00-00-00-00-00-00-00-00-00-00-00-00-00-00-00-00-00-00-00-00-00-00-00-00-00-00-00-00-00-00-00-00-00-00-00-00-00-00-00-00-00-00-00-00-00-00-00-00-00-00-00-00-00-00-00-00-00-00-00-00-00-00-00-00-00-00-00-00-00-00-00-00-00-00-00-00-00-00-00-00-00-00-00-00-00-00-00-00-00-00-00-00-00-00-00-00-00-00-00-00-00-00-00-00-00-00-00-00-00-00-00-00-00-00-00-00-00-00-00-00-00-00-00-00-00-00-00-00-00-00-00-00-00-00-00-00-00-00-00-00-00-00-00-00-00-00-00-00-00-00-00-00-00-00-00-00-00-00-00-00-00-00-00-00-00-00-00-00-00-00-00-00-00-00-00-00-00-00-00-00-00-00-00-00-00-00-00-00-00-00-00-00-00-00-00-00-00-00-00-00-00-00-00-00-00-00-00-00-00-00-00-00-00-00-00-00-00-00-00-00-00-00-00-00-00-00-00-00-00-00-00-00-00-00-00-00-00-00-00-00-00-00-00-00-00-00-00-00-00-00-00-00-00-00-00-00-00-00-00-00-00-00-00-00-00-00-00-00-00-00-00-00-00-00-00-00-00
[15:54:05:304]HidD_SetOutputReport=True
[15:54:05:304][HID_TX_ack]06-5A-00-00-00-00-00-00
[15:54:05:304]50-41-06-01-0D-00-25-34-12-5A-5A-01-00-00-00-F0-00-00-00 [CMD_SENT][OTA_CMD_IOCTL][READ_MAX_LEN=240]
[15:54:05:328]HidD_GetFeature=True,rx_len=17
[15:54:05:328][HID_RX]06-50-49-01-DC-B3-8F-65-00-07-00-06-81-00-F0-00-00-00-FF-FF-FF-FF-FF-FF-FF-FF-FF-FF-FF-FF-FF-FF-FF-FF-FF-FF-FF-FF-FF-FF-FF-FF-FF-FF-FF-FF-FF-FF-FF-FF-FF-FF-FF-FF-FF-FF-FF-FF-FF-FF-FF-FF-FF-11
[15:54:05:328][HID_RX_data]50-49-01-DC-B3-8F-65-00-07-00-06-81-00-F0-00-00-00
[15:54:05:336]50-49-01-DC-B3-8F-65-00-07-00-06-81-00-F0-00-00-00
[15:54:05:336]hasPulse=True
[15:54:05:336]rtk_RX_thread.waiting...
[15:54:06:575]pooling_start
[15:54:06:599]pooling_HidD_GetFeature=True,rx_len=0
[15:54:06:599][HID_TX]06-04-03-06-00-50-41-0E-02-01-E3-00-00-00-00-00-00-00-00-00-00-00-00-00-00-00-00-00-00-00-00-00-00-00-00-00-00-00-00-00-00-00-00-00-00-00-00-00-00-00-00-00-00-00-00-00-00-00-00-00-00-00-00-00-00-00-00-00-00-00-00-00-00-00-00-00-00-00-00-00-00-00-00-00-00-00-00-00-00-00-00-00-00-00-00-00-00-00-00-00-00-00-00-00-00-00-00-00-00-00-00-00-00-00-00-00-00-00-00-00-00-00-00-00-00-00-00-00-00-00-00-00-00-00-00-00-00-00-00-00-00-00-00-00-00-00-00-00-00-00-00-00-00-00-00-00-00-00-00-00-00-00-00-00-00-00-00-00-00-00-00-00-00-00-00-00-00-00-00-00-00-00-00-00-00-00-00-00-00-00-00-00-00-00-00-00-00-00-00-00-00-00-00-00-00-00-00-00-00-00-00-00-00-00-00-00-00-00-00-00-00-00-00-00-00-00-00-00-00-00-00-00-00-00-00-00-00-00-00-00-00-00-00-00-00-00-00-00-00-00-00-00-00-00-00-00-00-00-00-00-00-00-00-00-00-00-00-00-00-00-00-00-00-00-00-00-00-00-00-00-00-00-00-00-00-00-00-00-00-00-00-00-00-00-00-00-00-00-00-00-00-00-00-00-00-00-00-00-00-00-00-00-00-00-00-00-00-00-00-00-00-00-00-00-00-00-00-00-00-00-00-00-00-00-00-00-00-00-00-00-00-00-00-00-00-00-00-00-00-00-00-00-00-00-00-00-00-00-00-00-00-00-00-00-00-00-00-00-00-00-00-00-00-00-00-00-00-00-00-00-00-00-00-00-00-00-00-00-00-00-00-00-00-00-00-00-00-00-00-00-00-00-00-00-00-00-00-00-00-00-00-00-00-00-00-00-00-00-00-00-00-00-00-00-00-00-00-00-00-00-00-00-00-00-00-00-00-00-00-00-00-00-00-00-00-00-00-00-00-00-00-00-00-00-00-00-00-00-00-00-00-00-00-00-00-00-00-00-00-00-00-00-00-00-00-00-00-00-00-00-00-00-00-00-00-00-00-00-00-00-00-00-00-00-00-00-00-00-00-00-00-00-00-00-00-00-00-00-00-00-00-00-00-00-00
[15:54:06:616]HidD_SetOutputReport=True
[15:54:06:616][HID_TX_ack]06-5A-00-00-00-00-00-00
[15:54:06:616]50-41-0E-02-01-E3 [CMD_SENT][REMOTE_GET_CONNECT_STATUS]
[15:54:06:639]HidD_GetFeature=True,rx_len=13
[15:54:06:639][HID_RX]06-50-49-01-C0-27-B7-5C-00-03-00-0E-82-00-FF-FF-FF-FF-FF-FF-FF-FF-FF-FF-FF-FF-FF-FF-FF-FF-FF-FF-FF-FF-FF-FF-FF-FF-FF-FF-FF-FF-FF-FF-FF-FF-FF-FF-FF-FF-FF-FF-FF-FF-FF-FF-FF-FF-FF-FF-FF-FF-FF-0D
[15:54:06:639][HID_RX_data]50-49-01-C0-27-B7-5C-00-03-00-0E-82-00
[15:54:06:639]50-49-01-C0-27-B7-5C-00-03-00-0E-82-00
[15:54:06:639]hasPulse=False
[15:54:06:672]HidD_GetFeature=True,rx_len=12
[15:54:06:672][HID_RX]06-50-49-0E-DD-00-00-00-00-02-00-E3-01-FF-FF-FF-FF-FF-FF-FF-FF-FF-FF-FF-FF-FF-FF-FF-FF-FF-FF-FF-FF-FF-FF-FF-FF-FF-FF-FF-FF-FF-FF-FF-FF-FF-FF-FF-FF-FF-FF-FF-FF-FF-FF-FF-FF-FF-FF-FF-FF-FF-FF-0C
[15:54:06:672][HID_RX_data]50-49-0E-DD-00-00-00-00-02-00-E3-01
[15:54:06:672]50-49-0E-DD-00-00-00-00-02-00-E3-01-
[15:54:06:672]REMOTE_GET_CONNECT_STATUS=01
[15:54:06:672]hasPulse=True
[15:54:06:672]rtk_RX_thread.waiting...
[15:54:06:672][HID_TX]06-04-03-07-00-50-41-0E-03-02-E1-01-00-00-00-00-00-00-00-00-00-00-00-00-00-00-00-00-00-00-00-00-00-00-00-00-00-00-00-00-00-00-00-00-00-00-00-00-00-00-00-00-00-00-00-00-00-00-00-00-00-00-00-00-00-00-00-00-00-00-00-00-00-00-00-00-00-00-00-00-00-00-00-00-00-00-00-00-00-00-00-00-00-00-00-00-00-00-00-00-00-00-00-00-00-00-00-00-00-00-00-00-00-00-00-00-00-00-00-00-00-00-00-00-00-00-00-00-00-00-00-00-00-00-00-00-00-00-00-00-00-00-00-00-00-00-00-00-00-00-00-00-00-00-00-00-00-00-00-00-00-00-00-00-00-00-00-00-00-00-00-00-00-00-00-00-00-00-00-00-00-00-00-00-00-00-00-00-00-00-00-00-00-00-00-00-00-00-00-00-00-00-00-00-00-00-00-00-00-00-00-00-00-00-00-00-00-00-00-00-00-00-00-00-00-00-00-00-00-00-00-00-00-00-00-00-00-00-00-00-00-00-00-00-00-00-00-00-00-00-00-00-00-00-00-00-00-00-00-00-00-00-00-00-00-00-00-00-00-00-00-00-00-00-00-00-00-00-00-00-00-00-00-00-00-00-00-00-00-00-00-00-00-00-00-00-00-00-00-00-00-00-00-00-00-00-00-00-00-00-00-00-00-00-00-00-00-00-00-00-00-00-00-00-00-00-00-00-00-00-00-00-00-00-00-00-00-00-00-00-00-00-00-00-00-00-00-00-00-00-00-00-00-00-00-00-00-00-00-00-00-00-00-00-00-00-00-00-00-00-00-00-00-00-00-00-00-00-00-00-00-00-00-00-00-00-00-00-00-00-00-00-00-00-00-00-00-00-00-00-00-00-00-00-00-00-00-00-00-00-00-00-00-00-00-00-00-00-00-00-00-00-00-00-00-00-00-00-00-00-00-00-00-00-00-00-00-00-00-00-00-00-00-00-00-00-00-00-00-00-00-00-00-00-00-00-00-00-00-00-00-00-00-00-00-00-00-00-00-00-00-00-00-00-00-00-00-00-00-00-00-00-00-00-00-00-00-00-00-00-00-00-00-00-00-00-00-00-00-00-00-00-00-00-00-00-00-00-00-00-00-00-00-00-00
[15:54:06:680]HidD_SetOutputReport=True
[15:54:06:687][HID_TX_ack]06-5A-00-00-00-00-00-00
[15:54:06:687]50-41-0E-03-02-E1-01 [CMD_SENT][REMOTE_SET_MODE] is_remote=True
[15:54:06:712]HidD_GetFeature=True,rx_len=13
[15:54:06:712][HID_RX]06-50-49-01-C0-60-B7-5C-00-03-00-0E-83-00-FF-FF-FF-FF-FF-FF-FF-FF-FF-FF-FF-FF-FF-FF-FF-FF-FF-FF-FF-FF-FF-FF-FF-FF-FF-FF-FF-FF-FF-FF-FF-FF-FF-FF-FF-FF-FF-FF-FF-FF-FF-FF-FF-FF-FF-FF-FF-FF-FF-0D
[15:54:06:712][HID_RX_data]50-49-01-C0-60-B7-5C-00-03-00-0E-83-00
[15:54:06:712]50-49-01-C0-60-B7-5C-00-03-00-0E-83-00
[15:54:06:712]hasPulse=True
[15:54:06:712]rtk_RX_thread.waiting...
[15:54:06:712][HID_TX]06-04-03-13-00-50-41-06-04-0D-00-25-34-12-5A-5A-01-00-00-00-F0-00-00-00-00-00-00-00-00-00-00-00-00-00-00-00-00-00-00-00-00-00-00-00-00-00-00-00-00-00-00-00-00-00-00-00-00-00-00-00-00-00-00-00-00-00-00-00-00-00-00-00-00-00-00-00-00-00-00-00-00-00-00-00-00-00-00-00-00-00-00-00-00-00-00-00-00-00-00-00-00-00-00-00-00-00-00-00-00-00-00-00-00-00-00-00-00-00-00-00-00-00-00-00-00-00-00-00-00-00-00-00-00-00-00-00-00-00-00-00-00-00-00-00-00-00-00-00-00-00-00-00-00-00-00-00-00-00-00-00-00-00-00-00-00-00-00-00-00-00-00-00-00-00-00-00-00-00-00-00-00-00-00-00-00-00-00-00-00-00-00-00-00-00-00-00-00-00-00-00-00-00-00-00-00-00-00-00-00-00-00-00-00-00-00-00-00-00-00-00-00-00-00-00-00-00-00-00-00-00-00-00-00-00-00-00-00-00-00-00-00-00-00-00-00-00-00-00-00-00-00-00-00-00-00-00-00-00-00-00-00-00-00-00-00-00-00-00-00-00-00-00-00-00-00-00-00-00-00-00-00-00-00-00-00-00-00-00-00-00-00-00-00-00-00-00-00-00-00-00-00-00-00-00-00-00-00-00-00-00-00-00-00-00-00-00-00-00-00-00-00-00-00-00-00-00-00-00-00-00-00-00-00-00-00-00-00-00-00-00-00-00-00-00-00-00-00-00-00-00-00-00-00-00-00-00-00-00-00-00-00-00-00-00-00-00-00-00-00-00-00-00-00-00-00-00-00-00-00-00-00-00-00-00-00-00-00-00-00-00-00-00-00-00-00-00-00-00-00-00-00-00-00-00-00-00-00-00-00-00-00-00-00-00-00-00-00-00-00-00-00-00-00-00-00-00-00-00-00-00-00-00-00-00-00-00-00-00-00-00-00-00-00-00-00-00-00-00-00-00-00-00-00-00-00-00-00-00-00-00-00-00-00-00-00-00-00-00-00-00-00-00-00-00-00-00-00-00-00-00-00-00-00-00-00-00-00-00-00-00-00-00-00-00-00-00-00-00-00-00-00-00-00-00-00-00-00-00-00-00-00-00-00-00-00
[15:54:06:720]HidD_SetOutputReport=True
[15:54:06:727][HID_TX_ack]06-5A-00-00-00-00-00-00
[15:54:06:727]50-41-06-04-0D-00-25-34-12-5A-5A-01-00-00-00-F0-00-00-00 [CMD_SENT][OTA_CMD_IOCTL][READ_MAX_LEN=240]
[15:54:06:751]HidD_GetFeature=True,rx_len=17
[15:54:06:751][HID_RX]06-50-49-01-DE-23-94-65-00-07-00-06-84-00-F0-00-00-00-FF-FF-FF-FF-FF-FF-FF-FF-FF-FF-FF-FF-FF-FF-FF-FF-FF-FF-FF-FF-FF-FF-FF-FF-FF-FF-FF-FF-FF-FF-FF-FF-FF-FF-FF-FF-FF-FF-FF-FF-FF-FF-FF-FF-FF-11
[15:54:06:751][HID_RX_data]50-49-01-DE-23-94-65-00-07-00-06-84-00-F0-00-00-00
[15:54:06:751]50-49-01-DE-23-94-65-00-07-00-06-84-00-F0-00-00-00
[15:54:06:751]hasPulse=True
[15:54:06:751]rtk_RX_thread.waiting...
[15:54:08:415]pooling_start
[15:54:08:440]pooling_HidD_GetFeature=True,rx_len=0
[15:54:08:440][HID_TX]06-04-03-06-00-50-41-0E-05-01-E0-00-00-00-00-00-00-00-00-00-00-00-00-00-00-00-00-00-00-00-00-00-00-00-00-00-00-00-00-00-00-00-00-00-00-00-00-00-00-00-00-00-00-00-00-00-00-00-00-00-00-00-00-00-00-00-00-00-00-00-00-00-00-00-00-00-00-00-00-00-00-00-00-00-00-00-00-00-00-00-00-00-00-00-00-00-00-00-00-00-00-00-00-00-00-00-00-00-00-00-00-00-00-00-00-00-00-00-00-00-00-00-00-00-00-00-00-00-00-00-00-00-00-00-00-00-00-00-00-00-00-00-00-00-00-00-00-00-00-00-00-00-00-00-00-00-00-00-00-00-00-00-00-00-00-00-00-00-00-00-00-00-00-00-00-00-00-00-00-00-00-00-00-00-00-00-00-00-00-00-00-00-00-00-00-00-00-00-00-00-00-00-00-00-00-00-00-00-00-00-00-00-00-00-00-00-00-00-00-00-00-00-00-00-00-00-00-00-00-00-00-00-00-00-00-00-00-00-00-00-00-00-00-00-00-00-00-00-00-00-00-00-00-00-00-00-00-00-00-00-00-00-00-00-00-00-00-00-00-00-00-00-00-00-00-00-00-00-00-00-00-00-00-00-00-00-00-00-00-00-00-00-00-00-00-00-00-00-00-00-00-00-00-00-00-00-00-00-00-00-00-00-00-00-00-00-00-00-00-00-00-00-00-00-00-00-00-00-00-00-00-00-00-00-00-00-00-00-00-00-00-00-00-00-00-00-00-00-00-00-00-00-00-00-00-00-00-00-00-00-00-00-00-00-00-00-00-00-00-00-00-00-00-00-00-00-00-00-00-00-00-00-00-00-00-00-00-00-00-00-00-00-00-00-00-00-00-00-00-00-00-00-00-00-00-00-00-00-00-00-00-00-00-00-00-00-00-00-00-00-00-00-00-00-00-00-00-00-00-00-00-00-00-00-00-00-00-00-00-00-00-00-00-00-00-00-00-00-00-00-00-00-00-00-00-00-00-00-00-00-00-00-00-00-00-00-00-00-00-00-00-00-00-00-00-00-00-00-00-00-00-00-00-00-00-00-00-00-00-00-00-00-00-00-00-00-00-00-00-00-00-00-00-00-00-00-00-00-00-00-00-00-00-00-00
[15:54:08:447]HidD_SetOutputReport=True
[15:54:08:455][HID_TX_ack]06-5A-00-00-00-00-00-00
[15:54:08:455]50-41-0E-05-01-E0 [CMD_SENT][REMOTE_GET_MODE]
[15:54:08:480]HidD_GetFeature=True,rx_len=13
[15:54:08:480][HID_RX]06-50-49-01-C0-E5-BC-5C-00-03-00-0E-85-00-FF-FF-FF-FF-FF-FF-FF-FF-FF-FF-FF-FF-FF-FF-FF-FF-FF-FF-FF-FF-FF-FF-FF-FF-FF-FF-FF-FF-FF-FF-FF-FF-FF-FF-FF-FF-FF-FF-FF-FF-FF-FF-FF-FF-FF-FF-FF-FF-FF-0D
[15:54:08:480][HID_RX_data]50-49-01-C0-E5-BC-5C-00-03-00-0E-85-00
[15:54:08:480]50-49-01-C0-E5-BC-5C-00-03-00-0E-85-00
[15:54:08:480]hasPulse=False
[15:54:08:504]HidD_GetFeature=True,rx_len=12
[15:54:08:504][HID_RX]06-50-49-0E-DF-00-00-00-00-02-00-E0-01-FF-FF-FF-FF-FF-FF-FF-FF-FF-FF-FF-FF-FF-FF-FF-FF-FF-FF-FF-FF-FF-FF-FF-FF-FF-FF-FF-FF-FF-FF-FF-FF-FF-FF-FF-FF-FF-FF-FF-FF-FF-FF-FF-FF-FF-FF-FF-FF-FF-FF-0C
[15:54:08:504][HID_RX_data]50-49-0E-DF-00-00-00-00-02-00-E0-01
[15:54:08:504]50-49-0E-DF-00-00-00-00-02-00-E0-01-
[15:54:08:504]hasPulse=True
[15:54:08:504]rtk_RX_thread.waiting...
[15:54:08:504]REMOTE_GET_MODE=01
[15:54:08:504][HID_TX]06-04-03-08-00-50-41-06-06-02-00-61-00-00-00-00-00-00-00-00-00-00-00-00-00-00-00-00-00-00-00-00-00-00-00-00-00-00-00-00-00-00-00-00-00-00-00-00-00-00-00-00-00-00-00-00-00-00-00-00-00-00-00-00-00-00-00-00-00-00-00-00-00-00-00-00-00-00-00-00-00-00-00-00-00-00-00-00-00-00-00-00-00-00-00-00-00-00-00-00-00-00-00-00-00-00-00-00-00-00-00-00-00-00-00-00-00-00-00-00-00-00-00-00-00-00-00-00-00-00-00-00-00-00-00-00-00-00-00-00-00-00-00-00-00-00-00-00-00-00-00-00-00-00-00-00-00-00-00-00-00-00-00-00-00-00-00-00-00-00-00-00-00-00-00-00-00-00-00-00-00-00-00-00-00-00-00-00-00-00-00-00-00-00-00-00-00-00-00-00-00-00-00-00-00-00-00-00-00-00-00-00-00-00-00-00-00-00-00-00-00-00-00-00-00-00-00-00-00-00-00-00-00-00-00-00-00-00-00-00-00-00-00-00-00-00-00-00-00-00-00-00-00-00-00-00-00-00-00-00-00-00-00-00-00-00-00-00-00-00-00-00-00-00-00-00-00-00-00-00-00-00-00-00-00-00-00-00-00-00-00-00-00-00-00-00-00-00-00-00-00-00-00-00-00-00-00-00-00-00-00-00-00-00-00-00-00-00-00-00-00-00-00-00-00-00-00-00-00-00-00-00-00-00-00-00-00-00-00-00-00-00-00-00-00-00-00-00-00-00-00-00-00-00-00-00-00-00-00-00-00-00-00-00-00-00-00-00-00-00-00-00-00-00-00-00-00-00-00-00-00-00-00-00-00-00-00-00-00-00-00-00-00-00-00-00-00-00-00-00-00-00-00-00-00-00-00-00-00-00-00-00-00-00-00-00-00-00-00-00-00-00-00-00-00-00-00-00-00-00-00-00-00-00-00-00-00-00-00-00-00-00-00-00-00-00-00-00-00-00-00-00-00-00-00-00-00-00-00-00-00-00-00-00-00-00-00-00-00-00-00-00-00-00-00-00-00-00-00-00-00-00-00-00-00-00-00-00-00-00-00-00-00-00-00-00-00-00-00-00-00-00-00-00-00-00-00-00-00-00-00-00-00-00-00
[15:54:08:520]HidD_SetOutputReport=True
[15:54:08:520][HID_TX_ack]06-5A-00-00-00-00-00-00
[15:54:08:520]50-41-06-06-02-00-61-00 [CMD_SENT][CMD_TEST_MODE]
[15:54:08:543]HidD_GetFeature=True,rx_len=13
[15:54:08:543][HID_RX]06-50-49-01-E0-C2-99-65-00-03-00-06-86-00-FF-FF-FF-FF-FF-FF-FF-FF-FF-FF-FF-FF-FF-FF-FF-FF-FF-FF-FF-FF-FF-FF-FF-FF-FF-FF-FF-FF-FF-FF-FF-FF-FF-FF-FF-FF-FF-FF-FF-FF-FF-FF-FF-FF-FF-FF-FF-FF-FF-0D
[15:54:08:543][HID_RX_data]50-49-01-E0-C2-99-65-00-03-00-06-86-00
[15:54:08:543]50-49-01-E0-C2-99-65-00-03-00-06-86-00
[15:54:08:543]hasPulse=True
[15:54:08:543]rtk_RX_thread.waiting...
[15:54:09:807]pooling_start
[15:54:09:839]pooling_HidD_GetFeature=True,rx_len=0
[15:54:09:839][HID_TX]06-04-03-06-00-50-41-0E-07-01-E3-00-00-00-00-00-00-00-00-00-00-00-00-00-00-00-00-00-00-00-00-00-00-00-00-00-00-00-00-00-00-00-00-00-00-00-00-00-00-00-00-00-00-00-00-00-00-00-00-00-00-00-00-00-00-00-00-00-00-00-00-00-00-00-00-00-00-00-00-00-00-00-00-00-00-00-00-00-00-00-00-00-00-00-00-00-00-00-00-00-00-00-00-00-00-00-00-00-00-00-00-00-00-00-00-00-00-00-00-00-00-00-00-00-00-00-00-00-00-00-00-00-00-00-00-00-00-00-00-00-00-00-00-00-00-00-00-00-00-00-00-00-00-00-00-00-00-00-00-00-00-00-00-00-00-00-00-00-00-00-00-00-00-00-00-00-00-00-00-00-00-00-00-00-00-00-00-00-00-00-00-00-00-00-00-00-00-00-00-00-00-00-00-00-00-00-00-00-00-00-00-00-00-00-00-00-00-00-00-00-00-00-00-00-00-00-00-00-00-00-00-00-00-00-00-00-00-00-00-00-00-00-00-00-00-00-00-00-00-00-00-00-00-00-00-00-00-00-00-00-00-00-00-00-00-00-00-00-00-00-00-00-00-00-00-00-00-00-00-00-00-00-00-00-00-00-00-00-00-00-00-00-00-00-00-00-00-00-00-00-00-00-00-00-00-00-00-00-00-00-00-00-00-00-00-00-00-00-00-00-00-00-00-00-00-00-00-00-00-00-00-00-00-00-00-00-00-00-00-00-00-00-00-00-00-00-00-00-00-00-00-00-00-00-00-00-00-00-00-00-00-00-00-00-00-00-00-00-00-00-00-00-00-00-00-00-00-00-00-00-00-00-00-00-00-00-00-00-00-00-00-00-00-00-00-00-00-00-00-00-00-00-00-00-00-00-00-00-00-00-00-00-00-00-00-00-00-00-00-00-00-00-00-00-00-00-00-00-00-00-00-00-00-00-00-00-00-00-00-00-00-00-00-00-00-00-00-00-00-00-00-00-00-00-00-00-00-00-00-00-00-00-00-00-00-00-00-00-00-00-00-00-00-00-00-00-00-00-00-00-00-00-00-00-00-00-00-00-00-00-00-00-00-00-00-00-00-00-00-00-00-00-00-00-00-00-00-00-00-00-00-00-00-00-00
[15:54:09:848]HidD_SetOutputReport=True
[15:54:09:855][HID_TX_ack]06-5A-00-00-00-00-00-00
[15:54:09:855]50-41-0E-07-01-E3 [CMD_SENT][REMOTE_GET_CONNECT_STATUS]
[15:54:09:879]HidD_GetFeature=True,rx_len=13
[15:54:09:879][HID_RX]06-50-49-01-C0-44-C1-5C-00-03-00-0E-87-00-FF-FF-FF-FF-FF-FF-FF-FF-FF-FF-FF-FF-FF-FF-FF-FF-FF-FF-FF-FF-FF-FF-FF-FF-FF-FF-FF-FF-FF-FF-FF-FF-FF-FF-FF-FF-FF-FF-FF-FF-FF-FF-FF-FF-FF-FF-FF-FF-FF-0D
[15:54:09:879][HID_RX_data]50-49-01-C0-44-C1-5C-00-03-00-0E-87-00
[15:54:09:879]50-49-01-C0-44-C1-5C-00-03-00-0E-87-00
[15:54:09:879]hasPulse=False
[15:54:09:903]HidD_GetFeature=True,rx_len=12
[15:54:09:903][HID_RX]06-50-49-0E-E1-00-00-00-00-02-00-E3-01-FF-FF-FF-FF-FF-FF-FF-FF-FF-FF-FF-FF-FF-FF-FF-FF-FF-FF-FF-FF-FF-FF-FF-FF-FF-FF-FF-FF-FF-FF-FF-FF-FF-FF-FF-FF-FF-FF-FF-FF-FF-FF-FF-FF-FF-FF-FF-FF-FF-FF-0C
[15:54:09:903][HID_RX_data]50-49-0E-E1-00-00-00-00-02-00-E3-01
[15:54:09:903]50-49-0E-E1-00-00-00-00-02-00-E3-01-
[15:54:09:903]hasPulse=True
[15:54:09:903]rtk_RX_thread.waiting...
[15:54:09:903]REMOTE_GET_CONNECT_STATUS=01
[15:54:09:903][HID_TX]06-04-03-07-00-50-41-0E-08-02-E1-00-00-00-00-00-00-00-00-00-00-00-00-00-00-00-00-00-00-00-00-00-00-00-00-00-00-00-00-00-00-00-00-00-00-00-00-00-00-00-00-00-00-00-00-00-00-00-00-00-00-00-00-00-00-00-00-00-00-00-00-00-00-00-00-00-00-00-00-00-00-00-00-00-00-00-00-00-00-00-00-00-00-00-00-00-00-00-00-00-00-00-00-00-00-00-00-00-00-00-00-00-00-00-00-00-00-00-00-00-00-00-00-00-00-00-00-00-00-00-00-00-00-00-00-00-00-00-00-00-00-00-00-00-00-00-00-00-00-00-00-00-00-00-00-00-00-00-00-00-00-00-00-00-00-00-00-00-00-00-00-00-00-00-00-00-00-00-00-00-00-00-00-00-00-00-00-00-00-00-00-00-00-00-00-00-00-00-00-00-00-00-00-00-00-00-00-00-00-00-00-00-00-00-00-00-00-00-00-00-00-00-00-00-00-00-00-00-00-00-00-00-00-00-00-00-00-00-00-00-00-00-00-00-00-00-00-00-00-00-00-00-00-00-00-00-00-00-00-00-00-00-00-00-00-00-00-00-00-00-00-00-00-00-00-00-00-00-00-00-00-00-00-00-00-00-00-00-00-00-00-00-00-00-00-00-00-00-00-00-00-00-00-00-00-00-00-00-00-00-00-00-00-00-00-00-00-00-00-00-00-00-00-00-00-00-00-00-00-00-00-00-00-00-00-00-00-00-00-00-00-00-00-00-00-00-00-00-00-00-00-00-00-00-00-00-00-00-00-00-00-00-00-00-00-00-00-00-00-00-00-00-00-00-00-00-00-00-00-00-00-00-00-00-00-00-00-00-00-00-00-00-00-00-00-00-00-00-00-00-00-00-00-00-00-00-00-00-00-00-00-00-00-00-00-00-00-00-00-00-00-00-00-00-00-00-00-00-00-00-00-00-00-00-00-00-00-00-00-00-00-00-00-00-00-00-00-00-00-00-00-00-00-00-00-00-00-00-00-00-00-00-00-00-00-00-00-00-00-00-00-00-00-00-00-00-00-00-00-00-00-00-00-00-00-00-00-00-00-00-00-00-00-00-00-00-00-00-00-00-00-00-00-00-00-00-00-00-00-00-00-00-00-00-00
[15:54:09:920]HidD_SetOutputReport=True
[15:54:09:920][HID_TX_ack]06-5A-00-00-00-00-00-00
[15:54:09:920]50-41-0E-08-02-E1-00 [CMD_SENT][REMOTE_SET_MODE] is_remote=False
[15:54:09:943]HidD_GetFeature=True,rx_len=13
[15:54:09:943][HID_RX]06-50-49-01-C0-7D-C1-5C-00-03-00-0E-88-00-FF-FF-FF-FF-FF-FF-FF-FF-FF-FF-FF-FF-FF-FF-FF-FF-FF-FF-FF-FF-FF-FF-FF-FF-FF-FF-FF-FF-FF-FF-FF-FF-FF-FF-FF-FF-FF-FF-FF-FF-FF-FF-FF-FF-FF-FF-FF-FF-FF-0D
[15:54:09:943][HID_RX_data]50-49-01-C0-7D-C1-5C-00-03-00-0E-88-00
[15:54:09:943]50-49-01-C0-7D-C1-5C-00-03-00-0E-88-00
[15:54:09:943]hasPulse=True
[15:54:09:943]rtk_RX_thread.waiting...
[15:54:09:943][HID_TX]06-04-03-13-00-50-41-06-09-0D-00-25-34-12-5A-5A-01-00-00-00-F0-00-00-00-00-00-00-00-00-00-00-00-00-00-00-00-00-00-00-00-00-00-00-00-00-00-00-00-00-00-00-00-00-00-00-00-00-00-00-00-00-00-00-00-00-00-00-00-00-00-00-00-00-00-00-00-00-00-00-00-00-00-00-00-00-00-00-00-00-00-00-00-00-00-00-00-00-00-00-00-00-00-00-00-00-00-00-00-00-00-00-00-00-00-00-00-00-00-00-00-00-00-00-00-00-00-00-00-00-00-00-00-00-00-00-00-00-00-00-00-00-00-00-00-00-00-00-00-00-00-00-00-00-00-00-00-00-00-00-00-00-00-00-00-00-00-00-00-00-00-00-00-00-00-00-00-00-00-00-00-00-00-00-00-00-00-00-00-00-00-00-00-00-00-00-00-00-00-00-00-00-00-00-00-00-00-00-00-00-00-00-00-00-00-00-00-00-00-00-00-00-00-00-00-00-00-00-00-00-00-00-00-00-00-00-00-00-00-00-00-00-00-00-00-00-00-00-00-00-00-00-00-00-00-00-00-00-00-00-00-00-00-00-00-00-00-00-00-00-00-00-00-00-00-00-00-00-00-00-00-00-00-00-00-00-00-00-00-00-00-00-00-00-00-00-00-00-00-00-00-00-00-00-00-00-00-00-00-00-00-00-00-00-00-00-00-00-00-00-00-00-00-00-00-00-00-00-00-00-00-00-00-00-00-00-00-00-00-00-00-00-00-00-00-00-00-00-00-00-00-00-00-00-00-00-00-00-00-00-00-00-00-00-00-00-00-00-00-00-00-00-00-00-00-00-00-00-00-00-00-00-00-00-00-00-00-00-00-00-00-00-00-00-00-00-00-00-00-00-00-00-00-00-00-00-00-00-00-00-00-00-00-00-00-00-00-00-00-00-00-00-00-00-00-00-00-00-00-00-00-00-00-00-00-00-00-00-00-00-00-00-00-00-00-00-00-00-00-00-00-00-00-00-00-00-00-00-00-00-00-00-00-00-00-00-00-00-00-00-00-00-00-00-00-00-00-00-00-00-00-00-00-00-00-00-00-00-00-00-00-00-00-00-00-00-00-00-00-00-00-00-00-00-00-00-00-00-00-00-00-00-00-00-00-00
[15:54:09:960]HidD_SetOutputReport=True
[15:54:09:960][HID_TX_ack]06-5A-00-00-00-00-00-00
[15:54:09:960]50-41-06-09-0D-00-25-34-12-5A-5A-01-00-00-00-F0-00-00-00 [CMD_SENT][OTA_CMD_IOCTL][READ_MAX_LEN=240]
[15:54:09:983]HidD_GetFeature=True,rx_len=17
[15:54:09:983][HID_RX]06-50-49-01-C0-9D-C1-5C-00-07-00-06-89-00-F0-00-00-00-FF-FF-FF-FF-FF-FF-FF-FF-FF-FF-FF-FF-FF-FF-FF-FF-FF-FF-FF-FF-FF-FF-FF-FF-FF-FF-FF-FF-FF-FF-FF-FF-FF-FF-FF-FF-FF-FF-FF-FF-FF-FF-FF-FF-FF-11
[15:54:09:983][HID_RX_data]50-49-01-C0-9D-C1-5C-00-07-00-06-89-00-F0-00-00-00
[15:54:09:983]50-49-01-C0-9D-C1-5C-00-07-00-06-89-00-F0-00-00-00
[15:54:09:983]hasPulse=True
[15:54:09:983]rtk_RX_thread.waiting...
[15:54:11:663]pooling_start
[15:54:11:688]pooling_HidD_GetFeature=True,rx_len=0
[15:54:11:688][HID_TX]06-04-03-07-00-50-41-0E-0A-02-E1-00-00-00-00-00-00-00-00-00-00-00-00-00-00-00-00-00-00-00-00-00-00-00-00-00-00-00-00-00-00-00-00-00-00-00-00-00-00-00-00-00-00-00-00-00-00-00-00-00-00-00-00-00-00-00-00-00-00-00-00-00-00-00-00-00-00-00-00-00-00-00-00-00-00-00-00-00-00-00-00-00-00-00-00-00-00-00-00-00-00-00-00-00-00-00-00-00-00-00-00-00-00-00-00-00-00-00-00-00-00-00-00-00-00-00-00-00-00-00-00-00-00-00-00-00-00-00-00-00-00-00-00-00-00-00-00-00-00-00-00-00-00-00-00-00-00-00-00-00-00-00-00-00-00-00-00-00-00-00-00-00-00-00-00-00-00-00-00-00-00-00-00-00-00-00-00-00-00-00-00-00-00-00-00-00-00-00-00-00-00-00-00-00-00-00-00-00-00-00-00-00-00-00-00-00-00-00-00-00-00-00-00-00-00-00-00-00-00-00-00-00-00-00-00-00-00-00-00-00-00-00-00-00-00-00-00-00-00-00-00-00-00-00-00-00-00-00-00-00-00-00-00-00-00-00-00-00-00-00-00-00-00-00-00-00-00-00-00-00-00-00-00-00-00-00-00-00-00-00-00-00-00-00-00-00-00-00-00-00-00-00-00-00-00-00-00-00-00-00-00-00-00-00-00-00-00-00-00-00-00-00-00-00-00-00-00-00-00-00-00-00-00-00-00-00-00-00-00-00-00-00-00-00-00-00-00-00-00-00-00-00-00-00-00-00-00-00-00-00-00-00-00-00-00-00-00-00-00-00-00-00-00-00-00-00-00-00-00-00-00-00-00-00-00-00-00-00-00-00-00-00-00-00-00-00-00-00-00-00-00-00-00-00-00-00-00-00-00-00-00-00-00-00-00-00-00-00-00-00-00-00-00-00-00-00-00-00-00-00-00-00-00-00-00-00-00-00-00-00-00-00-00-00-00-00-00-00-00-00-00-00-00-00-00-00-00-00-00-00-00-00-00-00-00-00-00-00-00-00-00-00-00-00-00-00-00-00-00-00-00-00-00-00-00-00-00-00-00-00-00-00-00-00-00-00-00-00-00-00-00-00-00-00-00-00-00-00-00-00-00-00-00-00-00
[15:54:11:704]HidD_SetOutputReport=True
[15:54:11:704][HID_TX_ack]06-5A-00-00-00-00-00-00
[15:54:11:704]50-41-0E-0A-02-E1-00 [CMD_SENT][REMOTE_SET_MODE] is_remote=False
[15:54:11:727]HidD_GetFeature=True,rx_len=13
[15:54:11:727][HID_RX]06-50-49-01-C0-0F-C7-5C-00-03-00-0E-8A-00-FF-FF-FF-FF-FF-FF-FF-FF-FF-FF-FF-FF-FF-FF-FF-FF-FF-FF-FF-FF-FF-FF-FF-FF-FF-FF-FF-FF-FF-FF-FF-FF-FF-FF-FF-FF-FF-FF-FF-FF-FF-FF-FF-FF-FF-FF-FF-FF-FF-0D
[15:54:11:727][HID_RX_data]50-49-01-C0-0F-C7-5C-00-03-00-0E-8A-00
[15:54:11:727]50-49-01-C0-0F-C7-5C-00-03-00-0E-8A-00
[15:54:11:727]hasPulse=True
[15:54:11:727]rtk_RX_thread.waiting...
[15:54:11:727]report__len=515
[15:54:11:727]report_data=06-08-03-00-00-00-00-00-00-00-00-00-00-00-00-00-00-00-00-00-00-00-00-00-00-00-00-00-00-00-00-00-00-00-00-00-00-00-00-00-00-00-00-00-00-00-00-00-00-00-00-00-00-00-00-00-00-00-00-00-00-00-00-00-00-00-00-00-00-00-00-00-00-00-00-00-00-00-00-00-00-00-00-00-00-00-00-00-00-00-00-00-00-00-00-00-00-00-00-00-00-00-00-00-00-00-00-00-00-00-00-00-00-00-00-00-00-00-00-00-00-00-00-00-00-00-00-00-00-00-00-00-00-00-00-00-00-00-00-00-00-00-00-00-00-00-00-00-00-00-00-00-00-00-00-00-00-00-00-00-00-00-00-00-00-00-00-00-00-00-00-00-00-00-00-00-00-00-00-00-00-00-00-00-00-00-00-00-00-00-00-00-00-00-00-00-00-00-00-00-00-00-00-00-00-00-00-00-00-00-00-00-00-00-00-00-00-00-00-00-00-00-00-00-00-00-00-00-00-00-00-00-00-00-00-00-00-00-00-00-00-00-00-00-00-00-00-00-00-00-00-00-00-00-00-00-00-00-00-00-00-00-00-00-00-00-00-00-00-00-00-00-00-00-00-00-00-00-00-00-00-00-00-00-00-00-00-00-00-00-00-00-00-00-00-00-00-00-00-00-00-00-00-00-00-00-00-00-00-00-00-00-00-00-00-00-00-00-00-00-00-00-00-00-00-00-00-00-00-00-00-00-00-00-00-00-00-00-00-00-00-00-00-00-00-00-00-00-00-00-00-00-00-00-00-00-00-00-00-00-00-00-00-00-00-00-00-00-00-00-00-00-00-00-00-00-00-00-00-00-00-00-00-00-00-00-00-00-00-00-00-00-00-00-00-00-00-00-00-00-00-00-00-00-00-00-00-00-00-00-00-00-00-00-00-00-00-00-00-00-00-00-00-00-00-00-00-00-00-00-00-00-00-00-00-00-00-00-00-00-00-00-00-00-00-00-00-00-00-00-00-00-00-00-00-00-00-00-00-00-00-00-00-00-00-00-00-00-00-00-00-00-00-00-00-00-00-00-00-00-00-00-00-00-00-00-00-00-00-00-00-00-00-00-00-00-00-00-00-00-00-00-00-00-00-00-00-00-00-00-00-00-00-00-00
[15:54:11:743]HidD_SetOutputReport_Exit_bootloader=True
[15:54:11:743][HID_TX_ack]06-5A-00-00-00-00-00-00
[15:54:11:743]close_hid_stream
[15:54:11:743]CloseHandleX
[15:54:11:743]close_hid_handle
[15:54:11:743]rtk_RX_thread_end
