[10:36:29:746]connect_auto_select
[10:36:29:750]\\?\hid#dell0a23&col03#5&184b7e16&0&0002#{4d1e55b2-f16f-11cf-88cb-001111000030}
[10:36:29:750]\\?\hid#dell0a23&col04#5&184b7e16&0&0003#{4d1e55b2-f16f-11cf-88cb-001111000030}
[10:36:29:750]\\?\hid#intc816#3&36043c54&0&0000#{4d1e55b2-f16f-11cf-88cb-001111000030}
[10:36:29:750]\\?\hid#vid_046d&pid_0acb&mi_03&col03#7&64d5b1&0&0002#{4d1e55b2-f16f-11cf-88cb-001111000030}
[10:36:29:750]\\?\hid#vid_046d&pid_0acb&mi_03&col01#7&64d5b1&0&0000#{4d1e55b2-f16f-11cf-88cb-001111000030}
[10:36:29:750]\\?\hid#converteddevice&col02#5&2204aa2d&0&0001#{4d1e55b2-f16f-11cf-88cb-001111000030}
[10:36:29:751]\\?\hid#converteddevice&col03#5&2204aa2d&0&0002#{4d1e55b2-f16f-11cf-88cb-001111000030}
[10:36:29:751]\\?\hid#vid_046d&pid_0acb&mi_03&col04#7&64d5b1&0&0003#{4d1e55b2-f16f-11cf-88cb-001111000030}
[10:36:29:751]\\?\hid#converteddevice&col01#5&2204aa2d&0&0000#{4d1e55b2-f16f-11cf-88cb-001111000030}\kbd
[10:36:29:751]\\?\hid#vid_046d&pid_0acb&mi_03&col02#7&64d5b1&0&0001#{4d1e55b2-f16f-11cf-88cb-001111000030}
[10:36:29:751]\\?\hid#dell0a23&col01#5&184b7e16&0&0000#{4d1e55b2-f16f-11cf-88cb-001111000030}
[10:36:29:751]\\?\hid#dell0a23&col02#5&184b7e16&0&0001#{4d1e55b2-f16f-11cf-88cb-001111000030}
[10:36:29:751]\\?\hid#vid_046d&pid_c077#6&21f6894a&0&0000#{4d1e55b2-f16f-11cf-88cb-001111000030}
[10:36:29:754]id=VID=046D,PID=0ACB
[10:36:29:755]	caps.InputReportByteLength=8
[10:36:29:755]	caps.OutputReportByteLength=515
[10:36:29:755]	attributes.VendorID=0x46D
[10:36:29:755]	attributes.ProductID=0xACB
[10:36:29:756]	SerialNumberString=202105190004
[10:36:29:757]	ManufacturerString=Logitech G series
[10:36:29:758]	ProductString=G435 Wireless Gaming Headset
[10:36:29:758]CloseHandleX
[10:36:29:758]id=VID=046D,PID=0ACB
[10:36:29:758]	getCaps=null
[10:36:29:758]CloseHandleX
[10:36:29:758]id=VID=046D,PID=0ACB
[10:36:29:758]	caps.InputReportByteLength=21
[10:36:29:758]	caps.OutputReportByteLength=3
[10:36:29:758]	attributes.VendorID=0x46D
[10:36:29:758]	attributes.ProductID=0xACB
[10:36:29:759]	SerialNumberString=202105190004
[10:36:29:760]	ManufacturerString=Logitech G series
[10:36:29:762]	ProductString=G435 Wireless Gaming Headset
[10:36:29:762]CloseHandleX
[10:36:29:762]id=VID=046D,PID=0ACB
[10:36:29:762]	caps.InputReportByteLength=5
[10:36:29:762]	caps.OutputReportByteLength=0
[10:36:29:762]	attributes.VendorID=0x46D
[10:36:29:762]	attributes.ProductID=0xACB
[10:36:29:762]	SerialNumberString=202105190004
[10:36:29:763]	ManufacturerString=Logitech G series
[10:36:29:764]	ProductString=G435 Wireless Gaming Headset
[10:36:29:764]CloseHandleX
[10:36:29:764]id=VID=046D,PID=C077
[10:36:29:765]	getCaps=null
[10:36:29:765]CloseHandleX
[10:36:29:765]try_path=\\?\hid#vid_046d&pid_0acb&mi_03&col03#7&64d5b1&0&0002#{4d1e55b2-f16f-11cf-88cb-001111000030}
[10:36:29:765]CreateFile_ing=\\?\hid#vid_046d&pid_0acb&mi_03&col03#7&64d5b1&0&0002#{4d1e55b2-f16f-11cf-88cb-001111000030}
[10:36:29:765]CreateFile_ok=3372
[10:36:29:765]HidD_GetPreparsedData_ok=True
[10:36:29:765]HidP_GetCaps_ok=1114112
[10:36:29:765]	InputReportByteLength=8
[10:36:29:765]	OutputReportByteLength=515
[10:36:29:765]create_FileStream_ok
[10:36:29:771]rtk_RX_thread_start
[10:36:29:771]rtk_RX_thread.waiting...
[10:36:29:771]report__len=515
[10:36:29:771]report_data=06-01-03-00-00-00-00-00-00-00-00-00-00-00-00-00-00-00-00-00-00-00-00-00-00-00-00-00-00-00-00-00-00-00-00-00-00-00-00-00-00-00-00-00-00-00-00-00-00-00-00-00-00-00-00-00-00-00-00-00-00-00-00-00-00-00-00-00-00-00-00-00-00-00-00-00-00-00-00-00-00-00-00-00-00-00-00-00-00-00-00-00-00-00-00-00-00-00-00-00-00-00-00-00-00-00-00-00-00-00-00-00-00-00-00-00-00-00-00-00-00-00-00-00-00-00-00-00-00-00-00-00-00-00-00-00-00-00-00-00-00-00-00-00-00-00-00-00-00-00-00-00-00-00-00-00-00-00-00-00-00-00-00-00-00-00-00-00-00-00-00-00-00-00-00-00-00-00-00-00-00-00-00-00-00-00-00-00-00-00-00-00-00-00-00-00-00-00-00-00-00-00-00-00-00-00-00-00-00-00-00-00-00-00-00-00-00-00-00-00-00-00-00-00-00-00-00-00-00-00-00-00-00-00-00-00-00-00-00-00-00-00-00-00-00-00-00-00-00-00-00-00-00-00-00-00-00-00-00-00-00-00-00-00-00-00-00-00-00-00-00-00-00-00-00-00-00-00-00-00-00-00-00-00-00-00-00-00-00-00-00-00-00-00-00-00-00-00-00-00-00-00-00-00-00-00-00-00-00-00-00-00-00-00-00-00-00-00-00-00-00-00-00-00-00-00-00-00-00-00-00-00-00-00-00-00-00-00-00-00-00-00-00-00-00-00-00-00-00-00-00-00-00-00-00-00-00-00-00-00-00-00-00-00-00-00-00-00-00-00-00-00-00-00-00-00-00-00-00-00-00-00-00-00-00-00-00-00-00-00-00-00-00-00-00-00-00-00-00-00-00-00-00-00-00-00-00-00-00-00-00-00-00-00-00-00-00-00-00-00-00-00-00-00-00-00-00-00-00-00-00-00-00-00-00-00-00-00-00-00-00-00-00-00-00-00-00-00-00-00-00-00-00-00-00-00-00-00-00-00-00-00-00-00-00-00-00-00-00-00-00-00-00-00-00-00-00-00-00-00-00-00-00-00-00-00-00-00-00-00-00-00-00-00-00-00-00-00-00-00-00-00-00-00-00-00-00-00-00-00-00-00-00-00-00
[10:36:29:779]HidD_SetOutputReport_Enter_bootloader=True
[10:36:29:784][HID_TX_ack]06-5A-00-00-00-00-00-00
[10:36:29:784]path_connected=\\?\hid#vid_046d&pid_0acb&mi_03&col03#7&64d5b1&0&0002#{4d1e55b2-f16f-11cf-88cb-001111000030}
[10:36:29:787]pooling_start
[10:36:29:811]pooling_HidD_GetFeature=True,rx_len=0
[10:36:29:811][HID_TX]06-04-03-13-00-50-41-06-01-0D-00-25-34-12-5A-5A-01-00-00-00-F0-00-00-00-00-00-00-00-00-00-00-00-00-00-00-00-00-00-00-00-00-00-00-00-00-00-00-00-00-00-00-00-00-00-00-00-00-00-00-00-00-00-00-00-00-00-00-00-00-00-00-00-00-00-00-00-00-00-00-00-00-00-00-00-00-00-00-00-00-00-00-00-00-00-00-00-00-00-00-00-00-00-00-00-00-00-00-00-00-00-00-00-00-00-00-00-00-00-00-00-00-00-00-00-00-00-00-00-00-00-00-00-00-00-00-00-00-00-00-00-00-00-00-00-00-00-00-00-00-00-00-00-00-00-00-00-00-00-00-00-00-00-00-00-00-00-00-00-00-00-00-00-00-00-00-00-00-00-00-00-00-00-00-00-00-00-00-00-00-00-00-00-00-00-00-00-00-00-00-00-00-00-00-00-00-00-00-00-00-00-00-00-00-00-00-00-00-00-00-00-00-00-00-00-00-00-00-00-00-00-00-00-00-00-00-00-00-00-00-00-00-00-00-00-00-00-00-00-00-00-00-00-00-00-00-00-00-00-00-00-00-00-00-00-00-00-00-00-00-00-00-00-00-00-00-00-00-00-00-00-00-00-00-00-00-00-00-00-00-00-00-00-00-00-00-00-00-00-00-00-00-00-00-00-00-00-00-00-00-00-00-00-00-00-00-00-00-00-00-00-00-00-00-00-00-00-00-00-00-00-00-00-00-00-00-00-00-00-00-00-00-00-00-00-00-00-00-00-00-00-00-00-00-00-00-00-00-00-00-00-00-00-00-00-00-00-00-00-00-00-00-00-00-00-00-00-00-00-00-00-00-00-00-00-00-00-00-00-00-00-00-00-00-00-00-00-00-00-00-00-00-00-00-00-00-00-00-00-00-00-00-00-00-00-00-00-00-00-00-00-00-00-00-00-00-00-00-00-00-00-00-00-00-00-00-00-00-00-00-00-00-00-00-00-00-00-00-00-00-00-00-00-00-00-00-00-00-00-00-00-00-00-00-00-00-00-00-00-00-00-00-00-00-00-00-00-00-00-00-00-00-00-00-00-00-00-00-00-00-00-00-00-00-00-00-00-00-00-00-00-00-00-00-00-00-00-00-00-00-00-00-00-00-00-00
[10:36:29:823]HidD_SetOutputReport=True
[10:36:29:827][HID_TX_ack]06-5A-00-00-00-00-00-00
[10:36:29:827]50-41-06-01-0D-00-25-34-12-5A-5A-01-00-00-00-F0-00-00-00 [CMD_SENT][OTA_CMD_IOCTL][READ_MAX_LEN=240]
[10:36:29:852]HidD_GetFeature=True,rx_len=17
[10:36:29:852][HID_RX]06-50-49-01-C0-50-BE-21-00-07-00-06-81-00-F0-00-00-00-FF-FF-FF-FF-FF-FF-FF-FF-FF-FF-FF-FF-FF-FF-FF-FF-FF-FF-FF-FF-FF-FF-FF-FF-FF-FF-FF-FF-FF-FF-FF-FF-FF-FF-FF-FF-FF-FF-FF-FF-FF-FF-FF-FF-FF-11
[10:36:29:852][HID_RX_data]50-49-01-C0-50-BE-21-00-07-00-06-81-00-F0-00-00-00
[10:36:29:855]50-49-01-C0-50-BE-21-00-07-00-06-81-00-F0-00-00-00
[10:36:29:855]hasPulse=True
[10:36:29:855]rtk_RX_thread.waiting...
[10:36:29:870][HID_TX]06-04-03-06-00-50-41-0E-02-01-E3-00-00-00-00-00-00-00-00-00-00-00-00-00-00-00-00-00-00-00-00-00-00-00-00-00-00-00-00-00-00-00-00-00-00-00-00-00-00-00-00-00-00-00-00-00-00-00-00-00-00-00-00-00-00-00-00-00-00-00-00-00-00-00-00-00-00-00-00-00-00-00-00-00-00-00-00-00-00-00-00-00-00-00-00-00-00-00-00-00-00-00-00-00-00-00-00-00-00-00-00-00-00-00-00-00-00-00-00-00-00-00-00-00-00-00-00-00-00-00-00-00-00-00-00-00-00-00-00-00-00-00-00-00-00-00-00-00-00-00-00-00-00-00-00-00-00-00-00-00-00-00-00-00-00-00-00-00-00-00-00-00-00-00-00-00-00-00-00-00-00-00-00-00-00-00-00-00-00-00-00-00-00-00-00-00-00-00-00-00-00-00-00-00-00-00-00-00-00-00-00-00-00-00-00-00-00-00-00-00-00-00-00-00-00-00-00-00-00-00-00-00-00-00-00-00-00-00-00-00-00-00-00-00-00-00-00-00-00-00-00-00-00-00-00-00-00-00-00-00-00-00-00-00-00-00-00-00-00-00-00-00-00-00-00-00-00-00-00-00-00-00-00-00-00-00-00-00-00-00-00-00-00-00-00-00-00-00-00-00-00-00-00-00-00-00-00-00-00-00-00-00-00-00-00-00-00-00-00-00-00-00-00-00-00-00-00-00-00-00-00-00-00-00-00-00-00-00-00-00-00-00-00-00-00-00-00-00-00-00-00-00-00-00-00-00-00-00-00-00-00-00-00-00-00-00-00-00-00-00-00-00-00-00-00-00-00-00-00-00-00-00-00-00-00-00-00-00-00-00-00-00-00-00-00-00-00-00-00-00-00-00-00-00-00-00-00-00-00-00-00-00-00-00-00-00-00-00-00-00-00-00-00-00-00-00-00-00-00-00-00-00-00-00-00-00-00-00-00-00-00-00-00-00-00-00-00-00-00-00-00-00-00-00-00-00-00-00-00-00-00-00-00-00-00-00-00-00-00-00-00-00-00-00-00-00-00-00-00-00-00-00-00-00-00-00-00-00-00-00-00-00-00-00-00-00-00-00-00-00-00-00-00-00-00-00-00-00-00-00-00-00-00-00-00
[10:36:29:879]HidD_SetOutputReport=True
[10:36:29:886][HID_TX_ack]06-5A-00-00-00-00-00-00
[10:36:29:886]50-41-0E-02-01-E3 [CMD_SENT][REMOTE_GET_CONNECT_STATUS]
[10:36:29:911]HidD_GetFeature=True,rx_len=13
[10:36:29:911][HID_RX]06-50-49-01-C0-7B-BE-21-00-03-00-0E-82-00-FF-FF-FF-FF-FF-FF-FF-FF-FF-FF-FF-FF-FF-FF-FF-FF-FF-FF-FF-FF-FF-FF-FF-FF-FF-FF-FF-FF-FF-FF-FF-FF-FF-FF-FF-FF-FF-FF-FF-FF-FF-FF-FF-FF-FF-FF-FF-FF-FF-0D
[10:36:29:911][HID_RX_data]50-49-01-C0-7B-BE-21-00-03-00-0E-82-00
[10:36:29:911]50-49-01-C0-7B-BE-21-00-03-00-0E-82-00
[10:36:29:911]hasPulse=False
[10:36:29:939]HidD_GetFeature=True,rx_len=2
[10:36:29:939][HID_RX]06-50-49-FF-FF-FF-FF-FF-FF-FF-FF-FF-FF-FF-FF-FF-FF-FF-FF-FF-FF-FF-FF-FF-FF-FF-FF-FF-FF-FF-FF-FF-FF-FF-FF-FF-FF-FF-FF-FF-FF-FF-FF-FF-FF-FF-FF-FF-FF-FF-FF-FF-FF-FF-FF-FF-FF-FF-FF-FF-FF-FF-FF-02
[10:36:29:939][HID_RX_data]50-49
[10:36:29:939]hasPulse=False
[10:36:29:969]HidD_GetFeature=True,rx_len=10
[10:36:29:969][HID_RX]06-0E-F8-00-00-00-00-02-00-E3-01-FF-FF-FF-FF-FF-FF-FF-FF-FF-FF-FF-FF-FF-FF-FF-FF-FF-FF-FF-FF-FF-FF-FF-FF-FF-FF-FF-FF-FF-FF-FF-FF-FF-FF-FF-FF-FF-FF-FF-FF-FF-FF-FF-FF-FF-FF-FF-FF-FF-FF-FF-FF-0A
[10:36:29:969][HID_RX_data]0E-F8-00-00-00-00-02-00-E3-01
[10:36:29:969]50-49-0E-F8-00-00-00-00-02-00-E3-01-
[10:36:29:969]REMOTE_GET_CONNECT_STATUS=01
[10:36:29:969]hasPulse=True
[10:36:29:969]rtk_RX_thread.waiting...
[10:36:29:969][HID_TX]06-04-03-07-00-50-41-0E-03-02-E1-00-00-00-00-00-00-00-00-00-00-00-00-00-00-00-00-00-00-00-00-00-00-00-00-00-00-00-00-00-00-00-00-00-00-00-00-00-00-00-00-00-00-00-00-00-00-00-00-00-00-00-00-00-00-00-00-00-00-00-00-00-00-00-00-00-00-00-00-00-00-00-00-00-00-00-00-00-00-00-00-00-00-00-00-00-00-00-00-00-00-00-00-00-00-00-00-00-00-00-00-00-00-00-00-00-00-00-00-00-00-00-00-00-00-00-00-00-00-00-00-00-00-00-00-00-00-00-00-00-00-00-00-00-00-00-00-00-00-00-00-00-00-00-00-00-00-00-00-00-00-00-00-00-00-00-00-00-00-00-00-00-00-00-00-00-00-00-00-00-00-00-00-00-00-00-00-00-00-00-00-00-00-00-00-00-00-00-00-00-00-00-00-00-00-00-00-00-00-00-00-00-00-00-00-00-00-00-00-00-00-00-00-00-00-00-00-00-00-00-00-00-00-00-00-00-00-00-00-00-00-00-00-00-00-00-00-00-00-00-00-00-00-00-00-00-00-00-00-00-00-00-00-00-00-00-00-00-00-00-00-00-00-00-00-00-00-00-00-00-00-00-00-00-00-00-00-00-00-00-00-00-00-00-00-00-00-00-00-00-00-00-00-00-00-00-00-00-00-00-00-00-00-00-00-00-00-00-00-00-00-00-00-00-00-00-00-00-00-00-00-00-00-00-00-00-00-00-00-00-00-00-00-00-00-00-00-00-00-00-00-00-00-00-00-00-00-00-00-00-00-00-00-00-00-00-00-00-00-00-00-00-00-00-00-00-00-00-00-00-00-00-00-00-00-00-00-00-00-00-00-00-00-00-00-00-00-00-00-00-00-00-00-00-00-00-00-00-00-00-00-00-00-00-00-00-00-00-00-00-00-00-00-00-00-00-00-00-00-00-00-00-00-00-00-00-00-00-00-00-00-00-00-00-00-00-00-00-00-00-00-00-00-00-00-00-00-00-00-00-00-00-00-00-00-00-00-00-00-00-00-00-00-00-00-00-00-00-00-00-00-00-00-00-00-00-00-00-00-00-00-00-00-00-00-00-00-00-00-00-00-00-00-00-00-00-00-00-00-00-00-00-00-00-00
[10:36:29:980]HidD_SetOutputReport=True
[10:36:29:983][HID_TX_ack]06-5A-00-00-00-00-00-00
[10:36:29:983]50-41-0E-03-02-E1-00 [CMD_SENT][REMOTE_SET_MODE] is_remote=False
[10:36:30:008]HidD_GetFeature=True,rx_len=13
[10:36:30:008][HID_RX]06-50-49-01-C0-CD-BE-21-00-03-00-0E-83-00-FF-FF-FF-FF-FF-FF-FF-FF-FF-FF-FF-FF-FF-FF-FF-FF-FF-FF-FF-FF-FF-FF-FF-FF-FF-FF-FF-FF-FF-FF-FF-FF-FF-FF-FF-FF-FF-FF-FF-FF-FF-FF-FF-FF-FF-FF-FF-FF-FF-0D
[10:36:30:008][HID_RX_data]50-49-01-C0-CD-BE-21-00-03-00-0E-83-00
[10:36:30:008]50-49-01-C0-CD-BE-21-00-03-00-0E-83-00
[10:36:30:008]hasPulse=True
[10:36:30:008]rtk_RX_thread.waiting...
[10:36:30:008][HID_TX]06-04-03-13-00-50-41-06-04-0D-00-25-34-12-5A-5A-01-00-00-00-F0-00-00-00-00-00-00-00-00-00-00-00-00-00-00-00-00-00-00-00-00-00-00-00-00-00-00-00-00-00-00-00-00-00-00-00-00-00-00-00-00-00-00-00-00-00-00-00-00-00-00-00-00-00-00-00-00-00-00-00-00-00-00-00-00-00-00-00-00-00-00-00-00-00-00-00-00-00-00-00-00-00-00-00-00-00-00-00-00-00-00-00-00-00-00-00-00-00-00-00-00-00-00-00-00-00-00-00-00-00-00-00-00-00-00-00-00-00-00-00-00-00-00-00-00-00-00-00-00-00-00-00-00-00-00-00-00-00-00-00-00-00-00-00-00-00-00-00-00-00-00-00-00-00-00-00-00-00-00-00-00-00-00-00-00-00-00-00-00-00-00-00-00-00-00-00-00-00-00-00-00-00-00-00-00-00-00-00-00-00-00-00-00-00-00-00-00-00-00-00-00-00-00-00-00-00-00-00-00-00-00-00-00-00-00-00-00-00-00-00-00-00-00-00-00-00-00-00-00-00-00-00-00-00-00-00-00-00-00-00-00-00-00-00-00-00-00-00-00-00-00-00-00-00-00-00-00-00-00-00-00-00-00-00-00-00-00-00-00-00-00-00-00-00-00-00-00-00-00-00-00-00-00-00-00-00-00-00-00-00-00-00-00-00-00-00-00-00-00-00-00-00-00-00-00-00-00-00-00-00-00-00-00-00-00-00-00-00-00-00-00-00-00-00-00-00-00-00-00-00-00-00-00-00-00-00-00-00-00-00-00-00-00-00-00-00-00-00-00-00-00-00-00-00-00-00-00-00-00-00-00-00-00-00-00-00-00-00-00-00-00-00-00-00-00-00-00-00-00-00-00-00-00-00-00-00-00-00-00-00-00-00-00-00-00-00-00-00-00-00-00-00-00-00-00-00-00-00-00-00-00-00-00-00-00-00-00-00-00-00-00-00-00-00-00-00-00-00-00-00-00-00-00-00-00-00-00-00-00-00-00-00-00-00-00-00-00-00-00-00-00-00-00-00-00-00-00-00-00-00-00-00-00-00-00-00-00-00-00-00-00-00-00-00-00-00-00-00-00-00-00-00-00-00-00-00-00-00-00-00-00-00-00-00-00
[10:36:30:020]HidD_SetOutputReport=True
[10:36:30:023][HID_TX_ack]06-5A-00-00-00-00-00-00
[10:36:30:024]50-41-06-04-0D-00-25-34-12-5A-5A-01-00-00-00-F0-00-00-00 [CMD_SENT][OTA_CMD_IOCTL][READ_MAX_LEN=240]
[10:36:30:048]HidD_GetFeature=True,rx_len=17
[10:36:30:048][HID_RX]06-50-49-01-C0-ED-BE-21-00-07-00-06-84-00-F0-00-00-00-FF-FF-FF-FF-FF-FF-FF-FF-FF-FF-FF-FF-FF-FF-FF-FF-FF-FF-FF-FF-FF-FF-FF-FF-FF-FF-FF-FF-FF-FF-FF-FF-FF-FF-FF-FF-FF-FF-FF-FF-FF-FF-FF-FF-FF-11
[10:36:30:048][HID_RX_data]50-49-01-C0-ED-BE-21-00-07-00-06-84-00-F0-00-00-00
[10:36:30:048]50-49-01-C0-ED-BE-21-00-07-00-06-84-00-F0-00-00-00
[10:36:30:048]hasPulse=True
[10:36:30:048]rtk_RX_thread.waiting...
[10:36:30:062][HID_TX]06-04-03-06-00-50-41-0E-05-01-E0-00-00-00-00-00-00-00-00-00-00-00-00-00-00-00-00-00-00-00-00-00-00-00-00-00-00-00-00-00-00-00-00-00-00-00-00-00-00-00-00-00-00-00-00-00-00-00-00-00-00-00-00-00-00-00-00-00-00-00-00-00-00-00-00-00-00-00-00-00-00-00-00-00-00-00-00-00-00-00-00-00-00-00-00-00-00-00-00-00-00-00-00-00-00-00-00-00-00-00-00-00-00-00-00-00-00-00-00-00-00-00-00-00-00-00-00-00-00-00-00-00-00-00-00-00-00-00-00-00-00-00-00-00-00-00-00-00-00-00-00-00-00-00-00-00-00-00-00-00-00-00-00-00-00-00-00-00-00-00-00-00-00-00-00-00-00-00-00-00-00-00-00-00-00-00-00-00-00-00-00-00-00-00-00-00-00-00-00-00-00-00-00-00-00-00-00-00-00-00-00-00-00-00-00-00-00-00-00-00-00-00-00-00-00-00-00-00-00-00-00-00-00-00-00-00-00-00-00-00-00-00-00-00-00-00-00-00-00-00-00-00-00-00-00-00-00-00-00-00-00-00-00-00-00-00-00-00-00-00-00-00-00-00-00-00-00-00-00-00-00-00-00-00-00-00-00-00-00-00-00-00-00-00-00-00-00-00-00-00-00-00-00-00-00-00-00-00-00-00-00-00-00-00-00-00-00-00-00-00-00-00-00-00-00-00-00-00-00-00-00-00-00-00-00-00-00-00-00-00-00-00-00-00-00-00-00-00-00-00-00-00-00-00-00-00-00-00-00-00-00-00-00-00-00-00-00-00-00-00-00-00-00-00-00-00-00-00-00-00-00-00-00-00-00-00-00-00-00-00-00-00-00-00-00-00-00-00-00-00-00-00-00-00-00-00-00-00-00-00-00-00-00-00-00-00-00-00-00-00-00-00-00-00-00-00-00-00-00-00-00-00-00-00-00-00-00-00-00-00-00-00-00-00-00-00-00-00-00-00-00-00-00-00-00-00-00-00-00-00-00-00-00-00-00-00-00-00-00-00-00-00-00-00-00-00-00-00-00-00-00-00-00-00-00-00-00-00-00-00-00-00-00-00-00-00-00-00-00-00-00-00-00-00-00-00-00-00-00-00-00-00-00-00-00
[10:36:30:068]HidD_SetOutputReport=True
[10:36:30:071][HID_TX_ack]06-5A-00-00-00-00-00-00
[10:36:30:072]50-41-0E-05-01-E0 [CMD_SENT][REMOTE_GET_MODE]
[10:36:30:096]HidD_GetFeature=True,rx_len=13
[10:36:30:096][HID_RX]06-50-49-01-C0-14-BF-21-00-03-00-0E-85-00-FF-FF-FF-FF-FF-FF-FF-FF-FF-FF-FF-FF-FF-FF-FF-FF-FF-FF-FF-FF-FF-FF-FF-FF-FF-FF-FF-FF-FF-FF-FF-FF-FF-FF-FF-FF-FF-FF-FF-FF-FF-FF-FF-FF-FF-FF-FF-FF-FF-0D
[10:36:30:096][HID_RX_data]50-49-01-C0-14-BF-21-00-03-00-0E-85-00
[10:36:30:096]50-49-01-C0-14-BF-21-00-03-00-0E-85-00
[10:36:30:096]hasPulse=False
[10:36:30:125]HidD_GetFeature=True,rx_len=12
[10:36:30:125][HID_RX]06-50-49-0E-F9-00-00-00-00-02-00-E0-00-FF-FF-FF-FF-FF-FF-FF-FF-FF-FF-FF-FF-FF-FF-FF-FF-FF-FF-FF-FF-FF-FF-FF-FF-FF-FF-FF-FF-FF-FF-FF-FF-FF-FF-FF-FF-FF-FF-FF-FF-FF-FF-FF-FF-FF-FF-FF-FF-FF-FF-0C
[10:36:30:125][HID_RX_data]50-49-0E-F9-00-00-00-00-02-00-E0-00
[10:36:30:125]50-49-0E-F9-00-00-00-00-02-00-E0-00-
[10:36:30:125]hasPulse=True
[10:36:30:125]rtk_RX_thread.waiting...
[10:36:30:125]REMOTE_GET_MODE=00
[10:36:30:125][HID_TX]06-04-03-07-00-50-41-06-06-01-00-32-00-00-00-00-00-00-00-00-00-00-00-00-00-00-00-00-00-00-00-00-00-00-00-00-00-00-00-00-00-00-00-00-00-00-00-00-00-00-00-00-00-00-00-00-00-00-00-00-00-00-00-00-00-00-00-00-00-00-00-00-00-00-00-00-00-00-00-00-00-00-00-00-00-00-00-00-00-00-00-00-00-00-00-00-00-00-00-00-00-00-00-00-00-00-00-00-00-00-00-00-00-00-00-00-00-00-00-00-00-00-00-00-00-00-00-00-00-00-00-00-00-00-00-00-00-00-00-00-00-00-00-00-00-00-00-00-00-00-00-00-00-00-00-00-00-00-00-00-00-00-00-00-00-00-00-00-00-00-00-00-00-00-00-00-00-00-00-00-00-00-00-00-00-00-00-00-00-00-00-00-00-00-00-00-00-00-00-00-00-00-00-00-00-00-00-00-00-00-00-00-00-00-00-00-00-00-00-00-00-00-00-00-00-00-00-00-00-00-00-00-00-00-00-00-00-00-00-00-00-00-00-00-00-00-00-00-00-00-00-00-00-00-00-00-00-00-00-00-00-00-00-00-00-00-00-00-00-00-00-00-00-00-00-00-00-00-00-00-00-00-00-00-00-00-00-00-00-00-00-00-00-00-00-00-00-00-00-00-00-00-00-00-00-00-00-00-00-00-00-00-00-00-00-00-00-00-00-00-00-00-00-00-00-00-00-00-00-00-00-00-00-00-00-00-00-00-00-00-00-00-00-00-00-00-00-00-00-00-00-00-00-00-00-00-00-00-00-00-00-00-00-00-00-00-00-00-00-00-00-00-00-00-00-00-00-00-00-00-00-00-00-00-00-00-00-00-00-00-00-00-00-00-00-00-00-00-00-00-00-00-00-00-00-00-00-00-00-00-00-00-00-00-00-00-00-00-00-00-00-00-00-00-00-00-00-00-00-00-00-00-00-00-00-00-00-00-00-00-00-00-00-00-00-00-00-00-00-00-00-00-00-00-00-00-00-00-00-00-00-00-00-00-00-00-00-00-00-00-00-00-00-00-00-00-00-00-00-00-00-00-00-00-00-00-00-00-00-00-00-00-00-00-00-00-00-00-00-00-00-00-00-00-00-00-00-00-00-00-00-00-00-00-00
[10:36:30:136]HidD_SetOutputReport=True
[10:36:30:139][HID_TX_ack]06-5A-00-00-00-00-00-00
[10:36:30:140]50-41-06-06-01-00-32 [CMD_SENT][GET_RSSI]
[10:36:30:164]HidD_GetFeature=True,rx_len=17
[10:36:30:164][HID_RX]06-50-49-01-C0-4A-BF-21-00-07-00-06-86-00-C9-C9-80-80-FF-FF-FF-FF-FF-FF-FF-FF-FF-FF-FF-FF-FF-FF-FF-FF-FF-FF-FF-FF-FF-FF-FF-FF-FF-FF-FF-FF-FF-FF-FF-FF-FF-FF-FF-FF-FF-FF-FF-FF-FF-FF-FF-FF-FF-11
[10:36:30:164][HID_RX_data]50-49-01-C0-4A-BF-21-00-07-00-06-86-00-C9-C9-80-80
[10:36:30:164]50-49-01-C0-4A-BF-21-00-07-00-06-86-00-C9-C9-80-80
[10:36:30:164]hasPulse=True
[10:36:30:164]rtk_RX_thread.waiting...
[10:36:30:178][HID_TX]06-04-03-06-00-50-41-0E-07-01-E3-00-00-00-00-00-00-00-00-00-00-00-00-00-00-00-00-00-00-00-00-00-00-00-00-00-00-00-00-00-00-00-00-00-00-00-00-00-00-00-00-00-00-00-00-00-00-00-00-00-00-00-00-00-00-00-00-00-00-00-00-00-00-00-00-00-00-00-00-00-00-00-00-00-00-00-00-00-00-00-00-00-00-00-00-00-00-00-00-00-00-00-00-00-00-00-00-00-00-00-00-00-00-00-00-00-00-00-00-00-00-00-00-00-00-00-00-00-00-00-00-00-00-00-00-00-00-00-00-00-00-00-00-00-00-00-00-00-00-00-00-00-00-00-00-00-00-00-00-00-00-00-00-00-00-00-00-00-00-00-00-00-00-00-00-00-00-00-00-00-00-00-00-00-00-00-00-00-00-00-00-00-00-00-00-00-00-00-00-00-00-00-00-00-00-00-00-00-00-00-00-00-00-00-00-00-00-00-00-00-00-00-00-00-00-00-00-00-00-00-00-00-00-00-00-00-00-00-00-00-00-00-00-00-00-00-00-00-00-00-00-00-00-00-00-00-00-00-00-00-00-00-00-00-00-00-00-00-00-00-00-00-00-00-00-00-00-00-00-00-00-00-00-00-00-00-00-00-00-00-00-00-00-00-00-00-00-00-00-00-00-00-00-00-00-00-00-00-00-00-00-00-00-00-00-00-00-00-00-00-00-00-00-00-00-00-00-00-00-00-00-00-00-00-00-00-00-00-00-00-00-00-00-00-00-00-00-00-00-00-00-00-00-00-00-00-00-00-00-00-00-00-00-00-00-00-00-00-00-00-00-00-00-00-00-00-00-00-00-00-00-00-00-00-00-00-00-00-00-00-00-00-00-00-00-00-00-00-00-00-00-00-00-00-00-00-00-00-00-00-00-00-00-00-00-00-00-00-00-00-00-00-00-00-00-00-00-00-00-00-00-00-00-00-00-00-00-00-00-00-00-00-00-00-00-00-00-00-00-00-00-00-00-00-00-00-00-00-00-00-00-00-00-00-00-00-00-00-00-00-00-00-00-00-00-00-00-00-00-00-00-00-00-00-00-00-00-00-00-00-00-00-00-00-00-00-00-00-00-00-00-00-00-00-00-00-00-00-00-00-00-00-00-00-00
[10:36:30:188]HidD_SetOutputReport=True
[10:36:30:191][HID_TX_ack]06-5A-00-00-00-00-00-00
[10:36:30:191]50-41-0E-07-01-E3 [CMD_SENT][REMOTE_GET_CONNECT_STATUS]
[10:36:30:216]HidD_GetFeature=True,rx_len=13
[10:36:30:216][HID_RX]06-50-49-01-C0-71-BF-21-00-03-00-0E-87-00-FF-FF-FF-FF-FF-FF-FF-FF-FF-FF-FF-FF-FF-FF-FF-FF-FF-FF-FF-FF-FF-FF-FF-FF-FF-FF-FF-FF-FF-FF-FF-FF-FF-FF-FF-FF-FF-FF-FF-FF-FF-FF-FF-FF-FF-FF-FF-FF-FF-0D
[10:36:30:216][HID_RX_data]50-49-01-C0-71-BF-21-00-03-00-0E-87-00
[10:36:30:216]50-49-01-C0-71-BF-21-00-03-00-0E-87-00
[10:36:30:216]hasPulse=False
[10:36:30:245]HidD_GetFeature=True,rx_len=12
[10:36:30:245][HID_RX]06-50-49-0E-FA-00-00-00-00-02-00-E3-01-FF-FF-FF-FF-FF-FF-FF-FF-FF-FF-FF-FF-FF-FF-FF-FF-FF-FF-FF-FF-FF-FF-FF-FF-FF-FF-FF-FF-FF-FF-FF-FF-FF-FF-FF-FF-FF-FF-FF-FF-FF-FF-FF-FF-FF-FF-FF-FF-FF-FF-0C
[10:36:30:245][HID_RX_data]50-49-0E-FA-00-00-00-00-02-00-E3-01
[10:36:30:245]50-49-0E-FA-00-00-00-00-02-00-E3-01-
[10:36:30:245]hasPulse=True
[10:36:30:245]rtk_RX_thread.waiting...
[10:36:30:245]REMOTE_GET_CONNECT_STATUS=01
[10:36:30:245][HID_TX]06-04-03-07-00-50-41-0E-08-02-E1-01-00-00-00-00-00-00-00-00-00-00-00-00-00-00-00-00-00-00-00-00-00-00-00-00-00-00-00-00-00-00-00-00-00-00-00-00-00-00-00-00-00-00-00-00-00-00-00-00-00-00-00-00-00-00-00-00-00-00-00-00-00-00-00-00-00-00-00-00-00-00-00-00-00-00-00-00-00-00-00-00-00-00-00-00-00-00-00-00-00-00-00-00-00-00-00-00-00-00-00-00-00-00-00-00-00-00-00-00-00-00-00-00-00-00-00-00-00-00-00-00-00-00-00-00-00-00-00-00-00-00-00-00-00-00-00-00-00-00-00-00-00-00-00-00-00-00-00-00-00-00-00-00-00-00-00-00-00-00-00-00-00-00-00-00-00-00-00-00-00-00-00-00-00-00-00-00-00-00-00-00-00-00-00-00-00-00-00-00-00-00-00-00-00-00-00-00-00-00-00-00-00-00-00-00-00-00-00-00-00-00-00-00-00-00-00-00-00-00-00-00-00-00-00-00-00-00-00-00-00-00-00-00-00-00-00-00-00-00-00-00-00-00-00-00-00-00-00-00-00-00-00-00-00-00-00-00-00-00-00-00-00-00-00-00-00-00-00-00-00-00-00-00-00-00-00-00-00-00-00-00-00-00-00-00-00-00-00-00-00-00-00-00-00-00-00-00-00-00-00-00-00-00-00-00-00-00-00-00-00-00-00-00-00-00-00-00-00-00-00-00-00-00-00-00-00-00-00-00-00-00-00-00-00-00-00-00-00-00-00-00-00-00-00-00-00-00-00-00-00-00-00-00-00-00-00-00-00-00-00-00-00-00-00-00-00-00-00-00-00-00-00-00-00-00-00-00-00-00-00-00-00-00-00-00-00-00-00-00-00-00-00-00-00-00-00-00-00-00-00-00-00-00-00-00-00-00-00-00-00-00-00-00-00-00-00-00-00-00-00-00-00-00-00-00-00-00-00-00-00-00-00-00-00-00-00-00-00-00-00-00-00-00-00-00-00-00-00-00-00-00-00-00-00-00-00-00-00-00-00-00-00-00-00-00-00-00-00-00-00-00-00-00-00-00-00-00-00-00-00-00-00-00-00-00-00-00-00-00-00-00-00-00-00-00-00-00-00-00-00-00-00-00-00
[10:36:30:256]HidD_SetOutputReport=True
[10:36:30:260][HID_TX_ack]06-5A-00-00-00-00-00-00
[10:36:30:260]50-41-0E-08-02-E1-01 [CMD_SENT][REMOTE_SET_MODE] is_remote=True
[10:36:30:284]HidD_GetFeature=True,rx_len=13
[10:36:30:284][HID_RX]06-50-49-01-C0-AA-BF-21-00-03-00-0E-88-00-FF-FF-FF-FF-FF-FF-FF-FF-FF-FF-FF-FF-FF-FF-FF-FF-FF-FF-FF-FF-FF-FF-FF-FF-FF-FF-FF-FF-FF-FF-FF-FF-FF-FF-FF-FF-FF-FF-FF-FF-FF-FF-FF-FF-FF-FF-FF-FF-FF-0D
[10:36:30:284][HID_RX_data]50-49-01-C0-AA-BF-21-00-03-00-0E-88-00
[10:36:30:284]50-49-01-C0-AA-BF-21-00-03-00-0E-88-00
[10:36:30:284]hasPulse=True
[10:36:30:284]rtk_RX_thread.waiting...
[10:36:30:284][HID_TX]06-04-03-13-00-50-41-06-09-0D-00-25-34-12-5A-5A-01-00-00-00-F0-00-00-00-00-00-00-00-00-00-00-00-00-00-00-00-00-00-00-00-00-00-00-00-00-00-00-00-00-00-00-00-00-00-00-00-00-00-00-00-00-00-00-00-00-00-00-00-00-00-00-00-00-00-00-00-00-00-00-00-00-00-00-00-00-00-00-00-00-00-00-00-00-00-00-00-00-00-00-00-00-00-00-00-00-00-00-00-00-00-00-00-00-00-00-00-00-00-00-00-00-00-00-00-00-00-00-00-00-00-00-00-00-00-00-00-00-00-00-00-00-00-00-00-00-00-00-00-00-00-00-00-00-00-00-00-00-00-00-00-00-00-00-00-00-00-00-00-00-00-00-00-00-00-00-00-00-00-00-00-00-00-00-00-00-00-00-00-00-00-00-00-00-00-00-00-00-00-00-00-00-00-00-00-00-00-00-00-00-00-00-00-00-00-00-00-00-00-00-00-00-00-00-00-00-00-00-00-00-00-00-00-00-00-00-00-00-00-00-00-00-00-00-00-00-00-00-00-00-00-00-00-00-00-00-00-00-00-00-00-00-00-00-00-00-00-00-00-00-00-00-00-00-00-00-00-00-00-00-00-00-00-00-00-00-00-00-00-00-00-00-00-00-00-00-00-00-00-00-00-00-00-00-00-00-00-00-00-00-00-00-00-00-00-00-00-00-00-00-00-00-00-00-00-00-00-00-00-00-00-00-00-00-00-00-00-00-00-00-00-00-00-00-00-00-00-00-00-00-00-00-00-00-00-00-00-00-00-00-00-00-00-00-00-00-00-00-00-00-00-00-00-00-00-00-00-00-00-00-00-00-00-00-00-00-00-00-00-00-00-00-00-00-00-00-00-00-00-00-00-00-00-00-00-00-00-00-00-00-00-00-00-00-00-00-00-00-00-00-00-00-00-00-00-00-00-00-00-00-00-00-00-00-00-00-00-00-00-00-00-00-00-00-00-00-00-00-00-00-00-00-00-00-00-00-00-00-00-00-00-00-00-00-00-00-00-00-00-00-00-00-00-00-00-00-00-00-00-00-00-00-00-00-00-00-00-00-00-00-00-00-00-00-00-00-00-00-00-00-00-00-00-00-00-00-00-00-00-00-00-00-00-00-00-00
[10:36:30:296]HidD_SetOutputReport=True
[10:36:30:300][HID_TX_ack]06-5A-00-00-00-00-00-00
[10:36:30:300]50-41-06-09-0D-00-25-34-12-5A-5A-01-00-00-00-F0-00-00-00 [CMD_SENT][OTA_CMD_IOCTL][READ_MAX_LEN=240]
[10:36:30:324]HidD_GetFeature=True,rx_len=17
[10:36:30:324][HID_RX]06-50-49-01-FB-5A-67-21-00-07-00-06-89-00-F0-00-00-00-FF-FF-FF-FF-FF-FF-FF-FF-FF-FF-FF-FF-FF-FF-FF-FF-FF-FF-FF-FF-FF-FF-FF-FF-FF-FF-FF-FF-FF-FF-FF-FF-FF-FF-FF-FF-FF-FF-FF-FF-FF-FF-FF-FF-FF-11
[10:36:30:324][HID_RX_data]50-49-01-FB-5A-67-21-00-07-00-06-89-00-F0-00-00-00
[10:36:30:324]50-49-01-FB-5A-67-21-00-07-00-06-89-00-F0-00-00-00
[10:36:30:324]hasPulse=True
[10:36:30:324]rtk_RX_thread.waiting...
[10:36:30:338][HID_TX]06-04-03-06-00-50-41-0E-0A-01-E0-00-00-00-00-00-00-00-00-00-00-00-00-00-00-00-00-00-00-00-00-00-00-00-00-00-00-00-00-00-00-00-00-00-00-00-00-00-00-00-00-00-00-00-00-00-00-00-00-00-00-00-00-00-00-00-00-00-00-00-00-00-00-00-00-00-00-00-00-00-00-00-00-00-00-00-00-00-00-00-00-00-00-00-00-00-00-00-00-00-00-00-00-00-00-00-00-00-00-00-00-00-00-00-00-00-00-00-00-00-00-00-00-00-00-00-00-00-00-00-00-00-00-00-00-00-00-00-00-00-00-00-00-00-00-00-00-00-00-00-00-00-00-00-00-00-00-00-00-00-00-00-00-00-00-00-00-00-00-00-00-00-00-00-00-00-00-00-00-00-00-00-00-00-00-00-00-00-00-00-00-00-00-00-00-00-00-00-00-00-00-00-00-00-00-00-00-00-00-00-00-00-00-00-00-00-00-00-00-00-00-00-00-00-00-00-00-00-00-00-00-00-00-00-00-00-00-00-00-00-00-00-00-00-00-00-00-00-00-00-00-00-00-00-00-00-00-00-00-00-00-00-00-00-00-00-00-00-00-00-00-00-00-00-00-00-00-00-00-00-00-00-00-00-00-00-00-00-00-00-00-00-00-00-00-00-00-00-00-00-00-00-00-00-00-00-00-00-00-00-00-00-00-00-00-00-00-00-00-00-00-00-00-00-00-00-00-00-00-00-00-00-00-00-00-00-00-00-00-00-00-00-00-00-00-00-00-00-00-00-00-00-00-00-00-00-00-00-00-00-00-00-00-00-00-00-00-00-00-00-00-00-00-00-00-00-00-00-00-00-00-00-00-00-00-00-00-00-00-00-00-00-00-00-00-00-00-00-00-00-00-00-00-00-00-00-00-00-00-00-00-00-00-00-00-00-00-00-00-00-00-00-00-00-00-00-00-00-00-00-00-00-00-00-00-00-00-00-00-00-00-00-00-00-00-00-00-00-00-00-00-00-00-00-00-00-00-00-00-00-00-00-00-00-00-00-00-00-00-00-00-00-00-00-00-00-00-00-00-00-00-00-00-00-00-00-00-00-00-00-00-00-00-00-00-00-00-00-00-00-00-00-00-00-00-00-00-00-00-00-00-00-00-00-00
[10:36:30:344]HidD_SetOutputReport=True
[10:36:30:347][HID_TX_ack]06-5A-00-00-00-00-00-00
[10:36:30:348]50-41-0E-0A-01-E0 [CMD_SENT][REMOTE_GET_MODE]
[10:36:30:372]HidD_GetFeature=True,rx_len=13
[10:36:30:372][HID_RX]06-50-49-01-C0-F1-BF-21-00-03-00-0E-8A-00-FF-FF-FF-FF-FF-FF-FF-FF-FF-FF-FF-FF-FF-FF-FF-FF-FF-FF-FF-FF-FF-FF-FF-FF-FF-FF-FF-FF-FF-FF-FF-FF-FF-FF-FF-FF-FF-FF-FF-FF-FF-FF-FF-FF-FF-FF-FF-FF-FF-0D
[10:36:30:372][HID_RX_data]50-49-01-C0-F1-BF-21-00-03-00-0E-8A-00
[10:36:30:372]50-49-01-C0-F1-BF-21-00-03-00-0E-8A-00
[10:36:30:372]hasPulse=False
[10:36:30:401]HidD_GetFeature=True,rx_len=12
[10:36:30:401][HID_RX]06-50-49-0E-FC-00-00-00-00-02-00-E0-01-FF-FF-FF-FF-FF-FF-FF-FF-FF-FF-FF-FF-FF-FF-FF-FF-FF-FF-FF-FF-FF-FF-FF-FF-FF-FF-FF-FF-FF-FF-FF-FF-FF-FF-FF-FF-FF-FF-FF-FF-FF-FF-FF-FF-FF-FF-FF-FF-FF-FF-0C
[10:36:30:401][HID_RX_data]50-49-0E-FC-00-00-00-00-02-00-E0-01
[10:36:30:401]50-49-0E-FC-00-00-00-00-02-00-E0-01-
[10:36:30:401]hasPulse=True
[10:36:30:401]rtk_RX_thread.waiting...
[10:36:30:401]REMOTE_GET_MODE=01
[10:36:30:401][HID_TX]06-04-03-07-00-50-41-06-0B-01-00-32-00-00-00-00-00-00-00-00-00-00-00-00-00-00-00-00-00-00-00-00-00-00-00-00-00-00-00-00-00-00-00-00-00-00-00-00-00-00-00-00-00-00-00-00-00-00-00-00-00-00-00-00-00-00-00-00-00-00-00-00-00-00-00-00-00-00-00-00-00-00-00-00-00-00-00-00-00-00-00-00-00-00-00-00-00-00-00-00-00-00-00-00-00-00-00-00-00-00-00-00-00-00-00-00-00-00-00-00-00-00-00-00-00-00-00-00-00-00-00-00-00-00-00-00-00-00-00-00-00-00-00-00-00-00-00-00-00-00-00-00-00-00-00-00-00-00-00-00-00-00-00-00-00-00-00-00-00-00-00-00-00-00-00-00-00-00-00-00-00-00-00-00-00-00-00-00-00-00-00-00-00-00-00-00-00-00-00-00-00-00-00-00-00-00-00-00-00-00-00-00-00-00-00-00-00-00-00-00-00-00-00-00-00-00-00-00-00-00-00-00-00-00-00-00-00-00-00-00-00-00-00-00-00-00-00-00-00-00-00-00-00-00-00-00-00-00-00-00-00-00-00-00-00-00-00-00-00-00-00-00-00-00-00-00-00-00-00-00-00-00-00-00-00-00-00-00-00-00-00-00-00-00-00-00-00-00-00-00-00-00-00-00-00-00-00-00-00-00-00-00-00-00-00-00-00-00-00-00-00-00-00-00-00-00-00-00-00-00-00-00-00-00-00-00-00-00-00-00-00-00-00-00-00-00-00-00-00-00-00-00-00-00-00-00-00-00-00-00-00-00-00-00-00-00-00-00-00-00-00-00-00-00-00-00-00-00-00-00-00-00-00-00-00-00-00-00-00-00-00-00-00-00-00-00-00-00-00-00-00-00-00-00-00-00-00-00-00-00-00-00-00-00-00-00-00-00-00-00-00-00-00-00-00-00-00-00-00-00-00-00-00-00-00-00-00-00-00-00-00-00-00-00-00-00-00-00-00-00-00-00-00-00-00-00-00-00-00-00-00-00-00-00-00-00-00-00-00-00-00-00-00-00-00-00-00-00-00-00-00-00-00-00-00-00-00-00-00-00-00-00-00-00-00-00-00-00-00-00-00-00-00-00-00-00-00-00-00-00-00-00-00-00-00
[10:36:30:412]HidD_SetOutputReport=True
[10:36:30:416][HID_TX_ack]06-5A-00-00-00-00-00-00
[10:36:30:416]50-41-06-0B-01-00-32 [CMD_SENT][GET_RSSI]
[10:36:30:440]HidD_GetFeature=True,rx_len=17
[10:36:30:440][HID_RX]06-50-49-01-FD-B6-67-21-00-07-00-06-8B-00-CD-CD-80-80-FF-FF-FF-FF-FF-FF-FF-FF-FF-FF-FF-FF-FF-FF-FF-FF-FF-FF-FF-FF-FF-FF-FF-FF-FF-FF-FF-FF-FF-FF-FF-FF-FF-FF-FF-FF-FF-FF-FF-FF-FF-FF-FF-FF-FF-11
[10:36:30:440][HID_RX_data]50-49-01-FD-B6-67-21-00-07-00-06-8B-00-CD-CD-80-80
[10:36:30:440]50-49-01-FD-B6-67-21-00-07-00-06-8B-00-CD-CD-80-80
[10:36:30:440]hasPulse=True
[10:36:30:440]rtk_RX_thread.waiting...
[10:36:30:454][HID_TX]06-04-03-07-00-50-41-0E-0C-02-E1-00-00-00-00-00-00-00-00-00-00-00-00-00-00-00-00-00-00-00-00-00-00-00-00-00-00-00-00-00-00-00-00-00-00-00-00-00-00-00-00-00-00-00-00-00-00-00-00-00-00-00-00-00-00-00-00-00-00-00-00-00-00-00-00-00-00-00-00-00-00-00-00-00-00-00-00-00-00-00-00-00-00-00-00-00-00-00-00-00-00-00-00-00-00-00-00-00-00-00-00-00-00-00-00-00-00-00-00-00-00-00-00-00-00-00-00-00-00-00-00-00-00-00-00-00-00-00-00-00-00-00-00-00-00-00-00-00-00-00-00-00-00-00-00-00-00-00-00-00-00-00-00-00-00-00-00-00-00-00-00-00-00-00-00-00-00-00-00-00-00-00-00-00-00-00-00-00-00-00-00-00-00-00-00-00-00-00-00-00-00-00-00-00-00-00-00-00-00-00-00-00-00-00-00-00-00-00-00-00-00-00-00-00-00-00-00-00-00-00-00-00-00-00-00-00-00-00-00-00-00-00-00-00-00-00-00-00-00-00-00-00-00-00-00-00-00-00-00-00-00-00-00-00-00-00-00-00-00-00-00-00-00-00-00-00-00-00-00-00-00-00-00-00-00-00-00-00-00-00-00-00-00-00-00-00-00-00-00-00-00-00-00-00-00-00-00-00-00-00-00-00-00-00-00-00-00-00-00-00-00-00-00-00-00-00-00-00-00-00-00-00-00-00-00-00-00-00-00-00-00-00-00-00-00-00-00-00-00-00-00-00-00-00-00-00-00-00-00-00-00-00-00-00-00-00-00-00-00-00-00-00-00-00-00-00-00-00-00-00-00-00-00-00-00-00-00-00-00-00-00-00-00-00-00-00-00-00-00-00-00-00-00-00-00-00-00-00-00-00-00-00-00-00-00-00-00-00-00-00-00-00-00-00-00-00-00-00-00-00-00-00-00-00-00-00-00-00-00-00-00-00-00-00-00-00-00-00-00-00-00-00-00-00-00-00-00-00-00-00-00-00-00-00-00-00-00-00-00-00-00-00-00-00-00-00-00-00-00-00-00-00-00-00-00-00-00-00-00-00-00-00-00-00-00-00-00-00-00-00-00-00-00-00-00-00-00-00-00-00-00-00-00-00-00
[10:36:30:464]HidD_SetOutputReport=True
[10:36:30:467][HID_TX_ack]06-5A-00-00-00-00-00-00
[10:36:30:467]50-41-0E-0C-02-E1-00 [CMD_SENT][REMOTE_SET_MODE] is_remote=False
[10:36:30:492]HidD_GetFeature=True,rx_len=13
[10:36:30:492][HID_RX]06-50-49-01-C0-4E-C0-21-00-03-00-0E-8C-00-FF-FF-FF-FF-FF-FF-FF-FF-FF-FF-FF-FF-FF-FF-FF-FF-FF-FF-FF-FF-FF-FF-FF-FF-FF-FF-FF-FF-FF-FF-FF-FF-FF-FF-FF-FF-FF-FF-FF-FF-FF-FF-FF-FF-FF-FF-FF-FF-FF-0D
[10:36:30:492][HID_RX_data]50-49-01-C0-4E-C0-21-00-03-00-0E-8C-00
[10:36:30:492]50-49-01-C0-4E-C0-21-00-03-00-0E-8C-00
[10:36:30:492]hasPulse=True
[10:36:30:492]rtk_RX_thread.waiting...
[10:36:30:492]report__len=515
[10:36:30:492]report_data=06-08-03-00-00-00-00-00-00-00-00-00-00-00-00-00-00-00-00-00-00-00-00-00-00-00-00-00-00-00-00-00-00-00-00-00-00-00-00-00-00-00-00-00-00-00-00-00-00-00-00-00-00-00-00-00-00-00-00-00-00-00-00-00-00-00-00-00-00-00-00-00-00-00-00-00-00-00-00-00-00-00-00-00-00-00-00-00-00-00-00-00-00-00-00-00-00-00-00-00-00-00-00-00-00-00-00-00-00-00-00-00-00-00-00-00-00-00-00-00-00-00-00-00-00-00-00-00-00-00-00-00-00-00-00-00-00-00-00-00-00-00-00-00-00-00-00-00-00-00-00-00-00-00-00-00-00-00-00-00-00-00-00-00-00-00-00-00-00-00-00-00-00-00-00-00-00-00-00-00-00-00-00-00-00-00-00-00-00-00-00-00-00-00-00-00-00-00-00-00-00-00-00-00-00-00-00-00-00-00-00-00-00-00-00-00-00-00-00-00-00-00-00-00-00-00-00-00-00-00-00-00-00-00-00-00-00-00-00-00-00-00-00-00-00-00-00-00-00-00-00-00-00-00-00-00-00-00-00-00-00-00-00-00-00-00-00-00-00-00-00-00-00-00-00-00-00-00-00-00-00-00-00-00-00-00-00-00-00-00-00-00-00-00-00-00-00-00-00-00-00-00-00-00-00-00-00-00-00-00-00-00-00-00-00-00-00-00-00-00-00-00-00-00-00-00-00-00-00-00-00-00-00-00-00-00-00-00-00-00-00-00-00-00-00-00-00-00-00-00-00-00-00-00-00-00-00-00-00-00-00-00-00-00-00-00-00-00-00-00-00-00-00-00-00-00-00-00-00-00-00-00-00-00-00-00-00-00-00-00-00-00-00-00-00-00-00-00-00-00-00-00-00-00-00-00-00-00-00-00-00-00-00-00-00-00-00-00-00-00-00-00-00-00-00-00-00-00-00-00-00-00-00-00-00-00-00-00-00-00-00-00-00-00-00-00-00-00-00-00-00-00-00-00-00-00-00-00-00-00-00-00-00-00-00-00-00-00-00-00-00-00-00-00-00-00-00-00-00-00-00-00-00-00-00-00-00-00-00-00-00-00-00-00-00-00-00-00-00-00-00-00-00-00-00-00-00-00-00-00-00-00-00-00-00
[10:36:30:504]HidD_SetOutputReport_Exit_bootloader=True
[10:36:30:507][HID_TX_ack]06-5A-00-00-00-00-00-00
[10:36:30:508]close_hid_stream
[10:36:30:508]CloseHandleX
[10:36:30:508]close_hid_handle
[10:36:30:508]rtk_RX_thread_end
