[11:00:30:209]connect_auto_select
[11:00:30:212]\\?\hid#dell0a23&col03#5&184b7e16&0&0002#{4d1e55b2-f16f-11cf-88cb-001111000030}
[11:00:30:212]\\?\hid#dell0a23&col04#5&184b7e16&0&0003#{4d1e55b2-f16f-11cf-88cb-001111000030}
[11:00:30:212]\\?\hid#intc816#3&36043c54&0&0000#{4d1e55b2-f16f-11cf-88cb-001111000030}
[11:00:30:212]\\?\hid#vid_046d&pid_0acb&mi_03&col03#7&64d5b1&0&0002#{4d1e55b2-f16f-11cf-88cb-001111000030}
[11:00:30:212]\\?\hid#vid_046d&pid_0acb&mi_03&col01#7&64d5b1&0&0000#{4d1e55b2-f16f-11cf-88cb-001111000030}
[11:00:30:212]\\?\hid#converteddevice&col02#5&2204aa2d&0&0001#{4d1e55b2-f16f-11cf-88cb-001111000030}
[11:00:30:213]\\?\hid#converteddevice&col03#5&2204aa2d&0&0002#{4d1e55b2-f16f-11cf-88cb-001111000030}
[11:00:30:213]\\?\hid#vid_046d&pid_0acb&mi_03&col04#7&64d5b1&0&0003#{4d1e55b2-f16f-11cf-88cb-001111000030}
[11:00:30:213]\\?\hid#converteddevice&col01#5&2204aa2d&0&0000#{4d1e55b2-f16f-11cf-88cb-001111000030}\kbd
[11:00:30:213]\\?\hid#vid_046d&pid_0acb&mi_03&col02#7&64d5b1&0&0001#{4d1e55b2-f16f-11cf-88cb-001111000030}
[11:00:30:213]\\?\hid#dell0a23&col01#5&184b7e16&0&0000#{4d1e55b2-f16f-11cf-88cb-001111000030}
[11:00:30:213]\\?\hid#dell0a23&col02#5&184b7e16&0&0001#{4d1e55b2-f16f-11cf-88cb-001111000030}
[11:00:30:213]\\?\hid#vid_046d&pid_c077#6&21f6894a&0&0000#{4d1e55b2-f16f-11cf-88cb-001111000030}
[11:00:30:215]id=VID=046D,PID=0ACB
[11:00:30:216]	caps.InputReportByteLength=8
[11:00:30:216]	caps.OutputReportByteLength=515
[11:00:30:216]	attributes.VendorID=0x46D
[11:00:30:216]	attributes.ProductID=0xACB
[11:00:30:217]	SerialNumberString=202105190004
[11:00:30:218]	ManufacturerString=Logitech G series
[11:00:30:219]	ProductString=G435 Wireless Gaming Headset
[11:00:30:220]CloseHandleX
[11:00:30:220]id=VID=046D,PID=0ACB
[11:00:30:220]	getCaps=null
[11:00:30:220]CloseHandleX
[11:00:30:220]id=VID=046D,PID=0ACB
[11:00:30:220]	caps.InputReportByteLength=21
[11:00:30:220]	caps.OutputReportByteLength=3
[11:00:30:220]	attributes.VendorID=0x46D
[11:00:30:220]	attributes.ProductID=0xACB
[11:00:30:221]	SerialNumberString=202105190004
[11:00:30:222]	ManufacturerString=Logitech G series
[11:00:30:223]	ProductString=G435 Wireless Gaming Headset
[11:00:30:223]CloseHandleX
[11:00:30:223]id=VID=046D,PID=0ACB
[11:00:30:223]	caps.InputReportByteLength=5
[11:00:30:223]	caps.OutputReportByteLength=0
[11:00:30:223]	attributes.VendorID=0x46D
[11:00:30:223]	attributes.ProductID=0xACB
[11:00:30:223]	SerialNumberString=202105190004
[11:00:30:225]	ManufacturerString=Logitech G series
[11:00:30:226]	ProductString=G435 Wireless Gaming Headset
[11:00:30:226]CloseHandleX
[11:00:30:226]id=VID=046D,PID=C077
[11:00:30:226]	getCaps=null
[11:00:30:226]CloseHandleX
[11:00:30:226]try_path=\\?\hid#vid_046d&pid_0acb&mi_03&col03#7&64d5b1&0&0002#{4d1e55b2-f16f-11cf-88cb-001111000030}
[11:00:30:226]CreateFile_ing=\\?\hid#vid_046d&pid_0acb&mi_03&col03#7&64d5b1&0&0002#{4d1e55b2-f16f-11cf-88cb-001111000030}
[11:00:30:226]CreateFile_ok=3360
[11:00:30:226]HidD_GetPreparsedData_ok=True
[11:00:30:226]HidP_GetCaps_ok=1114112
[11:00:30:227]	InputReportByteLength=8
[11:00:30:227]	OutputReportByteLength=515
[11:00:30:227]create_FileStream_ok
[11:00:30:232]rtk_RX_thread_start
[11:00:30:232]rtk_RX_thread.waiting...
[11:00:30:236]report__len=515
[11:00:30:236]report_data=06-01-03-00-00-00-00-00-00-00-00-00-00-00-00-00-00-00-00-00-00-00-00-00-00-00-00-00-00-00-00-00-00-00-00-00-00-00-00-00-00-00-00-00-00-00-00-00-00-00-00-00-00-00-00-00-00-00-00-00-00-00-00-00-00-00-00-00-00-00-00-00-00-00-00-00-00-00-00-00-00-00-00-00-00-00-00-00-00-00-00-00-00-00-00-00-00-00-00-00-00-00-00-00-00-00-00-00-00-00-00-00-00-00-00-00-00-00-00-00-00-00-00-00-00-00-00-00-00-00-00-00-00-00-00-00-00-00-00-00-00-00-00-00-00-00-00-00-00-00-00-00-00-00-00-00-00-00-00-00-00-00-00-00-00-00-00-00-00-00-00-00-00-00-00-00-00-00-00-00-00-00-00-00-00-00-00-00-00-00-00-00-00-00-00-00-00-00-00-00-00-00-00-00-00-00-00-00-00-00-00-00-00-00-00-00-00-00-00-00-00-00-00-00-00-00-00-00-00-00-00-00-00-00-00-00-00-00-00-00-00-00-00-00-00-00-00-00-00-00-00-00-00-00-00-00-00-00-00-00-00-00-00-00-00-00-00-00-00-00-00-00-00-00-00-00-00-00-00-00-00-00-00-00-00-00-00-00-00-00-00-00-00-00-00-00-00-00-00-00-00-00-00-00-00-00-00-00-00-00-00-00-00-00-00-00-00-00-00-00-00-00-00-00-00-00-00-00-00-00-00-00-00-00-00-00-00-00-00-00-00-00-00-00-00-00-00-00-00-00-00-00-00-00-00-00-00-00-00-00-00-00-00-00-00-00-00-00-00-00-00-00-00-00-00-00-00-00-00-00-00-00-00-00-00-00-00-00-00-00-00-00-00-00-00-00-00-00-00-00-00-00-00-00-00-00-00-00-00-00-00-00-00-00-00-00-00-00-00-00-00-00-00-00-00-00-00-00-00-00-00-00-00-00-00-00-00-00-00-00-00-00-00-00-00-00-00-00-00-00-00-00-00-00-00-00-00-00-00-00-00-00-00-00-00-00-00-00-00-00-00-00-00-00-00-00-00-00-00-00-00-00-00-00-00-00-00-00-00-00-00-00-00-00-00-00-00-00-00-00-00-00-00-00-00-00-00-00-00-00-00-00-00-00-00
[11:00:30:245]HidD_SetOutputReport_Enter_bootloader=True
[11:00:30:249][HID_TX_ack]06-5A-00-00-00-00-00-00
[11:00:30:249]path_connected=\\?\hid#vid_046d&pid_0acb&mi_03&col03#7&64d5b1&0&0002#{4d1e55b2-f16f-11cf-88cb-001111000030}
[11:00:30:252]pooling_start
[11:00:30:277]pooling_HidD_GetFeature=True,rx_len=0
[11:00:30:277][HID_TX]06-04-03-13-00-50-41-06-01-0D-00-25-34-12-5A-5A-01-00-00-00-F0-00-00-00-00-00-00-00-00-00-00-00-00-00-00-00-00-00-00-00-00-00-00-00-00-00-00-00-00-00-00-00-00-00-00-00-00-00-00-00-00-00-00-00-00-00-00-00-00-00-00-00-00-00-00-00-00-00-00-00-00-00-00-00-00-00-00-00-00-00-00-00-00-00-00-00-00-00-00-00-00-00-00-00-00-00-00-00-00-00-00-00-00-00-00-00-00-00-00-00-00-00-00-00-00-00-00-00-00-00-00-00-00-00-00-00-00-00-00-00-00-00-00-00-00-00-00-00-00-00-00-00-00-00-00-00-00-00-00-00-00-00-00-00-00-00-00-00-00-00-00-00-00-00-00-00-00-00-00-00-00-00-00-00-00-00-00-00-00-00-00-00-00-00-00-00-00-00-00-00-00-00-00-00-00-00-00-00-00-00-00-00-00-00-00-00-00-00-00-00-00-00-00-00-00-00-00-00-00-00-00-00-00-00-00-00-00-00-00-00-00-00-00-00-00-00-00-00-00-00-00-00-00-00-00-00-00-00-00-00-00-00-00-00-00-00-00-00-00-00-00-00-00-00-00-00-00-00-00-00-00-00-00-00-00-00-00-00-00-00-00-00-00-00-00-00-00-00-00-00-00-00-00-00-00-00-00-00-00-00-00-00-00-00-00-00-00-00-00-00-00-00-00-00-00-00-00-00-00-00-00-00-00-00-00-00-00-00-00-00-00-00-00-00-00-00-00-00-00-00-00-00-00-00-00-00-00-00-00-00-00-00-00-00-00-00-00-00-00-00-00-00-00-00-00-00-00-00-00-00-00-00-00-00-00-00-00-00-00-00-00-00-00-00-00-00-00-00-00-00-00-00-00-00-00-00-00-00-00-00-00-00-00-00-00-00-00-00-00-00-00-00-00-00-00-00-00-00-00-00-00-00-00-00-00-00-00-00-00-00-00-00-00-00-00-00-00-00-00-00-00-00-00-00-00-00-00-00-00-00-00-00-00-00-00-00-00-00-00-00-00-00-00-00-00-00-00-00-00-00-00-00-00-00-00-00-00-00-00-00-00-00-00-00-00-00-00-00-00-00-00-00-00-00-00-00-00-00-00-00-00-00-00-00-00
[11:00:30:289]HidD_SetOutputReport=True
[11:00:30:292][HID_TX_ack]06-5A-00-00-00-00-00-00
[11:00:30:293]50-41-06-01-0D-00-25-34-12-5A-5A-01-00-00-00-F0-00-00-00 [CMD_SENT][OTA_CMD_IOCTL][READ_MAX_LEN=240]
[11:00:30:317]HidD_GetFeature=True,rx_len=17
[11:00:30:317][HID_RX]06-50-49-01-C0-B6-53-33-00-07-00-06-81-00-F0-00-00-00-FF-FF-FF-FF-FF-FF-FF-FF-FF-FF-FF-FF-FF-FF-FF-FF-FF-FF-FF-FF-FF-FF-FF-FF-FF-FF-FF-FF-FF-FF-FF-FF-FF-FF-FF-FF-FF-FF-FF-FF-FF-FF-FF-FF-FF-11
[11:00:30:317][HID_RX_data]50-49-01-C0-B6-53-33-00-07-00-06-81-00-F0-00-00-00
[11:00:30:320]50-49-01-C0-B6-53-33-00-07-00-06-81-00-F0-00-00-00
[11:00:30:320]hasPulse=True
[11:00:30:320]rtk_RX_thread.waiting...
[11:00:30:336][HID_TX]06-04-03-06-00-50-41-0E-02-01-E3-00-00-00-00-00-00-00-00-00-00-00-00-00-00-00-00-00-00-00-00-00-00-00-00-00-00-00-00-00-00-00-00-00-00-00-00-00-00-00-00-00-00-00-00-00-00-00-00-00-00-00-00-00-00-00-00-00-00-00-00-00-00-00-00-00-00-00-00-00-00-00-00-00-00-00-00-00-00-00-00-00-00-00-00-00-00-00-00-00-00-00-00-00-00-00-00-00-00-00-00-00-00-00-00-00-00-00-00-00-00-00-00-00-00-00-00-00-00-00-00-00-00-00-00-00-00-00-00-00-00-00-00-00-00-00-00-00-00-00-00-00-00-00-00-00-00-00-00-00-00-00-00-00-00-00-00-00-00-00-00-00-00-00-00-00-00-00-00-00-00-00-00-00-00-00-00-00-00-00-00-00-00-00-00-00-00-00-00-00-00-00-00-00-00-00-00-00-00-00-00-00-00-00-00-00-00-00-00-00-00-00-00-00-00-00-00-00-00-00-00-00-00-00-00-00-00-00-00-00-00-00-00-00-00-00-00-00-00-00-00-00-00-00-00-00-00-00-00-00-00-00-00-00-00-00-00-00-00-00-00-00-00-00-00-00-00-00-00-00-00-00-00-00-00-00-00-00-00-00-00-00-00-00-00-00-00-00-00-00-00-00-00-00-00-00-00-00-00-00-00-00-00-00-00-00-00-00-00-00-00-00-00-00-00-00-00-00-00-00-00-00-00-00-00-00-00-00-00-00-00-00-00-00-00-00-00-00-00-00-00-00-00-00-00-00-00-00-00-00-00-00-00-00-00-00-00-00-00-00-00-00-00-00-00-00-00-00-00-00-00-00-00-00-00-00-00-00-00-00-00-00-00-00-00-00-00-00-00-00-00-00-00-00-00-00-00-00-00-00-00-00-00-00-00-00-00-00-00-00-00-00-00-00-00-00-00-00-00-00-00-00-00-00-00-00-00-00-00-00-00-00-00-00-00-00-00-00-00-00-00-00-00-00-00-00-00-00-00-00-00-00-00-00-00-00-00-00-00-00-00-00-00-00-00-00-00-00-00-00-00-00-00-00-00-00-00-00-00-00-00-00-00-00-00-00-00-00-00-00-00-00-00-00-00-00-00-00-00-00-00-00-00-00-00
[11:00:30:344]HidD_SetOutputReport=True
[11:00:30:350][HID_TX_ack]06-5A-00-00-00-00-00-00
[11:00:30:350]50-41-0E-02-01-E3 [CMD_SENT][REMOTE_GET_CONNECT_STATUS]
[11:00:30:374]HidD_GetFeature=True,rx_len=13
[11:00:30:374][HID_RX]06-50-49-01-C0-E2-53-33-00-03-00-0E-82-00-FF-FF-FF-FF-FF-FF-FF-FF-FF-FF-FF-FF-FF-FF-FF-FF-FF-FF-FF-FF-FF-FF-FF-FF-FF-FF-FF-FF-FF-FF-FF-FF-FF-FF-FF-FF-FF-FF-FF-FF-FF-FF-FF-FF-FF-FF-FF-FF-FF-0D
[11:00:30:374][HID_RX_data]50-49-01-C0-E2-53-33-00-03-00-0E-82-00
[11:00:30:374]50-49-01-C0-E2-53-33-00-03-00-0E-82-00
[11:00:30:374]hasPulse=False
[11:00:30:403]HidD_GetFeature=True,rx_len=12
[11:00:30:403][HID_RX]06-50-49-0E-EA-00-00-00-00-02-00-E3-01-FF-FF-FF-FF-FF-FF-FF-FF-FF-FF-FF-FF-FF-FF-FF-FF-FF-FF-FF-FF-FF-FF-FF-FF-FF-FF-FF-FF-FF-FF-FF-FF-FF-FF-FF-FF-FF-FF-FF-FF-FF-FF-FF-FF-FF-FF-FF-FF-FF-FF-0C
[11:00:30:403][HID_RX_data]50-49-0E-EA-00-00-00-00-02-00-E3-01
[11:00:30:403]50-49-0E-EA-00-00-00-00-02-00-E3-01-
[11:00:30:403]REMOTE_GET_CONNECT_STATUS=01
[11:00:30:403]hasPulse=True
[11:00:30:403]rtk_RX_thread.waiting...
[11:00:30:404][HID_TX]06-04-03-07-00-50-41-0E-03-02-E1-00-00-00-00-00-00-00-00-00-00-00-00-00-00-00-00-00-00-00-00-00-00-00-00-00-00-00-00-00-00-00-00-00-00-00-00-00-00-00-00-00-00-00-00-00-00-00-00-00-00-00-00-00-00-00-00-00-00-00-00-00-00-00-00-00-00-00-00-00-00-00-00-00-00-00-00-00-00-00-00-00-00-00-00-00-00-00-00-00-00-00-00-00-00-00-00-00-00-00-00-00-00-00-00-00-00-00-00-00-00-00-00-00-00-00-00-00-00-00-00-00-00-00-00-00-00-00-00-00-00-00-00-00-00-00-00-00-00-00-00-00-00-00-00-00-00-00-00-00-00-00-00-00-00-00-00-00-00-00-00-00-00-00-00-00-00-00-00-00-00-00-00-00-00-00-00-00-00-00-00-00-00-00-00-00-00-00-00-00-00-00-00-00-00-00-00-00-00-00-00-00-00-00-00-00-00-00-00-00-00-00-00-00-00-00-00-00-00-00-00-00-00-00-00-00-00-00-00-00-00-00-00-00-00-00-00-00-00-00-00-00-00-00-00-00-00-00-00-00-00-00-00-00-00-00-00-00-00-00-00-00-00-00-00-00-00-00-00-00-00-00-00-00-00-00-00-00-00-00-00-00-00-00-00-00-00-00-00-00-00-00-00-00-00-00-00-00-00-00-00-00-00-00-00-00-00-00-00-00-00-00-00-00-00-00-00-00-00-00-00-00-00-00-00-00-00-00-00-00-00-00-00-00-00-00-00-00-00-00-00-00-00-00-00-00-00-00-00-00-00-00-00-00-00-00-00-00-00-00-00-00-00-00-00-00-00-00-00-00-00-00-00-00-00-00-00-00-00-00-00-00-00-00-00-00-00-00-00-00-00-00-00-00-00-00-00-00-00-00-00-00-00-00-00-00-00-00-00-00-00-00-00-00-00-00-00-00-00-00-00-00-00-00-00-00-00-00-00-00-00-00-00-00-00-00-00-00-00-00-00-00-00-00-00-00-00-00-00-00-00-00-00-00-00-00-00-00-00-00-00-00-00-00-00-00-00-00-00-00-00-00-00-00-00-00-00-00-00-00-00-00-00-00-00-00-00-00-00-00-00-00-00-00-00-00-00-00-00-00-00-00-00-00-00
[11:00:30:417]HidD_SetOutputReport=True
[11:00:30:420][HID_TX_ack]06-5A-00-00-00-00-00-00
[11:00:30:420]50-41-0E-03-02-E1-00 [CMD_SENT][REMOTE_SET_MODE] is_remote=False
[11:00:30:445]HidD_GetFeature=True,rx_len=13
[11:00:30:445][HID_RX]06-50-49-01-C0-1B-54-33-00-03-00-0E-83-00-FF-FF-FF-FF-FF-FF-FF-FF-FF-FF-FF-FF-FF-FF-FF-FF-FF-FF-FF-FF-FF-FF-FF-FF-FF-FF-FF-FF-FF-FF-FF-FF-FF-FF-FF-FF-FF-FF-FF-FF-FF-FF-FF-FF-FF-FF-FF-FF-FF-0D
[11:00:30:445][HID_RX_data]50-49-01-C0-1B-54-33-00-03-00-0E-83-00
[11:00:30:445]50-49-01-C0-1B-54-33-00-03-00-0E-83-00
[11:00:30:445]hasPulse=True
[11:00:30:445]rtk_RX_thread.waiting...
[11:00:30:445][HID_TX]06-04-03-13-00-50-41-06-04-0D-00-25-34-12-5A-5A-01-00-00-00-F0-00-00-00-00-00-00-00-00-00-00-00-00-00-00-00-00-00-00-00-00-00-00-00-00-00-00-00-00-00-00-00-00-00-00-00-00-00-00-00-00-00-00-00-00-00-00-00-00-00-00-00-00-00-00-00-00-00-00-00-00-00-00-00-00-00-00-00-00-00-00-00-00-00-00-00-00-00-00-00-00-00-00-00-00-00-00-00-00-00-00-00-00-00-00-00-00-00-00-00-00-00-00-00-00-00-00-00-00-00-00-00-00-00-00-00-00-00-00-00-00-00-00-00-00-00-00-00-00-00-00-00-00-00-00-00-00-00-00-00-00-00-00-00-00-00-00-00-00-00-00-00-00-00-00-00-00-00-00-00-00-00-00-00-00-00-00-00-00-00-00-00-00-00-00-00-00-00-00-00-00-00-00-00-00-00-00-00-00-00-00-00-00-00-00-00-00-00-00-00-00-00-00-00-00-00-00-00-00-00-00-00-00-00-00-00-00-00-00-00-00-00-00-00-00-00-00-00-00-00-00-00-00-00-00-00-00-00-00-00-00-00-00-00-00-00-00-00-00-00-00-00-00-00-00-00-00-00-00-00-00-00-00-00-00-00-00-00-00-00-00-00-00-00-00-00-00-00-00-00-00-00-00-00-00-00-00-00-00-00-00-00-00-00-00-00-00-00-00-00-00-00-00-00-00-00-00-00-00-00-00-00-00-00-00-00-00-00-00-00-00-00-00-00-00-00-00-00-00-00-00-00-00-00-00-00-00-00-00-00-00-00-00-00-00-00-00-00-00-00-00-00-00-00-00-00-00-00-00-00-00-00-00-00-00-00-00-00-00-00-00-00-00-00-00-00-00-00-00-00-00-00-00-00-00-00-00-00-00-00-00-00-00-00-00-00-00-00-00-00-00-00-00-00-00-00-00-00-00-00-00-00-00-00-00-00-00-00-00-00-00-00-00-00-00-00-00-00-00-00-00-00-00-00-00-00-00-00-00-00-00-00-00-00-00-00-00-00-00-00-00-00-00-00-00-00-00-00-00-00-00-00-00-00-00-00-00-00-00-00-00-00-00-00-00-00-00-00-00-00-00-00-00-00-00-00-00-00-00-00-00-00-00-00-00
[11:00:30:457]HidD_SetOutputReport=True
[11:00:30:460][HID_TX_ack]06-5A-00-00-00-00-00-00
[11:00:30:461]50-41-06-04-0D-00-25-34-12-5A-5A-01-00-00-00-F0-00-00-00 [CMD_SENT][OTA_CMD_IOCTL][READ_MAX_LEN=240]
[11:00:30:485]HidD_GetFeature=True,rx_len=17
[11:00:30:485][HID_RX]06-50-49-01-C0-3D-54-33-00-07-00-06-84-00-F0-00-00-00-FF-FF-FF-FF-FF-FF-FF-FF-FF-FF-FF-FF-FF-FF-FF-FF-FF-FF-FF-FF-FF-FF-FF-FF-FF-FF-FF-FF-FF-FF-FF-FF-FF-FF-FF-FF-FF-FF-FF-FF-FF-FF-FF-FF-FF-11
[11:00:30:485][HID_RX_data]50-49-01-C0-3D-54-33-00-07-00-06-84-00-F0-00-00-00
[11:00:30:485]50-49-01-C0-3D-54-33-00-07-00-06-84-00-F0-00-00-00
[11:00:30:485]hasPulse=True
[11:00:30:485]rtk_RX_thread.waiting...
[11:00:30:498][HID_TX]06-04-03-06-00-50-41-0E-05-01-E0-00-00-00-00-00-00-00-00-00-00-00-00-00-00-00-00-00-00-00-00-00-00-00-00-00-00-00-00-00-00-00-00-00-00-00-00-00-00-00-00-00-00-00-00-00-00-00-00-00-00-00-00-00-00-00-00-00-00-00-00-00-00-00-00-00-00-00-00-00-00-00-00-00-00-00-00-00-00-00-00-00-00-00-00-00-00-00-00-00-00-00-00-00-00-00-00-00-00-00-00-00-00-00-00-00-00-00-00-00-00-00-00-00-00-00-00-00-00-00-00-00-00-00-00-00-00-00-00-00-00-00-00-00-00-00-00-00-00-00-00-00-00-00-00-00-00-00-00-00-00-00-00-00-00-00-00-00-00-00-00-00-00-00-00-00-00-00-00-00-00-00-00-00-00-00-00-00-00-00-00-00-00-00-00-00-00-00-00-00-00-00-00-00-00-00-00-00-00-00-00-00-00-00-00-00-00-00-00-00-00-00-00-00-00-00-00-00-00-00-00-00-00-00-00-00-00-00-00-00-00-00-00-00-00-00-00-00-00-00-00-00-00-00-00-00-00-00-00-00-00-00-00-00-00-00-00-00-00-00-00-00-00-00-00-00-00-00-00-00-00-00-00-00-00-00-00-00-00-00-00-00-00-00-00-00-00-00-00-00-00-00-00-00-00-00-00-00-00-00-00-00-00-00-00-00-00-00-00-00-00-00-00-00-00-00-00-00-00-00-00-00-00-00-00-00-00-00-00-00-00-00-00-00-00-00-00-00-00-00-00-00-00-00-00-00-00-00-00-00-00-00-00-00-00-00-00-00-00-00-00-00-00-00-00-00-00-00-00-00-00-00-00-00-00-00-00-00-00-00-00-00-00-00-00-00-00-00-00-00-00-00-00-00-00-00-00-00-00-00-00-00-00-00-00-00-00-00-00-00-00-00-00-00-00-00-00-00-00-00-00-00-00-00-00-00-00-00-00-00-00-00-00-00-00-00-00-00-00-00-00-00-00-00-00-00-00-00-00-00-00-00-00-00-00-00-00-00-00-00-00-00-00-00-00-00-00-00-00-00-00-00-00-00-00-00-00-00-00-00-00-00-00-00-00-00-00-00-00-00-00-00-00-00-00-00-00-00-00-00-00-00-00-00-00
[11:00:30:505]HidD_SetOutputReport=True
[11:00:30:508][HID_TX_ack]06-5A-00-00-00-00-00-00
[11:00:30:508]50-41-0E-05-01-E0 [CMD_SENT][REMOTE_GET_MODE]
[11:00:30:533]HidD_GetFeature=True,rx_len=13
[11:00:30:533][HID_RX]06-50-49-01-C0-64-54-33-00-03-00-0E-85-00-FF-FF-FF-FF-FF-FF-FF-FF-FF-FF-FF-FF-FF-FF-FF-FF-FF-FF-FF-FF-FF-FF-FF-FF-FF-FF-FF-FF-FF-FF-FF-FF-FF-FF-FF-FF-FF-FF-FF-FF-FF-FF-FF-FF-FF-FF-FF-FF-FF-0D
[11:00:30:533][HID_RX_data]50-49-01-C0-64-54-33-00-03-00-0E-85-00
[11:00:30:533]50-49-01-C0-64-54-33-00-03-00-0E-85-00
[11:00:30:533]hasPulse=False
[11:00:30:562]HidD_GetFeature=True,rx_len=12
[11:00:30:562][HID_RX]06-50-49-0E-EB-00-00-00-00-02-00-E0-00-FF-FF-FF-FF-FF-FF-FF-FF-FF-FF-FF-FF-FF-FF-FF-FF-FF-FF-FF-FF-FF-FF-FF-FF-FF-FF-FF-FF-FF-FF-FF-FF-FF-FF-FF-FF-FF-FF-FF-FF-FF-FF-FF-FF-FF-FF-FF-FF-FF-FF-0C
[11:00:30:562][HID_RX_data]50-49-0E-EB-00-00-00-00-02-00-E0-00
[11:00:30:562]50-49-0E-EB-00-00-00-00-02-00-E0-00-
[11:00:30:562]hasPulse=True
[11:00:30:562]rtk_RX_thread.waiting...
[11:00:30:562]REMOTE_GET_MODE=00
[11:00:30:563][HID_TX]06-04-03-07-00-50-41-06-06-01-00-32-00-00-00-00-00-00-00-00-00-00-00-00-00-00-00-00-00-00-00-00-00-00-00-00-00-00-00-00-00-00-00-00-00-00-00-00-00-00-00-00-00-00-00-00-00-00-00-00-00-00-00-00-00-00-00-00-00-00-00-00-00-00-00-00-00-00-00-00-00-00-00-00-00-00-00-00-00-00-00-00-00-00-00-00-00-00-00-00-00-00-00-00-00-00-00-00-00-00-00-00-00-00-00-00-00-00-00-00-00-00-00-00-00-00-00-00-00-00-00-00-00-00-00-00-00-00-00-00-00-00-00-00-00-00-00-00-00-00-00-00-00-00-00-00-00-00-00-00-00-00-00-00-00-00-00-00-00-00-00-00-00-00-00-00-00-00-00-00-00-00-00-00-00-00-00-00-00-00-00-00-00-00-00-00-00-00-00-00-00-00-00-00-00-00-00-00-00-00-00-00-00-00-00-00-00-00-00-00-00-00-00-00-00-00-00-00-00-00-00-00-00-00-00-00-00-00-00-00-00-00-00-00-00-00-00-00-00-00-00-00-00-00-00-00-00-00-00-00-00-00-00-00-00-00-00-00-00-00-00-00-00-00-00-00-00-00-00-00-00-00-00-00-00-00-00-00-00-00-00-00-00-00-00-00-00-00-00-00-00-00-00-00-00-00-00-00-00-00-00-00-00-00-00-00-00-00-00-00-00-00-00-00-00-00-00-00-00-00-00-00-00-00-00-00-00-00-00-00-00-00-00-00-00-00-00-00-00-00-00-00-00-00-00-00-00-00-00-00-00-00-00-00-00-00-00-00-00-00-00-00-00-00-00-00-00-00-00-00-00-00-00-00-00-00-00-00-00-00-00-00-00-00-00-00-00-00-00-00-00-00-00-00-00-00-00-00-00-00-00-00-00-00-00-00-00-00-00-00-00-00-00-00-00-00-00-00-00-00-00-00-00-00-00-00-00-00-00-00-00-00-00-00-00-00-00-00-00-00-00-00-00-00-00-00-00-00-00-00-00-00-00-00-00-00-00-00-00-00-00-00-00-00-00-00-00-00-00-00-00-00-00-00-00-00-00-00-00-00-00-00-00-00-00-00-00-00-00-00-00-00-00-00-00-00-00-00-00-00-00-00-00-00-00
[11:00:30:573]HidD_SetOutputReport=True
[11:00:30:576][HID_TX_ack]06-5A-00-00-00-00-00-00
[11:00:30:577]50-41-06-06-01-00-32 [CMD_SENT][GET_RSSI]
[11:00:30:601]HidD_GetFeature=True,rx_len=17
[11:00:30:601][HID_RX]06-50-49-01-C0-9A-54-33-00-07-00-06-86-00-CD-CD-80-80-FF-FF-FF-FF-FF-FF-FF-FF-FF-FF-FF-FF-FF-FF-FF-FF-FF-FF-FF-FF-FF-FF-FF-FF-FF-FF-FF-FF-FF-FF-FF-FF-FF-FF-FF-FF-FF-FF-FF-FF-FF-FF-FF-FF-FF-11
[11:00:30:601][HID_RX_data]50-49-01-C0-9A-54-33-00-07-00-06-86-00-CD-CD-80-80
[11:00:30:601]50-49-01-C0-9A-54-33-00-07-00-06-86-00-CD-CD-80-80
[11:00:30:601]hasPulse=True
[11:00:30:601]rtk_RX_thread.waiting...
[11:00:30:616][HID_TX]06-04-03-06-00-50-41-0E-07-01-E3-00-00-00-00-00-00-00-00-00-00-00-00-00-00-00-00-00-00-00-00-00-00-00-00-00-00-00-00-00-00-00-00-00-00-00-00-00-00-00-00-00-00-00-00-00-00-00-00-00-00-00-00-00-00-00-00-00-00-00-00-00-00-00-00-00-00-00-00-00-00-00-00-00-00-00-00-00-00-00-00-00-00-00-00-00-00-00-00-00-00-00-00-00-00-00-00-00-00-00-00-00-00-00-00-00-00-00-00-00-00-00-00-00-00-00-00-00-00-00-00-00-00-00-00-00-00-00-00-00-00-00-00-00-00-00-00-00-00-00-00-00-00-00-00-00-00-00-00-00-00-00-00-00-00-00-00-00-00-00-00-00-00-00-00-00-00-00-00-00-00-00-00-00-00-00-00-00-00-00-00-00-00-00-00-00-00-00-00-00-00-00-00-00-00-00-00-00-00-00-00-00-00-00-00-00-00-00-00-00-00-00-00-00-00-00-00-00-00-00-00-00-00-00-00-00-00-00-00-00-00-00-00-00-00-00-00-00-00-00-00-00-00-00-00-00-00-00-00-00-00-00-00-00-00-00-00-00-00-00-00-00-00-00-00-00-00-00-00-00-00-00-00-00-00-00-00-00-00-00-00-00-00-00-00-00-00-00-00-00-00-00-00-00-00-00-00-00-00-00-00-00-00-00-00-00-00-00-00-00-00-00-00-00-00-00-00-00-00-00-00-00-00-00-00-00-00-00-00-00-00-00-00-00-00-00-00-00-00-00-00-00-00-00-00-00-00-00-00-00-00-00-00-00-00-00-00-00-00-00-00-00-00-00-00-00-00-00-00-00-00-00-00-00-00-00-00-00-00-00-00-00-00-00-00-00-00-00-00-00-00-00-00-00-00-00-00-00-00-00-00-00-00-00-00-00-00-00-00-00-00-00-00-00-00-00-00-00-00-00-00-00-00-00-00-00-00-00-00-00-00-00-00-00-00-00-00-00-00-00-00-00-00-00-00-00-00-00-00-00-00-00-00-00-00-00-00-00-00-00-00-00-00-00-00-00-00-00-00-00-00-00-00-00-00-00-00-00-00-00-00-00-00-00-00-00-00-00-00-00-00-00-00-00-00-00-00-00-00-00-00-00-00-00-00
[11:00:30:625]HidD_SetOutputReport=True
[11:00:30:629][HID_TX_ack]06-5A-00-00-00-00-00-00
[11:00:30:629]50-41-0E-07-01-E3 [CMD_SENT][REMOTE_GET_CONNECT_STATUS]
[11:00:30:653]HidD_GetFeature=True,rx_len=13
[11:00:30:653][HID_RX]06-50-49-01-C0-C2-54-33-00-03-00-0E-87-00-FF-FF-FF-FF-FF-FF-FF-FF-FF-FF-FF-FF-FF-FF-FF-FF-FF-FF-FF-FF-FF-FF-FF-FF-FF-FF-FF-FF-FF-FF-FF-FF-FF-FF-FF-FF-FF-FF-FF-FF-FF-FF-FF-FF-FF-FF-FF-FF-FF-0D
[11:00:30:653][HID_RX_data]50-49-01-C0-C2-54-33-00-03-00-0E-87-00
[11:00:30:653]50-49-01-C0-C2-54-33-00-03-00-0E-87-00
[11:00:30:653]hasPulse=False
[11:00:30:683]HidD_GetFeature=True,rx_len=12
[11:00:30:683][HID_RX]06-50-49-0E-EC-00-00-00-00-02-00-E3-01-FF-FF-FF-FF-FF-FF-FF-FF-FF-FF-FF-FF-FF-FF-FF-FF-FF-FF-FF-FF-FF-FF-FF-FF-FF-FF-FF-FF-FF-FF-FF-FF-FF-FF-FF-FF-FF-FF-FF-FF-FF-FF-FF-FF-FF-FF-FF-FF-FF-FF-0C
[11:00:30:683][HID_RX_data]50-49-0E-EC-00-00-00-00-02-00-E3-01
[11:00:30:683]50-49-0E-EC-00-00-00-00-02-00-E3-01-
[11:00:30:683]hasPulse=True
[11:00:30:683]rtk_RX_thread.waiting...
[11:00:30:683]REMOTE_GET_CONNECT_STATUS=01
[11:00:30:683][HID_TX]06-04-03-07-00-50-41-0E-08-02-E1-01-00-00-00-00-00-00-00-00-00-00-00-00-00-00-00-00-00-00-00-00-00-00-00-00-00-00-00-00-00-00-00-00-00-00-00-00-00-00-00-00-00-00-00-00-00-00-00-00-00-00-00-00-00-00-00-00-00-00-00-00-00-00-00-00-00-00-00-00-00-00-00-00-00-00-00-00-00-00-00-00-00-00-00-00-00-00-00-00-00-00-00-00-00-00-00-00-00-00-00-00-00-00-00-00-00-00-00-00-00-00-00-00-00-00-00-00-00-00-00-00-00-00-00-00-00-00-00-00-00-00-00-00-00-00-00-00-00-00-00-00-00-00-00-00-00-00-00-00-00-00-00-00-00-00-00-00-00-00-00-00-00-00-00-00-00-00-00-00-00-00-00-00-00-00-00-00-00-00-00-00-00-00-00-00-00-00-00-00-00-00-00-00-00-00-00-00-00-00-00-00-00-00-00-00-00-00-00-00-00-00-00-00-00-00-00-00-00-00-00-00-00-00-00-00-00-00-00-00-00-00-00-00-00-00-00-00-00-00-00-00-00-00-00-00-00-00-00-00-00-00-00-00-00-00-00-00-00-00-00-00-00-00-00-00-00-00-00-00-00-00-00-00-00-00-00-00-00-00-00-00-00-00-00-00-00-00-00-00-00-00-00-00-00-00-00-00-00-00-00-00-00-00-00-00-00-00-00-00-00-00-00-00-00-00-00-00-00-00-00-00-00-00-00-00-00-00-00-00-00-00-00-00-00-00-00-00-00-00-00-00-00-00-00-00-00-00-00-00-00-00-00-00-00-00-00-00-00-00-00-00-00-00-00-00-00-00-00-00-00-00-00-00-00-00-00-00-00-00-00-00-00-00-00-00-00-00-00-00-00-00-00-00-00-00-00-00-00-00-00-00-00-00-00-00-00-00-00-00-00-00-00-00-00-00-00-00-00-00-00-00-00-00-00-00-00-00-00-00-00-00-00-00-00-00-00-00-00-00-00-00-00-00-00-00-00-00-00-00-00-00-00-00-00-00-00-00-00-00-00-00-00-00-00-00-00-00-00-00-00-00-00-00-00-00-00-00-00-00-00-00-00-00-00-00-00-00-00-00-00-00-00-00-00-00-00-00-00-00-00-00-00-00-00
[11:00:30:693]HidD_SetOutputReport=True
[11:00:30:697][HID_TX_ack]06-5A-00-00-00-00-00-00
[11:00:30:697]50-41-0E-08-02-E1-01 [CMD_SENT][REMOTE_SET_MODE] is_remote=True
[11:00:30:721]HidD_GetFeature=True,rx_len=13
[11:00:30:722][HID_RX]06-50-49-01-C0-FA-54-33-00-03-00-0E-88-00-FF-FF-FF-FF-FF-FF-FF-FF-FF-FF-FF-FF-FF-FF-FF-FF-FF-FF-FF-FF-FF-FF-FF-FF-FF-FF-FF-FF-FF-FF-FF-FF-FF-FF-FF-FF-FF-FF-FF-FF-FF-FF-FF-FF-FF-FF-FF-FF-FF-0D
[11:00:30:722][HID_RX_data]50-49-01-C0-FA-54-33-00-03-00-0E-88-00
[11:00:30:722]50-49-01-C0-FA-54-33-00-03-00-0E-88-00
[11:00:30:722]hasPulse=True
[11:00:30:722]rtk_RX_thread.waiting...
[11:00:30:722][HID_TX]06-04-03-13-00-50-41-06-09-0D-00-25-34-12-5A-5A-01-00-00-00-F0-00-00-00-00-00-00-00-00-00-00-00-00-00-00-00-00-00-00-00-00-00-00-00-00-00-00-00-00-00-00-00-00-00-00-00-00-00-00-00-00-00-00-00-00-00-00-00-00-00-00-00-00-00-00-00-00-00-00-00-00-00-00-00-00-00-00-00-00-00-00-00-00-00-00-00-00-00-00-00-00-00-00-00-00-00-00-00-00-00-00-00-00-00-00-00-00-00-00-00-00-00-00-00-00-00-00-00-00-00-00-00-00-00-00-00-00-00-00-00-00-00-00-00-00-00-00-00-00-00-00-00-00-00-00-00-00-00-00-00-00-00-00-00-00-00-00-00-00-00-00-00-00-00-00-00-00-00-00-00-00-00-00-00-00-00-00-00-00-00-00-00-00-00-00-00-00-00-00-00-00-00-00-00-00-00-00-00-00-00-00-00-00-00-00-00-00-00-00-00-00-00-00-00-00-00-00-00-00-00-00-00-00-00-00-00-00-00-00-00-00-00-00-00-00-00-00-00-00-00-00-00-00-00-00-00-00-00-00-00-00-00-00-00-00-00-00-00-00-00-00-00-00-00-00-00-00-00-00-00-00-00-00-00-00-00-00-00-00-00-00-00-00-00-00-00-00-00-00-00-00-00-00-00-00-00-00-00-00-00-00-00-00-00-00-00-00-00-00-00-00-00-00-00-00-00-00-00-00-00-00-00-00-00-00-00-00-00-00-00-00-00-00-00-00-00-00-00-00-00-00-00-00-00-00-00-00-00-00-00-00-00-00-00-00-00-00-00-00-00-00-00-00-00-00-00-00-00-00-00-00-00-00-00-00-00-00-00-00-00-00-00-00-00-00-00-00-00-00-00-00-00-00-00-00-00-00-00-00-00-00-00-00-00-00-00-00-00-00-00-00-00-00-00-00-00-00-00-00-00-00-00-00-00-00-00-00-00-00-00-00-00-00-00-00-00-00-00-00-00-00-00-00-00-00-00-00-00-00-00-00-00-00-00-00-00-00-00-00-00-00-00-00-00-00-00-00-00-00-00-00-00-00-00-00-00-00-00-00-00-00-00-00-00-00-00-00-00-00-00-00-00-00-00-00-00-00-00-00-00-00-00-00-00-00
[11:00:30:733]HidD_SetOutputReport=True
[11:00:30:737][HID_TX_ack]06-5A-00-00-00-00-00-00
[11:00:30:737]50-41-06-09-0D-00-25-34-12-5A-5A-01-00-00-00-F0-00-00-00 [CMD_SENT][OTA_CMD_IOCTL][READ_MAX_LEN=240]
[11:00:30:761]HidD_GetFeature=True,rx_len=9
[11:00:30:761][HID_RX]06-50-49-01-ED-AA-FC-32-00-07-FF-FF-FF-FF-FF-FF-FF-FF-FF-FF-FF-FF-FF-FF-FF-FF-FF-FF-FF-FF-FF-FF-FF-FF-FF-FF-FF-FF-FF-FF-FF-FF-FF-FF-FF-FF-FF-FF-FF-FF-FF-FF-FF-FF-FF-FF-FF-FF-FF-FF-FF-FF-FF-09
[11:00:30:761][HID_RX_data]50-49-01-ED-AA-FC-32-00-07
[11:00:30:761]hasPulse=False
[11:00:30:790]HidD_GetFeature=True,rx_len=8
[11:00:30:790][HID_RX]06-00-06-89-00-F0-00-00-00-FF-FF-FF-FF-FF-FF-FF-FF-FF-FF-FF-FF-FF-FF-FF-FF-FF-FF-FF-FF-FF-FF-FF-FF-FF-FF-FF-FF-FF-FF-FF-FF-FF-FF-FF-FF-FF-FF-FF-FF-FF-FF-FF-FF-FF-FF-FF-FF-FF-FF-FF-FF-FF-FF-08
[11:00:30:790][HID_RX_data]00-06-89-00-F0-00-00-00
[11:00:30:791]50-49-01-ED-AA-FC-32-00-07-00-06-89-00-F0-00-00-00
[11:00:30:791]hasPulse=True
[11:00:30:791]rtk_RX_thread.waiting...
[11:00:30:804][HID_TX]06-04-03-06-00-50-41-0E-0A-01-E0-00-00-00-00-00-00-00-00-00-00-00-00-00-00-00-00-00-00-00-00-00-00-00-00-00-00-00-00-00-00-00-00-00-00-00-00-00-00-00-00-00-00-00-00-00-00-00-00-00-00-00-00-00-00-00-00-00-00-00-00-00-00-00-00-00-00-00-00-00-00-00-00-00-00-00-00-00-00-00-00-00-00-00-00-00-00-00-00-00-00-00-00-00-00-00-00-00-00-00-00-00-00-00-00-00-00-00-00-00-00-00-00-00-00-00-00-00-00-00-00-00-00-00-00-00-00-00-00-00-00-00-00-00-00-00-00-00-00-00-00-00-00-00-00-00-00-00-00-00-00-00-00-00-00-00-00-00-00-00-00-00-00-00-00-00-00-00-00-00-00-00-00-00-00-00-00-00-00-00-00-00-00-00-00-00-00-00-00-00-00-00-00-00-00-00-00-00-00-00-00-00-00-00-00-00-00-00-00-00-00-00-00-00-00-00-00-00-00-00-00-00-00-00-00-00-00-00-00-00-00-00-00-00-00-00-00-00-00-00-00-00-00-00-00-00-00-00-00-00-00-00-00-00-00-00-00-00-00-00-00-00-00-00-00-00-00-00-00-00-00-00-00-00-00-00-00-00-00-00-00-00-00-00-00-00-00-00-00-00-00-00-00-00-00-00-00-00-00-00-00-00-00-00-00-00-00-00-00-00-00-00-00-00-00-00-00-00-00-00-00-00-00-00-00-00-00-00-00-00-00-00-00-00-00-00-00-00-00-00-00-00-00-00-00-00-00-00-00-00-00-00-00-00-00-00-00-00-00-00-00-00-00-00-00-00-00-00-00-00-00-00-00-00-00-00-00-00-00-00-00-00-00-00-00-00-00-00-00-00-00-00-00-00-00-00-00-00-00-00-00-00-00-00-00-00-00-00-00-00-00-00-00-00-00-00-00-00-00-00-00-00-00-00-00-00-00-00-00-00-00-00-00-00-00-00-00-00-00-00-00-00-00-00-00-00-00-00-00-00-00-00-00-00-00-00-00-00-00-00-00-00-00-00-00-00-00-00-00-00-00-00-00-00-00-00-00-00-00-00-00-00-00-00-00-00-00-00-00-00-00-00-00-00-00-00-00-00-00-00-00-00-00-00-00
[11:00:30:813]HidD_SetOutputReport=True
[11:00:30:817][HID_TX_ack]06-5A-00-00-00-00-00-00
[11:00:30:817]50-41-0E-0A-01-E0 [CMD_SENT][REMOTE_GET_MODE]
[11:00:30:841]HidD_GetFeature=True,rx_len=13
[11:00:30:841][HID_RX]06-50-49-01-C0-58-55-33-00-03-00-0E-8A-00-FF-FF-FF-FF-FF-FF-FF-FF-FF-FF-FF-FF-FF-FF-FF-FF-FF-FF-FF-FF-FF-FF-FF-FF-FF-FF-FF-FF-FF-FF-FF-FF-FF-FF-FF-FF-FF-FF-FF-FF-FF-FF-FF-FF-FF-FF-FF-FF-FF-0D
[11:00:30:841][HID_RX_data]50-49-01-C0-58-55-33-00-03-00-0E-8A-00
[11:00:30:841]50-49-01-C0-58-55-33-00-03-00-0E-8A-00
[11:00:30:841]hasPulse=False
[11:00:30:870]HidD_GetFeature=True,rx_len=12
[11:00:30:870][HID_RX]06-50-49-0E-EE-00-00-00-00-02-00-E0-01-FF-FF-FF-FF-FF-FF-FF-FF-FF-FF-FF-FF-FF-FF-FF-FF-FF-FF-FF-FF-FF-FF-FF-FF-FF-FF-FF-FF-FF-FF-FF-FF-FF-FF-FF-FF-FF-FF-FF-FF-FF-FF-FF-FF-FF-FF-FF-FF-FF-FF-0C
[11:00:30:870][HID_RX_data]50-49-0E-EE-00-00-00-00-02-00-E0-01
[11:00:30:870]50-49-0E-EE-00-00-00-00-02-00-E0-01-
[11:00:30:870]hasPulse=True
[11:00:30:870]rtk_RX_thread.waiting...
[11:00:30:870]REMOTE_GET_MODE=01
[11:00:30:870][HID_TX]06-04-03-07-00-50-41-06-0B-01-00-32-00-00-00-00-00-00-00-00-00-00-00-00-00-00-00-00-00-00-00-00-00-00-00-00-00-00-00-00-00-00-00-00-00-00-00-00-00-00-00-00-00-00-00-00-00-00-00-00-00-00-00-00-00-00-00-00-00-00-00-00-00-00-00-00-00-00-00-00-00-00-00-00-00-00-00-00-00-00-00-00-00-00-00-00-00-00-00-00-00-00-00-00-00-00-00-00-00-00-00-00-00-00-00-00-00-00-00-00-00-00-00-00-00-00-00-00-00-00-00-00-00-00-00-00-00-00-00-00-00-00-00-00-00-00-00-00-00-00-00-00-00-00-00-00-00-00-00-00-00-00-00-00-00-00-00-00-00-00-00-00-00-00-00-00-00-00-00-00-00-00-00-00-00-00-00-00-00-00-00-00-00-00-00-00-00-00-00-00-00-00-00-00-00-00-00-00-00-00-00-00-00-00-00-00-00-00-00-00-00-00-00-00-00-00-00-00-00-00-00-00-00-00-00-00-00-00-00-00-00-00-00-00-00-00-00-00-00-00-00-00-00-00-00-00-00-00-00-00-00-00-00-00-00-00-00-00-00-00-00-00-00-00-00-00-00-00-00-00-00-00-00-00-00-00-00-00-00-00-00-00-00-00-00-00-00-00-00-00-00-00-00-00-00-00-00-00-00-00-00-00-00-00-00-00-00-00-00-00-00-00-00-00-00-00-00-00-00-00-00-00-00-00-00-00-00-00-00-00-00-00-00-00-00-00-00-00-00-00-00-00-00-00-00-00-00-00-00-00-00-00-00-00-00-00-00-00-00-00-00-00-00-00-00-00-00-00-00-00-00-00-00-00-00-00-00-00-00-00-00-00-00-00-00-00-00-00-00-00-00-00-00-00-00-00-00-00-00-00-00-00-00-00-00-00-00-00-00-00-00-00-00-00-00-00-00-00-00-00-00-00-00-00-00-00-00-00-00-00-00-00-00-00-00-00-00-00-00-00-00-00-00-00-00-00-00-00-00-00-00-00-00-00-00-00-00-00-00-00-00-00-00-00-00-00-00-00-00-00-00-00-00-00-00-00-00-00-00-00-00-00-00-00-00-00-00-00-00-00-00-00-00-00-00-00-00-00-00-00-00-00-00-00-00
[11:00:30:880]HidD_SetOutputReport=True
[11:00:30:884][HID_TX_ack]06-5A-00-00-00-00-00-00
[11:00:30:884]50-41-06-0B-01-00-32 [CMD_SENT][GET_RSSI]
[11:00:30:909]HidD_GetFeature=True,rx_len=17
[11:00:30:909][HID_RX]06-50-49-01-EF-23-FD-32-00-07-00-06-8B-00-D0-D0-80-80-FF-FF-FF-FF-FF-FF-FF-FF-FF-FF-FF-FF-FF-FF-FF-FF-FF-FF-FF-FF-FF-FF-FF-FF-FF-FF-FF-FF-FF-FF-FF-FF-FF-FF-FF-FF-FF-FF-FF-FF-FF-FF-FF-FF-FF-11
[11:00:30:909][HID_RX_data]50-49-01-EF-23-FD-32-00-07-00-06-8B-00-D0-D0-80-80
[11:00:30:909]50-49-01-EF-23-FD-32-00-07-00-06-8B-00-D0-D0-80-80
[11:00:30:909]hasPulse=True
[11:00:30:909]rtk_RX_thread.waiting...
[11:00:30:923][HID_TX]06-04-03-07-00-50-41-0E-0C-02-E1-00-00-00-00-00-00-00-00-00-00-00-00-00-00-00-00-00-00-00-00-00-00-00-00-00-00-00-00-00-00-00-00-00-00-00-00-00-00-00-00-00-00-00-00-00-00-00-00-00-00-00-00-00-00-00-00-00-00-00-00-00-00-00-00-00-00-00-00-00-00-00-00-00-00-00-00-00-00-00-00-00-00-00-00-00-00-00-00-00-00-00-00-00-00-00-00-00-00-00-00-00-00-00-00-00-00-00-00-00-00-00-00-00-00-00-00-00-00-00-00-00-00-00-00-00-00-00-00-00-00-00-00-00-00-00-00-00-00-00-00-00-00-00-00-00-00-00-00-00-00-00-00-00-00-00-00-00-00-00-00-00-00-00-00-00-00-00-00-00-00-00-00-00-00-00-00-00-00-00-00-00-00-00-00-00-00-00-00-00-00-00-00-00-00-00-00-00-00-00-00-00-00-00-00-00-00-00-00-00-00-00-00-00-00-00-00-00-00-00-00-00-00-00-00-00-00-00-00-00-00-00-00-00-00-00-00-00-00-00-00-00-00-00-00-00-00-00-00-00-00-00-00-00-00-00-00-00-00-00-00-00-00-00-00-00-00-00-00-00-00-00-00-00-00-00-00-00-00-00-00-00-00-00-00-00-00-00-00-00-00-00-00-00-00-00-00-00-00-00-00-00-00-00-00-00-00-00-00-00-00-00-00-00-00-00-00-00-00-00-00-00-00-00-00-00-00-00-00-00-00-00-00-00-00-00-00-00-00-00-00-00-00-00-00-00-00-00-00-00-00-00-00-00-00-00-00-00-00-00-00-00-00-00-00-00-00-00-00-00-00-00-00-00-00-00-00-00-00-00-00-00-00-00-00-00-00-00-00-00-00-00-00-00-00-00-00-00-00-00-00-00-00-00-00-00-00-00-00-00-00-00-00-00-00-00-00-00-00-00-00-00-00-00-00-00-00-00-00-00-00-00-00-00-00-00-00-00-00-00-00-00-00-00-00-00-00-00-00-00-00-00-00-00-00-00-00-00-00-00-00-00-00-00-00-00-00-00-00-00-00-00-00-00-00-00-00-00-00-00-00-00-00-00-00-00-00-00-00-00-00-00-00-00-00-00-00-00-00-00-00-00-00-00-00
[11:00:30:929]HidD_SetOutputReport=True
[11:00:30:933][HID_TX_ack]06-5A-00-00-00-00-00-00
[11:00:30:933]50-41-0E-0C-02-E1-00 [CMD_SENT][REMOTE_SET_MODE] is_remote=False
[11:00:30:957]HidD_GetFeature=True,rx_len=13
[11:00:30:957][HID_RX]06-50-49-01-C0-B7-55-33-00-03-00-0E-8C-00-FF-FF-FF-FF-FF-FF-FF-FF-FF-FF-FF-FF-FF-FF-FF-FF-FF-FF-FF-FF-FF-FF-FF-FF-FF-FF-FF-FF-FF-FF-FF-FF-FF-FF-FF-FF-FF-FF-FF-FF-FF-FF-FF-FF-FF-FF-FF-FF-FF-0D
[11:00:30:957][HID_RX_data]50-49-01-C0-B7-55-33-00-03-00-0E-8C-00
[11:00:30:957]50-49-01-C0-B7-55-33-00-03-00-0E-8C-00
[11:00:30:957]hasPulse=True
[11:00:30:957]rtk_RX_thread.waiting...
[11:00:30:958]report__len=515
[11:00:30:958]report_data=06-08-03-00-00-00-00-00-00-00-00-00-00-00-00-00-00-00-00-00-00-00-00-00-00-00-00-00-00-00-00-00-00-00-00-00-00-00-00-00-00-00-00-00-00-00-00-00-00-00-00-00-00-00-00-00-00-00-00-00-00-00-00-00-00-00-00-00-00-00-00-00-00-00-00-00-00-00-00-00-00-00-00-00-00-00-00-00-00-00-00-00-00-00-00-00-00-00-00-00-00-00-00-00-00-00-00-00-00-00-00-00-00-00-00-00-00-00-00-00-00-00-00-00-00-00-00-00-00-00-00-00-00-00-00-00-00-00-00-00-00-00-00-00-00-00-00-00-00-00-00-00-00-00-00-00-00-00-00-00-00-00-00-00-00-00-00-00-00-00-00-00-00-00-00-00-00-00-00-00-00-00-00-00-00-00-00-00-00-00-00-00-00-00-00-00-00-00-00-00-00-00-00-00-00-00-00-00-00-00-00-00-00-00-00-00-00-00-00-00-00-00-00-00-00-00-00-00-00-00-00-00-00-00-00-00-00-00-00-00-00-00-00-00-00-00-00-00-00-00-00-00-00-00-00-00-00-00-00-00-00-00-00-00-00-00-00-00-00-00-00-00-00-00-00-00-00-00-00-00-00-00-00-00-00-00-00-00-00-00-00-00-00-00-00-00-00-00-00-00-00-00-00-00-00-00-00-00-00-00-00-00-00-00-00-00-00-00-00-00-00-00-00-00-00-00-00-00-00-00-00-00-00-00-00-00-00-00-00-00-00-00-00-00-00-00-00-00-00-00-00-00-00-00-00-00-00-00-00-00-00-00-00-00-00-00-00-00-00-00-00-00-00-00-00-00-00-00-00-00-00-00-00-00-00-00-00-00-00-00-00-00-00-00-00-00-00-00-00-00-00-00-00-00-00-00-00-00-00-00-00-00-00-00-00-00-00-00-00-00-00-00-00-00-00-00-00-00-00-00-00-00-00-00-00-00-00-00-00-00-00-00-00-00-00-00-00-00-00-00-00-00-00-00-00-00-00-00-00-00-00-00-00-00-00-00-00-00-00-00-00-00-00-00-00-00-00-00-00-00-00-00-00-00-00-00-00-00-00-00-00-00-00-00-00-00-00-00-00-00-00-00-00-00-00-00-00-00-00-00-00-00-00-00-00
[11:00:30:969]HidD_SetOutputReport_Exit_bootloader=True
[11:00:30:973][HID_TX_ack]06-5A-00-00-00-00-00-00
[11:00:30:973]close_hid_stream
[11:00:30:973]rtk_RX_thread_end
[11:00:30:973]CloseHandleX
[11:00:30:973]close_hid_handle
[11:00:31:003][Safe handle has been closed][System.ObjectDisposedException]
[11:00:31:006]   at System.Runtime.InteropServices.SafeHandle.DangerousAddRef(Boolean& success)
   at System.StubHelpers.StubHelpers.SafeHandleAddRef(SafeHandle pHandle, Boolean& success)
   at Microsoft.Win32.Win32Native.ReadFile(SafeFileHandle handle, Byte* bytes, Int32 numBytesToRead, IntPtr numBytesRead_mustBeZero, NativeOverlapped* overlapped)
   at System.IO.FileStream.ReadFileNative(SafeFileHandle handle, Byte[] bytes, Int32 offset, Int32 count, NativeOverlapped* overlapped, Int32& hr)
   at System.IO.FileStream.BeginReadCore(Byte[] bytes, Int32 offset, Int32 numBytes, AsyncCallback userCallback, Object stateObject, Int32 numBufferedBytesRead)
   at System.IO.FileStream.BeginReadAsync(Byte[] array, Int32 offset, Int32 numBytes, AsyncCallback userCallback, Object stateObject)
   at System.IO.FileStream.BeginRead(Byte[] array, Int32 offset, Int32 numBytes, AsyncCallback userCallback, Object stateObject)
   at TwsTester.Visitors.ClassExceptionVisitor.ReflectBridge()
[11:00:50:333]connect_auto_select
[11:00:50:334]\\?\hid#dell0a23&col03#5&184b7e16&0&0002#{4d1e55b2-f16f-11cf-88cb-001111000030}
[11:00:50:334]\\?\hid#dell0a23&col04#5&184b7e16&0&0003#{4d1e55b2-f16f-11cf-88cb-001111000030}
[11:00:50:334]\\?\hid#intc816#3&36043c54&0&0000#{4d1e55b2-f16f-11cf-88cb-001111000030}
[11:00:50:334]\\?\hid#vid_046d&pid_0acb&mi_03&col03#7&64d5b1&0&0002#{4d1e55b2-f16f-11cf-88cb-001111000030}
[11:00:50:334]\\?\hid#vid_046d&pid_0acb&mi_03&col01#7&64d5b1&0&0000#{4d1e55b2-f16f-11cf-88cb-001111000030}
[11:00:50:334]\\?\hid#converteddevice&col02#5&2204aa2d&0&0001#{4d1e55b2-f16f-11cf-88cb-001111000030}
[11:00:50:334]\\?\hid#converteddevice&col03#5&2204aa2d&0&0002#{4d1e55b2-f16f-11cf-88cb-001111000030}
[11:00:50:334]\\?\hid#vid_046d&pid_0acb&mi_03&col04#7&64d5b1&0&0003#{4d1e55b2-f16f-11cf-88cb-001111000030}
[11:00:50:334]\\?\hid#converteddevice&col01#5&2204aa2d&0&0000#{4d1e55b2-f16f-11cf-88cb-001111000030}\kbd
[11:00:50:334]\\?\hid#vid_046d&pid_0acb&mi_03&col02#7&64d5b1&0&0001#{4d1e55b2-f16f-11cf-88cb-001111000030}
[11:00:50:334]\\?\hid#dell0a23&col01#5&184b7e16&0&0000#{4d1e55b2-f16f-11cf-88cb-001111000030}
[11:00:50:334]\\?\hid#dell0a23&col02#5&184b7e16&0&0001#{4d1e55b2-f16f-11cf-88cb-001111000030}
[11:00:50:334]\\?\hid#vid_046d&pid_c077#6&21f6894a&0&0000#{4d1e55b2-f16f-11cf-88cb-001111000030}
[11:00:50:334]id=VID=046D,PID=0ACB
[11:00:50:334]	caps.InputReportByteLength=8
[11:00:50:334]	caps.OutputReportByteLength=515
[11:00:50:334]	attributes.VendorID=0x46D
[11:00:50:334]	attributes.ProductID=0xACB
[11:00:50:335]	SerialNumberString=202105190004
[11:00:50:336]	ManufacturerString=Logitech G series
[11:00:50:337]	ProductString=G435 Wireless Gaming Headset
[11:00:50:337]CloseHandleX
[11:00:50:337]id=VID=046D,PID=0ACB
[11:00:50:337]	getCaps=null
[11:00:50:337]CloseHandleX
[11:00:50:337]id=VID=046D,PID=0ACB
[11:00:50:337]	caps.InputReportByteLength=21
[11:00:50:337]	caps.OutputReportByteLength=3
[11:00:50:337]	attributes.VendorID=0x46D
[11:00:50:337]	attributes.ProductID=0xACB
[11:00:50:338]	SerialNumberString=202105190004
[11:00:50:339]	ManufacturerString=Logitech G series
[11:00:50:340]	ProductString=G435 Wireless Gaming Headset
[11:00:50:340]CloseHandleX
[11:00:50:340]id=VID=046D,PID=0ACB
[11:00:50:340]	caps.InputReportByteLength=5
[11:00:50:340]	caps.OutputReportByteLength=0
[11:00:50:340]	attributes.VendorID=0x46D
[11:00:50:340]	attributes.ProductID=0xACB
[11:00:50:341]	SerialNumberString=202105190004
[11:00:50:342]	ManufacturerString=Logitech G series
[11:00:50:343]	ProductString=G435 Wireless Gaming Headset
[11:00:50:343]CloseHandleX
[11:00:50:343]id=VID=046D,PID=C077
[11:00:50:343]	getCaps=null
[11:00:50:343]CloseHandleX
[11:00:50:343]try_path=\\?\hid#vid_046d&pid_0acb&mi_03&col03#7&64d5b1&0&0002#{4d1e55b2-f16f-11cf-88cb-001111000030}
[11:00:50:343]CreateFile_ing=\\?\hid#vid_046d&pid_0acb&mi_03&col03#7&64d5b1&0&0002#{4d1e55b2-f16f-11cf-88cb-001111000030}
[11:00:50:343]CreateFile_ok=3580
[11:00:50:343]HidD_GetPreparsedData_ok=True
[11:00:50:343]HidP_GetCaps_ok=1114112
[11:00:50:343]	InputReportByteLength=8
[11:00:50:343]	OutputReportByteLength=515
[11:00:50:343]create_FileStream_ok
[11:00:50:344]report__len=515
[11:00:50:344]report_data=06-01-03-00-00-00-00-00-00-00-00-00-00-00-00-00-00-00-00-00-00-00-00-00-00-00-00-00-00-00-00-00-00-00-00-00-00-00-00-00-00-00-00-00-00-00-00-00-00-00-00-00-00-00-00-00-00-00-00-00-00-00-00-00-00-00-00-00-00-00-00-00-00-00-00-00-00-00-00-00-00-00-00-00-00-00-00-00-00-00-00-00-00-00-00-00-00-00-00-00-00-00-00-00-00-00-00-00-00-00-00-00-00-00-00-00-00-00-00-00-00-00-00-00-00-00-00-00-00-00-00-00-00-00-00-00-00-00-00-00-00-00-00-00-00-00-00-00-00-00-00-00-00-00-00-00-00-00-00-00-00-00-00-00-00-00-00-00-00-00-00-00-00-00-00-00-00-00-00-00-00-00-00-00-00-00-00-00-00-00-00-00-00-00-00-00-00-00-00-00-00-00-00-00-00-00-00-00-00-00-00-00-00-00-00-00-00-00-00-00-00-00-00-00-00-00-00-00-00-00-00-00-00-00-00-00-00-00-00-00-00-00-00-00-00-00-00-00-00-00-00-00-00-00-00-00-00-00-00-00-00-00-00-00-00-00-00-00-00-00-00-00-00-00-00-00-00-00-00-00-00-00-00-00-00-00-00-00-00-00-00-00-00-00-00-00-00-00-00-00-00-00-00-00-00-00-00-00-00-00-00-00-00-00-00-00-00-00-00-00-00-00-00-00-00-00-00-00-00-00-00-00-00-00-00-00-00-00-00-00-00-00-00-00-00-00-00-00-00-00-00-00-00-00-00-00-00-00-00-00-00-00-00-00-00-00-00-00-00-00-00-00-00-00-00-00-00-00-00-00-00-00-00-00-00-00-00-00-00-00-00-00-00-00-00-00-00-00-00-00-00-00-00-00-00-00-00-00-00-00-00-00-00-00-00-00-00-00-00-00-00-00-00-00-00-00-00-00-00-00-00-00-00-00-00-00-00-00-00-00-00-00-00-00-00-00-00-00-00-00-00-00-00-00-00-00-00-00-00-00-00-00-00-00-00-00-00-00-00-00-00-00-00-00-00-00-00-00-00-00-00-00-00-00-00-00-00-00-00-00-00-00-00-00-00-00-00-00-00-00-00-00-00-00-00-00-00-00-00-00-00-00-00-00-00
[11:00:50:346]rtk_RX_thread_start
[11:00:50:346]rtk_RX_thread.waiting...
[11:00:50:352]HidD_SetOutputReport_Enter_bootloader=True
[11:00:50:356][HID_TX_ack]06-5A-00-00-00-00-00-00
[11:00:50:356]path_connected=\\?\hid#vid_046d&pid_0acb&mi_03&col03#7&64d5b1&0&0002#{4d1e55b2-f16f-11cf-88cb-001111000030}
[11:00:50:357]pooling_start
[11:00:50:381]pooling_HidD_GetFeature=True,rx_len=0
[11:00:50:381][HID_TX]06-04-03-13-00-50-41-06-0D-0D-00-25-34-12-5A-5A-01-00-00-00-F0-00-00-00-00-00-00-00-00-00-00-00-00-00-00-00-00-00-00-00-00-00-00-00-00-00-00-00-00-00-00-00-00-00-00-00-00-00-00-00-00-00-00-00-00-00-00-00-00-00-00-00-00-00-00-00-00-00-00-00-00-00-00-00-00-00-00-00-00-00-00-00-00-00-00-00-00-00-00-00-00-00-00-00-00-00-00-00-00-00-00-00-00-00-00-00-00-00-00-00-00-00-00-00-00-00-00-00-00-00-00-00-00-00-00-00-00-00-00-00-00-00-00-00-00-00-00-00-00-00-00-00-00-00-00-00-00-00-00-00-00-00-00-00-00-00-00-00-00-00-00-00-00-00-00-00-00-00-00-00-00-00-00-00-00-00-00-00-00-00-00-00-00-00-00-00-00-00-00-00-00-00-00-00-00-00-00-00-00-00-00-00-00-00-00-00-00-00-00-00-00-00-00-00-00-00-00-00-00-00-00-00-00-00-00-00-00-00-00-00-00-00-00-00-00-00-00-00-00-00-00-00-00-00-00-00-00-00-00-00-00-00-00-00-00-00-00-00-00-00-00-00-00-00-00-00-00-00-00-00-00-00-00-00-00-00-00-00-00-00-00-00-00-00-00-00-00-00-00-00-00-00-00-00-00-00-00-00-00-00-00-00-00-00-00-00-00-00-00-00-00-00-00-00-00-00-00-00-00-00-00-00-00-00-00-00-00-00-00-00-00-00-00-00-00-00-00-00-00-00-00-00-00-00-00-00-00-00-00-00-00-00-00-00-00-00-00-00-00-00-00-00-00-00-00-00-00-00-00-00-00-00-00-00-00-00-00-00-00-00-00-00-00-00-00-00-00-00-00-00-00-00-00-00-00-00-00-00-00-00-00-00-00-00-00-00-00-00-00-00-00-00-00-00-00-00-00-00-00-00-00-00-00-00-00-00-00-00-00-00-00-00-00-00-00-00-00-00-00-00-00-00-00-00-00-00-00-00-00-00-00-00-00-00-00-00-00-00-00-00-00-00-00-00-00-00-00-00-00-00-00-00-00-00-00-00-00-00-00-00-00-00-00-00-00-00-00-00-00-00-00-00-00-00-00-00-00-00-00-00-00-00-00-00-00
[11:00:50:392]HidD_SetOutputReport=True
[11:00:50:399][HID_TX_ack]06-5A-00-00-00-00-00-00
[11:00:50:399]50-41-06-0D-0D-00-25-34-12-5A-5A-01-00-00-00-F0-00-00-00 [CMD_SENT][OTA_CMD_IOCTL][READ_MAX_LEN=240]
[11:00:50:424]HidD_GetFeature=True,rx_len=17
[11:00:50:424][HID_RX]06-50-49-01-C0-8A-92-33-00-07-00-06-8D-00-F0-00-00-00-FF-FF-FF-FF-FF-FF-FF-FF-FF-FF-FF-FF-FF-FF-FF-FF-FF-FF-FF-FF-FF-FF-FF-FF-FF-FF-FF-FF-FF-FF-FF-FF-FF-FF-FF-FF-FF-FF-FF-FF-FF-FF-FF-FF-FF-11
[11:00:50:424][HID_RX_data]50-49-01-C0-8A-92-33-00-07-00-06-8D-00-F0-00-00-00
[11:00:50:424]50-49-01-C0-8A-92-33-00-07-00-06-8D-00-F0-00-00-00
[11:00:50:424]hasPulse=True
[11:00:50:424]rtk_RX_thread.waiting...
[11:00:50:437][HID_TX]06-04-03-06-00-50-41-0E-0E-01-E3-00-00-00-00-00-00-00-00-00-00-00-00-00-00-00-00-00-00-00-00-00-00-00-00-00-00-00-00-00-00-00-00-00-00-00-00-00-00-00-00-00-00-00-00-00-00-00-00-00-00-00-00-00-00-00-00-00-00-00-00-00-00-00-00-00-00-00-00-00-00-00-00-00-00-00-00-00-00-00-00-00-00-00-00-00-00-00-00-00-00-00-00-00-00-00-00-00-00-00-00-00-00-00-00-00-00-00-00-00-00-00-00-00-00-00-00-00-00-00-00-00-00-00-00-00-00-00-00-00-00-00-00-00-00-00-00-00-00-00-00-00-00-00-00-00-00-00-00-00-00-00-00-00-00-00-00-00-00-00-00-00-00-00-00-00-00-00-00-00-00-00-00-00-00-00-00-00-00-00-00-00-00-00-00-00-00-00-00-00-00-00-00-00-00-00-00-00-00-00-00-00-00-00-00-00-00-00-00-00-00-00-00-00-00-00-00-00-00-00-00-00-00-00-00-00-00-00-00-00-00-00-00-00-00-00-00-00-00-00-00-00-00-00-00-00-00-00-00-00-00-00-00-00-00-00-00-00-00-00-00-00-00-00-00-00-00-00-00-00-00-00-00-00-00-00-00-00-00-00-00-00-00-00-00-00-00-00-00-00-00-00-00-00-00-00-00-00-00-00-00-00-00-00-00-00-00-00-00-00-00-00-00-00-00-00-00-00-00-00-00-00-00-00-00-00-00-00-00-00-00-00-00-00-00-00-00-00-00-00-00-00-00-00-00-00-00-00-00-00-00-00-00-00-00-00-00-00-00-00-00-00-00-00-00-00-00-00-00-00-00-00-00-00-00-00-00-00-00-00-00-00-00-00-00-00-00-00-00-00-00-00-00-00-00-00-00-00-00-00-00-00-00-00-00-00-00-00-00-00-00-00-00-00-00-00-00-00-00-00-00-00-00-00-00-00-00-00-00-00-00-00-00-00-00-00-00-00-00-00-00-00-00-00-00-00-00-00-00-00-00-00-00-00-00-00-00-00-00-00-00-00-00-00-00-00-00-00-00-00-00-00-00-00-00-00-00-00-00-00-00-00-00-00-00-00-00-00-00-00-00-00-00-00-00-00-00-00-00-00-00-00-00-00-00
[11:00:50:444]HidD_SetOutputReport=True
[11:00:50:448][HID_TX_ack]06-5A-00-00-00-00-00-00
[11:00:50:448]50-41-0E-0E-01-E3 [CMD_SENT][REMOTE_GET_CONNECT_STATUS]
[11:00:50:472]HidD_GetFeature=True,rx_len=13
[11:00:50:472][HID_RX]06-50-49-01-C0-B3-92-33-00-03-00-0E-8E-00-FF-FF-FF-FF-FF-FF-FF-FF-FF-FF-FF-FF-FF-FF-FF-FF-FF-FF-FF-FF-FF-FF-FF-FF-FF-FF-FF-FF-FF-FF-FF-FF-FF-FF-FF-FF-FF-FF-FF-FF-FF-FF-FF-FF-FF-FF-FF-FF-FF-0D
[11:00:50:473][HID_RX_data]50-49-01-C0-B3-92-33-00-03-00-0E-8E-00
[11:00:50:473]50-49-01-C0-B3-92-33-00-03-00-0E-8E-00
[11:00:50:473]hasPulse=False
[11:00:50:502]HidD_GetFeature=True,rx_len=12
[11:00:50:502][HID_RX]06-50-49-0E-F0-00-00-00-00-02-00-E3-01-FF-FF-FF-FF-FF-FF-FF-FF-FF-FF-FF-FF-FF-FF-FF-FF-FF-FF-FF-FF-FF-FF-FF-FF-FF-FF-FF-FF-FF-FF-FF-FF-FF-FF-FF-FF-FF-FF-FF-FF-FF-FF-FF-FF-FF-FF-FF-FF-FF-FF-0C
[11:00:50:502][HID_RX_data]50-49-0E-F0-00-00-00-00-02-00-E3-01
[11:00:50:502]50-49-0E-F0-00-00-00-00-02-00-E3-01-
[11:00:50:502]hasPulse=True
[11:00:50:502]rtk_RX_thread.waiting...
[11:00:50:502]REMOTE_GET_CONNECT_STATUS=01
[11:00:50:502][HID_TX]06-04-03-07-00-50-41-0E-0F-02-E1-00-00-00-00-00-00-00-00-00-00-00-00-00-00-00-00-00-00-00-00-00-00-00-00-00-00-00-00-00-00-00-00-00-00-00-00-00-00-00-00-00-00-00-00-00-00-00-00-00-00-00-00-00-00-00-00-00-00-00-00-00-00-00-00-00-00-00-00-00-00-00-00-00-00-00-00-00-00-00-00-00-00-00-00-00-00-00-00-00-00-00-00-00-00-00-00-00-00-00-00-00-00-00-00-00-00-00-00-00-00-00-00-00-00-00-00-00-00-00-00-00-00-00-00-00-00-00-00-00-00-00-00-00-00-00-00-00-00-00-00-00-00-00-00-00-00-00-00-00-00-00-00-00-00-00-00-00-00-00-00-00-00-00-00-00-00-00-00-00-00-00-00-00-00-00-00-00-00-00-00-00-00-00-00-00-00-00-00-00-00-00-00-00-00-00-00-00-00-00-00-00-00-00-00-00-00-00-00-00-00-00-00-00-00-00-00-00-00-00-00-00-00-00-00-00-00-00-00-00-00-00-00-00-00-00-00-00-00-00-00-00-00-00-00-00-00-00-00-00-00-00-00-00-00-00-00-00-00-00-00-00-00-00-00-00-00-00-00-00-00-00-00-00-00-00-00-00-00-00-00-00-00-00-00-00-00-00-00-00-00-00-00-00-00-00-00-00-00-00-00-00-00-00-00-00-00-00-00-00-00-00-00-00-00-00-00-00-00-00-00-00-00-00-00-00-00-00-00-00-00-00-00-00-00-00-00-00-00-00-00-00-00-00-00-00-00-00-00-00-00-00-00-00-00-00-00-00-00-00-00-00-00-00-00-00-00-00-00-00-00-00-00-00-00-00-00-00-00-00-00-00-00-00-00-00-00-00-00-00-00-00-00-00-00-00-00-00-00-00-00-00-00-00-00-00-00-00-00-00-00-00-00-00-00-00-00-00-00-00-00-00-00-00-00-00-00-00-00-00-00-00-00-00-00-00-00-00-00-00-00-00-00-00-00-00-00-00-00-00-00-00-00-00-00-00-00-00-00-00-00-00-00-00-00-00-00-00-00-00-00-00-00-00-00-00-00-00-00-00-00-00-00-00-00-00-00-00-00-00-00-00-00-00-00-00-00-00-00-00-00-00-00-00-00
[11:00:50:512]HidD_SetOutputReport=True
[11:00:50:516][HID_TX_ack]06-5A-00-00-00-00-00-00
[11:00:50:516]50-41-0E-0F-02-E1-00 [CMD_SENT][REMOTE_SET_MODE] is_remote=False
[11:00:50:541]HidD_GetFeature=True,rx_len=13
[11:00:50:541][HID_RX]06-50-49-01-C0-EA-92-33-00-03-00-0E-8F-00-FF-FF-FF-FF-FF-FF-FF-FF-FF-FF-FF-FF-FF-FF-FF-FF-FF-FF-FF-FF-FF-FF-FF-FF-FF-FF-FF-FF-FF-FF-FF-FF-FF-FF-FF-FF-FF-FF-FF-FF-FF-FF-FF-FF-FF-FF-FF-FF-FF-0D
[11:00:50:541][HID_RX_data]50-49-01-C0-EA-92-33-00-03-00-0E-8F-00
[11:00:50:541]50-49-01-C0-EA-92-33-00-03-00-0E-8F-00
[11:00:50:541]hasPulse=True
[11:00:50:541]rtk_RX_thread.waiting...
[11:00:50:541][HID_TX]06-04-03-13-00-50-41-06-10-0D-00-25-34-12-5A-5A-01-00-00-00-F0-00-00-00-00-00-00-00-00-00-00-00-00-00-00-00-00-00-00-00-00-00-00-00-00-00-00-00-00-00-00-00-00-00-00-00-00-00-00-00-00-00-00-00-00-00-00-00-00-00-00-00-00-00-00-00-00-00-00-00-00-00-00-00-00-00-00-00-00-00-00-00-00-00-00-00-00-00-00-00-00-00-00-00-00-00-00-00-00-00-00-00-00-00-00-00-00-00-00-00-00-00-00-00-00-00-00-00-00-00-00-00-00-00-00-00-00-00-00-00-00-00-00-00-00-00-00-00-00-00-00-00-00-00-00-00-00-00-00-00-00-00-00-00-00-00-00-00-00-00-00-00-00-00-00-00-00-00-00-00-00-00-00-00-00-00-00-00-00-00-00-00-00-00-00-00-00-00-00-00-00-00-00-00-00-00-00-00-00-00-00-00-00-00-00-00-00-00-00-00-00-00-00-00-00-00-00-00-00-00-00-00-00-00-00-00-00-00-00-00-00-00-00-00-00-00-00-00-00-00-00-00-00-00-00-00-00-00-00-00-00-00-00-00-00-00-00-00-00-00-00-00-00-00-00-00-00-00-00-00-00-00-00-00-00-00-00-00-00-00-00-00-00-00-00-00-00-00-00-00-00-00-00-00-00-00-00-00-00-00-00-00-00-00-00-00-00-00-00-00-00-00-00-00-00-00-00-00-00-00-00-00-00-00-00-00-00-00-00-00-00-00-00-00-00-00-00-00-00-00-00-00-00-00-00-00-00-00-00-00-00-00-00-00-00-00-00-00-00-00-00-00-00-00-00-00-00-00-00-00-00-00-00-00-00-00-00-00-00-00-00-00-00-00-00-00-00-00-00-00-00-00-00-00-00-00-00-00-00-00-00-00-00-00-00-00-00-00-00-00-00-00-00-00-00-00-00-00-00-00-00-00-00-00-00-00-00-00-00-00-00-00-00-00-00-00-00-00-00-00-00-00-00-00-00-00-00-00-00-00-00-00-00-00-00-00-00-00-00-00-00-00-00-00-00-00-00-00-00-00-00-00-00-00-00-00-00-00-00-00-00-00-00-00-00-00-00-00-00-00-00-00-00-00-00-00-00-00-00-00-00-00-00-00-00
[11:00:50:552]HidD_SetOutputReport=True
[11:00:50:556][HID_TX_ack]06-5A-00-00-00-00-00-00
[11:00:50:556]50-41-06-10-0D-00-25-34-12-5A-5A-01-00-00-00-F0-00-00-00 [CMD_SENT][OTA_CMD_IOCTL][READ_MAX_LEN=240]
[11:00:50:581]HidD_GetFeature=True,rx_len=17
[11:00:50:581][HID_RX]06-50-49-01-C0-0A-93-33-00-07-00-06-90-00-F0-00-00-00-FF-FF-FF-FF-FF-FF-FF-FF-FF-FF-FF-FF-FF-FF-FF-FF-FF-FF-FF-FF-FF-FF-FF-FF-FF-FF-FF-FF-FF-FF-FF-FF-FF-FF-FF-FF-FF-FF-FF-FF-FF-FF-FF-FF-FF-11
[11:00:50:581][HID_RX_data]50-49-01-C0-0A-93-33-00-07-00-06-90-00-F0-00-00-00
[11:00:50:581]50-49-01-C0-0A-93-33-00-07-00-06-90-00-F0-00-00-00
[11:00:50:581]hasPulse=True
[11:00:50:581]rtk_RX_thread.waiting...
[11:00:50:593][HID_TX]06-04-03-06-00-50-41-0E-11-01-E0-00-00-00-00-00-00-00-00-00-00-00-00-00-00-00-00-00-00-00-00-00-00-00-00-00-00-00-00-00-00-00-00-00-00-00-00-00-00-00-00-00-00-00-00-00-00-00-00-00-00-00-00-00-00-00-00-00-00-00-00-00-00-00-00-00-00-00-00-00-00-00-00-00-00-00-00-00-00-00-00-00-00-00-00-00-00-00-00-00-00-00-00-00-00-00-00-00-00-00-00-00-00-00-00-00-00-00-00-00-00-00-00-00-00-00-00-00-00-00-00-00-00-00-00-00-00-00-00-00-00-00-00-00-00-00-00-00-00-00-00-00-00-00-00-00-00-00-00-00-00-00-00-00-00-00-00-00-00-00-00-00-00-00-00-00-00-00-00-00-00-00-00-00-00-00-00-00-00-00-00-00-00-00-00-00-00-00-00-00-00-00-00-00-00-00-00-00-00-00-00-00-00-00-00-00-00-00-00-00-00-00-00-00-00-00-00-00-00-00-00-00-00-00-00-00-00-00-00-00-00-00-00-00-00-00-00-00-00-00-00-00-00-00-00-00-00-00-00-00-00-00-00-00-00-00-00-00-00-00-00-00-00-00-00-00-00-00-00-00-00-00-00-00-00-00-00-00-00-00-00-00-00-00-00-00-00-00-00-00-00-00-00-00-00-00-00-00-00-00-00-00-00-00-00-00-00-00-00-00-00-00-00-00-00-00-00-00-00-00-00-00-00-00-00-00-00-00-00-00-00-00-00-00-00-00-00-00-00-00-00-00-00-00-00-00-00-00-00-00-00-00-00-00-00-00-00-00-00-00-00-00-00-00-00-00-00-00-00-00-00-00-00-00-00-00-00-00-00-00-00-00-00-00-00-00-00-00-00-00-00-00-00-00-00-00-00-00-00-00-00-00-00-00-00-00-00-00-00-00-00-00-00-00-00-00-00-00-00-00-00-00-00-00-00-00-00-00-00-00-00-00-00-00-00-00-00-00-00-00-00-00-00-00-00-00-00-00-00-00-00-00-00-00-00-00-00-00-00-00-00-00-00-00-00-00-00-00-00-00-00-00-00-00-00-00-00-00-00-00-00-00-00-00-00-00-00-00-00-00-00-00-00-00-00-00-00-00-00-00-00-00-00-00-00
[11:00:50:600]HidD_SetOutputReport=True
[11:00:50:604][HID_TX_ack]06-5A-00-00-00-00-00-00
[11:00:50:604]50-41-0E-11-01-E0 [CMD_SENT][REMOTE_GET_MODE]
[11:00:50:629]HidD_GetFeature=True,rx_len=13
[11:00:50:629][HID_RX]06-50-49-01-C0-30-93-33-00-03-00-0E-91-00-FF-FF-FF-FF-FF-FF-FF-FF-FF-FF-FF-FF-FF-FF-FF-FF-FF-FF-FF-FF-FF-FF-FF-FF-FF-FF-FF-FF-FF-FF-FF-FF-FF-FF-FF-FF-FF-FF-FF-FF-FF-FF-FF-FF-FF-FF-FF-FF-FF-0D
[11:00:50:629][HID_RX_data]50-49-01-C0-30-93-33-00-03-00-0E-91-00
[11:00:50:629]50-49-01-C0-30-93-33-00-03-00-0E-91-00
[11:00:50:629]hasPulse=False
[11:00:50:658]HidD_GetFeature=True,rx_len=12
[11:00:50:658][HID_RX]06-50-49-0E-F1-00-00-00-00-02-00-E0-00-FF-FF-FF-FF-FF-FF-FF-FF-FF-FF-FF-FF-FF-FF-FF-FF-FF-FF-FF-FF-FF-FF-FF-FF-FF-FF-FF-FF-FF-FF-FF-FF-FF-FF-FF-FF-FF-FF-FF-FF-FF-FF-FF-FF-FF-FF-FF-FF-FF-FF-0C
[11:00:50:658][HID_RX_data]50-49-0E-F1-00-00-00-00-02-00-E0-00
[11:00:50:658]50-49-0E-F1-00-00-00-00-02-00-E0-00-
[11:00:50:658]hasPulse=True
[11:00:50:658]rtk_RX_thread.waiting...
[11:00:50:658]REMOTE_GET_MODE=00
[11:00:50:658][HID_TX]06-04-03-07-00-50-41-06-12-01-00-32-00-00-00-00-00-00-00-00-00-00-00-00-00-00-00-00-00-00-00-00-00-00-00-00-00-00-00-00-00-00-00-00-00-00-00-00-00-00-00-00-00-00-00-00-00-00-00-00-00-00-00-00-00-00-00-00-00-00-00-00-00-00-00-00-00-00-00-00-00-00-00-00-00-00-00-00-00-00-00-00-00-00-00-00-00-00-00-00-00-00-00-00-00-00-00-00-00-00-00-00-00-00-00-00-00-00-00-00-00-00-00-00-00-00-00-00-00-00-00-00-00-00-00-00-00-00-00-00-00-00-00-00-00-00-00-00-00-00-00-00-00-00-00-00-00-00-00-00-00-00-00-00-00-00-00-00-00-00-00-00-00-00-00-00-00-00-00-00-00-00-00-00-00-00-00-00-00-00-00-00-00-00-00-00-00-00-00-00-00-00-00-00-00-00-00-00-00-00-00-00-00-00-00-00-00-00-00-00-00-00-00-00-00-00-00-00-00-00-00-00-00-00-00-00-00-00-00-00-00-00-00-00-00-00-00-00-00-00-00-00-00-00-00-00-00-00-00-00-00-00-00-00-00-00-00-00-00-00-00-00-00-00-00-00-00-00-00-00-00-00-00-00-00-00-00-00-00-00-00-00-00-00-00-00-00-00-00-00-00-00-00-00-00-00-00-00-00-00-00-00-00-00-00-00-00-00-00-00-00-00-00-00-00-00-00-00-00-00-00-00-00-00-00-00-00-00-00-00-00-00-00-00-00-00-00-00-00-00-00-00-00-00-00-00-00-00-00-00-00-00-00-00-00-00-00-00-00-00-00-00-00-00-00-00-00-00-00-00-00-00-00-00-00-00-00-00-00-00-00-00-00-00-00-00-00-00-00-00-00-00-00-00-00-00-00-00-00-00-00-00-00-00-00-00-00-00-00-00-00-00-00-00-00-00-00-00-00-00-00-00-00-00-00-00-00-00-00-00-00-00-00-00-00-00-00-00-00-00-00-00-00-00-00-00-00-00-00-00-00-00-00-00-00-00-00-00-00-00-00-00-00-00-00-00-00-00-00-00-00-00-00-00-00-00-00-00-00-00-00-00-00-00-00-00-00-00-00-00-00-00-00-00-00-00-00-00-00-00-00-00-00-00-00
[11:00:50:668]HidD_SetOutputReport=True
[11:00:50:672][HID_TX_ack]06-5A-00-00-00-00-00-00
[11:00:50:672]50-41-06-12-01-00-32 [CMD_SENT][GET_RSSI]
[11:00:50:697]HidD_GetFeature=True,rx_len=17
[11:00:50:697][HID_RX]06-50-49-01-C0-67-93-33-00-07-00-06-92-00-CD-CD-80-80-FF-FF-FF-FF-FF-FF-FF-FF-FF-FF-FF-FF-FF-FF-FF-FF-FF-FF-FF-FF-FF-FF-FF-FF-FF-FF-FF-FF-FF-FF-FF-FF-FF-FF-FF-FF-FF-FF-FF-FF-FF-FF-FF-FF-FF-11
[11:00:50:697][HID_RX_data]50-49-01-C0-67-93-33-00-07-00-06-92-00-CD-CD-80-80
[11:00:50:697]50-49-01-C0-67-93-33-00-07-00-06-92-00-CD-CD-80-80
[11:00:50:697]hasPulse=True
[11:00:50:697]rtk_RX_thread.waiting...
[11:00:50:712][HID_TX]06-04-03-06-00-50-41-0E-13-01-E3-00-00-00-00-00-00-00-00-00-00-00-00-00-00-00-00-00-00-00-00-00-00-00-00-00-00-00-00-00-00-00-00-00-00-00-00-00-00-00-00-00-00-00-00-00-00-00-00-00-00-00-00-00-00-00-00-00-00-00-00-00-00-00-00-00-00-00-00-00-00-00-00-00-00-00-00-00-00-00-00-00-00-00-00-00-00-00-00-00-00-00-00-00-00-00-00-00-00-00-00-00-00-00-00-00-00-00-00-00-00-00-00-00-00-00-00-00-00-00-00-00-00-00-00-00-00-00-00-00-00-00-00-00-00-00-00-00-00-00-00-00-00-00-00-00-00-00-00-00-00-00-00-00-00-00-00-00-00-00-00-00-00-00-00-00-00-00-00-00-00-00-00-00-00-00-00-00-00-00-00-00-00-00-00-00-00-00-00-00-00-00-00-00-00-00-00-00-00-00-00-00-00-00-00-00-00-00-00-00-00-00-00-00-00-00-00-00-00-00-00-00-00-00-00-00-00-00-00-00-00-00-00-00-00-00-00-00-00-00-00-00-00-00-00-00-00-00-00-00-00-00-00-00-00-00-00-00-00-00-00-00-00-00-00-00-00-00-00-00-00-00-00-00-00-00-00-00-00-00-00-00-00-00-00-00-00-00-00-00-00-00-00-00-00-00-00-00-00-00-00-00-00-00-00-00-00-00-00-00-00-00-00-00-00-00-00-00-00-00-00-00-00-00-00-00-00-00-00-00-00-00-00-00-00-00-00-00-00-00-00-00-00-00-00-00-00-00-00-00-00-00-00-00-00-00-00-00-00-00-00-00-00-00-00-00-00-00-00-00-00-00-00-00-00-00-00-00-00-00-00-00-00-00-00-00-00-00-00-00-00-00-00-00-00-00-00-00-00-00-00-00-00-00-00-00-00-00-00-00-00-00-00-00-00-00-00-00-00-00-00-00-00-00-00-00-00-00-00-00-00-00-00-00-00-00-00-00-00-00-00-00-00-00-00-00-00-00-00-00-00-00-00-00-00-00-00-00-00-00-00-00-00-00-00-00-00-00-00-00-00-00-00-00-00-00-00-00-00-00-00-00-00-00-00-00-00-00-00-00-00-00-00-00-00-00-00-00-00-00-00-00-00-00-00
[11:00:50:721]HidD_SetOutputReport=True
[11:00:50:725][HID_TX_ack]06-5A-00-00-00-00-00-00
[11:00:50:725]50-41-0E-13-01-E3 [CMD_SENT][REMOTE_GET_CONNECT_STATUS]
[11:00:50:749]HidD_GetFeature=True,rx_len=13
[11:00:50:749][HID_RX]06-50-49-01-C0-8E-93-33-00-03-00-0E-93-00-FF-FF-FF-FF-FF-FF-FF-FF-FF-FF-FF-FF-FF-FF-FF-FF-FF-FF-FF-FF-FF-FF-FF-FF-FF-FF-FF-FF-FF-FF-FF-FF-FF-FF-FF-FF-FF-FF-FF-FF-FF-FF-FF-FF-FF-FF-FF-FF-FF-0D
[11:00:50:749][HID_RX_data]50-49-01-C0-8E-93-33-00-03-00-0E-93-00
[11:00:50:749]50-49-01-C0-8E-93-33-00-03-00-0E-93-00
[11:00:50:749]hasPulse=False
[11:00:50:778]HidD_GetFeature=True,rx_len=12
[11:00:50:778][HID_RX]06-50-49-0E-F2-00-00-00-00-02-00-E3-01-FF-FF-FF-FF-FF-FF-FF-FF-FF-FF-FF-FF-FF-FF-FF-FF-FF-FF-FF-FF-FF-FF-FF-FF-FF-FF-FF-FF-FF-FF-FF-FF-FF-FF-FF-FF-FF-FF-FF-FF-FF-FF-FF-FF-FF-FF-FF-FF-FF-FF-0C
[11:00:50:778][HID_RX_data]50-49-0E-F2-00-00-00-00-02-00-E3-01
[11:00:50:778]50-49-0E-F2-00-00-00-00-02-00-E3-01-
[11:00:50:778]hasPulse=True
[11:00:50:778]rtk_RX_thread.waiting...
[11:00:50:779]REMOTE_GET_CONNECT_STATUS=01
[11:00:50:779][HID_TX]06-04-03-07-00-50-41-0E-14-02-E1-01-00-00-00-00-00-00-00-00-00-00-00-00-00-00-00-00-00-00-00-00-00-00-00-00-00-00-00-00-00-00-00-00-00-00-00-00-00-00-00-00-00-00-00-00-00-00-00-00-00-00-00-00-00-00-00-00-00-00-00-00-00-00-00-00-00-00-00-00-00-00-00-00-00-00-00-00-00-00-00-00-00-00-00-00-00-00-00-00-00-00-00-00-00-00-00-00-00-00-00-00-00-00-00-00-00-00-00-00-00-00-00-00-00-00-00-00-00-00-00-00-00-00-00-00-00-00-00-00-00-00-00-00-00-00-00-00-00-00-00-00-00-00-00-00-00-00-00-00-00-00-00-00-00-00-00-00-00-00-00-00-00-00-00-00-00-00-00-00-00-00-00-00-00-00-00-00-00-00-00-00-00-00-00-00-00-00-00-00-00-00-00-00-00-00-00-00-00-00-00-00-00-00-00-00-00-00-00-00-00-00-00-00-00-00-00-00-00-00-00-00-00-00-00-00-00-00-00-00-00-00-00-00-00-00-00-00-00-00-00-00-00-00-00-00-00-00-00-00-00-00-00-00-00-00-00-00-00-00-00-00-00-00-00-00-00-00-00-00-00-00-00-00-00-00-00-00-00-00-00-00-00-00-00-00-00-00-00-00-00-00-00-00-00-00-00-00-00-00-00-00-00-00-00-00-00-00-00-00-00-00-00-00-00-00-00-00-00-00-00-00-00-00-00-00-00-00-00-00-00-00-00-00-00-00-00-00-00-00-00-00-00-00-00-00-00-00-00-00-00-00-00-00-00-00-00-00-00-00-00-00-00-00-00-00-00-00-00-00-00-00-00-00-00-00-00-00-00-00-00-00-00-00-00-00-00-00-00-00-00-00-00-00-00-00-00-00-00-00-00-00-00-00-00-00-00-00-00-00-00-00-00-00-00-00-00-00-00-00-00-00-00-00-00-00-00-00-00-00-00-00-00-00-00-00-00-00-00-00-00-00-00-00-00-00-00-00-00-00-00-00-00-00-00-00-00-00-00-00-00-00-00-00-00-00-00-00-00-00-00-00-00-00-00-00-00-00-00-00-00-00-00-00-00-00-00-00-00-00-00-00-00-00-00-00-00-00-00-00-00-00-00-00-00
[11:00:50:789]HidD_SetOutputReport=True
[11:00:50:793][HID_TX_ack]06-5A-00-00-00-00-00-00
[11:00:50:793]50-41-0E-14-02-E1-01 [CMD_SENT][REMOTE_SET_MODE] is_remote=True
[11:00:50:817]HidD_GetFeature=True,rx_len=13
[11:00:50:817][HID_RX]06-50-49-01-C0-C7-93-33-00-03-00-0E-94-00-FF-FF-FF-FF-FF-FF-FF-FF-FF-FF-FF-FF-FF-FF-FF-FF-FF-FF-FF-FF-FF-FF-FF-FF-FF-FF-FF-FF-FF-FF-FF-FF-FF-FF-FF-FF-FF-FF-FF-FF-FF-FF-FF-FF-FF-FF-FF-FF-FF-0D
[11:00:50:817][HID_RX_data]50-49-01-C0-C7-93-33-00-03-00-0E-94-00
[11:00:50:817]50-49-01-C0-C7-93-33-00-03-00-0E-94-00
[11:00:50:817]hasPulse=True
[11:00:50:817]rtk_RX_thread.waiting...
[11:00:50:818][HID_TX]06-04-03-13-00-50-41-06-15-0D-00-25-34-12-5A-5A-01-00-00-00-F0-00-00-00-00-00-00-00-00-00-00-00-00-00-00-00-00-00-00-00-00-00-00-00-00-00-00-00-00-00-00-00-00-00-00-00-00-00-00-00-00-00-00-00-00-00-00-00-00-00-00-00-00-00-00-00-00-00-00-00-00-00-00-00-00-00-00-00-00-00-00-00-00-00-00-00-00-00-00-00-00-00-00-00-00-00-00-00-00-00-00-00-00-00-00-00-00-00-00-00-00-00-00-00-00-00-00-00-00-00-00-00-00-00-00-00-00-00-00-00-00-00-00-00-00-00-00-00-00-00-00-00-00-00-00-00-00-00-00-00-00-00-00-00-00-00-00-00-00-00-00-00-00-00-00-00-00-00-00-00-00-00-00-00-00-00-00-00-00-00-00-00-00-00-00-00-00-00-00-00-00-00-00-00-00-00-00-00-00-00-00-00-00-00-00-00-00-00-00-00-00-00-00-00-00-00-00-00-00-00-00-00-00-00-00-00-00-00-00-00-00-00-00-00-00-00-00-00-00-00-00-00-00-00-00-00-00-00-00-00-00-00-00-00-00-00-00-00-00-00-00-00-00-00-00-00-00-00-00-00-00-00-00-00-00-00-00-00-00-00-00-00-00-00-00-00-00-00-00-00-00-00-00-00-00-00-00-00-00-00-00-00-00-00-00-00-00-00-00-00-00-00-00-00-00-00-00-00-00-00-00-00-00-00-00-00-00-00-00-00-00-00-00-00-00-00-00-00-00-00-00-00-00-00-00-00-00-00-00-00-00-00-00-00-00-00-00-00-00-00-00-00-00-00-00-00-00-00-00-00-00-00-00-00-00-00-00-00-00-00-00-00-00-00-00-00-00-00-00-00-00-00-00-00-00-00-00-00-00-00-00-00-00-00-00-00-00-00-00-00-00-00-00-00-00-00-00-00-00-00-00-00-00-00-00-00-00-00-00-00-00-00-00-00-00-00-00-00-00-00-00-00-00-00-00-00-00-00-00-00-00-00-00-00-00-00-00-00-00-00-00-00-00-00-00-00-00-00-00-00-00-00-00-00-00-00-00-00-00-00-00-00-00-00-00-00-00-00-00-00-00-00-00-00-00-00-00-00-00-00-00-00-00-00-00
[11:00:50:829]HidD_SetOutputReport=True
[11:00:50:833][HID_TX_ack]06-5A-00-00-00-00-00-00
[11:00:50:833]50-41-06-15-0D-00-25-34-12-5A-5A-01-00-00-00-F0-00-00-00 [CMD_SENT][OTA_CMD_IOCTL][READ_MAX_LEN=240]
[11:00:50:858]HidD_GetFeature=True,rx_len=17
[11:00:50:858][HID_RX]06-50-49-01-F3-78-3B-33-00-07-00-06-95-00-F0-00-00-00-FF-FF-FF-FF-FF-FF-FF-FF-FF-FF-FF-FF-FF-FF-FF-FF-FF-FF-FF-FF-FF-FF-FF-FF-FF-FF-FF-FF-FF-FF-FF-FF-FF-FF-FF-FF-FF-FF-FF-FF-FF-FF-FF-FF-FF-11
[11:00:50:858][HID_RX_data]50-49-01-F3-78-3B-33-00-07-00-06-95-00-F0-00-00-00
[11:00:50:858]50-49-01-F3-78-3B-33-00-07-00-06-95-00-F0-00-00-00
[11:00:50:858]hasPulse=True
[11:00:50:858]rtk_RX_thread.waiting...
[11:00:50:871][HID_TX]06-04-03-06-00-50-41-0E-16-01-E0-00-00-00-00-00-00-00-00-00-00-00-00-00-00-00-00-00-00-00-00-00-00-00-00-00-00-00-00-00-00-00-00-00-00-00-00-00-00-00-00-00-00-00-00-00-00-00-00-00-00-00-00-00-00-00-00-00-00-00-00-00-00-00-00-00-00-00-00-00-00-00-00-00-00-00-00-00-00-00-00-00-00-00-00-00-00-00-00-00-00-00-00-00-00-00-00-00-00-00-00-00-00-00-00-00-00-00-00-00-00-00-00-00-00-00-00-00-00-00-00-00-00-00-00-00-00-00-00-00-00-00-00-00-00-00-00-00-00-00-00-00-00-00-00-00-00-00-00-00-00-00-00-00-00-00-00-00-00-00-00-00-00-00-00-00-00-00-00-00-00-00-00-00-00-00-00-00-00-00-00-00-00-00-00-00-00-00-00-00-00-00-00-00-00-00-00-00-00-00-00-00-00-00-00-00-00-00-00-00-00-00-00-00-00-00-00-00-00-00-00-00-00-00-00-00-00-00-00-00-00-00-00-00-00-00-00-00-00-00-00-00-00-00-00-00-00-00-00-00-00-00-00-00-00-00-00-00-00-00-00-00-00-00-00-00-00-00-00-00-00-00-00-00-00-00-00-00-00-00-00-00-00-00-00-00-00-00-00-00-00-00-00-00-00-00-00-00-00-00-00-00-00-00-00-00-00-00-00-00-00-00-00-00-00-00-00-00-00-00-00-00-00-00-00-00-00-00-00-00-00-00-00-00-00-00-00-00-00-00-00-00-00-00-00-00-00-00-00-00-00-00-00-00-00-00-00-00-00-00-00-00-00-00-00-00-00-00-00-00-00-00-00-00-00-00-00-00-00-00-00-00-00-00-00-00-00-00-00-00-00-00-00-00-00-00-00-00-00-00-00-00-00-00-00-00-00-00-00-00-00-00-00-00-00-00-00-00-00-00-00-00-00-00-00-00-00-00-00-00-00-00-00-00-00-00-00-00-00-00-00-00-00-00-00-00-00-00-00-00-00-00-00-00-00-00-00-00-00-00-00-00-00-00-00-00-00-00-00-00-00-00-00-00-00-00-00-00-00-00-00-00-00-00-00-00-00-00-00-00-00-00-00-00-00-00-00-00-00-00-00-00-00-00-00
[11:00:50:877]HidD_SetOutputReport=True
[11:00:50:881][HID_TX_ack]06-5A-00-00-00-00-00-00
[11:00:50:881]50-41-0E-16-01-E0 [CMD_SENT][REMOTE_GET_MODE]
[11:00:50:905]HidD_GetFeature=True,rx_len=13
[11:00:50:905][HID_RX]06-50-49-01-C0-0D-94-33-00-03-00-0E-96-00-FF-FF-FF-FF-FF-FF-FF-FF-FF-FF-FF-FF-FF-FF-FF-FF-FF-FF-FF-FF-FF-FF-FF-FF-FF-FF-FF-FF-FF-FF-FF-FF-FF-FF-FF-FF-FF-FF-FF-FF-FF-FF-FF-FF-FF-FF-FF-FF-FF-0D
[11:00:50:905][HID_RX_data]50-49-01-C0-0D-94-33-00-03-00-0E-96-00
[11:00:50:905]50-49-01-C0-0D-94-33-00-03-00-0E-96-00
[11:00:50:905]hasPulse=False
[11:00:50:934]HidD_GetFeature=True,rx_len=12
[11:00:50:934][HID_RX]06-50-49-0E-F4-00-00-00-00-02-00-E0-01-FF-FF-FF-FF-FF-FF-FF-FF-FF-FF-FF-FF-FF-FF-FF-FF-FF-FF-FF-FF-FF-FF-FF-FF-FF-FF-FF-FF-FF-FF-FF-FF-FF-FF-FF-FF-FF-FF-FF-FF-FF-FF-FF-FF-FF-FF-FF-FF-FF-FF-0C
[11:00:50:934][HID_RX_data]50-49-0E-F4-00-00-00-00-02-00-E0-01
[11:00:50:934]50-49-0E-F4-00-00-00-00-02-00-E0-01-
[11:00:50:934]hasPulse=True
[11:00:50:934]rtk_RX_thread.waiting...
[11:00:50:934]REMOTE_GET_MODE=01
[11:00:50:934][HID_TX]06-04-03-07-00-50-41-06-17-01-00-32-00-00-00-00-00-00-00-00-00-00-00-00-00-00-00-00-00-00-00-00-00-00-00-00-00-00-00-00-00-00-00-00-00-00-00-00-00-00-00-00-00-00-00-00-00-00-00-00-00-00-00-00-00-00-00-00-00-00-00-00-00-00-00-00-00-00-00-00-00-00-00-00-00-00-00-00-00-00-00-00-00-00-00-00-00-00-00-00-00-00-00-00-00-00-00-00-00-00-00-00-00-00-00-00-00-00-00-00-00-00-00-00-00-00-00-00-00-00-00-00-00-00-00-00-00-00-00-00-00-00-00-00-00-00-00-00-00-00-00-00-00-00-00-00-00-00-00-00-00-00-00-00-00-00-00-00-00-00-00-00-00-00-00-00-00-00-00-00-00-00-00-00-00-00-00-00-00-00-00-00-00-00-00-00-00-00-00-00-00-00-00-00-00-00-00-00-00-00-00-00-00-00-00-00-00-00-00-00-00-00-00-00-00-00-00-00-00-00-00-00-00-00-00-00-00-00-00-00-00-00-00-00-00-00-00-00-00-00-00-00-00-00-00-00-00-00-00-00-00-00-00-00-00-00-00-00-00-00-00-00-00-00-00-00-00-00-00-00-00-00-00-00-00-00-00-00-00-00-00-00-00-00-00-00-00-00-00-00-00-00-00-00-00-00-00-00-00-00-00-00-00-00-00-00-00-00-00-00-00-00-00-00-00-00-00-00-00-00-00-00-00-00-00-00-00-00-00-00-00-00-00-00-00-00-00-00-00-00-00-00-00-00-00-00-00-00-00-00-00-00-00-00-00-00-00-00-00-00-00-00-00-00-00-00-00-00-00-00-00-00-00-00-00-00-00-00-00-00-00-00-00-00-00-00-00-00-00-00-00-00-00-00-00-00-00-00-00-00-00-00-00-00-00-00-00-00-00-00-00-00-00-00-00-00-00-00-00-00-00-00-00-00-00-00-00-00-00-00-00-00-00-00-00-00-00-00-00-00-00-00-00-00-00-00-00-00-00-00-00-00-00-00-00-00-00-00-00-00-00-00-00-00-00-00-00-00-00-00-00-00-00-00-00-00-00-00-00-00-00-00-00-00-00-00-00-00-00-00-00-00-00-00-00-00-00-00-00-00-00-00-00-00-00
[11:00:50:945]HidD_SetOutputReport=True
[11:00:50:949][HID_TX_ack]06-5A-00-00-00-00-00-00
[11:00:50:949]50-41-06-17-01-00-32 [CMD_SENT][GET_RSSI]
[11:00:50:973]HidD_GetFeature=True,rx_len=17
[11:00:50:973][HID_RX]06-50-49-01-F5-D4-3B-33-00-07-00-06-97-00-D2-D2-80-80-FF-FF-FF-FF-FF-FF-FF-FF-FF-FF-FF-FF-FF-FF-FF-FF-FF-FF-FF-FF-FF-FF-FF-FF-FF-FF-FF-FF-FF-FF-FF-FF-FF-FF-FF-FF-FF-FF-FF-FF-FF-FF-FF-FF-FF-11
[11:00:50:973][HID_RX_data]50-49-01-F5-D4-3B-33-00-07-00-06-97-00-D2-D2-80-80
[11:00:50:973]50-49-01-F5-D4-3B-33-00-07-00-06-97-00-D2-D2-80-80
[11:00:50:973]hasPulse=True
[11:00:50:973]rtk_RX_thread.waiting...
[11:00:50:987][HID_TX]06-04-03-07-00-50-41-0E-18-02-E1-00-00-00-00-00-00-00-00-00-00-00-00-00-00-00-00-00-00-00-00-00-00-00-00-00-00-00-00-00-00-00-00-00-00-00-00-00-00-00-00-00-00-00-00-00-00-00-00-00-00-00-00-00-00-00-00-00-00-00-00-00-00-00-00-00-00-00-00-00-00-00-00-00-00-00-00-00-00-00-00-00-00-00-00-00-00-00-00-00-00-00-00-00-00-00-00-00-00-00-00-00-00-00-00-00-00-00-00-00-00-00-00-00-00-00-00-00-00-00-00-00-00-00-00-00-00-00-00-00-00-00-00-00-00-00-00-00-00-00-00-00-00-00-00-00-00-00-00-00-00-00-00-00-00-00-00-00-00-00-00-00-00-00-00-00-00-00-00-00-00-00-00-00-00-00-00-00-00-00-00-00-00-00-00-00-00-00-00-00-00-00-00-00-00-00-00-00-00-00-00-00-00-00-00-00-00-00-00-00-00-00-00-00-00-00-00-00-00-00-00-00-00-00-00-00-00-00-00-00-00-00-00-00-00-00-00-00-00-00-00-00-00-00-00-00-00-00-00-00-00-00-00-00-00-00-00-00-00-00-00-00-00-00-00-00-00-00-00-00-00-00-00-00-00-00-00-00-00-00-00-00-00-00-00-00-00-00-00-00-00-00-00-00-00-00-00-00-00-00-00-00-00-00-00-00-00-00-00-00-00-00-00-00-00-00-00-00-00-00-00-00-00-00-00-00-00-00-00-00-00-00-00-00-00-00-00-00-00-00-00-00-00-00-00-00-00-00-00-00-00-00-00-00-00-00-00-00-00-00-00-00-00-00-00-00-00-00-00-00-00-00-00-00-00-00-00-00-00-00-00-00-00-00-00-00-00-00-00-00-00-00-00-00-00-00-00-00-00-00-00-00-00-00-00-00-00-00-00-00-00-00-00-00-00-00-00-00-00-00-00-00-00-00-00-00-00-00-00-00-00-00-00-00-00-00-00-00-00-00-00-00-00-00-00-00-00-00-00-00-00-00-00-00-00-00-00-00-00-00-00-00-00-00-00-00-00-00-00-00-00-00-00-00-00-00-00-00-00-00-00-00-00-00-00-00-00-00-00-00-00-00-00-00-00-00-00-00-00-00-00-00-00-00-00
[11:00:50:993]HidD_SetOutputReport=True
[11:00:50:997][HID_TX_ack]06-5A-00-00-00-00-00-00
[11:00:50:997]50-41-0E-18-02-E1-00 [CMD_SENT][REMOTE_SET_MODE] is_remote=False
[11:00:51:021]HidD_GetFeature=True,rx_len=13
[11:00:51:021][HID_RX]06-50-49-01-C0-6A-94-33-00-03-00-0E-98-00-FF-FF-FF-FF-FF-FF-FF-FF-FF-FF-FF-FF-FF-FF-FF-FF-FF-FF-FF-FF-FF-FF-FF-FF-FF-FF-FF-FF-FF-FF-FF-FF-FF-FF-FF-FF-FF-FF-FF-FF-FF-FF-FF-FF-FF-FF-FF-FF-FF-0D
[11:00:51:022][HID_RX_data]50-49-01-C0-6A-94-33-00-03-00-0E-98-00
[11:00:51:022]50-49-01-C0-6A-94-33-00-03-00-0E-98-00
[11:00:51:022]hasPulse=True
[11:00:51:022]rtk_RX_thread.waiting...
[11:00:51:022]report__len=515
[11:00:51:022]report_data=06-08-03-00-00-00-00-00-00-00-00-00-00-00-00-00-00-00-00-00-00-00-00-00-00-00-00-00-00-00-00-00-00-00-00-00-00-00-00-00-00-00-00-00-00-00-00-00-00-00-00-00-00-00-00-00-00-00-00-00-00-00-00-00-00-00-00-00-00-00-00-00-00-00-00-00-00-00-00-00-00-00-00-00-00-00-00-00-00-00-00-00-00-00-00-00-00-00-00-00-00-00-00-00-00-00-00-00-00-00-00-00-00-00-00-00-00-00-00-00-00-00-00-00-00-00-00-00-00-00-00-00-00-00-00-00-00-00-00-00-00-00-00-00-00-00-00-00-00-00-00-00-00-00-00-00-00-00-00-00-00-00-00-00-00-00-00-00-00-00-00-00-00-00-00-00-00-00-00-00-00-00-00-00-00-00-00-00-00-00-00-00-00-00-00-00-00-00-00-00-00-00-00-00-00-00-00-00-00-00-00-00-00-00-00-00-00-00-00-00-00-00-00-00-00-00-00-00-00-00-00-00-00-00-00-00-00-00-00-00-00-00-00-00-00-00-00-00-00-00-00-00-00-00-00-00-00-00-00-00-00-00-00-00-00-00-00-00-00-00-00-00-00-00-00-00-00-00-00-00-00-00-00-00-00-00-00-00-00-00-00-00-00-00-00-00-00-00-00-00-00-00-00-00-00-00-00-00-00-00-00-00-00-00-00-00-00-00-00-00-00-00-00-00-00-00-00-00-00-00-00-00-00-00-00-00-00-00-00-00-00-00-00-00-00-00-00-00-00-00-00-00-00-00-00-00-00-00-00-00-00-00-00-00-00-00-00-00-00-00-00-00-00-00-00-00-00-00-00-00-00-00-00-00-00-00-00-00-00-00-00-00-00-00-00-00-00-00-00-00-00-00-00-00-00-00-00-00-00-00-00-00-00-00-00-00-00-00-00-00-00-00-00-00-00-00-00-00-00-00-00-00-00-00-00-00-00-00-00-00-00-00-00-00-00-00-00-00-00-00-00-00-00-00-00-00-00-00-00-00-00-00-00-00-00-00-00-00-00-00-00-00-00-00-00-00-00-00-00-00-00-00-00-00-00-00-00-00-00-00-00-00-00-00-00-00-00-00-00-00-00-00-00-00-00-00-00-00-00-00-00-00-00-00-00
[11:00:51:033]HidD_SetOutputReport_Exit_bootloader=True
[11:00:51:037][HID_TX_ack]06-5A-00-00-00-00-00-00
[11:00:51:037]close_hid_stream
[11:00:51:037]rtk_RX_thread_end
[11:00:51:037]CloseHandleX
[11:00:51:037]close_hid_handle
