2023-11-20 11:48:21-checkEmpNo==>>Execute Start
2023-11-20 11:48:21-checkEmpNo==>>Param【EMP】【91201975】
2023-11-20 11:48:21-checkEmpNo==>>Param【STATION】【T3.0】
2023-11-20 11:48:22-checkEmpNo==>>Result【OK;】 - Exectue Total【38】ms 
2023-11-20 11:48:22-GetPart==>>Execute Start
2023-11-20 11:48:22-GetPart==>>Param【WO】【001100435219】
2023-11-20 11:48:22-GetPart==>>Result【85X647010000】 - Exectue Total【10】ms 
2023-11-20 11:48:46-checkEmpNo==>>Execute Start
2023-11-20 11:48:46-checkEmpNo==>>Param【EMP】【91201975】
2023-11-20 11:48:46-checkEmpNo==>>Param【STATION】【T3.0】
2023-11-20 11:48:46-checkEmpNo==>>Result【OK;】 - Exectue Total【64】ms 
2023-11-20 11:48:46-GetPart==>>Execute Start
2023-11-20 11:48:46-GetPart==>>Param【WO】【001100435219】
2023-11-20 11:48:46-GetPart==>>Result【85X647010000】 - Exectue Total【60】ms 
2023-11-20 11:49:12-checkSN_Station==>>Execute Start
2023-11-20 11:49:12-checkSN_Station==>>Param【SN】【2346ME02HVX8】
2023-11-20 11:49:12-checkSN_Station==>>Param【STATION】【T3.0】
2023-11-20 11:49:12-checkSN_Station==>>Result【OK;OK;】 - Exectue Total【13】ms 
2023-11-20 11:49:21-checkSN_Station==>>Execute Start
2023-11-20 11:49:21-checkSN_Station==>>Param【SN】【2346ME02HWD8】
2023-11-20 11:49:21-checkSN_Station==>>Param【STATION】【T3.0】
2023-11-20 11:49:21-checkSN_Station==>>Result【OK;OK;】 - Exectue Total【12】ms 
2023-11-20 13:38:58-checkEmpNo==>>Execute Start
2023-11-20 13:38:58-checkEmpNo==>>Param【EMP】【91201975】
2023-11-20 13:38:58-checkEmpNo==>>Param【STATION】【T3.0】
2023-11-20 13:39:07-checkEmpNo==>>Result【OK;】 - Exectue Total【607】ms 
2023-11-20 13:39:07-GetPart==>>Execute Start
2023-11-20 13:39:07-GetPart==>>Param【WO】【001100435219】
2023-11-20 13:39:09-GetPart==>>Result【85X647010000】 - Exectue Total【637】ms 
2023-11-20 13:40:34-checkSN_Station==>>Execute Start
2023-11-20 13:40:34-checkSN_Station==>>Param【SN】【2346ME02JCW8】
2023-11-20 13:40:34-checkSN_Station==>>Param【STATION】【T3.0】
2023-11-20 13:40:34-checkSN_Station==>>Result【OK;OK;】 - Exectue Total【48】ms 
2023-11-20 13:40:36-checkSN_Station==>>Execute Start
2023-11-20 13:40:36-checkSN_Station==>>Param【SN】【2346ME02HY68】
2023-11-20 13:40:36-checkSN_Station==>>Param【STATION】【T3.0】
2023-11-20 13:40:36-checkSN_Station==>>Result【OK;OK;】 - Exectue Total【13】ms 
2023-11-20 13:41:56-sendTestResult==>>Execute Start
2023-11-20 13:41:56-sendTestResult==>>Param【EMP】【91201975】
2023-11-20 13:41:56-sendTestResult==>>Param【SN】【2346ME02JCW8】
2023-11-20 13:41:56-sendTestResult==>>Param【STATION】【T3.0】
2023-11-20 13:41:56-sendTestResult==>>Param【RESULT】【NG;HDT647_30_003;】
2023-11-20 13:41:56-sendTestResult==>>Result【NG;[EC203] ERROR CODE NG; [HDT647_30_003]】 - Exectue Total【23】ms 
2023-11-20 13:43:42-checkEmpNo==>>Execute Start
2023-11-20 13:43:42-checkEmpNo==>>Param【EMP】【91201975】
2023-11-20 13:43:42-checkEmpNo==>>Param【STATION】【T3.0】
2023-11-20 13:43:42-checkEmpNo==>>Result【OK;】 - Exectue Total【54】ms 
2023-11-20 13:43:42-GetPart==>>Execute Start
2023-11-20 13:43:42-GetPart==>>Param【WO】【001100435219】
2023-11-20 13:43:42-GetPart==>>Result【85X647010000】 - Exectue Total【12】ms 
2023-11-20 13:43:54-checkSN_Station==>>Execute Start
2023-11-20 13:43:54-checkSN_Station==>>Param【SN】【2346ME02JCW8】
2023-11-20 13:43:54-checkSN_Station==>>Param【STATION】【T3.0】
2023-11-20 13:43:54-checkSN_Station==>>Result【NG;[EC999] Route NG:comestic inspection / T3.0TEST;】 - Exectue Total【13】ms 
2023-11-20 13:44:03-checkSN_Station==>>Execute Start
2023-11-20 13:44:03-checkSN_Station==>>Param【SN】【2346ME02JCB8】
2023-11-20 13:44:03-checkSN_Station==>>Param【STATION】【T3.0】
2023-11-20 13:44:03-checkSN_Station==>>Result【OK;OK;】 - Exectue Total【9】ms 
2023-11-20 13:44:30-sendTestResult==>>Execute Start
2023-11-20 13:44:30-sendTestResult==>>Param【EMP】【91201975】
2023-11-20 13:44:30-sendTestResult==>>Param【SN】【2346ME02JCB8】
2023-11-20 13:44:30-sendTestResult==>>Param【STATION】【T3.0】
2023-11-20 13:44:30-sendTestResult==>>Param【RESULT】【NG;HDT647_30_002;】
2023-11-20 13:44:30-sendTestResult==>>Result【NG;[EC203] ERROR CODE NG; [HDT647_30_002]】 - Exectue Total【22】ms 
2023-11-20 13:48:28-checkEmpNo==>>Execute Start
2023-11-20 13:48:28-checkEmpNo==>>Param【EMP】【91201975】
2023-11-20 13:48:28-checkEmpNo==>>Param【STATION】【T3.0】
2023-11-20 13:48:28-checkEmpNo==>>Result【OK;】 - Exectue Total【44】ms 
2023-11-20 13:48:28-GetPart==>>Execute Start
2023-11-20 13:48:28-GetPart==>>Param【WO】【001100435219】
2023-11-20 13:48:28-GetPart==>>Result【85X647010000】 - Exectue Total【11】ms 
2023-11-20 13:48:44-checkSN_Station==>>Execute Start
2023-11-20 13:48:44-checkSN_Station==>>Param【SN】【2346ME02GJ08】
2023-11-20 13:48:44-checkSN_Station==>>Param【STATION】【T3.0】
2023-11-20 13:48:44-checkSN_Station==>>Result【OK;OK;】 - Exectue Total【11】ms 
2023-11-20 13:49:02-sendTestResult==>>Execute Start
2023-11-20 13:49:02-sendTestResult==>>Param【EMP】【91201975】
2023-11-20 13:49:02-sendTestResult==>>Param【SN】【2346ME02GJ08】
2023-11-20 13:49:02-sendTestResult==>>Param【STATION】【T3.0】
2023-11-20 13:49:02-sendTestResult==>>Param【RESULT】【NG;HDT647_30_002;】
2023-11-20 13:49:02-sendTestResult==>>Result【NG;[EC203] ERROR CODE NG; [HDT647_30_002]】 - Exectue Total【22】ms 
2023-11-20 13:51:51-checkEmpNo==>>Execute Start
2023-11-20 13:51:51-checkEmpNo==>>Param【EMP】【91201975】
2023-11-20 13:51:51-checkEmpNo==>>Param【STATION】【T3.0】
2023-11-20 13:51:51-checkEmpNo==>>Result【OK;】 - Exectue Total【125】ms 
2023-11-20 13:51:51-GetPart==>>Execute Start
2023-11-20 13:51:51-GetPart==>>Param【WO】【001100435219】
2023-11-20 13:51:51-GetPart==>>Result【85X647010000】 - Exectue Total【15】ms 
2023-11-20 13:52:08-checkSN_Station==>>Execute Start
2023-11-20 13:52:08-checkSN_Station==>>Param【SN】【2346ME02JBC8】
2023-11-20 13:52:08-checkSN_Station==>>Param【STATION】【T3.0】
2023-11-20 13:52:08-checkSN_Station==>>Result【OK;OK;】 - Exectue Total【43】ms 
2023-11-20 13:52:15-sendTestResult==>>Execute Start
2023-11-20 13:52:15-sendTestResult==>>Param【EMP】【91201975】
2023-11-20 13:52:15-sendTestResult==>>Param【SN】【2346ME02JBC8】
2023-11-20 13:52:15-sendTestResult==>>Param【STATION】【T3.0】
2023-11-20 13:52:15-sendTestResult==>>Param【RESULT】【NG;HDT647_30_002;】
2023-11-20 13:52:15-sendTestResult==>>Result【NG;[EC203] ERROR CODE NG; [HDT647_30_002]】 - Exectue Total【20】ms 
2023-11-20 13:55:01-checkEmpNo==>>Execute Start
2023-11-20 13:55:01-checkEmpNo==>>Param【EMP】【91201975】
2023-11-20 13:55:01-checkEmpNo==>>Param【STATION】【T3.0】
2023-11-20 13:55:01-checkEmpNo==>>Result【OK;】 - Exectue Total【44】ms 
2023-11-20 13:55:01-GetPart==>>Execute Start
2023-11-20 13:55:01-GetPart==>>Param【WO】【001100435219】
2023-11-20 13:55:01-GetPart==>>Result【85X647010000】 - Exectue Total【13】ms 
2023-11-20 13:55:19-checkSN_Station==>>Execute Start
2023-11-20 13:55:19-checkSN_Station==>>Param【SN】【2346ME02JCP8】
2023-11-20 13:55:19-checkSN_Station==>>Param【STATION】【T3.0】
2023-11-20 13:55:19-checkSN_Station==>>Result【OK;OK;】 - Exectue Total【10】ms 
2023-11-20 13:55:26-sendTestResult==>>Execute Start
2023-11-20 13:55:26-sendTestResult==>>Param【EMP】【91201975】
2023-11-20 13:55:26-sendTestResult==>>Param【SN】【2346ME02JCP8】
2023-11-20 13:55:26-sendTestResult==>>Param【STATION】【T3.0】
2023-11-20 13:55:26-sendTestResult==>>Param【RESULT】【NG;HDT647_30_002;】
2023-11-20 13:55:26-sendTestResult==>>Result【NG;[EC203] ERROR CODE NG; [HDT647_30_002]】 - Exectue Total【32】ms 
2023-11-20 13:56:34-checkEmpNo==>>Execute Start
2023-11-20 13:56:34-checkEmpNo==>>Param【EMP】【91201975】
2023-11-20 13:56:34-checkEmpNo==>>Param【STATION】【T3.0】
2023-11-20 13:56:34-checkEmpNo==>>Result【OK;】 - Exectue Total【51】ms 
2023-11-20 13:56:34-GetPart==>>Execute Start
2023-11-20 13:56:34-GetPart==>>Param【WO】【001100435219】
2023-11-20 13:56:34-GetPart==>>Result【85X647010000】 - Exectue Total【11】ms 
2023-11-20 13:56:38-checkSN_Station==>>Execute Start
2023-11-20 13:56:38-checkSN_Station==>>Param【SN】【2346ME02JCP8】
2023-11-20 13:56:38-checkSN_Station==>>Param【STATION】【T3.0】
2023-11-20 13:56:38-checkSN_Station==>>Result【OK;OK;】 - Exectue Total【13】ms 
2023-11-20 13:56:44-sendTestResult==>>Execute Start
2023-11-20 13:56:44-sendTestResult==>>Param【EMP】【91201975】
2023-11-20 13:56:44-sendTestResult==>>Param【SN】【2346ME02JCP8】
2023-11-20 13:56:44-sendTestResult==>>Param【STATION】【T3.0】
2023-11-20 13:56:44-sendTestResult==>>Param【RESULT】【NG;HDT647_30_002;】
2023-11-20 13:56:44-sendTestResult==>>Result【NG;第2次NG LẦN TEST2NG 】 - Exectue Total【15】ms 
2023-11-20 13:58:00-checkEmpNo==>>Execute Start
2023-11-20 13:58:01-checkEmpNo==>>Param【EMP】【91201975】
2023-11-20 13:58:01-checkEmpNo==>>Param【STATION】【T3.0】
2023-11-20 13:58:01-checkEmpNo==>>Result【OK;】 - Exectue Total【331】ms 
2023-11-20 13:58:01-GetPart==>>Execute Start
2023-11-20 13:58:01-GetPart==>>Param【WO】【001100435219】
2023-11-20 13:58:01-GetPart==>>Result【85X647010000】 - Exectue Total【11】ms 
2023-11-20 13:58:08-checkSN_Station==>>Execute Start
2023-11-20 13:58:08-checkSN_Station==>>Param【SN】【2346ME02GJ58】
2023-11-20 13:58:08-checkSN_Station==>>Param【STATION】【T3.0】
2023-11-20 13:58:08-checkSN_Station==>>Result【OK;OK;】 - Exectue Total【12】ms 
2023-11-20 13:58:16-sendTestResult==>>Execute Start
2023-11-20 13:58:16-sendTestResult==>>Param【EMP】【91201975】
2023-11-20 13:58:16-sendTestResult==>>Param【SN】【2346ME02GJ58】
2023-11-20 13:58:16-sendTestResult==>>Param【STATION】【T3.0】
2023-11-20 13:58:16-sendTestResult==>>Param【RESULT】【NG;HDT647_30_002;】
2023-11-20 13:58:16-sendTestResult==>>Result【NG;[EC203] ERROR CODE NG; [HDT647_30_002]】 - Exectue Total【17】ms 
2023-11-20 14:06:23-checkEmpNo==>>Execute Start
2023-11-20 14:06:23-checkEmpNo==>>Param【EMP】【91201975】
2023-11-20 14:06:23-checkEmpNo==>>Param【STATION】【T3.0】
2023-11-20 14:06:23-checkEmpNo==>>Result【OK;】 - Exectue Total【116】ms 
2023-11-20 14:06:23-GetPart==>>Execute Start
2023-11-20 14:06:23-GetPart==>>Param【WO】【001100435219】
2023-11-20 14:06:23-GetPart==>>Result【85X647010000】 - Exectue Total【9】ms 
2023-11-20 14:07:03-checkSN_Station==>>Execute Start
2023-11-20 14:07:03-checkSN_Station==>>Param【SN】【2346ME02GJZ8】
2023-11-20 14:07:03-checkSN_Station==>>Param【STATION】【T3.0】
2023-11-20 14:07:03-checkSN_Station==>>Result【OK;OK;】 - Exectue Total【15】ms 
2023-11-20 14:08:15-checkSN_Station==>>Execute Start
2023-11-20 14:08:15-checkSN_Station==>>Param【SN】【2346ME02GJX8】
2023-11-20 14:08:15-checkSN_Station==>>Param【STATION】【T3.0】
2023-11-20 14:08:15-checkSN_Station==>>Result【OK;OK;】 - Exectue Total【11】ms 
2023-11-20 14:08:33-sendTestResult==>>Execute Start
2023-11-20 14:08:33-sendTestResult==>>Param【EMP】【91201975】
2023-11-20 14:08:33-sendTestResult==>>Param【SN】【2346ME02GJZ8】
2023-11-20 14:08:33-sendTestResult==>>Param【STATION】【T3.0】
2023-11-20 14:08:33-sendTestResult==>>Param【RESULT】【NG;HDT647_30_003;】
2023-11-20 14:08:33-sendTestResult==>>Result【NG;[EC203] ERROR CODE NG; [HDT647_30_003]】 - Exectue Total【14】ms 
2023-11-20 14:11:19-checkEmpNo==>>Execute Start
2023-11-20 14:11:19-checkEmpNo==>>Param【EMP】【91201975】
2023-11-20 14:11:19-checkEmpNo==>>Param【STATION】【T3.0】
2023-11-20 14:11:19-checkEmpNo==>>Result【OK;】 - Exectue Total【55】ms 
2023-11-20 14:11:19-GetPart==>>Execute Start
2023-11-20 14:11:19-GetPart==>>Param【WO】【001100435219】
2023-11-20 14:11:19-GetPart==>>Result【85X647010000】 - Exectue Total【10】ms 
2023-11-20 14:11:32-checkSN_Station==>>Execute Start
2023-11-20 14:11:32-checkSN_Station==>>Param【SN】【2346ME02GJL8】
2023-11-20 14:11:32-checkSN_Station==>>Param【STATION】【T3.0】
2023-11-20 14:11:32-checkSN_Station==>>Result【OK;OK;】 - Exectue Total【11】ms 
2023-11-20 14:11:46-checkSN_Station==>>Execute Start
2023-11-20 14:11:46-checkSN_Station==>>Param【SN】【2346ME02J888】
2023-11-20 14:11:46-checkSN_Station==>>Param【STATION】【T3.0】
2023-11-20 14:11:47-checkSN_Station==>>Result【OK;OK;】 - Exectue Total【11】ms 
2023-11-20 14:11:55-sendTestResult==>>Execute Start
2023-11-20 14:11:55-sendTestResult==>>Param【EMP】【91201975】
2023-11-20 14:11:55-sendTestResult==>>Param【SN】【2346ME02J888】
2023-11-20 14:11:55-sendTestResult==>>Param【STATION】【T3.0】
2023-11-20 14:11:55-sendTestResult==>>Param【RESULT】【NG;HDT647_30_002;】
2023-11-20 14:11:55-sendTestResult==>>Result【NG;[EC203] ERROR CODE NG; [HDT647_30_002]】 - Exectue Total【16】ms 
