[07:50:35]"PowerOn"
[07:50:35]System.NullReferenceException: Object reference not set to an instance of an object.
   at MerryDllFramework.MerryDll.PowerOn() in E:\2. MEVNSW\1_SourceCode\4_HPX\HDT655\SRC\1. Repair\HDT655\MerryDll\MerryDll.cs:line 206
   at SWDevelopKit.Testitem.TestitemManager.<>c__DisplayClass19_0.<Add>b__0()
   at SWDevelopKit.Testitem.TestitemManager.Invoke(Object cmd)
[07:50:48]"PowerOn"
[07:50:48]System.NullReferenceException: Object reference not set to an instance of an object.
   at MerryDllFramework.MerryDll.PowerOn() in E:\2. MEVNSW\1_SourceCode\4_HPX\HDT655\SRC\1. Repair\HDT655\MerryDll\MerryDll.cs:line 206
   at SWDevelopKit.Testitem.TestitemManager.<>c__DisplayClass19_0.<Add>b__0()
   at SWDevelopKit.Testitem.TestitemManager.Invoke(Object cmd)
[07:57:26]"PowerOn"
[07:57:26]System.NullReferenceException: Object reference not set to an instance of an object.
   at MerryDllFramework.MerryDll.PowerOn() in E:\2. MEVNSW\1_SourceCode\4_HPX\HDT655\SRC\1. Repair\HDT655\MerryDll\MerryDll.cs:line 206
   at SWDevelopKit.Testitem.TestitemManager.<>c__DisplayClass19_0.<Add>b__0()
   at SWDevelopKit.Testitem.TestitemManager.Invoke(Object cmd)
[07:57:31]"PowerOn"
[07:57:31]System.NullReferenceException: Object reference not set to an instance of an object.
   at MerryDllFramework.MerryDll.PowerOn() in E:\2. MEVNSW\1_SourceCode\4_HPX\HDT655\SRC\1. Repair\HDT655\MerryDll\MerryDll.cs:line 206
   at SWDevelopKit.Testitem.TestitemManager.<>c__DisplayClass19_0.<Add>b__0()
   at SWDevelopKit.Testitem.TestitemManager.Invoke(Object cmd)
[07:57:35]"PowerOn"
[07:57:35]System.NullReferenceException: Object reference not set to an instance of an object.
   at MerryDllFramework.MerryDll.PowerOn() in E:\2. MEVNSW\1_SourceCode\4_HPX\HDT655\SRC\1. Repair\HDT655\MerryDll\MerryDll.cs:line 206
   at SWDevelopKit.Testitem.TestitemManager.<>c__DisplayClass19_0.<Add>b__0()
   at SWDevelopKit.Testitem.TestitemManager.Invoke(Object cmd)
[07:57:40]"PowerOn"
[07:57:40]System.NullReferenceException: Object reference not set to an instance of an object.
   at MerryDllFramework.MerryDll.PowerOn() in E:\2. MEVNSW\1_SourceCode\4_HPX\HDT655\SRC\1. Repair\HDT655\MerryDll\MerryDll.cs:line 206
   at SWDevelopKit.Testitem.TestitemManager.<>c__DisplayClass19_0.<Add>b__0()
   at SWDevelopKit.Testitem.TestitemManager.Invoke(Object cmd)
[07:57:44]"PowerOn"
[07:57:44]System.NullReferenceException: Object reference not set to an instance of an object.
   at MerryDllFramework.MerryDll.PowerOn() in E:\2. MEVNSW\1_SourceCode\4_HPX\HDT655\SRC\1. Repair\HDT655\MerryDll\MerryDll.cs:line 206
   at SWDevelopKit.Testitem.TestitemManager.<>c__DisplayClass19_0.<Add>b__0()
   at SWDevelopKit.Testitem.TestitemManager.Invoke(Object cmd)
[07:57:49]"PowerOn"
[07:57:49]System.NullReferenceException: Object reference not set to an instance of an object.
   at MerryDllFramework.MerryDll.PowerOn() in E:\2. MEVNSW\1_SourceCode\4_HPX\HDT655\SRC\1. Repair\HDT655\MerryDll\MerryDll.cs:line 206
   at SWDevelopKit.Testitem.TestitemManager.<>c__DisplayClass19_0.<Add>b__0()
   at SWDevelopKit.Testitem.TestitemManager.Invoke(Object cmd)
[08:16:32]"PowerOn"
[08:16:32]System.NullReferenceException: Object reference not set to an instance of an object.
   at MerryDllFramework.MerryDll.PowerOn() in E:\2. MEVNSW\1_SourceCode\4_HPX\HDT655\SRC\1. Repair\HDT655\MerryDll\MerryDll.cs:line 206
   at SWDevelopKit.Testitem.TestitemManager.<>c__DisplayClass19_0.<Add>b__0()
   at SWDevelopKit.Testitem.TestitemManager.Invoke(Object cmd)
[08:16:36]"PowerOn"
[08:16:36]System.NullReferenceException: Object reference not set to an instance of an object.
   at MerryDllFramework.MerryDll.PowerOn() in E:\2. MEVNSW\1_SourceCode\4_HPX\HDT655\SRC\1. Repair\HDT655\MerryDll\MerryDll.cs:line 206
   at SWDevelopKit.Testitem.TestitemManager.<>c__DisplayClass19_0.<Add>b__0()
   at SWDevelopKit.Testitem.TestitemManager.Invoke(Object cmd)
[08:16:42]"PowerOn"
[08:16:42]System.NullReferenceException: Object reference not set to an instance of an object.
   at MerryDllFramework.MerryDll.PowerOn() in E:\2. MEVNSW\1_SourceCode\4_HPX\HDT655\SRC\1. Repair\HDT655\MerryDll\MerryDll.cs:line 206
   at SWDevelopKit.Testitem.TestitemManager.<>c__DisplayClass19_0.<Add>b__0()
   at SWDevelopKit.Testitem.TestitemManager.Invoke(Object cmd)
